[2022-12-14 11:32:36] [INFO   ] cannot read configuration file config.properties trying from resources.
[2022-12-14 11:32:36] [INFO   ] configuration file was loaded from resources directory.
[2022-12-14 11:32:37] [INFO   ] Thread dealer starting.
[2022-12-14 11:32:37] [INFO   ] Thread player0starting.
[2022-12-14 11:32:37] [INFO   ] Thread player1starting.
[2022-12-14 11:32:37] [SEVERE ] placing card 17 in slot 6
[2022-12-14 11:32:37] [SEVERE ] placing card 10 in slot 3
[2022-12-14 11:32:37] [SEVERE ] placing card 11 in slot 11
[2022-12-14 11:32:37] [SEVERE ] placing card 55 in slot 5
[2022-12-14 11:32:37] [SEVERE ] placing card 70 in slot 1
[2022-12-14 11:32:37] [SEVERE ] placing card 71 in slot 4
[2022-12-14 11:32:37] [SEVERE ] placing card 62 in slot 10
[2022-12-14 11:32:37] [SEVERE ] placing card 41 in slot 7
[2022-12-14 11:32:38] [SEVERE ] placing card 44 in slot 2
[2022-12-14 11:32:38] [SEVERE ] placing card 33 in slot 8
[2022-12-14 11:32:38] [SEVERE ] placing card 26 in slot 9
[2022-12-14 11:32:38] [SEVERE ] placing card 72 in slot 0
[2022-12-14 11:32:45] [SEVERE ] Key 87 was pressed by player 0
[2022-12-14 11:32:45] [SEVERE ] player 0 placing token on slot 1
[2022-12-14 11:32:46] [SEVERE ] Key 65 was pressed by player 0
[2022-12-14 11:32:46] [SEVERE ] player 0 placing token on slot 4
[2022-12-14 11:32:46] [SEVERE ] Key 65 was pressed by player 0
[2022-12-14 11:32:46] [SEVERE ] removing player 0 token from slot 4
[2022-12-14 11:32:47] [SEVERE ] Key 90 was pressed by player 0
[2022-12-14 11:32:47] [SEVERE ] player 0 placing token on slot 8
[2022-12-14 11:32:47] [SEVERE ] Key 88 was pressed by player 0
[2022-12-14 11:32:47] [SEVERE ] player 0 placing token on slot 9
[2022-12-14 11:32:47] [SEVERE ] removing player 0 token from slot 1
[2022-12-14 11:32:47] [SEVERE ] removing card from slot 1
[2022-12-14 11:32:47] [SEVERE ] removing player 0 token from slot 8
[2022-12-14 11:32:48] [SEVERE ] removing card from slot 8
[2022-12-14 11:32:48] [SEVERE ] removing player 0 token from slot 9
[2022-12-14 11:32:48] [SEVERE ] removing card from slot 9
[2022-12-14 11:32:48] [SEVERE ] placing card 34 in slot 8
[2022-12-14 11:32:48] [SEVERE ] placing card 59 in slot 9
[2022-12-14 11:32:48] [SEVERE ] placing card 61 in slot 1
[2022-12-14 11:32:48] [SEVERE ] setting player 0 score to 1
[2022-12-14 11:32:48] [SEVERE ] setting player 0 freeze to 1000
[2022-12-14 11:32:49] [SEVERE ] setting player 0 freeze to 0
[2022-12-14 11:33:48] [SEVERE ] removing all tokens
[2022-12-14 11:33:48] [SEVERE ] removing tokens from slot 0
[2022-12-14 11:33:48] [SEVERE ] removing tokens from slot 1
[2022-12-14 11:33:48] [SEVERE ] removing tokens from slot 2
[2022-12-14 11:33:48] [SEVERE ] removing tokens from slot 3
[2022-12-14 11:33:48] [SEVERE ] removing tokens from slot 4
[2022-12-14 11:33:48] [SEVERE ] removing tokens from slot 5
[2022-12-14 11:33:48] [SEVERE ] removing tokens from slot 6
[2022-12-14 11:33:48] [SEVERE ] removing tokens from slot 7
[2022-12-14 11:33:48] [SEVERE ] removing tokens from slot 8
[2022-12-14 11:33:48] [SEVERE ] removing tokens from slot 9
[2022-12-14 11:33:48] [SEVERE ] removing tokens from slot 10
[2022-12-14 11:33:48] [SEVERE ] removing tokens from slot 11
[2022-12-14 11:33:48] [SEVERE ] removing player 0 token from slot 0
[2022-12-14 11:33:48] [SEVERE ] removing player 0 token from slot 1
[2022-12-14 11:33:48] [SEVERE ] removing player 0 token from slot 2
[2022-12-14 11:33:48] [SEVERE ] removing player 1 token from slot 0
[2022-12-14 11:33:48] [SEVERE ] removing player 1 token from slot 1
[2022-12-14 11:33:48] [SEVERE ] removing player 1 token from slot 2
[2022-12-14 11:33:48] [SEVERE ] removing card from slot 0
[2022-12-14 11:33:48] [SEVERE ] removing card from slot 1
[2022-12-14 11:33:48] [SEVERE ] removing card from slot 2
[2022-12-14 11:33:48] [SEVERE ] removing card from slot 3
[2022-12-14 11:33:48] [SEVERE ] removing card from slot 4
[2022-12-14 11:33:49] [SEVERE ] removing card from slot 5
[2022-12-14 11:33:49] [SEVERE ] removing card from slot 6
[2022-12-14 11:33:49] [SEVERE ] removing card from slot 7
[2022-12-14 11:33:49] [SEVERE ] removing card from slot 8
[2022-12-14 11:33:49] [SEVERE ] removing card from slot 9
[2022-12-14 11:33:49] [SEVERE ] removing card from slot 10
[2022-12-14 11:33:49] [SEVERE ] removing card from slot 11
[2022-12-14 11:33:49] [SEVERE ] placing card 49 in slot 10
[2022-12-14 11:33:49] [SEVERE ] placing card 29 in slot 5
[2022-12-14 11:33:49] [SEVERE ] placing card 13 in slot 3
[2022-12-14 11:33:50] [SEVERE ] placing card 7 in slot 8
[2022-12-14 11:33:50] [SEVERE ] placing card 11 in slot 2
[2022-12-14 11:33:50] [SEVERE ] placing card 35 in slot 9
[2022-12-14 11:33:50] [SEVERE ] placing card 36 in slot 11
[2022-12-14 11:33:50] [SEVERE ] placing card 6 in slot 7
[2022-12-14 11:33:50] [SEVERE ] placing card 67 in slot 6
[2022-12-14 11:33:50] [SEVERE ] placing card 1 in slot 1
[2022-12-14 11:33:50] [SEVERE ] placing card 54 in slot 0
[2022-12-14 11:33:50] [SEVERE ] placing card 72 in slot 4
