[2022-12-13 16:24:21] [INFO   ] cannot read configuration file config.properties trying from resources.
[2022-12-13 16:24:21] [INFO   ] configuration file was loaded from resources directory.
[2022-12-13 16:24:22] [INFO   ] Thread dealer starting.
[2022-12-13 16:24:22] [INFO   ] Thread player0starting.
[2022-12-13 16:24:22] [INFO   ] Thread player1starting.
[2022-12-13 16:24:22] [SEVERE ] placing card 60 in slot 10
[2022-12-13 16:24:22] [SEVERE ] placing card 45 in slot 2
[2022-12-13 16:24:22] [SEVERE ] placing card 24 in slot 5
[2022-12-13 16:24:22] [SEVERE ] placing card 1 in slot 8
[2022-12-13 16:24:22] [SEVERE ] placing card 10 in slot 6
[2022-12-13 16:24:22] [SEVERE ] placing card 0 in slot 9
[2022-12-13 16:24:22] [SEVERE ] placing card 68 in slot 3
[2022-12-13 16:24:22] [SEVERE ] placing card 11 in slot 7
[2022-12-13 16:24:22] [SEVERE ] placing card 54 in slot 4
[2022-12-13 16:24:23] [SEVERE ] placing card 63 in slot 0
[2022-12-13 16:24:23] [SEVERE ] placing card 38 in slot 1
[2022-12-13 16:24:23] [SEVERE ] placing card 39 in slot 11
[2022-12-13 16:25:08] [SEVERE ] Key 69 was pressed by player 0
[2022-12-13 16:25:08] [SEVERE ] player 0 placing token on slot 2
[2022-12-13 16:25:09] [SEVERE ] Key 69 was pressed by player 0
[2022-12-13 16:25:09] [SEVERE ] removing player 0 token from slot 2
[2022-12-13 16:25:09] [SEVERE ] Key 68 was pressed by player 0
[2022-12-13 16:25:09] [SEVERE ] player 0 placing token on slot 6
[2022-12-13 16:25:10] [SEVERE ] Key 87 was pressed by player 0
[2022-12-13 16:25:10] [SEVERE ] player 0 placing token on slot 1
[2022-12-13 16:25:11] [SEVERE ] Key 81 was pressed by player 0
[2022-12-13 16:25:11] [SEVERE ] player 0 placing token on slot 0
[2022-12-13 16:25:11] [SEVERE ] setting player 0 score to 1
[2022-12-13 16:25:11] [SEVERE ] setting player 0 freeze to 1000
[2022-12-13 16:25:12] [SEVERE ] setting player 0 freeze to 0
[2022-12-13 16:25:12] [SEVERE ] removing player 0 token from slot 6
[2022-12-13 16:25:12] [SEVERE ] removing card from slot 6
[2022-12-13 16:25:12] [SEVERE ] removing player 0 token from slot 1
[2022-12-13 16:25:12] [SEVERE ] removing card from slot 1
[2022-12-13 16:25:12] [SEVERE ] removing player 0 token from slot 0
[2022-12-13 16:25:12] [SEVERE ] removing card from slot 0
[2022-12-13 16:25:12] [SEVERE ] placing card 15 in slot 0
[2022-12-13 16:25:12] [SEVERE ] placing card 13 in slot 1
[2022-12-13 16:25:12] [SEVERE ] placing card 58 in slot 6
[2022-12-13 16:25:16] [SEVERE ] Exit button pressed
[2022-12-13 16:25:22] [SEVERE ] removing all tokens
[2022-12-13 16:25:22] [SEVERE ] removing tokens from slot 0
[2022-12-13 16:25:22] [SEVERE ] removing tokens from slot 1
[2022-12-13 16:25:22] [SEVERE ] removing tokens from slot 2
[2022-12-13 16:25:22] [SEVERE ] removing tokens from slot 3
[2022-12-13 16:25:22] [SEVERE ] removing tokens from slot 4
[2022-12-13 16:25:22] [SEVERE ] removing tokens from slot 5
[2022-12-13 16:25:22] [SEVERE ] removing tokens from slot 6
[2022-12-13 16:25:22] [SEVERE ] removing tokens from slot 7
[2022-12-13 16:25:22] [SEVERE ] removing tokens from slot 8
[2022-12-13 16:25:22] [SEVERE ] removing tokens from slot 9
[2022-12-13 16:25:22] [SEVERE ] removing tokens from slot 10
[2022-12-13 16:25:22] [SEVERE ] removing tokens from slot 11
[2022-12-13 16:25:22] [INFO   ] Thread main terminated.
