[2022-12-13 16:34:39] [INFO   ] cannot read configuration file config.properties trying from resources.
[2022-12-13 16:34:39] [INFO   ] configuration file was loaded from resources directory.
[2022-12-13 16:34:40] [INFO   ] Thread dealer starting.
[2022-12-13 16:34:40] [INFO   ] Thread player0starting.
[2022-12-13 16:34:40] [INFO   ] Thread player1starting.
[2022-12-13 16:34:40] [SEVERE ] placing card 63 in slot 11
[2022-12-13 16:34:40] [SEVERE ] placing card 18 in slot 9
[2022-12-13 16:34:40] [SEVERE ] placing card 62 in slot 3
[2022-12-13 16:34:40] [SEVERE ] placing card 28 in slot 1
[2022-12-13 16:34:40] [SEVERE ] placing card 22 in slot 10
[2022-12-13 16:34:40] [SEVERE ] placing card 74 in slot 6
[2022-12-13 16:34:40] [SEVERE ] placing card 64 in slot 4
[2022-12-13 16:34:41] [SEVERE ] placing card 40 in slot 7
[2022-12-13 16:34:41] [SEVERE ] placing card 68 in slot 5
[2022-12-13 16:34:41] [SEVERE ] placing card 13 in slot 8
[2022-12-13 16:34:41] [SEVERE ] placing card 60 in slot 0
[2022-12-13 16:34:41] [SEVERE ] placing card 24 in slot 2
[2022-12-13 16:35:40] [SEVERE ] removing all tokens
[2022-12-13 16:35:40] [SEVERE ] removing tokens from slot 0
[2022-12-13 16:35:40] [SEVERE ] removing tokens from slot 1
[2022-12-13 16:35:40] [SEVERE ] removing tokens from slot 2
[2022-12-13 16:35:40] [SEVERE ] removing tokens from slot 3
[2022-12-13 16:35:40] [SEVERE ] removing tokens from slot 4
[2022-12-13 16:35:40] [SEVERE ] removing tokens from slot 5
[2022-12-13 16:35:40] [SEVERE ] removing tokens from slot 6
[2022-12-13 16:35:40] [SEVERE ] removing tokens from slot 7
[2022-12-13 16:35:40] [SEVERE ] removing tokens from slot 8
[2022-12-13 16:35:40] [SEVERE ] removing tokens from slot 9
[2022-12-13 16:35:40] [SEVERE ] removing tokens from slot 10
[2022-12-13 16:35:40] [SEVERE ] removing tokens from slot 11
[2022-12-13 16:35:40] [SEVERE ] removing player 0 token from slot 0
[2022-12-13 16:35:40] [SEVERE ] removing player 0 token from slot 1
[2022-12-13 16:35:40] [SEVERE ] removing player 0 token from slot 2
[2022-12-13 16:35:40] [SEVERE ] removing player 1 token from slot 0
[2022-12-13 16:35:40] [SEVERE ] removing player 1 token from slot 1
[2022-12-13 16:35:40] [SEVERE ] removing player 1 token from slot 2
[2022-12-13 16:35:40] [SEVERE ] removing card from slot 0
[2022-12-13 16:35:40] [SEVERE ] removing card from slot 1
[2022-12-13 16:35:40] [SEVERE ] removing card from slot 2
[2022-12-13 16:35:40] [SEVERE ] removing card from slot 3
[2022-12-13 16:35:40] [SEVERE ] removing card from slot 4
[2022-12-13 16:35:40] [SEVERE ] removing card from slot 5
[2022-12-13 16:35:40] [SEVERE ] removing card from slot 6
[2022-12-13 16:35:41] [SEVERE ] removing card from slot 7
[2022-12-13 16:35:41] [SEVERE ] removing card from slot 8
[2022-12-13 16:35:41] [SEVERE ] removing card from slot 9
[2022-12-13 16:35:41] [SEVERE ] removing card from slot 10
[2022-12-13 16:35:41] [SEVERE ] removing card from slot 11
[2022-12-13 16:35:41] [SEVERE ] placing card 53 in slot 9
[2022-12-13 16:35:41] [SEVERE ] placing card 5 in slot 6
[2022-12-13 16:35:41] [SEVERE ] placing card 58 in slot 5
[2022-12-13 16:35:41] [SEVERE ] placing card 8 in slot 2
[2022-12-13 16:35:41] [SEVERE ] placing card 22 in slot 1
[2022-12-13 16:35:42] [SEVERE ] placing card 2 in slot 7
[2022-12-13 16:35:42] [SEVERE ] placing card 21 in slot 4
[2022-12-13 16:35:42] [SEVERE ] placing card 40 in slot 11
[2022-12-13 16:35:42] [SEVERE ] placing card 34 in slot 0
[2022-12-13 16:35:42] [SEVERE ] placing card 26 in slot 10
[2022-12-13 16:35:42] [SEVERE ] placing card 64 in slot 3
[2022-12-13 16:35:42] [SEVERE ] placing card 73 in slot 8
[2022-12-13 16:35:42] [SEVERE ] removing all tokens
[2022-12-13 16:35:42] [SEVERE ] removing tokens from slot 0
[2022-12-13 16:35:42] [SEVERE ] removing tokens from slot 1
[2022-12-13 16:35:42] [SEVERE ] removing tokens from slot 2
[2022-12-13 16:35:42] [SEVERE ] removing tokens from slot 3
[2022-12-13 16:35:42] [SEVERE ] removing tokens from slot 4
[2022-12-13 16:35:42] [SEVERE ] removing tokens from slot 5
[2022-12-13 16:35:42] [SEVERE ] removing tokens from slot 6
[2022-12-13 16:35:42] [SEVERE ] removing tokens from slot 7
[2022-12-13 16:35:42] [SEVERE ] removing tokens from slot 8
[2022-12-13 16:35:42] [SEVERE ] removing tokens from slot 9
[2022-12-13 16:35:42] [SEVERE ] removing tokens from slot 10
[2022-12-13 16:35:42] [SEVERE ] removing tokens from slot 11
[2022-12-13 16:35:42] [SEVERE ] removing player 0 token from slot 0
[2022-12-13 16:35:42] [SEVERE ] removing player 0 token from slot 1
[2022-12-13 16:35:42] [SEVERE ] removing player 0 token from slot 2
[2022-12-13 16:35:42] [SEVERE ] removing player 1 token from slot 0
[2022-12-13 16:35:42] [SEVERE ] removing player 1 token from slot 1
[2022-12-13 16:35:42] [SEVERE ] removing player 1 token from slot 2
[2022-12-13 16:35:42] [SEVERE ] removing card from slot 0
[2022-12-13 16:35:42] [SEVERE ] removing card from slot 1
[2022-12-13 16:35:42] [SEVERE ] removing card from slot 2
[2022-12-13 16:35:43] [SEVERE ] removing card from slot 3
[2022-12-13 16:35:43] [SEVERE ] removing card from slot 4
[2022-12-13 16:35:43] [SEVERE ] removing card from slot 5
[2022-12-13 16:35:43] [SEVERE ] removing card from slot 6
[2022-12-13 16:35:43] [SEVERE ] removing card from slot 7
[2022-12-13 16:35:43] [SEVERE ] removing card from slot 8
[2022-12-13 16:35:43] [SEVERE ] removing card from slot 9
[2022-12-13 16:35:43] [SEVERE ] removing card from slot 10
[2022-12-13 16:35:43] [SEVERE ] removing card from slot 11
[2022-12-13 16:35:43] [SEVERE ] placing card 57 in slot 4
[2022-12-13 16:35:44] [SEVERE ] placing card 9 in slot 6
[2022-12-13 16:35:44] [SEVERE ] placing card 37 in slot 9
[2022-12-13 16:35:44] [SEVERE ] placing card 14 in slot 10
[2022-12-13 16:35:44] [SEVERE ] placing card 67 in slot 11
[2022-12-13 16:35:44] [SEVERE ] placing card 16 in slot 2
[2022-12-13 16:35:44] [SEVERE ] placing card 2 in slot 8
[2022-12-13 16:35:44] [SEVERE ] placing card 0 in slot 3
[2022-12-13 16:35:44] [SEVERE ] placing card 34 in slot 1
[2022-12-13 16:35:44] [SEVERE ] placing card 18 in slot 5
[2022-12-13 16:35:44] [SEVERE ] placing card 27 in slot 7
[2022-12-13 16:35:45] [SEVERE ] placing card 33 in slot 0
[2022-12-13 16:35:45] [SEVERE ] removing all tokens
[2022-12-13 16:35:45] [SEVERE ] removing tokens from slot 0
[2022-12-13 16:35:45] [SEVERE ] removing tokens from slot 1
[2022-12-13 16:35:45] [SEVERE ] removing tokens from slot 2
[2022-12-13 16:35:45] [SEVERE ] removing tokens from slot 3
[2022-12-13 16:35:45] [SEVERE ] removing tokens from slot 4
[2022-12-13 16:35:45] [SEVERE ] removing tokens from slot 5
[2022-12-13 16:35:45] [SEVERE ] removing tokens from slot 6
[2022-12-13 16:35:45] [SEVERE ] removing tokens from slot 7
[2022-12-13 16:35:45] [SEVERE ] removing tokens from slot 8
[2022-12-13 16:35:45] [SEVERE ] removing tokens from slot 9
[2022-12-13 16:35:45] [SEVERE ] removing tokens from slot 10
[2022-12-13 16:35:45] [SEVERE ] removing tokens from slot 11
[2022-12-13 16:35:45] [SEVERE ] removing player 0 token from slot 0
[2022-12-13 16:35:45] [SEVERE ] removing player 0 token from slot 1
[2022-12-13 16:35:45] [SEVERE ] removing player 0 token from slot 2
[2022-12-13 16:35:45] [SEVERE ] removing player 1 token from slot 0
[2022-12-13 16:35:45] [SEVERE ] removing player 1 token from slot 1
[2022-12-13 16:35:45] [SEVERE ] removing player 1 token from slot 2
[2022-12-13 16:35:45] [SEVERE ] removing card from slot 0
[2022-12-13 16:35:45] [SEVERE ] removing card from slot 1
[2022-12-13 16:35:45] [SEVERE ] removing card from slot 2
[2022-12-13 16:35:45] [SEVERE ] removing card from slot 3
[2022-12-13 16:35:45] [SEVERE ] removing card from slot 4
[2022-12-13 16:35:45] [SEVERE ] removing card from slot 5
[2022-12-13 16:35:45] [SEVERE ] removing card from slot 6
[2022-12-13 16:35:45] [SEVERE ] removing card from slot 7
[2022-12-13 16:35:45] [SEVERE ] removing card from slot 8
[2022-12-13 16:35:46] [SEVERE ] removing card from slot 9
[2022-12-13 16:35:46] [SEVERE ] removing card from slot 10
[2022-12-13 16:35:46] [SEVERE ] removing card from slot 11
[2022-12-13 16:35:46] [SEVERE ] placing card 57 in slot 7
[2022-12-13 16:35:46] [SEVERE ] placing card 53 in slot 6
[2022-12-13 16:35:46] [SEVERE ] placing card 51 in slot 1
[2022-12-13 16:35:46] [SEVERE ] placing card 52 in slot 3
[2022-12-13 16:35:46] [SEVERE ] placing card 40 in slot 4
[2022-12-13 16:35:46] [SEVERE ] placing card 25 in slot 2
[2022-12-13 16:35:46] [SEVERE ] placing card 19 in slot 0
[2022-12-13 16:35:47] [SEVERE ] placing card 24 in slot 8
[2022-12-13 16:35:47] [SEVERE ] placing card 64 in slot 9
[2022-12-13 16:35:47] [SEVERE ] placing card 74 in slot 10
[2022-12-13 16:35:47] [SEVERE ] placing card 63 in slot 11
[2022-12-13 16:35:47] [SEVERE ] placing card 73 in slot 5
[2022-12-13 16:35:47] [SEVERE ] removing all tokens
[2022-12-13 16:35:47] [SEVERE ] removing tokens from slot 0
[2022-12-13 16:35:47] [SEVERE ] removing tokens from slot 1
[2022-12-13 16:35:47] [SEVERE ] removing tokens from slot 2
[2022-12-13 16:35:47] [SEVERE ] removing tokens from slot 3
[2022-12-13 16:35:47] [SEVERE ] removing tokens from slot 4
[2022-12-13 16:35:47] [SEVERE ] removing tokens from slot 5
[2022-12-13 16:35:47] [SEVERE ] removing tokens from slot 6
[2022-12-13 16:35:47] [SEVERE ] removing tokens from slot 7
[2022-12-13 16:35:47] [SEVERE ] removing tokens from slot 8
[2022-12-13 16:35:47] [SEVERE ] removing tokens from slot 9
[2022-12-13 16:35:47] [SEVERE ] removing tokens from slot 10
[2022-12-13 16:35:47] [SEVERE ] removing tokens from slot 11
[2022-12-13 16:35:47] [SEVERE ] removing player 0 token from slot 0
[2022-12-13 16:35:47] [SEVERE ] removing player 0 token from slot 1
[2022-12-13 16:35:47] [SEVERE ] removing player 0 token from slot 2
[2022-12-13 16:35:47] [SEVERE ] removing player 1 token from slot 0
[2022-12-13 16:35:47] [SEVERE ] removing player 1 token from slot 1
[2022-12-13 16:35:47] [SEVERE ] removing player 1 token from slot 2
[2022-12-13 16:35:47] [SEVERE ] removing card from slot 0
[2022-12-13 16:35:47] [SEVERE ] removing card from slot 1
[2022-12-13 16:35:47] [SEVERE ] removing card from slot 2
[2022-12-13 16:35:47] [SEVERE ] removing card from slot 3
[2022-12-13 16:35:48] [SEVERE ] removing card from slot 4
[2022-12-13 16:35:48] [SEVERE ] removing card from slot 5
[2022-12-13 16:35:48] [SEVERE ] removing card from slot 6
[2022-12-13 16:35:48] [SEVERE ] removing card from slot 7
[2022-12-13 16:35:48] [SEVERE ] removing card from slot 8
[2022-12-13 16:35:48] [SEVERE ] removing card from slot 9
[2022-12-13 16:35:48] [SEVERE ] removing card from slot 10
[2022-12-13 16:35:48] [SEVERE ] removing card from slot 11
[2022-12-13 16:35:48] [SEVERE ] placing card 35 in slot 0
[2022-12-13 16:35:48] [SEVERE ] placing card 6 in slot 8
[2022-12-13 16:35:49] [SEVERE ] placing card 26 in slot 4
[2022-12-13 16:35:49] [SEVERE ] placing card 19 in slot 6
[2022-12-13 16:35:49] [SEVERE ] placing card 36 in slot 10
[2022-12-13 16:35:49] [SEVERE ] placing card 2 in slot 11
[2022-12-13 16:35:49] [SEVERE ] placing card 50 in slot 7
[2022-12-13 16:35:49] [SEVERE ] placing card 25 in slot 3
[2022-12-13 16:35:49] [SEVERE ] placing card 68 in slot 9
[2022-12-13 16:35:49] [SEVERE ] placing card 1 in slot 5
[2022-12-13 16:35:49] [SEVERE ] placing card 7 in slot 1
[2022-12-13 16:35:49] [SEVERE ] placing card 64 in slot 2
[2022-12-13 16:35:49] [SEVERE ] removing all tokens
[2022-12-13 16:35:49] [SEVERE ] removing tokens from slot 0
[2022-12-13 16:35:49] [SEVERE ] removing tokens from slot 1
[2022-12-13 16:35:49] [SEVERE ] removing tokens from slot 2
[2022-12-13 16:35:49] [SEVERE ] removing tokens from slot 3
[2022-12-13 16:35:49] [SEVERE ] removing tokens from slot 4
[2022-12-13 16:35:49] [SEVERE ] removing tokens from slot 5
[2022-12-13 16:35:49] [SEVERE ] removing tokens from slot 6
[2022-12-13 16:35:49] [SEVERE ] removing tokens from slot 7
[2022-12-13 16:35:49] [SEVERE ] removing tokens from slot 8
[2022-12-13 16:35:49] [SEVERE ] removing tokens from slot 9
[2022-12-13 16:35:49] [SEVERE ] removing tokens from slot 10
[2022-12-13 16:35:49] [SEVERE ] removing tokens from slot 11
[2022-12-13 16:35:49] [SEVERE ] removing player 0 token from slot 0
[2022-12-13 16:35:49] [SEVERE ] removing player 0 token from slot 1
[2022-12-13 16:35:49] [SEVERE ] removing player 0 token from slot 2
[2022-12-13 16:35:49] [SEVERE ] removing player 1 token from slot 0
[2022-12-13 16:35:49] [SEVERE ] removing player 1 token from slot 1
[2022-12-13 16:35:49] [SEVERE ] removing player 1 token from slot 2
[2022-12-13 16:35:50] [SEVERE ] removing card from slot 0
[2022-12-13 16:35:50] [SEVERE ] removing card from slot 1
[2022-12-13 16:35:50] [SEVERE ] removing card from slot 2
[2022-12-13 16:35:50] [SEVERE ] removing card from slot 3
[2022-12-13 16:35:50] [SEVERE ] removing card from slot 4
[2022-12-13 16:35:50] [SEVERE ] removing card from slot 5
[2022-12-13 16:35:50] [SEVERE ] removing card from slot 6
[2022-12-13 16:35:50] [SEVERE ] removing card from slot 7
[2022-12-13 16:35:50] [SEVERE ] removing card from slot 8
[2022-12-13 16:35:50] [SEVERE ] removing card from slot 9
[2022-12-13 16:35:51] [SEVERE ] removing card from slot 10
[2022-12-13 16:35:51] [SEVERE ] removing card from slot 11
[2022-12-13 16:35:51] [SEVERE ] placing card 43 in slot 9
[2022-12-13 16:35:51] [SEVERE ] placing card 57 in slot 3
[2022-12-13 16:35:51] [SEVERE ] placing card 5 in slot 7
[2022-12-13 16:35:51] [SEVERE ] placing card 63 in slot 2
[2022-12-13 16:35:51] [SEVERE ] placing card 39 in slot 4
[2022-12-13 16:35:51] [SEVERE ] placing card 7 in slot 6
[2022-12-13 16:35:51] [SEVERE ] placing card 41 in slot 1
[2022-12-13 16:35:51] [SEVERE ] placing card 59 in slot 8
[2022-12-13 16:35:52] [SEVERE ] placing card 20 in slot 11
[2022-12-13 16:35:52] [SEVERE ] placing card 30 in slot 5
[2022-12-13 16:35:52] [SEVERE ] placing card 34 in slot 0
[2022-12-13 16:35:52] [SEVERE ] placing card 14 in slot 10
[2022-12-13 16:35:52] [SEVERE ] removing all tokens
[2022-12-13 16:35:52] [SEVERE ] removing tokens from slot 0
[2022-12-13 16:35:52] [SEVERE ] removing tokens from slot 1
[2022-12-13 16:35:52] [SEVERE ] removing tokens from slot 2
[2022-12-13 16:35:52] [SEVERE ] removing tokens from slot 3
[2022-12-13 16:35:52] [SEVERE ] removing tokens from slot 4
[2022-12-13 16:35:52] [SEVERE ] removing tokens from slot 5
[2022-12-13 16:35:52] [SEVERE ] removing tokens from slot 6
[2022-12-13 16:35:52] [SEVERE ] removing tokens from slot 7
[2022-12-13 16:35:52] [SEVERE ] removing tokens from slot 8
[2022-12-13 16:35:52] [SEVERE ] removing tokens from slot 9
[2022-12-13 16:35:52] [SEVERE ] removing tokens from slot 10
[2022-12-13 16:35:52] [SEVERE ] removing tokens from slot 11
[2022-12-13 16:35:52] [SEVERE ] removing player 0 token from slot 0
[2022-12-13 16:35:52] [SEVERE ] removing player 0 token from slot 1
[2022-12-13 16:35:52] [SEVERE ] removing player 0 token from slot 2
[2022-12-13 16:35:52] [SEVERE ] removing player 1 token from slot 0
[2022-12-13 16:35:52] [SEVERE ] removing player 1 token from slot 1
[2022-12-13 16:35:52] [SEVERE ] removing player 1 token from slot 2
[2022-12-13 16:35:52] [SEVERE ] removing card from slot 0
[2022-12-13 16:35:52] [SEVERE ] removing card from slot 1
[2022-12-13 16:35:52] [SEVERE ] removing card from slot 2
[2022-12-13 16:35:52] [SEVERE ] removing card from slot 3
[2022-12-13 16:35:52] [SEVERE ] removing card from slot 4
[2022-12-13 16:35:52] [SEVERE ] removing card from slot 5
[2022-12-13 16:35:53] [SEVERE ] removing card from slot 6
[2022-12-13 16:35:53] [SEVERE ] removing card from slot 7
[2022-12-13 16:35:53] [SEVERE ] removing card from slot 8
[2022-12-13 16:35:53] [SEVERE ] removing card from slot 9
[2022-12-13 16:35:53] [SEVERE ] removing card from slot 10
[2022-12-13 16:35:53] [SEVERE ] removing card from slot 11
[2022-12-13 16:35:53] [SEVERE ] placing card 80 in slot 6
[2022-12-13 16:35:53] [SEVERE ] placing card 74 in slot 3
[2022-12-13 16:35:53] [SEVERE ] placing card 5 in slot 8
[2022-12-13 16:35:53] [SEVERE ] placing card 53 in slot 1
[2022-12-13 16:35:54] [SEVERE ] placing card 62 in slot 0
[2022-12-13 16:35:54] [SEVERE ] placing card 61 in slot 9
[2022-12-13 16:35:54] [SEVERE ] placing card 30 in slot 11
[2022-12-13 16:35:54] [SEVERE ] placing card 58 in slot 10
[2022-12-13 16:35:54] [SEVERE ] placing card 72 in slot 2
[2022-12-13 16:35:54] [SEVERE ] placing card 79 in slot 4
[2022-12-13 16:35:54] [SEVERE ] placing card 29 in slot 7
[2022-12-13 16:35:54] [SEVERE ] placing card 56 in slot 5
[2022-12-13 16:35:54] [SEVERE ] removing all tokens
[2022-12-13 16:35:54] [SEVERE ] removing tokens from slot 0
[2022-12-13 16:35:54] [SEVERE ] removing tokens from slot 1
[2022-12-13 16:35:54] [SEVERE ] removing tokens from slot 2
[2022-12-13 16:35:54] [SEVERE ] removing tokens from slot 3
[2022-12-13 16:35:54] [SEVERE ] removing tokens from slot 4
[2022-12-13 16:35:54] [SEVERE ] removing tokens from slot 5
[2022-12-13 16:35:54] [SEVERE ] removing tokens from slot 6
[2022-12-13 16:35:54] [SEVERE ] removing tokens from slot 7
[2022-12-13 16:35:54] [SEVERE ] removing tokens from slot 8
[2022-12-13 16:35:54] [SEVERE ] removing tokens from slot 9
[2022-12-13 16:35:54] [SEVERE ] removing tokens from slot 10
[2022-12-13 16:35:54] [SEVERE ] removing tokens from slot 11
[2022-12-13 16:35:54] [SEVERE ] removing player 0 token from slot 0
[2022-12-13 16:35:54] [SEVERE ] removing player 0 token from slot 1
[2022-12-13 16:35:54] [SEVERE ] removing player 0 token from slot 2
[2022-12-13 16:35:54] [SEVERE ] removing player 1 token from slot 0
[2022-12-13 16:35:54] [SEVERE ] removing player 1 token from slot 1
[2022-12-13 16:35:54] [SEVERE ] removing player 1 token from slot 2
[2022-12-13 16:35:54] [SEVERE ] removing card from slot 0
[2022-12-13 16:35:54] [SEVERE ] removing card from slot 1
[2022-12-13 16:35:55] [SEVERE ] removing card from slot 2
[2022-12-13 16:35:55] [SEVERE ] removing card from slot 3
[2022-12-13 16:35:55] [SEVERE ] removing card from slot 4
[2022-12-13 16:35:55] [SEVERE ] removing card from slot 5
[2022-12-13 16:35:55] [SEVERE ] removing card from slot 6
[2022-12-13 16:35:55] [SEVERE ] removing card from slot 7
[2022-12-13 16:35:55] [SEVERE ] removing card from slot 8
[2022-12-13 16:35:55] [SEVERE ] removing card from slot 9
[2022-12-13 16:35:55] [SEVERE ] removing card from slot 10
[2022-12-13 16:35:55] [SEVERE ] removing card from slot 11
[2022-12-13 16:35:56] [SEVERE ] placing card 41 in slot 11
[2022-12-13 16:35:56] [SEVERE ] placing card 53 in slot 10
[2022-12-13 16:35:56] [SEVERE ] placing card 4 in slot 1
[2022-12-13 16:35:56] [SEVERE ] placing card 75 in slot 8
[2022-12-13 16:35:56] [SEVERE ] placing card 63 in slot 9
[2022-12-13 16:35:56] [SEVERE ] placing card 45 in slot 4
[2022-12-13 16:35:56] [SEVERE ] placing card 42 in slot 5
[2022-12-13 16:35:56] [SEVERE ] placing card 76 in slot 3
[2022-12-13 16:35:56] [SEVERE ] placing card 22 in slot 7
[2022-12-13 16:35:56] [SEVERE ] placing card 1 in slot 0
[2022-12-13 16:35:57] [SEVERE ] placing card 65 in slot 6
[2022-12-13 16:35:57] [SEVERE ] placing card 60 in slot 2
[2022-12-13 16:35:57] [SEVERE ] removing all tokens
[2022-12-13 16:35:57] [SEVERE ] removing tokens from slot 0
[2022-12-13 16:35:57] [SEVERE ] removing tokens from slot 1
[2022-12-13 16:35:57] [SEVERE ] removing tokens from slot 2
[2022-12-13 16:35:57] [SEVERE ] removing tokens from slot 3
[2022-12-13 16:35:57] [SEVERE ] removing tokens from slot 4
[2022-12-13 16:35:57] [SEVERE ] removing tokens from slot 5
[2022-12-13 16:35:57] [SEVERE ] removing tokens from slot 6
[2022-12-13 16:35:57] [SEVERE ] removing tokens from slot 7
[2022-12-13 16:35:57] [SEVERE ] removing tokens from slot 8
[2022-12-13 16:35:57] [SEVERE ] removing tokens from slot 9
[2022-12-13 16:35:57] [SEVERE ] removing tokens from slot 10
[2022-12-13 16:35:57] [SEVERE ] removing tokens from slot 11
[2022-12-13 16:35:57] [SEVERE ] removing player 0 token from slot 0
[2022-12-13 16:35:57] [SEVERE ] removing player 0 token from slot 1
[2022-12-13 16:35:57] [SEVERE ] removing player 0 token from slot 2
[2022-12-13 16:35:57] [SEVERE ] removing player 1 token from slot 0
[2022-12-13 16:35:57] [SEVERE ] removing player 1 token from slot 1
[2022-12-13 16:35:57] [SEVERE ] removing player 1 token from slot 2
[2022-12-13 16:35:57] [SEVERE ] removing card from slot 0
[2022-12-13 16:35:57] [SEVERE ] removing card from slot 1
[2022-12-13 16:35:57] [SEVERE ] removing card from slot 2
[2022-12-13 16:35:57] [SEVERE ] removing card from slot 3
[2022-12-13 16:35:57] [SEVERE ] removing card from slot 4
[2022-12-13 16:35:57] [SEVERE ] removing card from slot 5
[2022-12-13 16:35:57] [SEVERE ] removing card from slot 6
[2022-12-13 16:35:57] [SEVERE ] removing card from slot 7
[2022-12-13 16:35:58] [SEVERE ] removing card from slot 8
[2022-12-13 16:35:58] [SEVERE ] removing card from slot 9
[2022-12-13 16:35:58] [SEVERE ] removing card from slot 10
[2022-12-13 16:35:58] [SEVERE ] removing card from slot 11
[2022-12-13 16:35:58] [SEVERE ] placing card 49 in slot 9
[2022-12-13 16:35:58] [SEVERE ] placing card 47 in slot 5
[2022-12-13 16:35:58] [SEVERE ] placing card 29 in slot 3
[2022-12-13 16:35:58] [SEVERE ] placing card 48 in slot 2
[2022-12-13 16:35:58] [SEVERE ] placing card 38 in slot 0
[2022-12-13 16:35:58] [SEVERE ] placing card 39 in slot 6
[2022-12-13 16:35:59] [SEVERE ] placing card 43 in slot 11
[2022-12-13 16:35:59] [SEVERE ] placing card 70 in slot 10
[2022-12-13 16:35:59] [SEVERE ] placing card 8 in slot 8
[2022-12-13 16:35:59] [SEVERE ] placing card 50 in slot 1
[2022-12-13 16:35:59] [SEVERE ] placing card 53 in slot 4
[2022-12-13 16:35:59] [SEVERE ] placing card 28 in slot 7
[2022-12-13 16:35:59] [SEVERE ] removing all tokens
[2022-12-13 16:35:59] [SEVERE ] removing tokens from slot 0
[2022-12-13 16:35:59] [SEVERE ] removing tokens from slot 1
[2022-12-13 16:35:59] [SEVERE ] removing tokens from slot 2
[2022-12-13 16:35:59] [SEVERE ] removing tokens from slot 3
[2022-12-13 16:35:59] [SEVERE ] removing tokens from slot 4
[2022-12-13 16:35:59] [SEVERE ] removing tokens from slot 5
[2022-12-13 16:35:59] [SEVERE ] removing tokens from slot 6
[2022-12-13 16:35:59] [SEVERE ] removing tokens from slot 7
[2022-12-13 16:35:59] [SEVERE ] removing tokens from slot 8
[2022-12-13 16:35:59] [SEVERE ] removing tokens from slot 9
[2022-12-13 16:35:59] [SEVERE ] removing tokens from slot 10
[2022-12-13 16:35:59] [SEVERE ] removing tokens from slot 11
[2022-12-13 16:35:59] [SEVERE ] removing player 0 token from slot 0
[2022-12-13 16:35:59] [SEVERE ] removing player 0 token from slot 1
[2022-12-13 16:35:59] [SEVERE ] removing player 0 token from slot 2
[2022-12-13 16:35:59] [SEVERE ] removing player 1 token from slot 0
[2022-12-13 16:35:59] [SEVERE ] removing player 1 token from slot 1
[2022-12-13 16:35:59] [SEVERE ] removing player 1 token from slot 2
[2022-12-13 16:35:59] [SEVERE ] removing card from slot 0
[2022-12-13 16:35:59] [SEVERE ] removing card from slot 1
[2022-12-13 16:35:59] [SEVERE ] removing card from slot 2
[2022-12-13 16:35:59] [SEVERE ] removing card from slot 3
[2022-12-13 16:36:00] [SEVERE ] removing card from slot 4
[2022-12-13 16:36:00] [SEVERE ] removing card from slot 5
[2022-12-13 16:36:00] [SEVERE ] removing card from slot 6
[2022-12-13 16:36:00] [SEVERE ] removing card from slot 7
[2022-12-13 16:36:00] [SEVERE ] removing card from slot 8
[2022-12-13 16:36:00] [SEVERE ] removing card from slot 9
[2022-12-13 16:36:00] [SEVERE ] removing card from slot 10
[2022-12-13 16:36:00] [SEVERE ] removing card from slot 11
[2022-12-13 16:36:00] [SEVERE ] placing card 2 in slot 6
[2022-12-13 16:36:00] [SEVERE ] placing card 69 in slot 5
[2022-12-13 16:36:01] [SEVERE ] placing card 31 in slot 0
[2022-12-13 16:36:01] [SEVERE ] placing card 41 in slot 2
[2022-12-13 16:36:01] [SEVERE ] placing card 57 in slot 9
[2022-12-13 16:36:01] [SEVERE ] placing card 45 in slot 3
[2022-12-13 16:36:01] [SEVERE ] placing card 0 in slot 11
[2022-12-13 16:36:01] [SEVERE ] placing card 29 in slot 4
[2022-12-13 16:36:01] [SEVERE ] placing card 16 in slot 8
[2022-12-13 16:36:01] [SEVERE ] placing card 75 in slot 10
[2022-12-13 16:36:01] [SEVERE ] placing card 50 in slot 1
[2022-12-13 16:36:01] [SEVERE ] placing card 80 in slot 7
[2022-12-13 16:36:01] [SEVERE ] removing all tokens
[2022-12-13 16:36:01] [SEVERE ] removing tokens from slot 0
[2022-12-13 16:36:01] [SEVERE ] removing tokens from slot 1
[2022-12-13 16:36:01] [SEVERE ] removing tokens from slot 2
[2022-12-13 16:36:01] [SEVERE ] removing tokens from slot 3
[2022-12-13 16:36:01] [SEVERE ] removing tokens from slot 4
[2022-12-13 16:36:01] [SEVERE ] removing tokens from slot 5
[2022-12-13 16:36:01] [SEVERE ] removing tokens from slot 6
[2022-12-13 16:36:01] [SEVERE ] removing tokens from slot 7
[2022-12-13 16:36:01] [SEVERE ] removing tokens from slot 8
[2022-12-13 16:36:01] [SEVERE ] removing tokens from slot 9
[2022-12-13 16:36:01] [SEVERE ] removing tokens from slot 10
[2022-12-13 16:36:01] [SEVERE ] removing tokens from slot 11
[2022-12-13 16:36:01] [SEVERE ] removing player 0 token from slot 0
[2022-12-13 16:36:01] [SEVERE ] removing player 0 token from slot 1
[2022-12-13 16:36:01] [SEVERE ] removing player 0 token from slot 2
[2022-12-13 16:36:01] [SEVERE ] removing player 1 token from slot 0
[2022-12-13 16:36:01] [SEVERE ] removing player 1 token from slot 1
[2022-12-13 16:36:01] [SEVERE ] removing player 1 token from slot 2
[2022-12-13 16:36:02] [SEVERE ] removing card from slot 0
[2022-12-13 16:36:02] [SEVERE ] removing card from slot 1
[2022-12-13 16:36:02] [SEVERE ] removing card from slot 2
[2022-12-13 16:36:02] [SEVERE ] removing card from slot 3
[2022-12-13 16:36:02] [SEVERE ] removing card from slot 4
[2022-12-13 16:36:02] [SEVERE ] removing card from slot 5
[2022-12-13 16:36:02] [SEVERE ] removing card from slot 6
[2022-12-13 16:36:02] [SEVERE ] removing card from slot 7
[2022-12-13 16:36:02] [SEVERE ] removing card from slot 8
[2022-12-13 16:36:02] [SEVERE ] removing card from slot 9
[2022-12-13 16:36:03] [SEVERE ] removing card from slot 10
[2022-12-13 16:36:03] [SEVERE ] removing card from slot 11
[2022-12-13 16:36:03] [SEVERE ] placing card 35 in slot 7
[2022-12-13 16:36:03] [SEVERE ] placing card 70 in slot 10
[2022-12-13 16:36:03] [SEVERE ] placing card 75 in slot 0
[2022-12-13 16:36:03] [SEVERE ] placing card 67 in slot 6
[2022-12-13 16:36:03] [SEVERE ] placing card 80 in slot 11
[2022-12-13 16:36:03] [SEVERE ] placing card 17 in slot 1
[2022-12-13 16:36:03] [SEVERE ] placing card 42 in slot 2
[2022-12-13 16:36:03] [SEVERE ] placing card 40 in slot 3
[2022-12-13 16:36:04] [SEVERE ] placing card 26 in slot 4
[2022-12-13 16:36:04] [SEVERE ] placing card 78 in slot 9
[2022-12-13 16:36:04] [SEVERE ] placing card 8 in slot 5
[2022-12-13 16:36:04] [SEVERE ] placing card 55 in slot 8
[2022-12-13 16:36:04] [SEVERE ] removing all tokens
[2022-12-13 16:36:04] [SEVERE ] removing tokens from slot 0
[2022-12-13 16:36:04] [SEVERE ] removing tokens from slot 1
[2022-12-13 16:36:04] [SEVERE ] removing tokens from slot 2
[2022-12-13 16:36:04] [SEVERE ] removing tokens from slot 3
[2022-12-13 16:36:04] [SEVERE ] removing tokens from slot 4
[2022-12-13 16:36:04] [SEVERE ] removing tokens from slot 5
[2022-12-13 16:36:04] [SEVERE ] removing tokens from slot 6
[2022-12-13 16:36:04] [SEVERE ] removing tokens from slot 7
[2022-12-13 16:36:04] [SEVERE ] removing tokens from slot 8
[2022-12-13 16:36:04] [SEVERE ] removing tokens from slot 9
[2022-12-13 16:36:04] [SEVERE ] removing tokens from slot 10
[2022-12-13 16:36:04] [SEVERE ] removing tokens from slot 11
[2022-12-13 16:36:04] [SEVERE ] removing player 0 token from slot 0
[2022-12-13 16:36:04] [SEVERE ] removing player 0 token from slot 1
[2022-12-13 16:36:04] [SEVERE ] removing player 0 token from slot 2
[2022-12-13 16:36:04] [SEVERE ] removing player 1 token from slot 0
[2022-12-13 16:36:04] [SEVERE ] removing player 1 token from slot 1
[2022-12-13 16:36:04] [SEVERE ] removing player 1 token from slot 2
[2022-12-13 16:36:04] [SEVERE ] removing card from slot 0
[2022-12-13 16:36:04] [SEVERE ] removing card from slot 1
[2022-12-13 16:36:04] [SEVERE ] removing card from slot 2
[2022-12-13 16:36:04] [SEVERE ] removing card from slot 3
[2022-12-13 16:36:04] [SEVERE ] removing card from slot 4
[2022-12-13 16:36:04] [SEVERE ] removing card from slot 5
[2022-12-13 16:36:05] [SEVERE ] removing card from slot 6
[2022-12-13 16:36:05] [SEVERE ] removing card from slot 7
[2022-12-13 16:36:05] [SEVERE ] removing card from slot 8
[2022-12-13 16:36:05] [SEVERE ] removing card from slot 9
[2022-12-13 16:36:05] [SEVERE ] removing card from slot 10
[2022-12-13 16:36:05] [SEVERE ] removing card from slot 11
[2022-12-13 16:36:05] [SEVERE ] placing card 69 in slot 1
[2022-12-13 16:36:05] [SEVERE ] placing card 62 in slot 4
[2022-12-13 16:36:05] [SEVERE ] placing card 66 in slot 9
[2022-12-13 16:36:05] [SEVERE ] placing card 75 in slot 3
[2022-12-13 16:36:06] [SEVERE ] placing card 10 in slot 8
[2022-12-13 16:36:06] [SEVERE ] placing card 8 in slot 2
[2022-12-13 16:36:06] [SEVERE ] placing card 78 in slot 11
[2022-12-13 16:36:06] [SEVERE ] placing card 39 in slot 5
[2022-12-13 16:36:06] [SEVERE ] placing card 11 in slot 10
[2022-12-13 16:36:06] [SEVERE ] placing card 74 in slot 7
[2022-12-13 16:36:06] [SEVERE ] placing card 31 in slot 6
[2022-12-13 16:36:06] [SEVERE ] placing card 79 in slot 0
[2022-12-13 16:36:06] [SEVERE ] removing all tokens
[2022-12-13 16:36:06] [SEVERE ] removing tokens from slot 0
[2022-12-13 16:36:06] [SEVERE ] removing tokens from slot 1
[2022-12-13 16:36:06] [SEVERE ] removing tokens from slot 2
[2022-12-13 16:36:06] [SEVERE ] removing tokens from slot 3
[2022-12-13 16:36:06] [SEVERE ] removing tokens from slot 4
[2022-12-13 16:36:06] [SEVERE ] removing tokens from slot 5
[2022-12-13 16:36:06] [SEVERE ] removing tokens from slot 6
[2022-12-13 16:36:06] [SEVERE ] removing tokens from slot 7
[2022-12-13 16:36:06] [SEVERE ] removing tokens from slot 8
[2022-12-13 16:36:06] [SEVERE ] removing tokens from slot 9
[2022-12-13 16:36:06] [SEVERE ] removing tokens from slot 10
[2022-12-13 16:36:06] [SEVERE ] removing tokens from slot 11
[2022-12-13 16:36:06] [SEVERE ] removing player 0 token from slot 0
[2022-12-13 16:36:06] [SEVERE ] removing player 0 token from slot 1
[2022-12-13 16:36:06] [SEVERE ] removing player 0 token from slot 2
[2022-12-13 16:36:06] [SEVERE ] removing player 1 token from slot 0
[2022-12-13 16:36:06] [SEVERE ] removing player 1 token from slot 1
[2022-12-13 16:36:06] [SEVERE ] removing player 1 token from slot 2
[2022-12-13 16:36:06] [SEVERE ] removing card from slot 0
[2022-12-13 16:36:06] [SEVERE ] removing card from slot 1
[2022-12-13 16:36:07] [SEVERE ] removing card from slot 2
[2022-12-13 16:36:07] [SEVERE ] removing card from slot 3
[2022-12-13 16:36:07] [SEVERE ] removing card from slot 4
[2022-12-13 16:36:07] [SEVERE ] removing card from slot 5
[2022-12-13 16:36:07] [SEVERE ] removing card from slot 6
[2022-12-13 16:36:07] [SEVERE ] removing card from slot 7
[2022-12-13 16:36:07] [SEVERE ] removing card from slot 8
[2022-12-13 16:36:07] [SEVERE ] removing card from slot 9
[2022-12-13 16:36:07] [SEVERE ] removing card from slot 10
[2022-12-13 16:36:07] [SEVERE ] removing card from slot 11
[2022-12-13 16:36:08] [SEVERE ] placing card 76 in slot 2
[2022-12-13 16:36:08] [SEVERE ] placing card 54 in slot 8
[2022-12-13 16:36:08] [SEVERE ] placing card 23 in slot 6
[2022-12-13 16:36:08] [SEVERE ] placing card 41 in slot 11
[2022-12-13 16:36:08] [SEVERE ] placing card 35 in slot 9
[2022-12-13 16:36:08] [SEVERE ] placing card 38 in slot 7
[2022-12-13 16:36:08] [SEVERE ] placing card 40 in slot 10
[2022-12-13 16:36:08] [SEVERE ] placing card 1 in slot 0
[2022-12-13 16:36:08] [SEVERE ] placing card 62 in slot 1
[2022-12-13 16:36:08] [SEVERE ] placing card 59 in slot 5
[2022-12-13 16:36:09] [SEVERE ] Exit button pressed
[2022-12-13 16:36:09] [SEVERE ] placing card 77 in slot 4
[2022-12-13 16:36:09] [SEVERE ] placing card 53 in slot 3
[2022-12-13 16:36:09] [SEVERE ] removing all tokens
[2022-12-13 16:36:09] [SEVERE ] removing tokens from slot 0
[2022-12-13 16:36:09] [SEVERE ] removing tokens from slot 1
[2022-12-13 16:36:09] [SEVERE ] removing tokens from slot 2
[2022-12-13 16:36:09] [SEVERE ] removing tokens from slot 3
[2022-12-13 16:36:09] [SEVERE ] removing tokens from slot 4
[2022-12-13 16:36:09] [SEVERE ] removing tokens from slot 5
[2022-12-13 16:36:09] [SEVERE ] removing tokens from slot 6
[2022-12-13 16:36:09] [SEVERE ] removing tokens from slot 7
[2022-12-13 16:36:09] [SEVERE ] removing tokens from slot 8
[2022-12-13 16:36:09] [SEVERE ] removing tokens from slot 9
[2022-12-13 16:36:09] [SEVERE ] removing tokens from slot 10
[2022-12-13 16:36:09] [SEVERE ] removing tokens from slot 11
[2022-12-13 16:36:09] [SEVERE ] removing player 0 token from slot 0
[2022-12-13 16:36:09] [SEVERE ] removing player 0 token from slot 1
[2022-12-13 16:36:09] [SEVERE ] removing player 0 token from slot 2
[2022-12-13 16:36:09] [SEVERE ] removing player 1 token from slot 0
[2022-12-13 16:36:09] [SEVERE ] removing player 1 token from slot 1
[2022-12-13 16:36:09] [SEVERE ] removing player 1 token from slot 2
[2022-12-13 16:36:09] [SEVERE ] removing card from slot 0
[2022-12-13 16:36:09] [SEVERE ] removing card from slot 1
[2022-12-13 16:36:09] [SEVERE ] removing card from slot 2
[2022-12-13 16:36:09] [SEVERE ] removing card from slot 3
[2022-12-13 16:36:09] [SEVERE ] removing card from slot 4
[2022-12-13 16:36:09] [SEVERE ] removing card from slot 5
[2022-12-13 16:36:09] [SEVERE ] removing card from slot 6
[2022-12-13 16:36:09] [SEVERE ] removing card from slot 7
[2022-12-13 16:36:10] [SEVERE ] removing card from slot 8
[2022-12-13 16:36:10] [SEVERE ] removing card from slot 9
[2022-12-13 16:36:10] [SEVERE ] removing card from slot 10
[2022-12-13 16:36:10] [SEVERE ] removing card from slot 11
[2022-12-13 16:36:10] [SEVERE ] placing card 54 in slot 5
[2022-12-13 16:36:10] [SEVERE ] placing card 41 in slot 6
[2022-12-13 16:36:10] [SEVERE ] placing card 6 in slot 10
[2022-12-13 16:36:10] [SEVERE ] placing card 36 in slot 9
[2022-12-13 16:36:10] [SEVERE ] placing card 29 in slot 0
[2022-12-13 16:36:10] [SEVERE ] placing card 79 in slot 11
[2022-12-13 16:36:11] [SEVERE ] placing card 47 in slot 8
[2022-12-13 16:36:11] [SEVERE ] placing card 48 in slot 3
[2022-12-13 16:36:11] [SEVERE ] placing card 58 in slot 7
[2022-12-13 16:36:11] [SEVERE ] placing card 80 in slot 2
[2022-12-13 16:36:11] [SEVERE ] placing card 28 in slot 4
[2022-12-13 16:36:11] [SEVERE ] placing card 74 in slot 1
[2022-12-13 16:36:11] [SEVERE ] removing all tokens
[2022-12-13 16:36:11] [SEVERE ] removing tokens from slot 0
[2022-12-13 16:36:11] [SEVERE ] removing tokens from slot 1
[2022-12-13 16:36:11] [SEVERE ] removing tokens from slot 2
[2022-12-13 16:36:11] [SEVERE ] removing tokens from slot 3
[2022-12-13 16:36:11] [SEVERE ] removing tokens from slot 4
[2022-12-13 16:36:11] [SEVERE ] removing tokens from slot 5
[2022-12-13 16:36:11] [SEVERE ] removing tokens from slot 6
[2022-12-13 16:36:11] [SEVERE ] removing tokens from slot 7
[2022-12-13 16:36:11] [SEVERE ] removing tokens from slot 8
[2022-12-13 16:36:11] [SEVERE ] removing tokens from slot 9
[2022-12-13 16:36:11] [SEVERE ] removing tokens from slot 10
[2022-12-13 16:36:11] [SEVERE ] removing tokens from slot 11
[2022-12-13 16:36:11] [SEVERE ] removing player 0 token from slot 0
[2022-12-13 16:36:11] [SEVERE ] removing player 0 token from slot 1
[2022-12-13 16:36:11] [SEVERE ] removing player 0 token from slot 2
[2022-12-13 16:36:11] [SEVERE ] removing player 1 token from slot 0
[2022-12-13 16:36:11] [SEVERE ] removing player 1 token from slot 1
[2022-12-13 16:36:11] [SEVERE ] removing player 1 token from slot 2
[2022-12-13 16:36:11] [SEVERE ] removing card from slot 0
[2022-12-13 16:36:11] [SEVERE ] removing card from slot 1
[2022-12-13 16:36:11] [SEVERE ] removing card from slot 2
[2022-12-13 16:36:11] [SEVERE ] removing card from slot 3
[2022-12-13 16:36:12] [SEVERE ] removing card from slot 4
[2022-12-13 16:36:12] [SEVERE ] removing card from slot 5
[2022-12-13 16:36:12] [SEVERE ] removing card from slot 6
[2022-12-13 16:36:12] [SEVERE ] removing card from slot 7
[2022-12-13 16:36:12] [SEVERE ] removing card from slot 8
[2022-12-13 16:36:12] [SEVERE ] removing card from slot 9
[2022-12-13 16:36:12] [SEVERE ] removing card from slot 10
[2022-12-13 16:36:12] [SEVERE ] removing card from slot 11
[2022-12-13 16:36:12] [SEVERE ] placing card 21 in slot 7
[2022-12-13 16:36:13] [SEVERE ] placing card 73 in slot 0
[2022-12-13 16:36:13] [SEVERE ] placing card 72 in slot 6
[2022-12-13 16:36:13] [SEVERE ] placing card 56 in slot 11
[2022-12-13 16:36:13] [SEVERE ] placing card 32 in slot 3
[2022-12-13 16:36:13] [SEVERE ] placing card 78 in slot 5
[2022-12-13 16:36:13] [SEVERE ] placing card 20 in slot 8
[2022-12-13 16:36:13] [SEVERE ] placing card 38 in slot 9
[2022-12-13 16:36:13] [SEVERE ] placing card 75 in slot 4
[2022-12-13 16:36:13] [SEVERE ] placing card 77 in slot 10
[2022-12-13 16:36:13] [SEVERE ] placing card 30 in slot 2
[2022-12-13 16:36:14] [SEVERE ] placing card 69 in slot 1
[2022-12-13 16:36:14] [SEVERE ] removing all tokens
[2022-12-13 16:36:14] [SEVERE ] removing tokens from slot 0
[2022-12-13 16:36:14] [SEVERE ] removing tokens from slot 1
[2022-12-13 16:36:14] [SEVERE ] removing tokens from slot 2
[2022-12-13 16:36:14] [SEVERE ] removing tokens from slot 3
[2022-12-13 16:36:14] [SEVERE ] removing tokens from slot 4
[2022-12-13 16:36:14] [SEVERE ] removing tokens from slot 5
[2022-12-13 16:36:14] [SEVERE ] removing tokens from slot 6
[2022-12-13 16:36:14] [SEVERE ] removing tokens from slot 7
[2022-12-13 16:36:14] [SEVERE ] removing tokens from slot 8
[2022-12-13 16:36:14] [SEVERE ] removing tokens from slot 9
[2022-12-13 16:36:14] [SEVERE ] removing tokens from slot 10
[2022-12-13 16:36:14] [SEVERE ] removing tokens from slot 11
[2022-12-13 16:36:14] [SEVERE ] removing player 0 token from slot 0
[2022-12-13 16:36:14] [SEVERE ] removing player 0 token from slot 1
[2022-12-13 16:36:14] [SEVERE ] removing player 0 token from slot 2
[2022-12-13 16:36:14] [SEVERE ] removing player 1 token from slot 0
[2022-12-13 16:36:14] [SEVERE ] removing player 1 token from slot 1
[2022-12-13 16:36:14] [SEVERE ] removing player 1 token from slot 2
[2022-12-13 16:36:14] [SEVERE ] removing card from slot 0
[2022-12-13 16:36:14] [SEVERE ] removing card from slot 1
[2022-12-13 16:36:14] [SEVERE ] removing card from slot 2
[2022-12-13 16:36:14] [SEVERE ] removing card from slot 3
