[2022-12-13 14:45:54] [INFO   ] cannot read configuration file config.properties trying from resources.
[2022-12-13 14:45:54] [INFO   ] configuration file was loaded from resources directory.
[2022-12-13 14:45:54] [INFO   ] Thread dealer starting.
[2022-12-13 14:45:54] [INFO   ] Thread player0starting.
[2022-12-13 14:45:54] [INFO   ] Thread player1starting.
[2022-12-13 14:45:54] [SEVERE ] placing card 34 in slot 10
[2022-12-13 14:45:54] [SEVERE ] placing card 78 in slot 4
[2022-12-13 14:45:54] [SEVERE ] placing card 18 in slot 8
[2022-12-13 14:45:54] [SEVERE ] placing card 17 in slot 2
[2022-12-13 14:45:54] [SEVERE ] placing card 59 in slot 0
[2022-12-13 14:45:55] [SEVERE ] placing card 25 in slot 3
[2022-12-13 14:45:55] [SEVERE ] placing card 53 in slot 11
[2022-12-13 14:45:55] [SEVERE ] placing card 33 in slot 7
[2022-12-13 14:45:55] [SEVERE ] placing card 71 in slot 5
[2022-12-13 14:45:55] [SEVERE ] placing card 31 in slot 9
[2022-12-13 14:45:55] [SEVERE ] placing card 19 in slot 1
[2022-12-13 14:45:55] [SEVERE ] placing card 0 in slot 6
[2022-12-13 14:46:16] [SEVERE ] Key 69 was pressed by player 0
[2022-12-13 14:46:16] [SEVERE ] player 0 placing token on slot 2
[2022-12-13 14:46:18] [SEVERE ] Key 67 was pressed by player 0
[2022-12-13 14:46:18] [SEVERE ] player 0 placing token on slot 10
[2022-12-13 14:46:19] [SEVERE ] Key 65 was pressed by player 0
[2022-12-13 14:46:19] [SEVERE ] player 0 placing token on slot 4
[2022-12-13 14:46:19] [SEVERE ] setting player 0 score to 1
[2022-12-13 14:46:19] [SEVERE ] setting player 0 freeze to 1000
[2022-12-13 14:46:20] [SEVERE ] setting player 0 freeze to 0
[2022-12-13 14:46:20] [SEVERE ] removing player 0 token from slot 2
[2022-12-13 14:46:20] [SEVERE ] removing card from slot 2
[2022-12-13 14:46:20] [SEVERE ] removing player 0 token from slot 10
[2022-12-13 14:46:20] [SEVERE ] removing card from slot 10
[2022-12-13 14:46:20] [SEVERE ] removing player 0 token from slot 4
[2022-12-13 14:46:20] [SEVERE ] removing card from slot 4
[2022-12-13 14:46:20] [SEVERE ] placing card 30 in slot 2
[2022-12-13 14:46:21] [SEVERE ] placing card 43 in slot 10
[2022-12-13 14:46:21] [SEVERE ] placing card 56 in slot 4
[2022-12-13 14:47:08] [SEVERE ] Key 68 was pressed by player 0
[2022-12-13 14:47:08] [SEVERE ] player 0 placing token on slot 6
[2022-12-13 14:47:09] [SEVERE ] Key 68 was pressed by player 0
[2022-12-13 14:47:09] [SEVERE ] removing player 0 token from slot 6
[2022-12-13 14:47:10] [SEVERE ] Key 70 was pressed by player 0
[2022-12-13 14:47:10] [SEVERE ] player 0 placing token on slot 7
[2022-12-13 14:47:11] [SEVERE ] Key 68 was pressed by player 0
[2022-12-13 14:47:11] [SEVERE ] player 0 placing token on slot 6
[2022-12-13 14:47:12] [SEVERE ] Key 68 was pressed by player 0
[2022-12-13 14:47:12] [SEVERE ] removing player 0 token from slot 6
[2022-12-13 14:47:12] [SEVERE ] Key 83 was pressed by player 0
[2022-12-13 14:47:12] [SEVERE ] player 0 placing token on slot 5
[2022-12-13 14:47:13] [SEVERE ] Key 83 was pressed by player 0
[2022-12-13 14:47:13] [SEVERE ] removing player 0 token from slot 5
[2022-12-13 14:47:13] [SEVERE ] Key 88 was pressed by player 0
[2022-12-13 14:47:13] [SEVERE ] player 0 placing token on slot 9
[2022-12-13 14:47:14] [SEVERE ] Key 88 was pressed by player 0
[2022-12-13 14:47:14] [SEVERE ] removing player 0 token from slot 9
[2022-12-13 14:47:14] [SEVERE ] Key 67 was pressed by player 0
[2022-12-13 14:47:14] [SEVERE ] player 0 placing token on slot 10
[2022-12-13 14:47:16] [SEVERE ] Key 77 was pressed by player 1
[2022-12-13 14:47:16] [SEVERE ] player 1 placing token on slot 8
[2022-12-13 14:47:17] [SEVERE ] Key 77 was pressed by player 1
[2022-12-13 14:47:17] [SEVERE ] removing player 1 token from slot 8
[2022-12-13 14:47:18] [SEVERE ] Key 46 was pressed by player 1
[2022-12-13 14:47:18] [SEVERE ] player 1 placing token on slot 10
[2022-12-13 14:47:20] [SEVERE ] Key 76 was pressed by player 1
[2022-12-13 14:47:20] [SEVERE ] player 1 placing token on slot 6
[2022-12-13 14:47:21] [SEVERE ] Key 76 was pressed by player 1
[2022-12-13 14:47:21] [SEVERE ] removing player 1 token from slot 6
[2022-12-13 14:47:21] [SEVERE ] Key 59 was pressed by player 1
[2022-12-13 14:47:21] [SEVERE ] player 1 placing token on slot 7
[2022-12-13 14:47:27] [SEVERE ] Key 86 was pressed by player 0
[2022-12-13 14:47:27] [SEVERE ] player 0 placing token on slot 11
[2022-12-13 14:47:27] [SEVERE ] setting player 0 score to 2
[2022-12-13 14:47:27] [SEVERE ] setting player 0 freeze to 1000
[2022-12-13 14:47:28] [SEVERE ] setting player 0 freeze to 0
[2022-12-13 14:47:28] [SEVERE ] removing player 0 token from slot 7
[2022-12-13 14:47:28] [SEVERE ] removing player 1 token from slot 7
[2022-12-13 14:47:28] [SEVERE ] removing card from slot 7
[2022-12-13 14:47:28] [SEVERE ] removing player 0 token from slot 10
[2022-12-13 14:47:28] [SEVERE ] removing player 1 token from slot 10
[2022-12-13 14:47:28] [SEVERE ] removing card from slot 10
[2022-12-13 14:47:28] [SEVERE ] removing player 0 token from slot 11
[2022-12-13 14:47:28] [SEVERE ] removing card from slot 11
[2022-12-13 14:47:28] [SEVERE ] placing card 21 in slot 10
[2022-12-13 14:47:28] [SEVERE ] placing card 41 in slot 11
[2022-12-13 14:47:28] [SEVERE ] placing card 51 in slot 7
[2022-12-13 14:48:13] [SEVERE ] Key 75 was pressed by player 1
[2022-12-13 14:48:13] [SEVERE ] player 1 placing token on slot 5
[2022-12-13 14:48:14] [SEVERE ] Key 75 was pressed by player 1
[2022-12-13 14:48:14] [SEVERE ] removing player 1 token from slot 5
[2022-12-13 14:48:16] [SEVERE ] Key 73 was pressed by player 1
[2022-12-13 14:48:16] [SEVERE ] player 1 placing token on slot 1
[2022-12-13 14:48:16] [SEVERE ] Key 79 was pressed by player 1
[2022-12-13 14:48:16] [SEVERE ] player 1 placing token on slot 2
[2022-12-13 14:48:20] [SEVERE ] Key 87 was pressed by player 0
[2022-12-13 14:48:20] [SEVERE ] player 0 placing token on slot 1
[2022-12-13 14:48:22] [SEVERE ] Key 69 was pressed by player 0
[2022-12-13 14:48:22] [SEVERE ] player 0 placing token on slot 2
[2022-12-13 14:48:26] [SEVERE ] Key 69 was pressed by player 0
[2022-12-13 14:48:26] [SEVERE ] removing player 0 token from slot 2
[2022-12-13 14:48:27] [SEVERE ] Key 65 was pressed by player 0
[2022-12-13 14:48:27] [SEVERE ] player 0 placing token on slot 4
[2022-12-13 14:48:35] [SEVERE ] Key 74 was pressed by player 1
[2022-12-13 14:48:35] [SEVERE ] player 1 placing token on slot 4
[2022-12-13 14:48:35] [SEVERE ] setting player 1 freeze to 3000
[2022-12-13 14:48:36] [SEVERE ] setting player 1 freeze to 2000
[2022-12-13 14:48:37] [SEVERE ] setting player 1 freeze to 1000
[2022-12-13 14:48:38] [SEVERE ] setting player 1 freeze to 0
[2022-12-13 14:48:38] [SEVERE ] Key 74 was pressed by player 1
[2022-12-13 14:48:38] [SEVERE ] removing player 1 token from slot 4
[2022-12-13 14:48:39] [SEVERE ] Key 75 was pressed by player 1
[2022-12-13 14:48:39] [SEVERE ] player 1 placing token on slot 5
[2022-12-13 14:48:39] [SEVERE ] setting player 1 score to 1
[2022-12-13 14:48:39] [SEVERE ] setting player 1 freeze to 1000
[2022-12-13 14:48:40] [SEVERE ] setting player 1 freeze to 0
[2022-12-13 14:48:40] [SEVERE ] removing player 0 token from slot 1
[2022-12-13 14:48:40] [SEVERE ] removing player 1 token from slot 1
[2022-12-13 14:48:41] [SEVERE ] removing card from slot 1
[2022-12-13 14:48:41] [SEVERE ] removing player 1 token from slot 2
[2022-12-13 14:48:41] [SEVERE ] removing card from slot 2
[2022-12-13 14:48:41] [SEVERE ] removing player 1 token from slot 5
[2022-12-13 14:48:41] [SEVERE ] removing card from slot 5
[2022-12-13 14:48:41] [SEVERE ] placing card 65 in slot 5
[2022-12-13 14:48:41] [SEVERE ] placing card 58 in slot 2
[2022-12-13 14:48:41] [SEVERE ] placing card 48 in slot 1
