[2022-12-14 13:45:02] [INFO   ] cannot read configuration file config.properties trying from resources.
[2022-12-14 13:45:02] [INFO   ] configuration file was loaded from resources directory.
[2022-12-14 13:45:03] [INFO   ] Thread dealer starting.
[2022-12-14 13:45:03] [INFO   ] Thread player1starting.
[2022-12-14 13:45:03] [INFO   ] Thread player0starting.
[2022-12-14 13:45:03] [SEVERE ] placing card 2 in slot 9
[2022-12-14 13:45:03] [SEVERE ] placing card 1 in slot 11
[2022-12-14 13:45:03] [SEVERE ] placing card 24 in slot 0
[2022-12-14 13:45:03] [SEVERE ] placing card 38 in slot 8
[2022-12-14 13:45:03] [SEVERE ] placing card 40 in slot 7
[2022-12-14 13:45:03] [SEVERE ] placing card 25 in slot 1
[2022-12-14 13:45:04] [SEVERE ] placing card 10 in slot 10
[2022-12-14 13:45:04] [SEVERE ] placing card 21 in slot 6
[2022-12-14 13:45:04] [SEVERE ] placing card 28 in slot 5
[2022-12-14 13:45:04] [SEVERE ] placing card 30 in slot 2
[2022-12-14 13:45:04] [SEVERE ] placing card 52 in slot 3
[2022-12-14 13:45:04] [SEVERE ] placing card 37 in slot 4
[2022-12-14 13:45:18] [SEVERE ] Key 69 was pressed by player 0
[2022-12-14 13:45:18] [SEVERE ] player 0 placing token on slot 2
[2022-12-14 13:45:19] [SEVERE ] Key 69 was pressed by player 0
[2022-12-14 13:45:19] [SEVERE ] removing player 0 token from slot 2
[2022-12-14 13:45:19] [SEVERE ] Key 82 was pressed by player 0
[2022-12-14 13:45:19] [SEVERE ] player 0 placing token on slot 3
[2022-12-14 13:45:20] [SEVERE ] Key 68 was pressed by player 0
[2022-12-14 13:45:20] [SEVERE ] player 0 placing token on slot 6
[2022-12-14 13:45:20] [SEVERE ] Key 68 was pressed by player 0
[2022-12-14 13:45:20] [SEVERE ] removing player 0 token from slot 6
[2022-12-14 13:45:20] [SEVERE ] Key 70 was pressed by player 0
[2022-12-14 13:45:20] [SEVERE ] player 0 placing token on slot 7
[2022-12-14 13:45:21] [SEVERE ] Key 83 was pressed by player 0
[2022-12-14 13:45:21] [SEVERE ] player 0 placing token on slot 5
[2022-12-14 13:45:21] [SEVERE ] removing player 0 token from slot 3
[2022-12-14 13:45:21] [SEVERE ] removing card from slot 3
[2022-12-14 13:45:21] [SEVERE ] removing player 0 token from slot 7
[2022-12-14 13:45:21] [SEVERE ] removing card from slot 7
[2022-12-14 13:45:21] [SEVERE ] removing player 0 token from slot 5
[2022-12-14 13:45:22] [SEVERE ] removing card from slot 5
[2022-12-14 13:45:22] [SEVERE ] placing card 12 in slot 7
[2022-12-14 13:45:22] [SEVERE ] placing card 44 in slot 5
[2022-12-14 13:45:22] [SEVERE ] placing card 49 in slot 3
[2022-12-14 13:45:22] [INFO   ] Thread main terminated.
