[2022-12-14 11:35:39] [INFO   ] cannot read configuration file config.properties trying from resources.
[2022-12-14 11:35:39] [INFO   ] configuration file was loaded from resources directory.
[2022-12-14 11:35:39] [INFO   ] Thread dealer starting.
[2022-12-14 11:35:39] [INFO   ] Thread player0starting.
[2022-12-14 11:35:39] [INFO   ] Thread player1starting.
[2022-12-14 11:35:40] [SEVERE ] placing card 37 in slot 4
[2022-12-14 11:35:40] [SEVERE ] placing card 10 in slot 5
[2022-12-14 11:35:40] [SEVERE ] placing card 2 in slot 11
[2022-12-14 11:35:40] [SEVERE ] placing card 57 in slot 10
[2022-12-14 11:35:40] [SEVERE ] placing card 28 in slot 1
[2022-12-14 11:35:40] [SEVERE ] placing card 31 in slot 2
[2022-12-14 11:35:40] [SEVERE ] placing card 44 in slot 9
[2022-12-14 11:35:40] [SEVERE ] placing card 35 in slot 6
[2022-12-14 11:35:40] [SEVERE ] placing card 12 in slot 7
[2022-12-14 11:35:40] [SEVERE ] placing card 80 in slot 0
[2022-12-14 11:35:41] [SEVERE ] placing card 27 in slot 3
[2022-12-14 11:35:41] [SEVERE ] placing card 78 in slot 8
[2022-12-14 11:36:42] [SEVERE ] removing all tokens
[2022-12-14 11:36:42] [SEVERE ] removing tokens from slot 0
[2022-12-14 11:36:42] [SEVERE ] removing tokens from slot 1
[2022-12-14 11:36:42] [SEVERE ] removing tokens from slot 2
[2022-12-14 11:36:42] [SEVERE ] removing tokens from slot 3
[2022-12-14 11:36:42] [SEVERE ] removing tokens from slot 4
[2022-12-14 11:36:42] [SEVERE ] removing tokens from slot 5
[2022-12-14 11:36:42] [SEVERE ] removing tokens from slot 6
[2022-12-14 11:36:42] [SEVERE ] removing tokens from slot 7
[2022-12-14 11:36:42] [SEVERE ] removing tokens from slot 8
[2022-12-14 11:36:42] [SEVERE ] removing tokens from slot 9
[2022-12-14 11:36:42] [SEVERE ] removing tokens from slot 10
[2022-12-14 11:36:42] [SEVERE ] removing tokens from slot 11
[2022-12-14 11:36:42] [SEVERE ] removing player 0 token from slot 0
[2022-12-14 11:36:42] [SEVERE ] removing player 0 token from slot 1
[2022-12-14 11:36:42] [SEVERE ] removing player 0 token from slot 2
[2022-12-14 11:36:42] [SEVERE ] removing player 1 token from slot 0
[2022-12-14 11:36:42] [SEVERE ] removing player 1 token from slot 1
[2022-12-14 11:36:42] [SEVERE ] removing player 1 token from slot 2
[2022-12-14 11:36:42] [SEVERE ] removing card from slot 0
[2022-12-14 11:36:42] [SEVERE ] removing card from slot 1
[2022-12-14 11:36:42] [SEVERE ] removing card from slot 2
[2022-12-14 11:36:42] [SEVERE ] removing card from slot 3
[2022-12-14 11:36:42] [SEVERE ] removing card from slot 4
[2022-12-14 11:36:42] [SEVERE ] removing card from slot 5
[2022-12-14 11:36:42] [SEVERE ] removing card from slot 6
[2022-12-14 11:36:42] [SEVERE ] removing card from slot 7
[2022-12-14 11:36:43] [SEVERE ] removing card from slot 8
[2022-12-14 11:36:43] [SEVERE ] removing card from slot 9
[2022-12-14 11:36:43] [SEVERE ] removing card from slot 10
[2022-12-14 11:36:43] [SEVERE ] removing card from slot 11
[2022-12-14 11:36:43] [SEVERE ] placing card 79 in slot 1
[2022-12-14 11:36:43] [SEVERE ] placing card 78 in slot 10
[2022-12-14 11:36:43] [SEVERE ] placing card 69 in slot 11
[2022-12-14 11:36:43] [SEVERE ] placing card 38 in slot 8
[2022-12-14 11:36:43] [SEVERE ] placing card 15 in slot 0
[2022-12-14 11:36:43] [SEVERE ] placing card 48 in slot 4
[2022-12-14 11:36:44] [SEVERE ] placing card 19 in slot 5
[2022-12-14 11:36:44] [SEVERE ] placing card 57 in slot 2
[2022-12-14 11:36:44] [SEVERE ] placing card 42 in slot 7
[2022-12-14 11:36:44] [SEVERE ] placing card 21 in slot 9
[2022-12-14 11:36:44] [SEVERE ] placing card 20 in slot 6
[2022-12-14 11:36:44] [SEVERE ] placing card 49 in slot 3
