[2022-12-14 14:42:24] [INFO   ] cannot read configuration file config.properties trying from resources.
[2022-12-14 14:42:24] [INFO   ] configuration file was loaded from resources directory.
[2022-12-14 14:42:24] [INFO   ] Thread dealer starting.
[2022-12-14 14:42:24] [INFO   ] Thread player0starting.
[2022-12-14 14:42:24] [INFO   ] Thread player1starting.
[2022-12-14 14:42:25] [SEVERE ] placing card 6 in slot 3
[2022-12-14 14:42:25] [SEVERE ] placing card 3 in slot 5
[2022-12-14 14:42:25] [SEVERE ] placing card 50 in slot 1
[2022-12-14 14:42:25] [SEVERE ] placing card 46 in slot 9
[2022-12-14 14:42:25] [SEVERE ] placing card 21 in slot 10
[2022-12-14 14:42:25] [SEVERE ] placing card 52 in slot 11
[2022-12-14 14:42:25] [SEVERE ] placing card 26 in slot 8
[2022-12-14 14:42:25] [SEVERE ] placing card 54 in slot 0
[2022-12-14 14:42:25] [SEVERE ] placing card 48 in slot 7
[2022-12-14 14:42:25] [SEVERE ] placing card 25 in slot 6
[2022-12-14 14:42:26] [SEVERE ] placing card 27 in slot 2
[2022-12-14 14:42:26] [SEVERE ] placing card 29 in slot 4
[2022-12-14 14:42:27] [SEVERE ] Exit button pressed
[2022-12-14 14:42:27] [INFO   ] Thread player0 terminated.
[2022-12-14 14:42:27] [INFO   ] Thread player1 terminated.
[2022-12-14 14:42:27] [SEVERE ] removing all tokens
[2022-12-14 14:42:27] [SEVERE ] removing tokens from slot 0
[2022-12-14 14:42:27] [SEVERE ] removing tokens from slot 1
[2022-12-14 14:42:27] [SEVERE ] removing tokens from slot 2
[2022-12-14 14:42:27] [SEVERE ] removing tokens from slot 3
[2022-12-14 14:42:27] [SEVERE ] removing tokens from slot 4
[2022-12-14 14:42:27] [SEVERE ] removing tokens from slot 5
[2022-12-14 14:42:27] [SEVERE ] removing tokens from slot 6
[2022-12-14 14:42:27] [SEVERE ] removing tokens from slot 7
[2022-12-14 14:42:27] [SEVERE ] removing tokens from slot 8
[2022-12-14 14:42:27] [SEVERE ] removing tokens from slot 9
[2022-12-14 14:42:27] [SEVERE ] removing tokens from slot 10
[2022-12-14 14:42:27] [SEVERE ] removing tokens from slot 11
[2022-12-14 14:42:27] [SEVERE ] removing player 0 token from slot 0
[2022-12-14 14:42:27] [SEVERE ] removing player 0 token from slot 1
[2022-12-14 14:42:27] [SEVERE ] removing player 0 token from slot 2
[2022-12-14 14:42:27] [SEVERE ] removing player 1 token from slot 0
[2022-12-14 14:42:27] [SEVERE ] removing player 1 token from slot 1
[2022-12-14 14:42:27] [SEVERE ] removing player 1 token from slot 2
[2022-12-14 14:42:27] [SEVERE ] removing card from slot 0
[2022-12-14 14:42:27] [SEVERE ] removing card from slot 1
[2022-12-14 14:42:28] [SEVERE ] removing card from slot 2
[2022-12-14 14:42:28] [SEVERE ] removing card from slot 3
[2022-12-14 14:42:28] [SEVERE ] removing card from slot 4
[2022-12-14 14:42:28] [SEVERE ] removing card from slot 5
[2022-12-14 14:42:28] [SEVERE ] removing card from slot 6
[2022-12-14 14:42:28] [SEVERE ] removing card from slot 7
[2022-12-14 14:42:28] [SEVERE ] removing card from slot 8
[2022-12-14 14:42:28] [SEVERE ] removing card from slot 9
[2022-12-14 14:42:28] [SEVERE ] removing card from slot 10
[2022-12-14 14:42:29] [SEVERE ] removing card from slot 11
[2022-12-14 14:42:29] [SEVERE ] announcing winners: [0, 1]
[2022-12-14 14:42:29] [INFO   ] Thread dealer terminated.
[2022-12-14 14:42:29] [INFO   ] Thread main terminated.
