[2022-12-14 12:09:20] [INFO   ] cannot read configuration file config.properties trying from resources.
[2022-12-14 12:09:20] [INFO   ] configuration file was loaded from resources directory.
[2022-12-14 12:09:20] [INFO   ] Thread dealer starting.
[2022-12-14 12:09:21] [INFO   ] Thread player0starting.
[2022-12-14 12:09:21] [INFO   ] Thread player1starting.
[2022-12-14 12:09:21] [SEVERE ] placing card 36 in slot 8
[2022-12-14 12:09:21] [SEVERE ] placing card 59 in slot 11
[2022-12-14 12:09:21] [SEVERE ] placing card 64 in slot 4
[2022-12-14 12:09:21] [SEVERE ] placing card 16 in slot 2
[2022-12-14 12:09:21] [SEVERE ] placing card 3 in slot 10
[2022-12-14 12:09:21] [SEVERE ] placing card 2 in slot 6
[2022-12-14 12:09:21] [SEVERE ] placing card 69 in slot 3
[2022-12-14 12:09:21] [SEVERE ] placing card 29 in slot 7
[2022-12-14 12:09:21] [SEVERE ] placing card 60 in slot 9
[2022-12-14 12:09:22] [SEVERE ] placing card 78 in slot 1
[2022-12-14 12:09:22] [SEVERE ] placing card 65 in slot 5
[2022-12-14 12:09:22] [SEVERE ] placing card 10 in slot 0
[2022-12-14 12:09:25] [SEVERE ] Key 90 was pressed by player 0
[2022-12-14 12:09:25] [SEVERE ] player 0 placing token on slot 8
[2022-12-14 12:09:25] [SEVERE ] Key 88 was pressed by player 0
[2022-12-14 12:09:25] [SEVERE ] player 0 placing token on slot 9
[2022-12-14 12:09:25] [SEVERE ] Key 67 was pressed by player 0
[2022-12-14 12:09:25] [SEVERE ] player 0 placing token on slot 10
[2022-12-14 12:09:25] [SEVERE ] setting player 0 freeze to 3000
[2022-12-14 12:09:26] [SEVERE ] setting player 0 freeze to 2000
[2022-12-14 12:09:27] [SEVERE ] setting player 0 freeze to 1000
[2022-12-14 12:09:28] [SEVERE ] setting player 0 freeze to 0
[2022-12-14 12:09:29] [SEVERE ] Key 86 was pressed by player 0
[2022-12-14 12:09:29] [SEVERE ] setting player 0 freeze to 3000
[2022-12-14 12:09:30] [SEVERE ] setting player 0 freeze to 2000
[2022-12-14 12:09:31] [SEVERE ] setting player 0 freeze to 1000
[2022-12-14 12:09:32] [SEVERE ] setting player 0 freeze to 0
[2022-12-14 12:09:33] [SEVERE ] Key 86 was pressed by player 0
[2022-12-14 12:09:33] [SEVERE ] setting player 0 freeze to 3000
[2022-12-14 12:09:34] [SEVERE ] setting player 0 freeze to 2000
[2022-12-14 12:09:35] [SEVERE ] setting player 0 freeze to 1000
[2022-12-14 12:09:36] [SEVERE ] setting player 0 freeze to 0
[2022-12-14 12:09:38] [SEVERE ] Key 86 was pressed by player 0
[2022-12-14 12:09:38] [SEVERE ] setting player 0 freeze to 3000
[2022-12-14 12:09:39] [SEVERE ] setting player 0 freeze to 2000
[2022-12-14 12:09:40] [SEVERE ] setting player 0 freeze to 1000
[2022-12-14 12:09:41] [SEVERE ] setting player 0 freeze to 0
[2022-12-14 12:09:46] [SEVERE ] Key 68 was pressed by player 0
[2022-12-14 12:09:46] [SEVERE ] setting player 0 freeze to 3000
[2022-12-14 12:09:47] [SEVERE ] setting player 0 freeze to 2000
[2022-12-14 12:09:48] [SEVERE ] setting player 0 freeze to 1000
[2022-12-14 12:09:49] [SEVERE ] setting player 0 freeze to 0
