[2022-12-14 10:57:56] [INFO   ] cannot read configuration file config.properties trying from resources.
[2022-12-14 10:57:56] [INFO   ] configuration file was loaded from resources directory.
[2022-12-14 10:57:56] [INFO   ] Thread dealer starting.
[2022-12-14 10:57:56] [INFO   ] Thread player0starting.
[2022-12-14 10:57:56] [INFO   ] Thread player1starting.
[2022-12-14 10:57:56] [SEVERE ] placing card 22 in slot 0
[2022-12-14 10:57:56] [SEVERE ] placing card 37 in slot 9
[2022-12-14 10:57:56] [SEVERE ] placing card 17 in slot 5
[2022-12-14 10:57:57] [SEVERE ] placing card 7 in slot 7
[2022-12-14 10:57:57] [SEVERE ] placing card 30 in slot 6
[2022-12-14 10:57:57] [SEVERE ] placing card 6 in slot 1
[2022-12-14 10:57:57] [SEVERE ] placing card 71 in slot 2
[2022-12-14 10:57:57] [SEVERE ] placing card 80 in slot 11
[2022-12-14 10:57:57] [SEVERE ] placing card 46 in slot 8
[2022-12-14 10:57:57] [SEVERE ] placing card 11 in slot 4
[2022-12-14 10:57:57] [SEVERE ] placing card 64 in slot 10
[2022-12-14 10:57:57] [SEVERE ] placing card 70 in slot 3
[2022-12-14 10:58:24] [SEVERE ] Key 81 was pressed by player 0
[2022-12-14 10:58:24] [SEVERE ] player 0 placing token on slot 0
[2022-12-14 10:58:24] [SEVERE ] Key 87 was pressed by player 0
[2022-12-14 10:58:24] [SEVERE ] player 0 placing token on slot 1
[2022-12-14 10:58:26] [SEVERE ] Key 85 was pressed by player 1
[2022-12-14 10:58:26] [SEVERE ] player 1 placing token on slot 0
[2022-12-14 10:58:26] [SEVERE ] Key 73 was pressed by player 1
[2022-12-14 10:58:26] [SEVERE ] player 1 placing token on slot 1
[2022-12-14 10:58:31] [SEVERE ] Key 75 was pressed by player 1
[2022-12-14 10:58:31] [SEVERE ] player 1 placing token on slot 5
[2022-12-14 10:58:31] [SEVERE ] setting player 1 freeze to 3000
[2022-12-14 10:58:32] [SEVERE ] setting player 1 freeze to 2000
[2022-12-14 10:58:33] [SEVERE ] setting player 1 freeze to 1000
[2022-12-14 10:58:34] [SEVERE ] setting player 1 freeze to 0
[2022-12-14 10:58:35] [SEVERE ] Key 75 was pressed by player 1
[2022-12-14 10:58:35] [SEVERE ] removing player 1 token from slot 5
[2022-12-14 10:58:40] [SEVERE ] Key 75 was pressed by player 1
[2022-12-14 10:58:40] [SEVERE ] player 1 placing token on slot 5
[2022-12-14 10:58:40] [SEVERE ] Key 65 was pressed by player 0
[2022-12-14 10:58:40] [SEVERE ] player 0 placing token on slot 4
[2022-12-14 10:58:40] [SEVERE ] setting player 1 freeze to 3000
[2022-12-14 10:58:41] [SEVERE ] setting player 1 freeze to 2000
[2022-12-14 10:58:42] [SEVERE ] setting player 1 freeze to 1000
[2022-12-14 10:58:43] [SEVERE ] setting player 1 freeze to 0
[2022-12-14 10:58:43] [SEVERE ] removing player 0 token from slot 0
[2022-12-14 10:58:43] [SEVERE ] removing player 1 token from slot 0
[2022-12-14 10:58:43] [SEVERE ] removing card from slot 0
[2022-12-14 10:58:43] [SEVERE ] removing player 0 token from slot 1
[2022-12-14 10:58:43] [SEVERE ] removing player 1 token from slot 1
[2022-12-14 10:58:44] [SEVERE ] removing card from slot 1
[2022-12-14 10:58:44] [SEVERE ] removing player 0 token from slot 4
[2022-12-14 10:58:44] [SEVERE ] removing card from slot 4
[2022-12-14 10:58:44] [SEVERE ] placing card 54 in slot 1
[2022-12-14 10:58:44] [SEVERE ] placing card 66 in slot 4
[2022-12-14 10:58:44] [SEVERE ] placing card 68 in slot 0
[2022-12-14 10:58:44] [SEVERE ] setting player 0 score to 1
[2022-12-14 10:58:44] [SEVERE ] setting player 0 freeze to 1000
[2022-12-14 10:58:45] [SEVERE ] setting player 0 freeze to 0
[2022-12-14 10:58:53] [SEVERE ] Key 75 was pressed by player 1
[2022-12-14 10:58:53] [SEVERE ] removing player 1 token from slot 5
[2022-12-14 10:59:44] [SEVERE ] removing all tokens
[2022-12-14 10:59:44] [SEVERE ] removing tokens from slot 0
[2022-12-14 10:59:44] [SEVERE ] removing tokens from slot 1
[2022-12-14 10:59:44] [SEVERE ] removing tokens from slot 2
[2022-12-14 10:59:44] [SEVERE ] removing tokens from slot 3
[2022-12-14 10:59:44] [SEVERE ] removing tokens from slot 4
[2022-12-14 10:59:44] [SEVERE ] removing tokens from slot 5
[2022-12-14 10:59:44] [SEVERE ] removing tokens from slot 6
[2022-12-14 10:59:44] [SEVERE ] removing tokens from slot 7
[2022-12-14 10:59:44] [SEVERE ] removing tokens from slot 8
[2022-12-14 10:59:44] [SEVERE ] removing tokens from slot 9
[2022-12-14 10:59:44] [SEVERE ] removing tokens from slot 10
[2022-12-14 10:59:44] [SEVERE ] removing tokens from slot 11
[2022-12-14 10:59:44] [SEVERE ] removing player 0 token from slot 0
[2022-12-14 10:59:44] [SEVERE ] removing player 0 token from slot 1
[2022-12-14 10:59:44] [SEVERE ] removing player 0 token from slot 2
[2022-12-14 10:59:44] [SEVERE ] removing player 1 token from slot 0
[2022-12-14 10:59:44] [SEVERE ] removing player 1 token from slot 1
[2022-12-14 10:59:44] [SEVERE ] removing player 1 token from slot 2
[2022-12-14 10:59:44] [SEVERE ] removing card from slot 0
[2022-12-14 10:59:44] [SEVERE ] removing card from slot 1
[2022-12-14 10:59:44] [SEVERE ] removing card from slot 2
[2022-12-14 10:59:44] [SEVERE ] removing card from slot 3
[2022-12-14 10:59:44] [SEVERE ] removing card from slot 4
[2022-12-14 10:59:45] [SEVERE ] removing card from slot 5
[2022-12-14 10:59:45] [SEVERE ] removing card from slot 6
[2022-12-14 10:59:45] [SEVERE ] removing card from slot 7
[2022-12-14 10:59:45] [SEVERE ] removing card from slot 8
[2022-12-14 10:59:45] [SEVERE ] removing card from slot 9
[2022-12-14 10:59:45] [SEVERE ] removing card from slot 10
[2022-12-14 10:59:45] [SEVERE ] removing card from slot 11
[2022-12-14 10:59:45] [SEVERE ] placing card 49 in slot 5
[2022-12-14 10:59:45] [SEVERE ] placing card 8 in slot 3
[2022-12-14 10:59:45] [SEVERE ] placing card 15 in slot 10
[2022-12-14 10:59:46] [SEVERE ] placing card 7 in slot 6
[2022-12-14 10:59:46] [SEVERE ] placing card 70 in slot 4
[2022-12-14 10:59:46] [SEVERE ] placing card 58 in slot 1
[2022-12-14 10:59:46] [SEVERE ] placing card 41 in slot 7
[2022-12-14 10:59:46] [SEVERE ] placing card 23 in slot 0
[2022-12-14 10:59:46] [SEVERE ] placing card 31 in slot 8
[2022-12-14 10:59:46] [SEVERE ] placing card 42 in slot 11
[2022-12-14 10:59:46] [SEVERE ] placing card 24 in slot 9
[2022-12-14 10:59:46] [SEVERE ] placing card 16 in slot 2
[2022-12-14 10:59:59] [SEVERE ] Key 69 was pressed by player 0
[2022-12-14 10:59:59] [SEVERE ] player 0 placing token on slot 2
[2022-12-14 10:59:59] [SEVERE ] Key 82 was pressed by player 0
[2022-12-14 10:59:59] [SEVERE ] player 0 placing token on slot 3
[2022-12-14 11:00:01] [SEVERE ] Key 79 was pressed by player 1
[2022-12-14 11:00:01] [SEVERE ] player 1 placing token on slot 2
[2022-12-14 11:00:01] [SEVERE ] Key 80 was pressed by player 1
[2022-12-14 11:00:01] [SEVERE ] player 1 placing token on slot 3
[2022-12-14 11:00:04] [SEVERE ] Key 44 was pressed by player 1
[2022-12-14 11:00:04] [SEVERE ] player 1 placing token on slot 9
[2022-12-14 11:00:04] [SEVERE ] removing player 0 token from slot 2
[2022-12-14 11:00:04] [SEVERE ] removing player 1 token from slot 2
[2022-12-14 11:00:04] [SEVERE ] removing card from slot 2
[2022-12-14 11:00:04] [SEVERE ] removing player 0 token from slot 3
[2022-12-14 11:00:04] [SEVERE ] removing player 1 token from slot 3
[2022-12-14 11:00:04] [SEVERE ] removing card from slot 3
[2022-12-14 11:00:04] [SEVERE ] removing player 1 token from slot 9
[2022-12-14 11:00:04] [SEVERE ] removing card from slot 9
[2022-12-14 11:00:04] [SEVERE ] placing card 26 in slot 2
[2022-12-14 11:00:04] [SEVERE ] placing card 67 in slot 9
[2022-12-14 11:00:04] [SEVERE ] placing card 61 in slot 3
[2022-12-14 11:00:04] [SEVERE ] setting player 1 score to 1
[2022-12-14 11:00:04] [SEVERE ] setting player 1 freeze to 1000
[2022-12-14 11:00:05] [SEVERE ] setting player 1 freeze to 0
[2022-12-14 11:00:45] [SEVERE ] Key 87 was pressed by player 0
[2022-12-14 11:00:45] [SEVERE ] player 0 placing token on slot 1
[2022-12-14 11:00:45] [SEVERE ] Key 87 was pressed by player 0
[2022-12-14 11:00:45] [SEVERE ] removing player 0 token from slot 1
[2022-12-14 11:00:46] [SEVERE ] Key 69 was pressed by player 0
[2022-12-14 11:00:46] [SEVERE ] player 0 placing token on slot 2
[2022-12-14 11:00:47] [SEVERE ] Key 86 was pressed by player 0
[2022-12-14 11:00:47] [SEVERE ] player 0 placing token on slot 11
[2022-12-14 11:00:50] [SEVERE ] Key 85 was pressed by player 1
[2022-12-14 11:00:50] [SEVERE ] player 1 placing token on slot 0
[2022-12-14 11:00:50] [SEVERE ] Key 85 was pressed by player 1
[2022-12-14 11:00:50] [SEVERE ] removing player 1 token from slot 0
[2022-12-14 11:00:51] [SEVERE ] Key 79 was pressed by player 1
[2022-12-14 11:00:51] [SEVERE ] player 1 placing token on slot 2
[2022-12-14 11:00:52] [SEVERE ] Key 44 was pressed by player 1
[2022-12-14 11:00:52] [SEVERE ] player 1 placing token on slot 9
[2022-12-14 11:00:53] [SEVERE ] Key 44 was pressed by player 1
[2022-12-14 11:00:53] [SEVERE ] removing player 1 token from slot 9
[2022-12-14 11:00:53] [SEVERE ] Key 46 was pressed by player 1
[2022-12-14 11:00:53] [SEVERE ] player 1 placing token on slot 10
[2022-12-14 11:00:54] [SEVERE ] Key 46 was pressed by player 1
[2022-12-14 11:00:54] [SEVERE ] removing player 1 token from slot 10
[2022-12-14 11:00:54] [SEVERE ] Key 47 was pressed by player 1
[2022-12-14 11:00:54] [SEVERE ] player 1 placing token on slot 11
[2022-12-14 11:00:57] [SEVERE ] Key 83 was pressed by player 0
[2022-12-14 11:00:57] [SEVERE ] player 0 placing token on slot 5
[2022-12-14 11:00:57] [SEVERE ] setting player 0 freeze to 3000
[2022-12-14 11:00:58] [SEVERE ] setting player 0 freeze to 2000
[2022-12-14 11:00:59] [SEVERE ] setting player 0 freeze to 1000
[2022-12-14 11:01:00] [SEVERE ] setting player 0 freeze to 0
[2022-12-14 11:01:01] [SEVERE ] Key 83 was pressed by player 0
[2022-12-14 11:01:01] [SEVERE ] removing player 0 token from slot 5
[2022-12-14 11:01:04] [SEVERE ] Key 68 was pressed by player 0
[2022-12-14 11:01:04] [SEVERE ] player 0 placing token on slot 6
[2022-12-14 11:01:04] [SEVERE ] Key 74 was pressed by player 1
[2022-12-14 11:01:04] [SEVERE ] player 1 placing token on slot 4
[2022-12-14 11:01:04] [SEVERE ] setting player 0 freeze to 3000
[2022-12-14 11:01:05] [SEVERE ] setting player 0 freeze to 2000
[2022-12-14 11:01:06] [SEVERE ] setting player 0 freeze to 1000
[2022-12-14 11:01:07] [SEVERE ] setting player 0 freeze to 0
[2022-12-14 11:01:07] [SEVERE ] setting player 1 freeze to 3000
[2022-12-14 11:01:08] [SEVERE ] setting player 1 freeze to 2000
[2022-12-14 11:01:09] [SEVERE ] setting player 1 freeze to 1000
[2022-12-14 11:01:10] [SEVERE ] setting player 1 freeze to 0
[2022-12-14 11:01:10] [SEVERE ] removing all tokens
[2022-12-14 11:01:10] [SEVERE ] removing tokens from slot 0
[2022-12-14 11:01:10] [SEVERE ] removing tokens from slot 1
[2022-12-14 11:01:10] [SEVERE ] removing tokens from slot 2
[2022-12-14 11:01:10] [SEVERE ] removing tokens from slot 3
[2022-12-14 11:01:10] [SEVERE ] removing tokens from slot 4
[2022-12-14 11:01:10] [SEVERE ] removing tokens from slot 5
[2022-12-14 11:01:10] [SEVERE ] removing tokens from slot 6
[2022-12-14 11:01:10] [SEVERE ] removing tokens from slot 7
[2022-12-14 11:01:10] [SEVERE ] removing tokens from slot 8
[2022-12-14 11:01:10] [SEVERE ] removing tokens from slot 9
[2022-12-14 11:01:10] [SEVERE ] removing tokens from slot 10
[2022-12-14 11:01:10] [SEVERE ] removing tokens from slot 11
[2022-12-14 11:01:10] [SEVERE ] removing player 0 token from slot 0
[2022-12-14 11:01:10] [SEVERE ] removing player 0 token from slot 1
[2022-12-14 11:01:10] [SEVERE ] removing player 0 token from slot 2
[2022-12-14 11:01:10] [SEVERE ] removing player 1 token from slot 0
[2022-12-14 11:01:10] [SEVERE ] removing player 1 token from slot 1
[2022-12-14 11:01:10] [SEVERE ] removing player 1 token from slot 2
[2022-12-14 11:01:10] [SEVERE ] removing card from slot 0
[2022-12-14 11:01:10] [SEVERE ] removing card from slot 1
[2022-12-14 11:01:11] [SEVERE ] removing card from slot 2
[2022-12-14 11:01:11] [SEVERE ] removing card from slot 3
[2022-12-14 11:01:11] [SEVERE ] removing card from slot 4
[2022-12-14 11:01:11] [SEVERE ] removing card from slot 5
[2022-12-14 11:01:11] [SEVERE ] removing card from slot 6
[2022-12-14 11:01:11] [SEVERE ] removing card from slot 7
[2022-12-14 11:01:11] [SEVERE ] removing card from slot 8
[2022-12-14 11:01:11] [SEVERE ] removing card from slot 9
[2022-12-14 11:01:11] [SEVERE ] removing card from slot 10
[2022-12-14 11:01:11] [SEVERE ] removing card from slot 11
[2022-12-14 11:01:12] [SEVERE ] placing card 44 in slot 8
[2022-12-14 11:01:12] [SEVERE ] placing card 23 in slot 3
[2022-12-14 11:01:12] [SEVERE ] placing card 20 in slot 11
[2022-12-14 11:01:12] [SEVERE ] placing card 43 in slot 0
[2022-12-14 11:01:12] [SEVERE ] placing card 77 in slot 7
[2022-12-14 11:01:12] [SEVERE ] placing card 30 in slot 10
[2022-12-14 11:01:12] [SEVERE ] placing card 54 in slot 9
[2022-12-14 11:01:12] [SEVERE ] placing card 56 in slot 6
[2022-12-14 11:01:12] [SEVERE ] placing card 1 in slot 1
[2022-12-14 11:01:12] [SEVERE ] placing card 33 in slot 2
[2022-12-14 11:01:13] [SEVERE ] placing card 48 in slot 5
[2022-12-14 11:01:13] [SEVERE ] placing card 28 in slot 4
