[2022-12-14 14:40:55] [INFO   ] cannot read configuration file config.properties trying from resources.
[2022-12-14 14:40:55] [INFO   ] configuration file was loaded from resources directory.
[2022-12-14 14:40:55] [INFO   ] Thread dealer starting.
[2022-12-14 14:40:55] [INFO   ] Thread player0starting.
[2022-12-14 14:40:55] [INFO   ] Thread player1starting.
[2022-12-14 14:40:55] [SEVERE ] placing card 40 in slot 1
[2022-12-14 14:40:55] [SEVERE ] placing card 31 in slot 0
[2022-12-14 14:40:55] [SEVERE ] placing card 14 in slot 3
[2022-12-14 14:40:55] [SEVERE ] placing card 43 in slot 7
[2022-12-14 14:40:55] [SEVERE ] placing card 57 in slot 2
[2022-12-14 14:40:56] [SEVERE ] placing card 77 in slot 6
[2022-12-14 14:40:56] [SEVERE ] placing card 21 in slot 8
[2022-12-14 14:40:56] [SEVERE ] placing card 5 in slot 10
[2022-12-14 14:40:56] [SEVERE ] placing card 6 in slot 4
[2022-12-14 14:40:56] [SEVERE ] placing card 49 in slot 11
[2022-12-14 14:40:56] [SEVERE ] placing card 0 in slot 9
[2022-12-14 14:40:56] [SEVERE ] placing card 41 in slot 5
[2022-12-14 14:40:58] [SEVERE ] Exit button pressed
[2022-12-14 14:40:58] [INFO   ] Thread player0 terminated.
[2022-12-14 14:40:58] [INFO   ] Thread player1 terminated.
