[2022-12-13 16:31:33] [INFO   ] cannot read configuration file config.properties trying from resources.
[2022-12-13 16:31:33] [INFO   ] configuration file was loaded from resources directory.
[2022-12-13 16:31:33] [INFO   ] Thread dealer starting.
[2022-12-13 16:31:33] [INFO   ] Thread player0starting.
[2022-12-13 16:31:33] [INFO   ] Thread player1starting.
[2022-12-13 16:31:34] [SEVERE ] placing card 78 in slot 6
[2022-12-13 16:31:34] [SEVERE ] placing card 65 in slot 9
[2022-12-13 16:31:34] [SEVERE ] placing card 64 in slot 10
[2022-12-13 16:31:34] [SEVERE ] placing card 77 in slot 11
[2022-12-13 16:31:34] [SEVERE ] placing card 3 in slot 2
[2022-12-13 16:31:34] [SEVERE ] placing card 4 in slot 7
[2022-12-13 16:31:34] [SEVERE ] placing card 80 in slot 4
[2022-12-13 16:31:34] [SEVERE ] placing card 60 in slot 1
[2022-12-13 16:31:34] [SEVERE ] placing card 28 in slot 0
[2022-12-13 16:31:34] [SEVERE ] placing card 29 in slot 5
[2022-12-13 16:31:35] [SEVERE ] placing card 20 in slot 8
[2022-12-13 16:31:35] [SEVERE ] placing card 50 in slot 3
[2022-12-13 16:32:33] [SEVERE ] removing all tokens
[2022-12-13 16:32:33] [SEVERE ] removing tokens from slot 0
[2022-12-13 16:32:33] [SEVERE ] removing tokens from slot 1
[2022-12-13 16:32:33] [SEVERE ] removing tokens from slot 2
[2022-12-13 16:32:33] [SEVERE ] removing tokens from slot 3
[2022-12-13 16:32:33] [SEVERE ] removing tokens from slot 4
[2022-12-13 16:32:33] [SEVERE ] removing tokens from slot 5
[2022-12-13 16:32:33] [SEVERE ] removing tokens from slot 6
[2022-12-13 16:32:33] [SEVERE ] removing tokens from slot 7
[2022-12-13 16:32:33] [SEVERE ] removing tokens from slot 8
[2022-12-13 16:32:33] [SEVERE ] removing tokens from slot 9
[2022-12-13 16:32:33] [SEVERE ] removing tokens from slot 10
[2022-12-13 16:32:33] [SEVERE ] removing tokens from slot 11
[2022-12-13 16:32:33] [INFO   ] Thread main terminated.
