[2022-12-13 16:39:31] [INFO   ] cannot read configuration file config.properties trying from resources.
[2022-12-13 16:39:31] [INFO   ] configuration file was loaded from resources directory.
[2022-12-13 16:39:32] [INFO   ] Thread dealer starting.
[2022-12-13 16:39:32] [INFO   ] Thread player0starting.
[2022-12-13 16:39:32] [INFO   ] Thread player1starting.
[2022-12-13 16:39:32] [SEVERE ] placing card 25 in slot 1
[2022-12-13 16:39:32] [SEVERE ] placing card 24 in slot 7
[2022-12-13 16:39:32] [SEVERE ] placing card 56 in slot 3
[2022-12-13 16:39:32] [SEVERE ] placing card 63 in slot 5
[2022-12-13 16:39:32] [SEVERE ] placing card 66 in slot 10
[2022-12-13 16:39:32] [SEVERE ] placing card 7 in slot 0
[2022-12-13 16:39:32] [SEVERE ] placing card 69 in slot 2
[2022-12-13 16:39:32] [SEVERE ] placing card 65 in slot 11
[2022-12-13 16:39:32] [SEVERE ] placing card 17 in slot 4
[2022-12-13 16:39:33] [SEVERE ] placing card 29 in slot 8
[2022-12-13 16:39:33] [SEVERE ] placing card 71 in slot 9
[2022-12-13 16:39:33] [SEVERE ] placing card 23 in slot 6
[2022-12-13 16:40:06] [SEVERE ] Key 65 was pressed by player 0
[2022-12-13 16:40:06] [SEVERE ] player 0 placing token on slot 4
[2022-12-13 16:40:07] [SEVERE ] Key 81 was pressed by player 0
[2022-12-13 16:40:07] [SEVERE ] player 0 placing token on slot 0
[2022-12-13 16:40:09] [SEVERE ] Key 70 was pressed by player 0
[2022-12-13 16:40:09] [SEVERE ] player 0 placing token on slot 7
[2022-12-13 16:40:09] [SEVERE ] setting player 0 score to 1
[2022-12-13 16:40:09] [SEVERE ] setting player 0 freeze to 1000
[2022-12-13 16:40:10] [SEVERE ] setting player 0 freeze to 0
[2022-12-13 16:40:10] [SEVERE ] removing player 0 token from slot 4
[2022-12-13 16:40:10] [SEVERE ] removing card from slot 4
[2022-12-13 16:40:10] [SEVERE ] removing player 0 token from slot 0
[2022-12-13 16:40:10] [SEVERE ] removing card from slot 0
[2022-12-13 16:40:10] [SEVERE ] removing player 0 token from slot 7
[2022-12-13 16:40:10] [SEVERE ] removing card from slot 7
[2022-12-13 16:40:11] [SEVERE ] placing card 54 in slot 4
[2022-12-13 16:40:11] [SEVERE ] placing card 52 in slot 0
[2022-12-13 16:40:11] [SEVERE ] placing card 19 in slot 7
[2022-12-13 16:40:44] [SEVERE ] Key 87 was pressed by player 0
[2022-12-13 16:40:44] [SEVERE ] player 0 placing token on slot 1
[2022-12-13 16:40:44] [SEVERE ] Key 65 was pressed by player 0
[2022-12-13 16:40:44] [SEVERE ] player 0 placing token on slot 4
[2022-12-13 16:40:45] [SEVERE ] Key 65 was pressed by player 0
[2022-12-13 16:40:45] [SEVERE ] removing player 0 token from slot 4
[2022-12-13 16:40:46] [SEVERE ] Key 90 was pressed by player 0
[2022-12-13 16:40:46] [SEVERE ] player 0 placing token on slot 8
[2022-12-13 16:40:48] [SEVERE ] Key 88 was pressed by player 0
[2022-12-13 16:40:48] [SEVERE ] player 0 placing token on slot 9
[2022-12-13 16:40:48] [SEVERE ] setting player 0 freeze to 3000
[2022-12-13 16:40:49] [SEVERE ] setting player 0 freeze to 2000
[2022-12-13 16:40:50] [SEVERE ] setting player 0 freeze to 1000
[2022-12-13 16:40:51] [SEVERE ] setting player 0 freeze to 0
[2022-12-13 16:40:52] [SEVERE ] Key 88 was pressed by player 0
[2022-12-13 16:40:52] [SEVERE ] removing player 0 token from slot 9
[2022-12-13 16:40:55] [SEVERE ] Key 67 was pressed by player 0
[2022-12-13 16:40:55] [SEVERE ] player 0 placing token on slot 10
[2022-12-13 16:40:55] [SEVERE ] setting player 0 score to 2
[2022-12-13 16:40:55] [SEVERE ] setting player 0 freeze to 1000
[2022-12-13 16:40:56] [SEVERE ] setting player 0 freeze to 0
[2022-12-13 16:40:56] [SEVERE ] removing player 0 token from slot 1
[2022-12-13 16:40:56] [SEVERE ] removing card from slot 1
[2022-12-13 16:40:56] [SEVERE ] removing player 0 token from slot 8
[2022-12-13 16:40:56] [SEVERE ] removing card from slot 8
[2022-12-13 16:40:56] [SEVERE ] removing player 0 token from slot 10
[2022-12-13 16:40:56] [SEVERE ] removing card from slot 10
[2022-12-13 16:40:57] [SEVERE ] placing card 68 in slot 1
[2022-12-13 16:40:57] [SEVERE ] placing card 51 in slot 8
[2022-12-13 16:40:57] [SEVERE ] placing card 80 in slot 10
[2022-12-13 16:41:45] [SEVERE ] Key 67 was pressed by player 0
[2022-12-13 16:41:45] [SEVERE ] player 0 placing token on slot 10
[2022-12-13 16:41:46] [SEVERE ] Key 90 was pressed by player 0
[2022-12-13 16:41:46] [SEVERE ] player 0 placing token on slot 8
[2022-12-13 16:41:46] [SEVERE ] Key 65 was pressed by player 0
[2022-12-13 16:41:46] [SEVERE ] player 0 placing token on slot 4
[2022-12-13 16:41:46] [SEVERE ] setting player 0 freeze to 3000
[2022-12-13 16:41:47] [SEVERE ] setting player 0 freeze to 2000
[2022-12-13 16:41:48] [SEVERE ] setting player 0 freeze to 1000
[2022-12-13 16:41:49] [SEVERE ] setting player 0 freeze to 0
[2022-12-13 16:41:52] [SEVERE ] Key 77 was pressed by player 1
[2022-12-13 16:41:52] [SEVERE ] player 1 placing token on slot 8
[2022-12-13 16:41:54] [SEVERE ] Key 74 was pressed by player 1
[2022-12-13 16:41:54] [SEVERE ] player 1 placing token on slot 4
[2022-12-13 16:41:56] [SEVERE ] removing all tokens
[2022-12-13 16:41:56] [SEVERE ] removing tokens from slot 0
[2022-12-13 16:41:56] [SEVERE ] removing tokens from slot 1
[2022-12-13 16:41:56] [SEVERE ] removing tokens from slot 2
[2022-12-13 16:41:56] [SEVERE ] removing tokens from slot 3
[2022-12-13 16:41:56] [SEVERE ] removing tokens from slot 4
[2022-12-13 16:41:56] [SEVERE ] removing tokens from slot 5
[2022-12-13 16:41:56] [SEVERE ] removing tokens from slot 6
[2022-12-13 16:41:56] [SEVERE ] removing tokens from slot 7
[2022-12-13 16:41:56] [SEVERE ] removing tokens from slot 8
[2022-12-13 16:41:56] [SEVERE ] removing tokens from slot 9
[2022-12-13 16:41:56] [SEVERE ] removing tokens from slot 10
[2022-12-13 16:41:56] [SEVERE ] removing tokens from slot 11
[2022-12-13 16:41:56] [SEVERE ] removing player 0 token from slot 0
[2022-12-13 16:41:56] [SEVERE ] removing player 0 token from slot 1
[2022-12-13 16:41:56] [SEVERE ] removing player 0 token from slot 2
[2022-12-13 16:41:56] [SEVERE ] removing player 1 token from slot 0
[2022-12-13 16:41:56] [SEVERE ] removing player 1 token from slot 1
[2022-12-13 16:41:56] [SEVERE ] removing player 1 token from slot 2
[2022-12-13 16:41:57] [SEVERE ] removing card from slot 0
[2022-12-13 16:41:57] [SEVERE ] removing card from slot 1
[2022-12-13 16:41:57] [SEVERE ] removing card from slot 2
[2022-12-13 16:41:57] [SEVERE ] removing card from slot 3
[2022-12-13 16:41:57] [SEVERE ] removing card from slot 4
[2022-12-13 16:41:57] [SEVERE ] removing card from slot 5
[2022-12-13 16:41:57] [SEVERE ] removing card from slot 6
[2022-12-13 16:41:57] [SEVERE ] removing card from slot 7
[2022-12-13 16:41:57] [SEVERE ] removing card from slot 8
[2022-12-13 16:41:57] [SEVERE ] removing card from slot 9
[2022-12-13 16:41:58] [SEVERE ] removing card from slot 10
[2022-12-13 16:41:58] [SEVERE ] removing card from slot 11
[2022-12-13 16:41:58] [SEVERE ] placing card 31 in slot 6
[2022-12-13 16:41:58] [SEVERE ] placing card 11 in slot 0
[2022-12-13 16:41:58] [SEVERE ] placing card 61 in slot 5
[2022-12-13 16:41:58] [SEVERE ] placing card 74 in slot 7
[2022-12-13 16:41:58] [SEVERE ] placing card 20 in slot 3
[2022-12-13 16:41:58] [SEVERE ] placing card 0 in slot 10
[2022-12-13 16:41:58] [SEVERE ] placing card 43 in slot 9
[2022-12-13 16:41:58] [SEVERE ] placing card 49 in slot 1
[2022-12-13 16:41:59] [SEVERE ] placing card 16 in slot 2
[2022-12-13 16:41:59] [SEVERE ] placing card 33 in slot 8
[2022-12-13 16:41:59] [SEVERE ] placing card 21 in slot 11
[2022-12-13 16:41:59] [SEVERE ] placing card 44 in slot 4
