[2022-12-14 12:36:16] [INFO   ] cannot read configuration file config.properties trying from resources.
[2022-12-14 12:36:16] [INFO   ] configuration file was loaded from resources directory.
[2022-12-14 12:36:16] [INFO   ] Thread dealer starting.
[2022-12-14 12:36:16] [INFO   ] Thread player0starting.
[2022-12-14 12:36:16] [INFO   ] Thread player1starting.
[2022-12-14 12:36:16] [SEVERE ] placing card 49 in slot 0
[2022-12-14 12:36:17] [SEVERE ] placing card 75 in slot 7
[2022-12-14 12:36:17] [SEVERE ] placing card 28 in slot 10
[2022-12-14 12:36:17] [SEVERE ] placing card 58 in slot 5
[2022-12-14 12:36:17] [SEVERE ] placing card 57 in slot 8
[2022-12-14 12:36:17] [SEVERE ] placing card 50 in slot 6
[2022-12-14 12:36:17] [SEVERE ] placing card 33 in slot 1
[2022-12-14 12:36:17] [SEVERE ] placing card 35 in slot 11
[2022-12-14 12:36:17] [SEVERE ] placing card 4 in slot 9
[2022-12-14 12:36:17] [SEVERE ] Key 90 was pressed by player 0
[2022-12-14 12:36:17] [SEVERE ] player 0 placing token on slot 8
[2022-12-14 12:36:17] [SEVERE ] placing card 7 in slot 3
[2022-12-14 12:36:17] [SEVERE ] placing card 39 in slot 2
[2022-12-14 12:36:18] [SEVERE ] placing card 68 in slot 4
[2022-12-14 12:36:18] [SEVERE ] Key 88 was pressed by player 0
[2022-12-14 12:36:18] [SEVERE ] player 0 placing token on slot 9
[2022-12-14 12:36:18] [SEVERE ] Key 67 was pressed by player 0
[2022-12-14 12:36:18] [SEVERE ] player 0 placing token on slot 10
[2022-12-14 12:36:18] [SEVERE ] setting player 0 freeze to 3000
[2022-12-14 12:36:19] [SEVERE ] setting player 0 freeze to 2000
[2022-12-14 12:36:20] [SEVERE ] setting player 0 freeze to 1000
[2022-12-14 12:36:21] [SEVERE ] setting player 0 freeze to 0
[2022-12-14 12:37:19] [SEVERE ] removing all tokens
[2022-12-14 12:37:19] [SEVERE ] removing tokens from slot 0
[2022-12-14 12:37:19] [SEVERE ] removing tokens from slot 1
[2022-12-14 12:37:19] [SEVERE ] removing tokens from slot 2
[2022-12-14 12:37:19] [SEVERE ] removing tokens from slot 3
[2022-12-14 12:37:19] [SEVERE ] removing tokens from slot 4
[2022-12-14 12:37:19] [SEVERE ] removing tokens from slot 5
[2022-12-14 12:37:19] [SEVERE ] removing tokens from slot 6
[2022-12-14 12:37:19] [SEVERE ] removing tokens from slot 7
[2022-12-14 12:37:19] [SEVERE ] removing tokens from slot 8
[2022-12-14 12:37:19] [SEVERE ] removing tokens from slot 9
[2022-12-14 12:37:19] [SEVERE ] removing tokens from slot 10
[2022-12-14 12:37:19] [SEVERE ] removing tokens from slot 11
[2022-12-14 12:37:19] [SEVERE ] removing player 0 token from slot 0
[2022-12-14 12:37:19] [SEVERE ] removing player 0 token from slot 1
[2022-12-14 12:37:19] [SEVERE ] removing player 0 token from slot 2
[2022-12-14 12:37:19] [SEVERE ] removing player 1 token from slot 0
[2022-12-14 12:37:19] [SEVERE ] removing player 1 token from slot 1
[2022-12-14 12:37:19] [SEVERE ] removing player 1 token from slot 2
[2022-12-14 12:37:19] [SEVERE ] removing card from slot 0
[2022-12-14 12:37:19] [SEVERE ] removing card from slot 1
[2022-12-14 12:37:19] [SEVERE ] removing card from slot 2
[2022-12-14 12:37:19] [SEVERE ] removing card from slot 3
[2022-12-14 12:37:19] [SEVERE ] removing card from slot 4
[2022-12-14 12:37:19] [SEVERE ] removing card from slot 5
[2022-12-14 12:37:19] [SEVERE ] removing card from slot 6
[2022-12-14 12:37:19] [SEVERE ] removing card from slot 7
[2022-12-14 12:37:19] [SEVERE ] removing card from slot 8
[2022-12-14 12:37:20] [SEVERE ] removing card from slot 9
[2022-12-14 12:37:20] [SEVERE ] removing card from slot 10
[2022-12-14 12:37:20] [SEVERE ] removing card from slot 11
[2022-12-14 12:37:20] [SEVERE ] placing card 15 in slot 8
[2022-12-14 12:37:20] [SEVERE ] placing card 4 in slot 7
[2022-12-14 12:37:20] [SEVERE ] placing card 0 in slot 3
[2022-12-14 12:37:20] [SEVERE ] placing card 79 in slot 9
[2022-12-14 12:37:20] [SEVERE ] placing card 40 in slot 4
[2022-12-14 12:37:20] [SEVERE ] placing card 35 in slot 5
[2022-12-14 12:37:20] [SEVERE ] placing card 54 in slot 1
[2022-12-14 12:37:21] [SEVERE ] placing card 27 in slot 2
[2022-12-14 12:37:21] [SEVERE ] placing card 70 in slot 0
[2022-12-14 12:37:21] [SEVERE ] placing card 10 in slot 6
[2022-12-14 12:37:21] [SEVERE ] placing card 62 in slot 10
[2022-12-14 12:37:21] [SEVERE ] placing card 61 in slot 11
