[2022-12-13 17:48:11] [INFO   ] cannot read configuration file config.properties trying from resources.
[2022-12-13 17:48:11] [INFO   ] configuration file was loaded from resources directory.
[2022-12-13 17:48:12] [INFO   ] Thread dealer starting.
[2022-12-13 17:48:12] [INFO   ] Thread player0starting.
[2022-12-13 17:48:12] [INFO   ] Thread player1starting.
[2022-12-13 17:48:12] [SEVERE ] placing card 80 in slot 4
[2022-12-13 17:48:12] [SEVERE ] placing card 74 in slot 9
[2022-12-13 17:48:12] [SEVERE ] placing card 62 in slot 2
[2022-12-13 17:48:12] [SEVERE ] placing card 79 in slot 3
[2022-12-13 17:48:12] [SEVERE ] placing card 75 in slot 8
[2022-12-13 17:48:12] [SEVERE ] placing card 10 in slot 0
[2022-12-13 17:48:12] [SEVERE ] placing card 17 in slot 10
[2022-12-13 17:48:13] [SEVERE ] placing card 76 in slot 11
[2022-12-13 17:48:13] [SEVERE ] placing card 69 in slot 6
[2022-12-13 17:48:13] [SEVERE ] placing card 54 in slot 1
[2022-12-13 17:48:13] [SEVERE ] placing card 32 in slot 7
[2022-12-13 17:48:13] [SEVERE ] placing card 71 in slot 5
[2022-12-13 17:48:17] [SEVERE ] Key 65 was pressed by player 0
[2022-12-13 17:48:17] [SEVERE ] player 0 placing token on slot 4
[2022-12-13 17:48:17] [SEVERE ] Key 83 was pressed by player 0
[2022-12-13 17:48:17] [SEVERE ] player 0 placing token on slot 5
[2022-12-13 17:48:20] [SEVERE ] Key 82 was pressed by player 0
[2022-12-13 17:48:20] [SEVERE ] player 0 placing token on slot 3
[2022-12-13 17:48:20] [SEVERE ] setting player 0 freeze to 3000
[2022-12-13 17:48:21] [SEVERE ] setting player 0 freeze to 2000
[2022-12-13 17:48:22] [SEVERE ] setting player 0 freeze to 1000
[2022-12-13 17:48:23] [SEVERE ] setting player 0 freeze to 0
[2022-12-13 17:48:24] [SEVERE ] Key 82 was pressed by player 0
[2022-12-13 17:48:24] [SEVERE ] removing player 0 token from slot 3
[2022-12-13 17:48:25] [SEVERE ] Key 69 was pressed by player 0
[2022-12-13 17:48:25] [SEVERE ] player 0 placing token on slot 2
[2022-12-13 17:48:25] [SEVERE ] removing player 0 token from slot 4
[2022-12-13 17:48:25] [SEVERE ] removing card from slot 4
[2022-12-13 17:48:25] [SEVERE ] removing player 0 token from slot 5
[2022-12-13 17:48:25] [SEVERE ] removing card from slot 5
[2022-12-13 17:48:25] [SEVERE ] removing player 0 token from slot 2
[2022-12-13 17:48:25] [SEVERE ] removing card from slot 2
[2022-12-13 17:48:25] [SEVERE ] placing card 60 in slot 2
[2022-12-13 17:48:25] [SEVERE ] placing card 7 in slot 5
[2022-12-13 17:48:25] [SEVERE ] placing card 25 in slot 4
[2022-12-13 17:48:25] [SEVERE ] setting player 0 score to 1
[2022-12-13 17:48:25] [SEVERE ] setting player 0 freeze to 1000
[2022-12-13 17:48:26] [SEVERE ] setting player 0 freeze to 0
[2022-12-13 17:48:39] [SEVERE ] Key 76 was pressed by player 1
[2022-12-13 17:48:39] [SEVERE ] player 1 placing token on slot 6
[2022-12-13 17:48:41] [SEVERE ] Key 73 was pressed by player 1
[2022-12-13 17:48:41] [SEVERE ] player 1 placing token on slot 1
[2022-12-13 17:48:42] [SEVERE ] Key 77 was pressed by player 1
[2022-12-13 17:48:42] [SEVERE ] player 1 placing token on slot 8
[2022-12-13 17:48:42] [SEVERE ] removing player 1 token from slot 6
[2022-12-13 17:48:43] [SEVERE ] removing card from slot 6
[2022-12-13 17:48:43] [SEVERE ] removing player 1 token from slot 1
[2022-12-13 17:48:43] [SEVERE ] removing card from slot 1
[2022-12-13 17:48:43] [SEVERE ] removing player 1 token from slot 8
[2022-12-13 17:48:43] [SEVERE ] removing card from slot 8
[2022-12-13 17:48:43] [SEVERE ] placing card 23 in slot 6
[2022-12-13 17:48:43] [SEVERE ] placing card 3 in slot 1
[2022-12-13 17:48:43] [SEVERE ] placing card 0 in slot 8
[2022-12-13 17:48:43] [SEVERE ] setting player 1 score to 1
[2022-12-13 17:48:43] [SEVERE ] setting player 1 freeze to 1000
[2022-12-13 17:48:44] [SEVERE ] setting player 1 freeze to 0
