[2022-12-14 12:41:31] [INFO   ] cannot read configuration file config.properties trying from resources.
[2022-12-14 12:41:31] [INFO   ] configuration file was loaded from resources directory.
[2022-12-14 12:41:32] [INFO   ] Thread dealer starting.
[2022-12-14 12:41:32] [INFO   ] Thread player0starting.
[2022-12-14 12:41:32] [INFO   ] Thread player1starting.
[2022-12-14 12:41:32] [SEVERE ] placing card 27 in slot 5
[2022-12-14 12:41:32] [SEVERE ] placing card 31 in slot 7
[2022-12-14 12:41:32] [SEVERE ] placing card 41 in slot 9
[2022-12-14 12:41:33] [SEVERE ] placing card 32 in slot 0
[2022-12-14 12:41:33] [SEVERE ] placing card 68 in slot 11
[2022-12-14 12:41:33] [SEVERE ] placing card 72 in slot 10
[2022-12-14 12:41:33] [SEVERE ] placing card 7 in slot 8
[2022-12-14 12:41:33] [SEVERE ] placing card 77 in slot 6
[2022-12-14 12:41:33] [SEVERE ] placing card 75 in slot 1
[2022-12-14 12:41:33] [SEVERE ] placing card 24 in slot 2
[2022-12-14 12:41:33] [SEVERE ] placing card 28 in slot 3
[2022-12-14 12:41:33] [SEVERE ] placing card 15 in slot 4
[2022-12-14 12:41:36] [SEVERE ] Key 90 was pressed by player 0
[2022-12-14 12:41:36] [SEVERE ] player 0 placing token on slot 8
[2022-12-14 12:41:37] [SEVERE ] Key 88 was pressed by player 0
[2022-12-14 12:41:37] [SEVERE ] player 0 placing token on slot 9
[2022-12-14 12:41:37] [SEVERE ] Key 67 was pressed by player 0
[2022-12-14 12:41:37] [SEVERE ] player 0 placing token on slot 10
[2022-12-14 12:41:37] [SEVERE ] removing player 0 token from slot 8
[2022-12-14 12:41:37] [SEVERE ] removing card from slot 8
[2022-12-14 12:41:37] [SEVERE ] removing player 0 token from slot 9
[2022-12-14 12:41:37] [SEVERE ] removing card from slot 9
[2022-12-14 12:41:37] [SEVERE ] removing player 0 token from slot 10
[2022-12-14 12:41:37] [SEVERE ] removing card from slot 10
[2022-12-14 12:41:37] [SEVERE ] placing card 53 in slot 8
[2022-12-14 12:41:38] [SEVERE ] placing card 44 in slot 10
[2022-12-14 12:41:38] [SEVERE ] placing card 18 in slot 9
[2022-12-14 12:41:38] [SEVERE ] setting player 0 score to 1
[2022-12-14 12:41:38] [SEVERE ] setting player 0 freeze to 1000
[2022-12-14 12:41:39] [SEVERE ] setting player 0 freeze to 0
[2022-12-14 12:41:39] [SEVERE ] setting player 0 score to 2
[2022-12-14 12:41:39] [SEVERE ] setting player 0 freeze to 1000
[2022-12-14 12:41:40] [SEVERE ] setting player 0 freeze to 0
[2022-12-14 12:41:40] [SEVERE ] setting player 0 score to 3
[2022-12-14 12:41:40] [SEVERE ] setting player 0 freeze to 1000
[2022-12-14 12:41:41] [SEVERE ] setting player 0 freeze to 0
[2022-12-14 12:41:41] [SEVERE ] setting player 0 score to 4
[2022-12-14 12:41:41] [SEVERE ] setting player 0 freeze to 1000
[2022-12-14 12:41:42] [SEVERE ] setting player 0 freeze to 0
[2022-12-14 12:41:42] [SEVERE ] setting player 0 score to 5
[2022-12-14 12:41:42] [SEVERE ] setting player 0 freeze to 1000
[2022-12-14 12:41:42] [SEVERE ] Key 90 was pressed by player 0
[2022-12-14 12:41:43] [SEVERE ] setting player 0 freeze to 0
[2022-12-14 12:41:43] [SEVERE ] setting player 0 score to 6
[2022-12-14 12:41:43] [SEVERE ] setting player 0 freeze to 1000
[2022-12-14 12:41:44] [SEVERE ] setting player 0 freeze to 0
[2022-12-14 12:41:44] [SEVERE ] setting player 0 score to 7
[2022-12-14 12:41:44] [SEVERE ] setting player 0 freeze to 1000
[2022-12-14 12:41:45] [SEVERE ] setting player 0 freeze to 0
[2022-12-14 12:41:45] [SEVERE ] setting player 0 score to 8
[2022-12-14 12:41:45] [SEVERE ] setting player 0 freeze to 1000
[2022-12-14 12:41:46] [SEVERE ] setting player 0 freeze to 0
[2022-12-14 12:41:46] [SEVERE ] setting player 0 score to 9
[2022-12-14 12:41:46] [SEVERE ] setting player 0 freeze to 1000
[2022-12-14 12:41:47] [SEVERE ] setting player 0 freeze to 0
[2022-12-14 12:41:47] [SEVERE ] setting player 0 score to 10
[2022-12-14 12:41:47] [SEVERE ] setting player 0 freeze to 1000
[2022-12-14 12:41:48] [SEVERE ] setting player 0 freeze to 0
[2022-12-14 12:41:48] [SEVERE ] setting player 0 score to 11
[2022-12-14 12:41:48] [SEVERE ] setting player 0 freeze to 1000
[2022-12-14 12:41:49] [SEVERE ] setting player 0 freeze to 0
[2022-12-14 12:41:49] [SEVERE ] setting player 0 score to 12
[2022-12-14 12:41:49] [SEVERE ] setting player 0 freeze to 1000
[2022-12-14 12:41:50] [SEVERE ] setting player 0 freeze to 0
[2022-12-14 12:41:50] [SEVERE ] setting player 0 score to 13
[2022-12-14 12:41:50] [SEVERE ] setting player 0 freeze to 1000
[2022-12-14 12:41:51] [SEVERE ] setting player 0 freeze to 0
[2022-12-14 12:41:51] [SEVERE ] setting player 0 score to 14
[2022-12-14 12:41:51] [SEVERE ] setting player 0 freeze to 1000
