[2022-12-14 11:37:07] [INFO   ] cannot read configuration file config.properties trying from resources.
[2022-12-14 11:37:07] [INFO   ] configuration file was loaded from resources directory.
[2022-12-14 11:37:07] [INFO   ] Thread dealer starting.
[2022-12-14 11:37:07] [INFO   ] Thread player0starting.
[2022-12-14 11:37:07] [INFO   ] Thread player1starting.
[2022-12-14 11:37:07] [SEVERE ] placing card 18 in slot 10
[2022-12-14 11:37:07] [SEVERE ] placing card 53 in slot 5
[2022-12-14 11:37:07] [SEVERE ] placing card 75 in slot 4
[2022-12-14 11:37:07] [SEVERE ] placing card 20 in slot 8
[2022-12-14 11:37:08] [SEVERE ] placing card 3 in slot 0
[2022-12-14 11:37:08] [SEVERE ] placing card 70 in slot 9
[2022-12-14 11:37:08] [SEVERE ] placing card 15 in slot 1
[2022-12-14 11:37:08] [SEVERE ] placing card 22 in slot 2
[2022-12-14 11:37:08] [SEVERE ] placing card 16 in slot 3
[2022-12-14 11:37:08] [SEVERE ] placing card 55 in slot 6
[2022-12-14 11:37:08] [SEVERE ] placing card 66 in slot 7
[2022-12-14 11:37:08] [SEVERE ] placing card 51 in slot 11
[2022-12-14 11:38:08] [SEVERE ] removing all tokens
[2022-12-14 11:38:08] [SEVERE ] removing tokens from slot 0
[2022-12-14 11:38:08] [SEVERE ] removing tokens from slot 1
[2022-12-14 11:38:08] [SEVERE ] removing tokens from slot 2
[2022-12-14 11:38:08] [SEVERE ] removing tokens from slot 3
[2022-12-14 11:38:08] [SEVERE ] removing tokens from slot 4
[2022-12-14 11:38:08] [SEVERE ] removing tokens from slot 5
[2022-12-14 11:38:08] [SEVERE ] removing tokens from slot 6
[2022-12-14 11:38:08] [SEVERE ] removing tokens from slot 7
[2022-12-14 11:38:08] [SEVERE ] removing tokens from slot 8
[2022-12-14 11:38:08] [SEVERE ] removing tokens from slot 9
[2022-12-14 11:38:08] [SEVERE ] removing tokens from slot 10
[2022-12-14 11:38:08] [SEVERE ] removing tokens from slot 11
[2022-12-14 11:38:08] [SEVERE ] removing player 0 token from slot 0
[2022-12-14 11:38:08] [SEVERE ] removing player 0 token from slot 1
[2022-12-14 11:38:08] [SEVERE ] removing player 0 token from slot 2
[2022-12-14 11:38:08] [SEVERE ] removing player 1 token from slot 0
[2022-12-14 11:38:08] [SEVERE ] removing player 1 token from slot 1
[2022-12-14 11:38:08] [SEVERE ] removing player 1 token from slot 2
[2022-12-14 11:38:08] [SEVERE ] removing card from slot 0
[2022-12-14 11:38:08] [SEVERE ] removing card from slot 1
[2022-12-14 11:38:09] [SEVERE ] removing card from slot 2
[2022-12-14 11:38:09] [SEVERE ] removing card from slot 3
[2022-12-14 11:38:09] [SEVERE ] removing card from slot 4
[2022-12-14 11:38:09] [SEVERE ] removing card from slot 5
[2022-12-14 11:38:09] [SEVERE ] removing card from slot 6
[2022-12-14 11:38:09] [SEVERE ] removing card from slot 7
[2022-12-14 11:38:09] [SEVERE ] removing card from slot 8
[2022-12-14 11:38:09] [SEVERE ] removing card from slot 9
[2022-12-14 11:38:09] [SEVERE ] removing card from slot 10
[2022-12-14 11:38:09] [SEVERE ] removing card from slot 11
[2022-12-14 11:38:10] [SEVERE ] placing card 14 in slot 6
[2022-12-14 11:38:10] [SEVERE ] placing card 72 in slot 2
[2022-12-14 11:38:10] [SEVERE ] placing card 30 in slot 5
[2022-12-14 11:38:10] [SEVERE ] placing card 75 in slot 0
[2022-12-14 11:38:10] [SEVERE ] placing card 54 in slot 11
[2022-12-14 11:38:10] [SEVERE ] placing card 31 in slot 9
[2022-12-14 11:38:10] [SEVERE ] placing card 44 in slot 8
[2022-12-14 11:38:10] [SEVERE ] placing card 46 in slot 4
