[2022-12-12 21:46:50] [INFO   ] cannot read configuration file config.properties trying from resources.
[2022-12-12 21:46:50] [INFO   ] configuration file was loaded from resources directory.
[2022-12-12 21:46:50] [INFO   ] Thread dealer starting.
[2022-12-12 21:46:50] [INFO   ] Thread player1starting.
[2022-12-12 21:46:50] [INFO   ] Thread player0starting.
[2022-12-12 21:46:50] [SEVERE ] placing card 49 in slot 5
[2022-12-12 21:46:51] [SEVERE ] placing card 11 in slot 2
[2022-12-12 21:46:51] [SEVERE ] placing card 60 in slot 11
[2022-12-12 21:46:51] [SEVERE ] placing card 28 in slot 9
[2022-12-12 21:46:51] [SEVERE ] placing card 73 in slot 7
[2022-12-12 21:46:51] [SEVERE ] placing card 76 in slot 6
[2022-12-12 21:46:51] [SEVERE ] placing card 61 in slot 8
[2022-12-12 21:46:51] [SEVERE ] placing card 10 in slot 4
[2022-12-12 21:46:51] [SEVERE ] placing card 51 in slot 10
[2022-12-12 21:46:51] [SEVERE ] placing card 1 in slot 0
[2022-12-12 21:46:51] [SEVERE ] placing card 8 in slot 1
[2022-12-12 21:46:52] [SEVERE ] placing card 17 in slot 3
[2022-12-12 21:46:52] [SEVERE ] Key 90 was pressed by player 0
[2022-12-12 21:46:52] [SEVERE ] player 0 placing token on slot 8
[2022-12-12 21:46:52] [SEVERE ] Key 88 was pressed by player 0
[2022-12-12 21:46:52] [SEVERE ] player 0 placing token on slot 9
[2022-12-12 21:46:53] [SEVERE ] Key 67 was pressed by player 0
[2022-12-12 21:46:53] [SEVERE ] player 0 placing token on slot 10
[2022-12-12 21:46:53] [SEVERE ] Key 86 was pressed by player 0
[2022-12-12 21:46:53] [SEVERE ] player 0 placing token on slot 11
