[2022-12-14 11:22:15] [INFO   ] cannot read configuration file config.properties trying from resources.
[2022-12-14 11:22:15] [INFO   ] configuration file was loaded from resources directory.
[2022-12-14 11:22:15] [INFO   ] Thread dealer starting.
[2022-12-14 11:22:15] [INFO   ] Thread player0starting.
[2022-12-14 11:22:15] [INFO   ] Thread player1starting.
[2022-12-14 11:22:15] [SEVERE ] placing card 75 in slot 3
[2022-12-14 11:22:15] [SEVERE ] placing card 1 in slot 1
[2022-12-14 11:22:15] [SEVERE ] placing card 73 in slot 10
[2022-12-14 11:22:16] [SEVERE ] placing card 31 in slot 8
[2022-12-14 11:22:16] [SEVERE ] placing card 21 in slot 9
[2022-12-14 11:22:16] [SEVERE ] placing card 70 in slot 4
[2022-12-14 11:22:16] [SEVERE ] placing card 5 in slot 5
[2022-12-14 11:22:16] [SEVERE ] placing card 29 in slot 0
[2022-12-14 11:22:16] [SEVERE ] placing card 53 in slot 6
[2022-12-14 11:22:16] [SEVERE ] placing card 39 in slot 7
[2022-12-14 11:22:16] [SEVERE ] placing card 34 in slot 2
[2022-12-14 11:22:16] [SEVERE ] placing card 16 in slot 11
[2022-12-14 11:23:17] [SEVERE ] removing all tokens
[2022-12-14 11:23:17] [SEVERE ] removing tokens from slot 0
[2022-12-14 11:23:17] [SEVERE ] removing tokens from slot 1
[2022-12-14 11:23:17] [SEVERE ] removing tokens from slot 2
[2022-12-14 11:23:17] [SEVERE ] removing tokens from slot 3
[2022-12-14 11:23:17] [SEVERE ] removing tokens from slot 4
[2022-12-14 11:23:17] [SEVERE ] removing tokens from slot 5
[2022-12-14 11:23:17] [SEVERE ] removing tokens from slot 6
[2022-12-14 11:23:17] [SEVERE ] removing tokens from slot 7
[2022-12-14 11:23:17] [SEVERE ] removing tokens from slot 8
[2022-12-14 11:23:17] [SEVERE ] removing tokens from slot 9
[2022-12-14 11:23:17] [SEVERE ] removing tokens from slot 10
[2022-12-14 11:23:17] [SEVERE ] removing tokens from slot 11
[2022-12-14 11:23:17] [SEVERE ] removing player 0 token from slot 0
[2022-12-14 11:23:17] [SEVERE ] removing player 0 token from slot 1
[2022-12-14 11:23:17] [SEVERE ] removing player 0 token from slot 2
[2022-12-14 11:23:17] [SEVERE ] removing player 1 token from slot 0
[2022-12-14 11:23:17] [SEVERE ] removing player 1 token from slot 1
[2022-12-14 11:23:17] [SEVERE ] removing player 1 token from slot 2
[2022-12-14 11:23:18] [SEVERE ] removing card from slot 0
[2022-12-14 11:23:18] [SEVERE ] removing card from slot 1
[2022-12-14 11:23:18] [SEVERE ] removing card from slot 2
[2022-12-14 11:23:18] [SEVERE ] removing card from slot 3
[2022-12-14 11:23:18] [SEVERE ] removing card from slot 4
[2022-12-14 11:23:18] [SEVERE ] removing card from slot 5
[2022-12-14 11:23:18] [SEVERE ] removing card from slot 6
[2022-12-14 11:23:18] [SEVERE ] removing card from slot 7
[2022-12-14 11:23:18] [SEVERE ] removing card from slot 8
[2022-12-14 11:23:18] [SEVERE ] removing card from slot 9
[2022-12-14 11:23:19] [SEVERE ] removing card from slot 10
[2022-12-14 11:23:19] [SEVERE ] removing card from slot 11
[2022-12-14 11:23:19] [SEVERE ] placing card 43 in slot 7
[2022-12-14 11:23:19] [SEVERE ] placing card 56 in slot 2
[2022-12-14 11:23:19] [SEVERE ] placing card 68 in slot 9
[2022-12-14 11:23:19] [SEVERE ] placing card 41 in slot 3
[2022-12-14 11:23:19] [SEVERE ] placing card 37 in slot 11
[2022-12-14 11:23:19] [SEVERE ] placing card 65 in slot 10
[2022-12-14 11:23:19] [SEVERE ] placing card 14 in slot 4
[2022-12-14 11:23:19] [SEVERE ] placing card 33 in slot 0
[2022-12-14 11:23:20] [SEVERE ] placing card 3 in slot 5
[2022-12-14 11:23:20] [SEVERE ] placing card 55 in slot 8
[2022-12-14 11:23:20] [SEVERE ] placing card 73 in slot 1
[2022-12-14 11:23:20] [SEVERE ] placing card 5 in slot 6
