[2022-12-12 21:26:53] [INFO   ] cannot read configuration file config.properties trying from resources.
[2022-12-12 21:26:53] [INFO   ] configuration file was loaded from resources directory.
[2022-12-12 21:26:54] [INFO   ] Thread dealer starting.
[2022-12-12 21:26:54] [INFO   ] Thread player0starting.
[2022-12-12 21:26:54] [INFO   ] Thread player1starting.
[2022-12-12 21:26:54] [SEVERE ] placing card 47 in slot 7
[2022-12-12 21:26:54] [SEVERE ] placing card 31 in slot 4
[2022-12-12 21:26:54] [SEVERE ] placing card 45 in slot 0
[2022-12-12 21:26:54] [SEVERE ] placing card 48 in slot 10
[2022-12-12 21:26:54] [SEVERE ] placing card 35 in slot 3
[2022-12-12 21:26:54] [SEVERE ] placing card 0 in slot 6
[2022-12-12 21:26:54] [SEVERE ] placing card 53 in slot 5
[2022-12-12 21:26:54] [SEVERE ] placing card 18 in slot 8
[2022-12-12 21:26:55] [SEVERE ] placing card 71 in slot 1
[2022-12-12 21:26:55] [SEVERE ] placing card 32 in slot 2
[2022-12-12 21:26:55] [SEVERE ] placing card 37 in slot 9
[2022-12-12 21:26:55] [SEVERE ] placing card 19 in slot 11
[2022-12-12 21:26:56] [SEVERE ] Key 90 was pressed by player 0
[2022-12-12 21:26:56] [SEVERE ] Key 88 was pressed by player 0
[2022-12-12 21:26:56] [SEVERE ] Key 90 was pressed by player 0
[2022-12-12 21:26:57] [SEVERE ] Key 67 was pressed by player 0
[2022-12-12 21:26:57] [SEVERE ] Key 90 was pressed by player 0
[2022-12-12 21:26:57] [SEVERE ] Key 88 was pressed by player 0
[2022-12-12 21:26:57] [SEVERE ] Key 67 was pressed by player 0
[2022-12-12 21:26:57] [SEVERE ] Key 65 was pressed by player 0
[2022-12-12 21:26:57] [SEVERE ] Key 83 was pressed by player 0
[2022-12-12 21:26:57] [SEVERE ] Key 68 was pressed by player 0
[2022-12-12 21:26:58] [SEVERE ] Key 90 was pressed by player 0
[2022-12-12 21:26:58] [SEVERE ] Key 67 was pressed by player 0
[2022-12-12 21:26:58] [SEVERE ] Key 90 was pressed by player 0
[2022-12-12 21:26:58] [SEVERE ] Key 67 was pressed by player 0
[2022-12-12 21:26:59] [SEVERE ] Key 88 was pressed by player 0
[2022-12-12 21:26:59] [SEVERE ] Key 90 was pressed by player 0
[2022-12-12 21:26:59] [SEVERE ] Key 88 was pressed by player 0
[2022-12-12 21:26:59] [SEVERE ] Key 90 was pressed by player 0
[2022-12-12 21:26:59] [SEVERE ] Key 67 was pressed by player 0
[2022-12-12 21:26:59] [SEVERE ] Key 88 was pressed by player 0
[2022-12-12 21:26:59] [SEVERE ] Key 90 was pressed by player 0
[2022-12-12 21:26:59] [SEVERE ] Key 90 was pressed by player 0
[2022-12-12 21:26:59] [SEVERE ] Key 67 was pressed by player 0
[2022-12-12 21:27:00] [SEVERE ] Key 65 was pressed by player 0
[2022-12-12 21:27:00] [SEVERE ] Key 83 was pressed by player 0
[2022-12-12 21:27:00] [SEVERE ] Key 68 was pressed by player 0
[2022-12-12 21:27:00] [SEVERE ] Key 65 was pressed by player 0
[2022-12-12 21:27:00] [SEVERE ] Key 81 was pressed by player 0
[2022-12-12 21:27:00] [SEVERE ] Key 87 was pressed by player 0
[2022-12-12 21:27:01] [SEVERE ] Key 69 was pressed by player 0
[2022-12-12 21:27:01] [SEVERE ] Key 83 was pressed by player 0
[2022-12-12 21:27:01] [SEVERE ] Key 88 was pressed by player 0
[2022-12-12 21:27:01] [SEVERE ] Key 67 was pressed by player 0
[2022-12-12 21:27:02] [SEVERE ] Key 70 was pressed by player 0
[2022-12-12 21:27:02] [SEVERE ] Key 70 was pressed by player 0
[2022-12-12 21:27:03] [SEVERE ] Key 77 was pressed by player 1
[2022-12-12 21:27:03] [SEVERE ] Key 44 was pressed by player 1
[2022-12-12 21:27:03] [SEVERE ] Key 74 was pressed by player 1
[2022-12-12 21:27:03] [SEVERE ] Key 75 was pressed by player 1
[2022-12-12 21:27:03] [SEVERE ] Key 85 was pressed by player 1
[2022-12-12 21:27:04] [SEVERE ] Key 81 was pressed by player 0
[2022-12-12 21:27:04] [SEVERE ] Key 69 was pressed by player 0
[2022-12-12 21:27:04] [SEVERE ] Key 87 was pressed by player 0
[2022-12-12 21:27:04] [SEVERE ] Key 65 was pressed by player 0
[2022-12-12 21:27:04] [SEVERE ] Key 83 was pressed by player 0
[2022-12-12 21:27:05] [SEVERE ] Key 67 was pressed by player 0
[2022-12-12 21:27:05] [SEVERE ] Key 90 was pressed by player 0
[2022-12-12 21:27:05] [SEVERE ] Key 88 was pressed by player 0
