[2022-12-13 19:08:43] [INFO   ] cannot read configuration file config.properties trying from resources.
[2022-12-13 19:08:43] [INFO   ] configuration file was loaded from resources directory.
[2022-12-13 19:08:44] [INFO   ] Thread dealer starting.
[2022-12-13 19:08:44] [INFO   ] Thread player0starting.
[2022-12-13 19:08:44] [INFO   ] Thread player1starting.
[2022-12-13 19:08:44] [SEVERE ] placing card 44 in slot 3
[2022-12-13 19:08:44] [SEVERE ] placing card 45 in slot 11
[2022-12-13 19:08:44] [SEVERE ] placing card 51 in slot 7
[2022-12-13 19:08:44] [SEVERE ] placing card 50 in slot 5
[2022-12-13 19:08:44] [SEVERE ] placing card 42 in slot 9
[2022-12-13 19:08:45] [SEVERE ] placing card 38 in slot 6
[2022-12-13 19:08:45] [SEVERE ] placing card 33 in slot 0
[2022-12-13 19:08:45] [SEVERE ] placing card 68 in slot 10
[2022-12-13 19:08:45] [SEVERE ] placing card 66 in slot 1
[2022-12-13 19:08:45] [SEVERE ] placing card 47 in slot 2
[2022-12-13 19:08:45] [SEVERE ] placing card 24 in slot 8
[2022-12-13 19:08:45] [SEVERE ] placing card 52 in slot 4
[2022-12-13 19:09:09] [SEVERE ] Key 81 was pressed by player 0
[2022-12-13 19:09:09] [SEVERE ] player 0 placing token on slot 0
[2022-12-13 19:09:12] [SEVERE ] Key 65 was pressed by player 0
[2022-12-13 19:09:12] [SEVERE ] player 0 placing token on slot 4
[2022-12-13 19:09:18] [SEVERE ] Key 82 was pressed by player 0
[2022-12-13 19:09:18] [SEVERE ] player 0 placing token on slot 3
[2022-12-13 19:09:18] [SEVERE ] removing player 0 token from slot 0
[2022-12-13 19:09:18] [SEVERE ] removing card from slot 0
[2022-12-13 19:09:18] [SEVERE ] removing player 0 token from slot 4
[2022-12-13 19:09:18] [SEVERE ] removing card from slot 4
[2022-12-13 19:09:18] [SEVERE ] removing player 0 token from slot 3
[2022-12-13 19:09:18] [SEVERE ] removing card from slot 3
[2022-12-13 19:09:18] [SEVERE ] placing card 62 in slot 0
[2022-12-13 19:09:18] [SEVERE ] placing card 70 in slot 3
[2022-12-13 19:09:18] [SEVERE ] placing card 26 in slot 4
[2022-12-13 19:09:18] [SEVERE ] setting player 0 score to 1
[2022-12-13 19:09:18] [SEVERE ] setting player 0 freeze to 1000
[2022-12-13 19:09:19] [SEVERE ] setting player 0 freeze to 0
