[2022-12-13 14:26:24] [INFO   ] cannot read configuration file config.properties trying from resources.
[2022-12-13 14:26:24] [INFO   ] configuration file was loaded from resources directory.
[2022-12-13 14:26:25] [INFO   ] Thread dealer starting.
[2022-12-13 14:26:25] [INFO   ] Thread player0starting.
[2022-12-13 14:26:25] [INFO   ] Thread player1starting.
[2022-12-13 14:26:25] [SEVERE ] placing card 9 in slot 9
[2022-12-13 14:26:25] [SEVERE ] placing card 20 in slot 6
[2022-12-13 14:26:25] [SEVERE ] placing card 33 in slot 5
[2022-12-13 14:26:25] [SEVERE ] placing card 68 in slot 11
[2022-12-13 14:26:25] [SEVERE ] placing card 35 in slot 2
[2022-12-13 14:26:25] [SEVERE ] placing card 19 in slot 1
[2022-12-13 14:26:25] [SEVERE ] placing card 61 in slot 10
[2022-12-13 14:26:26] [SEVERE ] placing card 72 in slot 7
[2022-12-13 14:26:26] [SEVERE ] placing card 8 in slot 3
[2022-12-13 14:26:26] [SEVERE ] placing card 54 in slot 8
[2022-12-13 14:26:26] [SEVERE ] placing card 3 in slot 0
[2022-12-13 14:26:26] [SEVERE ] placing card 12 in slot 4
[2022-12-13 14:26:42] [SEVERE ] Key 81 was pressed by player 0
[2022-12-13 14:26:42] [SEVERE ] player 0 placing token on slot 0
[2022-12-13 14:26:44] [SEVERE ] Key 83 was pressed by player 0
[2022-12-13 14:26:44] [SEVERE ] player 0 placing token on slot 5
[2022-12-13 14:26:46] [SEVERE ] Key 90 was pressed by player 0
[2022-12-13 14:26:46] [SEVERE ] player 0 placing token on slot 8
[2022-12-13 14:26:46] [SEVERE ] setting player 0 score to 1
[2022-12-13 14:26:46] [SEVERE ] setting player 0 freeze to 1000
[2022-12-13 14:26:47] [SEVERE ] setting player 0 freeze to 0
[2022-12-13 14:28:02] [SEVERE ] removing player 0 token from slot 0
[2022-12-13 14:34:26] [INFO   ] Thread main terminated.
