[2022-12-14 14:27:55] [INFO   ] cannot read configuration file config.properties trying from resources.
[2022-12-14 14:27:55] [INFO   ] configuration file was loaded from resources directory.
[2022-12-14 14:27:56] [INFO   ] Thread dealer starting.
[2022-12-14 14:27:56] [INFO   ] Thread player0starting.
[2022-12-14 14:27:56] [INFO   ] Thread player1starting.
[2022-12-14 14:27:56] [SEVERE ] placing card 47 in slot 3
[2022-12-14 14:27:56] [SEVERE ] placing card 24 in slot 2
[2022-12-14 14:27:56] [SEVERE ] placing card 53 in slot 7
[2022-12-14 14:27:56] [SEVERE ] placing card 36 in slot 11
[2022-12-14 14:27:56] [SEVERE ] placing card 14 in slot 10
[2022-12-14 14:27:56] [SEVERE ] placing card 51 in slot 0
[2022-12-14 14:27:56] [SEVERE ] placing card 8 in slot 9
[2022-12-14 14:27:56] [SEVERE ] placing card 5 in slot 5
[2022-12-14 14:27:56] [SEVERE ] placing card 40 in slot 4
[2022-12-14 14:27:57] [SEVERE ] placing card 74 in slot 6
[2022-12-14 14:27:57] [SEVERE ] placing card 33 in slot 1
[2022-12-14 14:27:57] [SEVERE ] placing card 6 in slot 8
[2022-12-14 14:28:58] [SEVERE ] removing all tokens
[2022-12-14 14:28:58] [SEVERE ] removing tokens from slot 0
[2022-12-14 14:28:58] [SEVERE ] removing tokens from slot 1
[2022-12-14 14:28:58] [SEVERE ] removing tokens from slot 2
[2022-12-14 14:28:58] [SEVERE ] removing tokens from slot 3
[2022-12-14 14:28:58] [SEVERE ] removing tokens from slot 4
[2022-12-14 14:28:58] [SEVERE ] removing tokens from slot 5
[2022-12-14 14:28:58] [SEVERE ] removing tokens from slot 6
[2022-12-14 14:28:58] [SEVERE ] removing tokens from slot 7
[2022-12-14 14:28:58] [SEVERE ] removing tokens from slot 8
[2022-12-14 14:28:58] [SEVERE ] removing tokens from slot 9
[2022-12-14 14:28:58] [SEVERE ] removing tokens from slot 10
[2022-12-14 14:28:58] [SEVERE ] removing tokens from slot 11
[2022-12-14 14:28:58] [SEVERE ] removing player 0 token from slot 0
[2022-12-14 14:28:58] [SEVERE ] removing player 0 token from slot 1
[2022-12-14 14:28:58] [SEVERE ] removing player 0 token from slot 2
[2022-12-14 14:28:58] [SEVERE ] removing player 1 token from slot 0
[2022-12-14 14:28:58] [SEVERE ] removing player 1 token from slot 1
[2022-12-14 14:28:58] [SEVERE ] removing player 1 token from slot 2
[2022-12-14 14:28:58] [SEVERE ] removing card from slot 0
[2022-12-14 14:28:58] [SEVERE ] removing card from slot 1
[2022-12-14 14:28:58] [SEVERE ] removing card from slot 2
[2022-12-14 14:28:58] [SEVERE ] removing card from slot 3
[2022-12-14 14:28:58] [SEVERE ] removing card from slot 4
[2022-12-14 14:28:58] [SEVERE ] removing card from slot 5
[2022-12-14 14:28:59] [SEVERE ] removing card from slot 6
[2022-12-14 14:28:59] [SEVERE ] removing card from slot 7
[2022-12-14 14:28:59] [SEVERE ] removing card from slot 8
[2022-12-14 14:28:59] [SEVERE ] removing card from slot 9
[2022-12-14 14:28:59] [SEVERE ] removing card from slot 10
[2022-12-14 14:28:59] [SEVERE ] removing card from slot 11
[2022-12-14 14:28:59] [SEVERE ] placing card 64 in slot 6
[2022-12-14 14:28:59] [SEVERE ] placing card 20 in slot 2
[2022-12-14 14:28:59] [SEVERE ] placing card 12 in slot 11
[2022-12-14 14:28:59] [SEVERE ] placing card 22 in slot 9
[2022-12-14 14:29:00] [SEVERE ] placing card 14 in slot 8
[2022-12-14 14:29:00] [SEVERE ] placing card 44 in slot 4
[2022-12-14 14:29:00] [SEVERE ] placing card 18 in slot 7
[2022-12-14 14:29:00] [SEVERE ] placing card 62 in slot 1
[2022-12-14 14:29:00] [SEVERE ] placing card 58 in slot 10
[2022-12-14 14:29:00] [SEVERE ] placing card 10 in slot 5
[2022-12-14 14:29:00] [SEVERE ] placing card 51 in slot 3
[2022-12-14 14:29:00] [SEVERE ] placing card 34 in slot 0
[2022-12-14 14:30:01] [SEVERE ] removing all tokens
[2022-12-14 14:30:01] [SEVERE ] removing tokens from slot 0
[2022-12-14 14:30:01] [SEVERE ] removing tokens from slot 1
[2022-12-14 14:30:01] [SEVERE ] removing tokens from slot 2
[2022-12-14 14:30:01] [SEVERE ] removing tokens from slot 3
[2022-12-14 14:30:01] [SEVERE ] removing tokens from slot 4
[2022-12-14 14:30:01] [SEVERE ] removing tokens from slot 5
[2022-12-14 14:30:01] [SEVERE ] removing tokens from slot 6
[2022-12-14 14:30:01] [SEVERE ] removing tokens from slot 7
[2022-12-14 14:30:01] [SEVERE ] removing tokens from slot 8
[2022-12-14 14:30:01] [SEVERE ] removing tokens from slot 9
[2022-12-14 14:30:01] [SEVERE ] removing tokens from slot 10
[2022-12-14 14:30:01] [SEVERE ] removing tokens from slot 11
[2022-12-14 14:30:01] [SEVERE ] removing player 0 token from slot 0
[2022-12-14 14:30:01] [SEVERE ] removing player 0 token from slot 1
[2022-12-14 14:30:01] [SEVERE ] removing player 0 token from slot 2
[2022-12-14 14:30:01] [SEVERE ] removing player 1 token from slot 0
[2022-12-14 14:30:01] [SEVERE ] removing player 1 token from slot 1
[2022-12-14 14:30:01] [SEVERE ] removing player 1 token from slot 2
[2022-12-14 14:30:01] [SEVERE ] removing card from slot 0
[2022-12-14 14:30:01] [SEVERE ] removing card from slot 1
[2022-12-14 14:30:02] [SEVERE ] removing card from slot 2
[2022-12-14 14:30:02] [SEVERE ] removing card from slot 3
[2022-12-14 14:30:02] [SEVERE ] removing card from slot 4
[2022-12-14 14:30:02] [SEVERE ] removing card from slot 5
[2022-12-14 14:30:02] [SEVERE ] removing card from slot 6
[2022-12-14 14:30:02] [SEVERE ] removing card from slot 7
[2022-12-14 14:30:02] [SEVERE ] removing card from slot 8
[2022-12-14 14:30:02] [SEVERE ] removing card from slot 9
[2022-12-14 14:30:02] [SEVERE ] removing card from slot 10
[2022-12-14 14:30:02] [SEVERE ] removing card from slot 11
[2022-12-14 14:30:03] [SEVERE ] placing card 10 in slot 4
[2022-12-14 14:30:03] [SEVERE ] placing card 79 in slot 2
[2022-12-14 14:30:03] [SEVERE ] placing card 28 in slot 3
[2022-12-14 14:30:03] [SEVERE ] placing card 3 in slot 5
[2022-12-14 14:30:03] [SEVERE ] placing card 78 in slot 9
[2022-12-14 14:30:03] [SEVERE ] placing card 67 in slot 7
[2022-12-14 14:30:03] [SEVERE ] placing card 36 in slot 6
[2022-12-14 14:30:03] [SEVERE ] placing card 4 in slot 8
[2022-12-14 14:30:03] [SEVERE ] placing card 73 in slot 10
[2022-12-14 14:30:03] [SEVERE ] placing card 47 in slot 11
[2022-12-14 14:30:04] [SEVERE ] placing card 41 in slot 0
[2022-12-14 14:30:04] [SEVERE ] placing card 46 in slot 1
[2022-12-14 14:31:05] [SEVERE ] removing all tokens
[2022-12-14 14:31:05] [SEVERE ] removing tokens from slot 0
[2022-12-14 14:31:05] [SEVERE ] removing tokens from slot 1
[2022-12-14 14:31:05] [SEVERE ] removing tokens from slot 2
[2022-12-14 14:31:05] [SEVERE ] removing tokens from slot 3
[2022-12-14 14:31:05] [SEVERE ] removing tokens from slot 4
[2022-12-14 14:31:05] [SEVERE ] removing tokens from slot 5
[2022-12-14 14:31:05] [SEVERE ] removing tokens from slot 6
[2022-12-14 14:31:05] [SEVERE ] removing tokens from slot 7
[2022-12-14 14:31:05] [SEVERE ] removing tokens from slot 8
[2022-12-14 14:31:05] [SEVERE ] removing tokens from slot 9
[2022-12-14 14:31:05] [SEVERE ] removing tokens from slot 10
[2022-12-14 14:31:05] [SEVERE ] removing tokens from slot 11
[2022-12-14 14:31:05] [SEVERE ] removing player 0 token from slot 0
[2022-12-14 14:31:05] [SEVERE ] removing player 0 token from slot 1
[2022-12-14 14:31:05] [SEVERE ] removing player 0 token from slot 2
[2022-12-14 14:31:05] [SEVERE ] removing player 1 token from slot 0
[2022-12-14 14:31:05] [SEVERE ] removing player 1 token from slot 1
[2022-12-14 14:31:05] [SEVERE ] removing player 1 token from slot 2
[2022-12-14 14:31:05] [SEVERE ] removing card from slot 0
[2022-12-14 14:31:05] [SEVERE ] removing card from slot 1
[2022-12-14 14:31:05] [SEVERE ] removing card from slot 2
[2022-12-14 14:31:05] [SEVERE ] removing card from slot 3
[2022-12-14 14:31:05] [SEVERE ] removing card from slot 4
[2022-12-14 14:31:05] [SEVERE ] removing card from slot 5
[2022-12-14 14:31:05] [SEVERE ] removing card from slot 6
[2022-12-14 14:31:05] [SEVERE ] removing card from slot 7
[2022-12-14 14:31:06] [SEVERE ] removing card from slot 8
[2022-12-14 14:31:06] [SEVERE ] removing card from slot 9
[2022-12-14 14:31:06] [SEVERE ] removing card from slot 10
[2022-12-14 14:31:06] [SEVERE ] removing card from slot 11
[2022-12-14 14:31:06] [SEVERE ] placing card 60 in slot 11
[2022-12-14 14:31:06] [SEVERE ] placing card 51 in slot 9
[2022-12-14 14:31:06] [SEVERE ] placing card 80 in slot 1
[2022-12-14 14:31:06] [SEVERE ] placing card 39 in slot 4
[2022-12-14 14:31:06] [SEVERE ] placing card 79 in slot 2
[2022-12-14 14:31:06] [SEVERE ] placing card 53 in slot 5
[2022-12-14 14:31:07] [SEVERE ] placing card 50 in slot 0
[2022-12-14 14:31:07] [SEVERE ] placing card 57 in slot 7
[2022-12-14 14:31:07] [SEVERE ] placing card 18 in slot 8
[2022-12-14 14:31:07] [SEVERE ] placing card 12 in slot 3
[2022-12-14 14:31:07] [SEVERE ] placing card 77 in slot 10
[2022-12-14 14:31:07] [SEVERE ] placing card 49 in slot 6
[2022-12-14 14:32:08] [SEVERE ] removing all tokens
[2022-12-14 14:32:08] [SEVERE ] removing tokens from slot 0
[2022-12-14 14:32:08] [SEVERE ] removing tokens from slot 1
[2022-12-14 14:32:08] [SEVERE ] removing tokens from slot 2
[2022-12-14 14:32:08] [SEVERE ] removing tokens from slot 3
[2022-12-14 14:32:08] [SEVERE ] removing tokens from slot 4
[2022-12-14 14:32:08] [SEVERE ] removing tokens from slot 5
[2022-12-14 14:32:08] [SEVERE ] removing tokens from slot 6
[2022-12-14 14:32:08] [SEVERE ] removing tokens from slot 7
[2022-12-14 14:32:08] [SEVERE ] removing tokens from slot 8
[2022-12-14 14:32:08] [SEVERE ] removing tokens from slot 9
[2022-12-14 14:32:08] [SEVERE ] removing tokens from slot 10
[2022-12-14 14:32:08] [SEVERE ] removing tokens from slot 11
[2022-12-14 14:32:08] [SEVERE ] removing player 0 token from slot 0
[2022-12-14 14:32:08] [SEVERE ] removing player 0 token from slot 1
[2022-12-14 14:32:08] [SEVERE ] removing player 0 token from slot 2
[2022-12-14 14:32:08] [SEVERE ] removing player 1 token from slot 0
[2022-12-14 14:32:08] [SEVERE ] removing player 1 token from slot 1
[2022-12-14 14:32:08] [SEVERE ] removing player 1 token from slot 2
[2022-12-14 14:32:08] [SEVERE ] removing card from slot 0
[2022-12-14 14:32:08] [SEVERE ] removing card from slot 1
[2022-12-14 14:32:08] [SEVERE ] removing card from slot 2
[2022-12-14 14:32:08] [SEVERE ] removing card from slot 3
[2022-12-14 14:32:09] [SEVERE ] removing card from slot 4
[2022-12-14 14:32:09] [SEVERE ] removing card from slot 5
[2022-12-14 14:32:09] [SEVERE ] removing card from slot 6
[2022-12-14 14:32:09] [SEVERE ] removing card from slot 7
[2022-12-14 14:32:09] [SEVERE ] removing card from slot 8
[2022-12-14 14:32:09] [SEVERE ] removing card from slot 9
[2022-12-14 14:32:09] [SEVERE ] removing card from slot 10
[2022-12-14 14:32:09] [SEVERE ] removing card from slot 11
[2022-12-14 14:32:09] [SEVERE ] placing card 9 in slot 1
[2022-12-14 14:32:09] [SEVERE ] placing card 75 in slot 2
[2022-12-14 14:32:10] [SEVERE ] placing card 51 in slot 11
[2022-12-14 14:32:10] [SEVERE ] placing card 74 in slot 8
[2022-12-14 14:32:10] [SEVERE ] placing card 29 in slot 4
[2022-12-14 14:32:10] [SEVERE ] placing card 26 in slot 10
[2022-12-14 14:32:10] [SEVERE ] placing card 50 in slot 9
[2022-12-14 14:32:10] [SEVERE ] placing card 33 in slot 5
[2022-12-14 14:32:10] [SEVERE ] placing card 42 in slot 3
[2022-12-14 14:32:10] [SEVERE ] placing card 18 in slot 0
[2022-12-14 14:32:10] [SEVERE ] placing card 55 in slot 7
[2022-12-14 14:32:10] [SEVERE ] placing card 3 in slot 6
[2022-12-14 14:33:11] [SEVERE ] removing all tokens
[2022-12-14 14:33:11] [SEVERE ] removing tokens from slot 0
[2022-12-14 14:33:11] [SEVERE ] removing tokens from slot 1
[2022-12-14 14:33:11] [SEVERE ] removing tokens from slot 2
[2022-12-14 14:33:11] [SEVERE ] removing tokens from slot 3
[2022-12-14 14:33:11] [SEVERE ] removing tokens from slot 4
[2022-12-14 14:33:11] [SEVERE ] removing tokens from slot 5
[2022-12-14 14:33:11] [SEVERE ] removing tokens from slot 6
[2022-12-14 14:33:11] [SEVERE ] removing tokens from slot 7
[2022-12-14 14:33:11] [SEVERE ] removing tokens from slot 8
[2022-12-14 14:33:11] [SEVERE ] removing tokens from slot 9
[2022-12-14 14:33:11] [SEVERE ] removing tokens from slot 10
[2022-12-14 14:33:11] [SEVERE ] removing tokens from slot 11
[2022-12-14 14:33:11] [SEVERE ] removing player 0 token from slot 0
[2022-12-14 14:33:11] [SEVERE ] removing player 0 token from slot 1
[2022-12-14 14:33:11] [SEVERE ] removing player 0 token from slot 2
[2022-12-14 14:33:11] [SEVERE ] removing player 1 token from slot 0
[2022-12-14 14:33:11] [SEVERE ] removing player 1 token from slot 1
[2022-12-14 14:33:11] [SEVERE ] removing player 1 token from slot 2
[2022-12-14 14:33:12] [SEVERE ] removing card from slot 0
[2022-12-14 14:33:12] [SEVERE ] removing card from slot 1
[2022-12-14 14:33:12] [SEVERE ] removing card from slot 2
[2022-12-14 14:33:12] [SEVERE ] removing card from slot 3
[2022-12-14 14:33:12] [SEVERE ] removing card from slot 4
[2022-12-14 14:33:12] [SEVERE ] removing card from slot 5
[2022-12-14 14:33:12] [SEVERE ] removing card from slot 6
[2022-12-14 14:33:12] [SEVERE ] removing card from slot 7
[2022-12-14 14:33:12] [SEVERE ] removing card from slot 8
[2022-12-14 14:33:12] [SEVERE ] removing card from slot 9
[2022-12-14 14:33:13] [SEVERE ] removing card from slot 10
[2022-12-14 14:33:13] [SEVERE ] removing card from slot 11
[2022-12-14 14:33:13] [SEVERE ] placing card 70 in slot 5
[2022-12-14 14:33:13] [SEVERE ] placing card 17 in slot 4
[2022-12-14 14:33:13] [SEVERE ] placing card 13 in slot 7
[2022-12-14 14:33:13] [SEVERE ] placing card 8 in slot 11
[2022-12-14 14:33:13] [SEVERE ] placing card 49 in slot 8
[2022-12-14 14:33:13] [SEVERE ] placing card 6 in slot 3
[2022-12-14 14:33:13] [SEVERE ] placing card 4 in slot 10
[2022-12-14 14:33:13] [SEVERE ] placing card 34 in slot 6
[2022-12-14 14:33:14] [SEVERE ] placing card 12 in slot 2
[2022-12-14 14:33:14] [SEVERE ] placing card 23 in slot 1
[2022-12-14 14:33:14] [SEVERE ] placing card 3 in slot 9
[2022-12-14 14:33:14] [SEVERE ] placing card 53 in slot 0
