[2022-12-13 14:20:37] [INFO   ] cannot read configuration file config.properties trying from resources.
[2022-12-13 14:20:37] [INFO   ] configuration file was loaded from resources directory.
[2022-12-13 14:20:38] [INFO   ] Thread dealer starting.
[2022-12-13 14:20:38] [INFO   ] Thread player0starting.
[2022-12-13 14:20:38] [INFO   ] Thread player1starting.
[2022-12-13 14:20:38] [SEVERE ] placing card 53 in slot 9
[2022-12-13 14:20:38] [SEVERE ] placing card 16 in slot 3
[2022-12-13 14:20:38] [SEVERE ] placing card 39 in slot 5
[2022-12-13 14:20:38] [SEVERE ] placing card 10 in slot 8
[2022-12-13 14:20:38] [SEVERE ] placing card 29 in slot 10
[2022-12-13 14:20:38] [SEVERE ] placing card 72 in slot 1
[2022-12-13 14:20:38] [SEVERE ] placing card 8 in slot 7
[2022-12-13 14:20:39] [SEVERE ] placing card 77 in slot 0
[2022-12-13 14:20:39] [SEVERE ] placing card 68 in slot 11
[2022-12-13 14:20:39] [SEVERE ] placing card 27 in slot 6
[2022-12-13 14:20:39] [SEVERE ] placing card 25 in slot 2
[2022-12-13 14:20:39] [SEVERE ] placing card 0 in slot 4
[2022-12-13 14:21:14] [SEVERE ] Key 81 was pressed by player 0
[2022-12-13 14:21:14] [SEVERE ] player 0 placing token on slot 0
[2022-12-13 14:21:16] [SEVERE ] Key 81 was pressed by player 0
[2022-12-13 14:21:16] [SEVERE ] removing player 0 token from slot 0
[2022-12-13 14:21:18] [SEVERE ] Key 90 was pressed by player 0
[2022-12-13 14:21:18] [SEVERE ] player 0 placing token on slot 8
[2022-12-13 14:21:21] [SEVERE ] Key 67 was pressed by player 0
[2022-12-13 14:21:21] [SEVERE ] player 0 placing token on slot 10
[2022-12-13 14:21:24] [SEVERE ] Key 77 was pressed by player 1
[2022-12-13 14:21:24] [SEVERE ] player 1 placing token on slot 8
[2022-12-13 14:21:26] [SEVERE ] Key 46 was pressed by player 1
[2022-12-13 14:21:26] [SEVERE ] player 1 placing token on slot 10
[2022-12-13 14:21:31] [SEVERE ] Key 87 was pressed by player 0
[2022-12-13 14:21:31] [SEVERE ] player 0 placing token on slot 1
[2022-12-13 14:21:31] [SEVERE ] setting player 0 score to 1
[2022-12-13 14:21:31] [SEVERE ] setting player 0 freeze to 1000
[2022-12-13 14:21:32] [SEVERE ] setting player 0 freeze to 0
[2022-12-13 14:21:32] [SEVERE ] removing player 0 token from slot 8
[2022-12-13 14:21:32] [INFO   ] Thread main terminated.
