[2022-12-13 13:42:31] [INFO   ] cannot read configuration file config.properties trying from resources.
[2022-12-13 13:42:31] [INFO   ] configuration file was loaded from resources directory.
[2022-12-13 13:42:32] [INFO   ] Thread dealer starting.
[2022-12-13 13:42:32] [INFO   ] Thread player0starting.
[2022-12-13 13:42:32] [INFO   ] Thread player1starting.
[2022-12-13 13:42:32] [SEVERE ] placing card 61 in slot 7
[2022-12-13 13:42:32] [SEVERE ] placing card 8 in slot 5
[2022-12-13 13:42:32] [SEVERE ] placing card 59 in slot 6
[2022-12-13 13:42:32] [SEVERE ] placing card 74 in slot 11
[2022-12-13 13:42:32] [SEVERE ] placing card 71 in slot 1
[2022-12-13 13:42:32] [SEVERE ] placing card 33 in slot 2
[2022-12-13 13:42:32] [SEVERE ] placing card 53 in slot 9
[2022-12-13 13:42:33] [SEVERE ] placing card 27 in slot 4
[2022-12-13 13:42:33] [SEVERE ] placing card 38 in slot 10
[2022-12-13 13:42:33] [SEVERE ] placing card 48 in slot 0
[2022-12-13 13:42:33] [SEVERE ] placing card 14 in slot 8
[2022-12-13 13:42:33] [SEVERE ] placing card 20 in slot 3
[2022-12-13 13:42:35] [SEVERE ] Key 90 was pressed by player 0
[2022-12-13 13:42:35] [SEVERE ] player 0 placing token on slot 8
[2022-12-13 13:42:35] [SEVERE ] Key 88 was pressed by player 0
[2022-12-13 13:42:35] [SEVERE ] player 0 placing token on slot 9
[2022-12-13 13:42:35] [SEVERE ] Key 67 was pressed by player 0
[2022-12-13 13:42:35] [SEVERE ] player 0 placing token on slot 10
[2022-12-13 13:42:36] [SEVERE ] Key 67 was pressed by player 0
