[2022-12-14 12:30:56] [INFO   ] cannot read configuration file config.properties trying from resources.
[2022-12-14 12:30:56] [INFO   ] configuration file was loaded from resources directory.
[2022-12-14 12:30:56] [INFO   ] Thread dealer starting.
[2022-12-14 12:30:56] [INFO   ] Thread player0starting.
[2022-12-14 12:30:56] [INFO   ] Thread player1starting.
[2022-12-14 12:30:56] [SEVERE ] placing card 36 in slot 8
[2022-12-14 12:30:56] [SEVERE ] placing card 45 in slot 1
[2022-12-14 12:30:56] [SEVERE ] placing card 12 in slot 9
[2022-12-14 12:30:56] [SEVERE ] placing card 1 in slot 3
[2022-12-14 12:30:57] [SEVERE ] placing card 9 in slot 2
[2022-12-14 12:30:57] [SEVERE ] placing card 48 in slot 11
[2022-12-14 12:30:57] [SEVERE ] placing card 42 in slot 4
[2022-12-14 12:30:57] [SEVERE ] placing card 5 in slot 7
[2022-12-14 12:30:57] [SEVERE ] placing card 22 in slot 0
[2022-12-14 12:30:57] [SEVERE ] placing card 43 in slot 6
[2022-12-14 12:30:57] [SEVERE ] placing card 70 in slot 5
[2022-12-14 12:30:57] [SEVERE ] placing card 46 in slot 10
[2022-12-14 12:30:58] [SEVERE ] Key 90 was pressed by player 0
[2022-12-14 12:30:58] [SEVERE ] player 0 placing token on slot 8
[2022-12-14 12:30:59] [SEVERE ] Key 88 was pressed by player 0
[2022-12-14 12:30:59] [SEVERE ] player 0 placing token on slot 9
[2022-12-14 12:31:00] [SEVERE ] Key 67 was pressed by player 0
[2022-12-14 12:31:00] [SEVERE ] player 0 placing token on slot 10
[2022-12-14 12:31:30] [SEVERE ] setting player 0 freeze to 3000
[2022-12-14 12:31:30] [SEVERE ] setting player 0 freeze to 2000
[2022-12-14 12:31:30] [SEVERE ] setting player 0 freeze to 1000
[2022-12-14 12:31:30] [SEVERE ] setting player 0 freeze to 0
