[2022-12-14 13:56:08] [INFO   ] cannot read configuration file config.properties trying from resources.
[2022-12-14 13:56:08] [INFO   ] configuration file was loaded from resources directory.
[2022-12-14 13:56:08] [INFO   ] Thread dealer starting.
[2022-12-14 13:56:08] [INFO   ] Thread player0starting.
[2022-12-14 13:56:08] [INFO   ] Thread player1starting.
[2022-12-14 13:56:09] [SEVERE ] placing card 2 in slot 5
[2022-12-14 13:56:09] [SEVERE ] placing card 41 in slot 8
[2022-12-14 13:56:09] [SEVERE ] placing card 47 in slot 0
[2022-12-14 13:56:09] [SEVERE ] placing card 71 in slot 7
[2022-12-14 13:56:09] [SEVERE ] placing card 14 in slot 9
[2022-12-14 13:56:09] [SEVERE ] placing card 7 in slot 11
[2022-12-14 13:56:09] [SEVERE ] placing card 30 in slot 3
[2022-12-14 13:56:09] [SEVERE ] placing card 4 in slot 4
[2022-12-14 13:56:09] [SEVERE ] placing card 51 in slot 1
[2022-12-14 13:56:09] [SEVERE ] placing card 29 in slot 10
[2022-12-14 13:56:10] [SEVERE ] placing card 38 in slot 2
[2022-12-14 13:56:10] [SEVERE ] placing card 22 in slot 6
[2022-12-14 13:56:17] [SEVERE ] Key 90 was pressed by player 0
[2022-12-14 13:56:17] [SEVERE ] player 0 placing token on slot 8
[2022-12-14 13:56:17] [SEVERE ] Key 88 was pressed by player 0
[2022-12-14 13:56:17] [SEVERE ] player 0 placing token on slot 9
[2022-12-14 13:56:17] [SEVERE ] Key 67 was pressed by player 0
[2022-12-14 13:56:17] [SEVERE ] player 0 placing token on slot 10
[2022-12-14 13:56:17] [SEVERE ] setting player 0 freeze to 3000
[2022-12-14 13:56:17] [SEVERE ] Key 67 was pressed by player 0
[2022-12-14 13:56:17] [SEVERE ] Key 67 was pressed by player 0
[2022-12-14 13:56:17] [SEVERE ] Key 67 was pressed by player 0
[2022-12-14 13:56:18] [SEVERE ] Key 67 was pressed by player 0
[2022-12-14 13:56:18] [SEVERE ] setting player 0 freeze to 2000
[2022-12-14 13:56:18] [SEVERE ] Key 67 was pressed by player 0
[2022-12-14 13:56:18] [SEVERE ] Key 67 was pressed by player 0
[2022-12-14 13:56:18] [SEVERE ] Key 67 was pressed by player 0
[2022-12-14 13:56:18] [SEVERE ] Key 67 was pressed by player 0
[2022-12-14 13:56:18] [SEVERE ] Key 67 was pressed by player 0
[2022-12-14 13:56:19] [SEVERE ] Key 67 was pressed by player 0
[2022-12-14 13:56:19] [SEVERE ] Key 67 was pressed by player 0
[2022-12-14 13:56:19] [SEVERE ] setting player 0 freeze to 1000
[2022-12-14 13:56:19] [SEVERE ] Key 67 was pressed by player 0
[2022-12-14 13:56:19] [SEVERE ] Key 88 was pressed by player 0
[2022-12-14 13:56:19] [SEVERE ] Key 90 was pressed by player 0
[2022-12-14 13:56:19] [SEVERE ] Key 67 was pressed by player 0
[2022-12-14 13:56:20] [SEVERE ] Key 86 was pressed by player 0
[2022-12-14 13:56:20] [SEVERE ] setting player 0 freeze to 0
[2022-12-14 13:56:22] [SEVERE ] Key 67 was pressed by player 0
[2022-12-14 13:56:22] [SEVERE ] removing player 0 token from slot 10
[2022-12-14 13:56:22] [SEVERE ] Key 44 was pressed by player 1
[2022-12-14 13:56:22] [SEVERE ] player 1 placing token on slot 9
[2022-12-14 13:56:23] [SEVERE ] Key 59 was pressed by player 1
[2022-12-14 13:56:23] [SEVERE ] player 1 placing token on slot 7
[2022-12-14 13:56:24] [SEVERE ] Key 76 was pressed by player 1
[2022-12-14 13:56:24] [SEVERE ] player 1 placing token on slot 6
[2022-12-14 13:56:24] [SEVERE ] setting player 1 freeze to 3000
[2022-12-14 13:56:25] [SEVERE ] Key 88 was pressed by player 0
[2022-12-14 13:56:25] [SEVERE ] removing player 0 token from slot 9
[2022-12-14 13:56:25] [SEVERE ] Key 90 was pressed by player 0
[2022-12-14 13:56:25] [SEVERE ] removing player 0 token from slot 8
[2022-12-14 13:56:25] [SEVERE ] setting player 1 freeze to 2000
[2022-12-14 13:56:25] [SEVERE ] Key 90 was pressed by player 0
[2022-12-14 13:56:25] [SEVERE ] player 0 placing token on slot 8
[2022-12-14 13:56:26] [SEVERE ] Key 65 was pressed by player 0
[2022-12-14 13:56:26] [SEVERE ] player 0 placing token on slot 4
[2022-12-14 13:56:26] [SEVERE ] setting player 1 freeze to 1000
[2022-12-14 13:56:26] [SEVERE ] Key 67 was pressed by player 0
[2022-12-14 13:56:26] [SEVERE ] player 0 placing token on slot 10
[2022-12-14 13:56:26] [SEVERE ] setting player 0 freeze to 3000
[2022-12-14 13:56:27] [SEVERE ] setting player 1 freeze to 0
[2022-12-14 13:56:27] [SEVERE ] setting player 0 freeze to 2000
[2022-12-14 13:56:28] [SEVERE ] Key 76 was pressed by player 1
[2022-12-14 13:56:28] [SEVERE ] removing player 1 token from slot 6
[2022-12-14 13:56:28] [SEVERE ] Key 76 was pressed by player 1
[2022-12-14 13:56:28] [SEVERE ] player 1 placing token on slot 6
[2022-12-14 13:56:28] [SEVERE ] setting player 1 freeze to 3000
[2022-12-14 13:56:28] [SEVERE ] setting player 0 freeze to 1000
[2022-12-14 13:56:29] [SEVERE ] setting player 1 freeze to 2000
[2022-12-14 13:56:29] [SEVERE ] setting player 0 freeze to 0
[2022-12-14 13:56:30] [SEVERE ] setting player 1 freeze to 1000
[2022-12-14 13:56:31] [SEVERE ] setting player 1 freeze to 0
[2022-12-14 13:57:11] [SEVERE ] removing all tokens
[2022-12-14 13:57:11] [SEVERE ] removing tokens from slot 0
[2022-12-14 13:57:11] [SEVERE ] removing tokens from slot 1
[2022-12-14 13:57:11] [SEVERE ] removing tokens from slot 2
[2022-12-14 13:57:11] [SEVERE ] removing tokens from slot 3
[2022-12-14 13:57:11] [SEVERE ] removing tokens from slot 4
[2022-12-14 13:57:11] [SEVERE ] removing tokens from slot 5
[2022-12-14 13:57:11] [SEVERE ] removing tokens from slot 6
[2022-12-14 13:57:11] [SEVERE ] removing tokens from slot 7
[2022-12-14 13:57:11] [SEVERE ] removing tokens from slot 8
[2022-12-14 13:57:11] [SEVERE ] removing tokens from slot 9
[2022-12-14 13:57:11] [SEVERE ] removing tokens from slot 10
[2022-12-14 13:57:11] [SEVERE ] removing tokens from slot 11
[2022-12-14 13:57:11] [SEVERE ] removing player 0 token from slot 0
[2022-12-14 13:57:11] [SEVERE ] removing player 0 token from slot 1
[2022-12-14 13:57:11] [SEVERE ] removing player 0 token from slot 2
[2022-12-14 13:57:11] [SEVERE ] removing player 1 token from slot 0
[2022-12-14 13:57:11] [SEVERE ] removing player 1 token from slot 1
[2022-12-14 13:57:11] [SEVERE ] removing player 1 token from slot 2
[2022-12-14 13:57:11] [SEVERE ] removing card from slot 0
[2022-12-14 13:57:11] [SEVERE ] removing card from slot 1
[2022-12-14 13:57:11] [SEVERE ] removing card from slot 2
[2022-12-14 13:57:11] [SEVERE ] removing card from slot 3
[2022-12-14 13:57:11] [SEVERE ] removing card from slot 4
[2022-12-14 13:57:11] [SEVERE ] removing card from slot 5
[2022-12-14 13:57:11] [SEVERE ] removing card from slot 6
[2022-12-14 13:57:11] [SEVERE ] removing card from slot 7
[2022-12-14 13:57:12] [SEVERE ] removing card from slot 8
[2022-12-14 13:57:12] [SEVERE ] removing card from slot 9
[2022-12-14 13:57:12] [SEVERE ] removing card from slot 10
[2022-12-14 13:57:12] [SEVERE ] removing card from slot 11
[2022-12-14 13:57:12] [SEVERE ] placing card 41 in slot 5
[2022-12-14 13:57:12] [SEVERE ] placing card 42 in slot 8
[2022-12-14 13:57:12] [SEVERE ] placing card 54 in slot 2
[2022-12-14 13:57:12] [SEVERE ] placing card 52 in slot 3
[2022-12-14 13:57:12] [SEVERE ] placing card 58 in slot 9
[2022-12-14 13:57:12] [SEVERE ] placing card 64 in slot 0
[2022-12-14 13:57:13] [SEVERE ] placing card 53 in slot 6
[2022-12-14 13:57:13] [SEVERE ] placing card 38 in slot 10
[2022-12-14 13:57:13] [SEVERE ] placing card 6 in slot 7
[2022-12-14 13:57:13] [SEVERE ] placing card 70 in slot 4
[2022-12-14 13:57:13] [SEVERE ] placing card 14 in slot 1
[2022-12-14 13:57:13] [SEVERE ] placing card 73 in slot 11
[2022-12-14 13:58:14] [SEVERE ] removing all tokens
[2022-12-14 13:58:14] [SEVERE ] removing tokens from slot 0
[2022-12-14 13:58:14] [SEVERE ] removing tokens from slot 1
[2022-12-14 13:58:14] [SEVERE ] removing tokens from slot 2
[2022-12-14 13:58:14] [SEVERE ] removing tokens from slot 3
[2022-12-14 13:58:14] [SEVERE ] removing tokens from slot 4
[2022-12-14 13:58:14] [SEVERE ] removing tokens from slot 5
[2022-12-14 13:58:14] [SEVERE ] removing tokens from slot 6
[2022-12-14 13:58:14] [SEVERE ] removing tokens from slot 7
[2022-12-14 13:58:14] [SEVERE ] removing tokens from slot 8
[2022-12-14 13:58:14] [SEVERE ] removing tokens from slot 9
[2022-12-14 13:58:14] [SEVERE ] removing tokens from slot 10
[2022-12-14 13:58:14] [SEVERE ] removing tokens from slot 11
[2022-12-14 13:58:14] [SEVERE ] removing player 0 token from slot 0
[2022-12-14 13:58:14] [SEVERE ] removing player 0 token from slot 1
[2022-12-14 13:58:14] [SEVERE ] removing player 0 token from slot 2
[2022-12-14 13:58:14] [SEVERE ] removing player 1 token from slot 0
[2022-12-14 13:58:14] [SEVERE ] removing player 1 token from slot 1
[2022-12-14 13:58:14] [SEVERE ] removing player 1 token from slot 2
[2022-12-14 13:58:14] [SEVERE ] removing card from slot 0
[2022-12-14 13:58:14] [SEVERE ] removing card from slot 1
[2022-12-14 13:58:14] [SEVERE ] removing card from slot 2
[2022-12-14 13:58:14] [SEVERE ] removing card from slot 3
[2022-12-14 13:58:15] [SEVERE ] removing card from slot 4
[2022-12-14 13:58:15] [SEVERE ] removing card from slot 5
[2022-12-14 13:58:15] [SEVERE ] removing card from slot 6
[2022-12-14 13:58:15] [SEVERE ] removing card from slot 7
[2022-12-14 13:58:15] [SEVERE ] removing card from slot 8
[2022-12-14 13:58:15] [SEVERE ] removing card from slot 9
[2022-12-14 13:58:15] [SEVERE ] removing card from slot 10
[2022-12-14 13:58:15] [SEVERE ] removing card from slot 11
[2022-12-14 13:58:15] [SEVERE ] placing card 23 in slot 9
[2022-12-14 13:58:15] [SEVERE ] placing card 52 in slot 6
[2022-12-14 13:58:16] [SEVERE ] placing card 34 in slot 3
[2022-12-14 13:58:16] [SEVERE ] placing card 21 in slot 1
[2022-12-14 13:58:16] [SEVERE ] placing card 19 in slot 11
[2022-12-14 13:58:16] [SEVERE ] placing card 73 in slot 4
[2022-12-14 13:58:16] [SEVERE ] placing card 36 in slot 0
[2022-12-14 13:58:16] [SEVERE ] placing card 79 in slot 2
[2022-12-14 13:58:16] [SEVERE ] placing card 53 in slot 7
[2022-12-14 13:58:16] [SEVERE ] placing card 26 in slot 8
[2022-12-14 13:58:16] [SEVERE ] placing card 72 in slot 10
[2022-12-14 13:58:16] [SEVERE ] placing card 7 in slot 5
