[2022-12-13 16:42:49] [INFO   ] cannot read configuration file config.properties trying from resources.
[2022-12-13 16:42:50] [INFO   ] configuration file was loaded from resources directory.
[2022-12-13 16:42:50] [INFO   ] Thread dealer starting.
[2022-12-13 16:42:50] [INFO   ] Thread player0starting.
[2022-12-13 16:42:50] [INFO   ] Thread player1starting.
[2022-12-13 16:42:50] [SEVERE ] placing card 36 in slot 1
[2022-12-13 16:42:50] [SEVERE ] placing card 79 in slot 4
[2022-12-13 16:42:50] [SEVERE ] placing card 9 in slot 10
[2022-12-13 16:42:50] [SEVERE ] placing card 16 in slot 8
[2022-12-13 16:42:51] [SEVERE ] placing card 34 in slot 6
[2022-12-13 16:42:51] [SEVERE ] placing card 80 in slot 3
[2022-12-13 16:42:51] [SEVERE ] placing card 20 in slot 7
[2022-12-13 16:42:51] [SEVERE ] placing card 28 in slot 5
[2022-12-13 16:42:51] [SEVERE ] placing card 8 in slot 9
[2022-12-13 16:42:51] [SEVERE ] placing card 21 in slot 11
[2022-12-13 16:42:51] [SEVERE ] placing card 11 in slot 0
[2022-12-13 16:42:51] [SEVERE ] placing card 77 in slot 2
[2022-12-13 16:43:51] [SEVERE ] removing all tokens
[2022-12-13 16:43:51] [SEVERE ] removing tokens from slot 0
[2022-12-13 16:43:51] [SEVERE ] removing tokens from slot 1
[2022-12-13 16:43:51] [SEVERE ] removing tokens from slot 2
[2022-12-13 16:43:51] [SEVERE ] removing tokens from slot 3
[2022-12-13 16:43:51] [SEVERE ] removing tokens from slot 4
[2022-12-13 16:43:51] [SEVERE ] removing tokens from slot 5
[2022-12-13 16:43:51] [SEVERE ] removing tokens from slot 6
[2022-12-13 16:43:51] [SEVERE ] removing tokens from slot 7
[2022-12-13 16:43:51] [SEVERE ] removing tokens from slot 8
[2022-12-13 16:43:51] [SEVERE ] removing tokens from slot 9
[2022-12-13 16:43:51] [SEVERE ] removing tokens from slot 10
[2022-12-13 16:43:51] [SEVERE ] removing tokens from slot 11
[2022-12-13 16:43:51] [SEVERE ] removing player 0 token from slot 0
[2022-12-13 16:43:51] [SEVERE ] removing player 0 token from slot 1
[2022-12-13 16:43:51] [SEVERE ] removing player 0 token from slot 2
[2022-12-13 16:43:51] [SEVERE ] removing player 1 token from slot 0
[2022-12-13 16:43:51] [SEVERE ] removing player 1 token from slot 1
[2022-12-13 16:43:51] [SEVERE ] removing player 1 token from slot 2
[2022-12-13 16:43:51] [SEVERE ] removing card from slot 0
[2022-12-13 16:43:51] [SEVERE ] removing card from slot 1
[2022-12-13 16:43:52] [SEVERE ] removing card from slot 2
[2022-12-13 16:43:52] [SEVERE ] removing card from slot 3
[2022-12-13 16:43:52] [SEVERE ] removing card from slot 4
[2022-12-13 16:43:52] [SEVERE ] removing card from slot 5
[2022-12-13 16:43:52] [SEVERE ] removing card from slot 6
[2022-12-13 16:43:52] [SEVERE ] removing card from slot 7
[2022-12-13 16:43:52] [SEVERE ] removing card from slot 8
[2022-12-13 16:43:52] [SEVERE ] removing card from slot 9
[2022-12-13 16:43:52] [SEVERE ] removing card from slot 10
[2022-12-13 16:43:52] [SEVERE ] removing card from slot 11
[2022-12-13 16:43:53] [SEVERE ] placing card 65 in slot 9
[2022-12-13 16:43:53] [SEVERE ] placing card 56 in slot 6
[2022-12-13 16:43:53] [SEVERE ] placing card 21 in slot 3
[2022-12-13 16:43:53] [SEVERE ] placing card 71 in slot 11
[2022-12-13 16:43:53] [SEVERE ] placing card 26 in slot 10
[2022-12-13 16:43:53] [SEVERE ] placing card 30 in slot 8
[2022-12-13 16:43:53] [SEVERE ] placing card 31 in slot 2
[2022-12-13 16:43:53] [SEVERE ] placing card 0 in slot 1
[2022-12-13 16:43:53] [SEVERE ] placing card 13 in slot 5
[2022-12-13 16:43:53] [SEVERE ] placing card 22 in slot 0
[2022-12-13 16:43:54] [SEVERE ] placing card 73 in slot 4
[2022-12-13 16:43:54] [SEVERE ] placing card 5 in slot 7
[2022-12-13 16:44:05] [SEVERE ] Key 68 was pressed by player 0
[2022-12-13 16:44:05] [SEVERE ] player 0 placing token on slot 6
[2022-12-13 16:44:06] [SEVERE ] Key 68 was pressed by player 0
[2022-12-13 16:44:06] [SEVERE ] removing player 0 token from slot 6
[2022-12-13 16:44:07] [SEVERE ] Key 67 was pressed by player 0
[2022-12-13 16:44:07] [SEVERE ] player 0 placing token on slot 10
[2022-12-13 16:44:08] [SEVERE ] Key 83 was pressed by player 0
[2022-12-13 16:44:08] [SEVERE ] player 0 placing token on slot 5
[2022-12-13 16:44:12] [SEVERE ] Key 85 was pressed by player 1
[2022-12-13 16:44:12] [SEVERE ] player 1 placing token on slot 0
[2022-12-13 16:44:12] [SEVERE ] Key 85 was pressed by player 1
[2022-12-13 16:44:12] [SEVERE ] removing player 1 token from slot 0
[2022-12-13 16:44:13] [SEVERE ] Key 73 was pressed by player 1
[2022-12-13 16:44:13] [SEVERE ] player 1 placing token on slot 1
[2022-12-13 16:44:13] [SEVERE ] Key 87 was pressed by player 0
[2022-12-13 16:44:13] [SEVERE ] player 0 placing token on slot 1
[2022-12-13 16:44:13] [SEVERE ] setting player 0 score to 1
[2022-12-13 16:44:13] [SEVERE ] setting player 0 freeze to 1000
[2022-12-13 16:44:14] [SEVERE ] setting player 0 freeze to 0
[2022-12-13 16:44:14] [SEVERE ] removing player 0 token from slot 10
[2022-12-13 16:44:14] [SEVERE ] removing card from slot 10
[2022-12-13 16:44:14] [SEVERE ] removing player 0 token from slot 5
[2022-12-13 16:44:15] [SEVERE ] removing card from slot 5
[2022-12-13 16:44:15] [SEVERE ] removing player 0 token from slot 1
[2022-12-13 16:44:15] [SEVERE ] removing player 1 token from slot 1
[2022-12-13 16:44:15] [SEVERE ] removing card from slot 1
[2022-12-13 16:44:15] [SEVERE ] placing card 76 in slot 5
[2022-12-13 16:44:15] [SEVERE ] placing card 45 in slot 10
[2022-12-13 16:44:15] [SEVERE ] placing card 4 in slot 1
[2022-12-13 16:44:47] [SEVERE ] Key 87 was pressed by player 0
[2022-12-13 16:44:47] [SEVERE ] player 0 placing token on slot 1
[2022-12-13 16:44:49] [SEVERE ] Key 67 was pressed by player 0
[2022-12-13 16:44:49] [SEVERE ] player 0 placing token on slot 10
[2022-12-13 16:44:58] [SEVERE ] Key 74 was pressed by player 1
[2022-12-13 16:44:58] [SEVERE ] player 1 placing token on slot 4
[2022-12-13 16:45:00] [SEVERE ] Key 86 was pressed by player 0
[2022-12-13 16:45:00] [SEVERE ] player 0 placing token on slot 11
[2022-12-13 16:45:00] [SEVERE ] setting player 0 score to 2
[2022-12-13 16:45:00] [SEVERE ] setting player 0 freeze to 1000
[2022-12-13 16:45:01] [SEVERE ] setting player 0 freeze to 0
[2022-12-13 16:45:01] [SEVERE ] removing player 0 token from slot 1
[2022-12-13 16:45:01] [SEVERE ] removing card from slot 1
[2022-12-13 16:45:01] [SEVERE ] removing player 0 token from slot 10
[2022-12-13 16:45:01] [SEVERE ] removing card from slot 10
[2022-12-13 16:45:01] [SEVERE ] removing player 0 token from slot 11
[2022-12-13 16:45:01] [SEVERE ] removing card from slot 11
[2022-12-13 16:45:01] [SEVERE ] placing card 44 in slot 10
[2022-12-13 16:45:01] [SEVERE ] placing card 12 in slot 11
[2022-12-13 16:45:02] [SEVERE ] placing card 72 in slot 1
[2022-12-13 16:46:01] [SEVERE ] removing all tokens
[2022-12-13 16:46:01] [SEVERE ] removing tokens from slot 0
[2022-12-13 16:46:01] [SEVERE ] removing tokens from slot 1
[2022-12-13 16:46:01] [SEVERE ] removing tokens from slot 2
[2022-12-13 16:46:01] [SEVERE ] removing tokens from slot 3
[2022-12-13 16:46:01] [SEVERE ] removing tokens from slot 4
[2022-12-13 16:46:01] [SEVERE ] removing tokens from slot 5
[2022-12-13 16:46:01] [SEVERE ] removing tokens from slot 6
[2022-12-13 16:46:01] [SEVERE ] removing tokens from slot 7
[2022-12-13 16:46:01] [SEVERE ] removing tokens from slot 8
[2022-12-13 16:46:01] [SEVERE ] removing tokens from slot 9
[2022-12-13 16:46:01] [SEVERE ] removing tokens from slot 10
[2022-12-13 16:46:01] [SEVERE ] removing tokens from slot 11
[2022-12-13 16:46:01] [SEVERE ] removing player 0 token from slot 0
[2022-12-13 16:46:01] [SEVERE ] removing player 0 token from slot 1
[2022-12-13 16:46:01] [SEVERE ] removing player 0 token from slot 2
[2022-12-13 16:46:01] [SEVERE ] removing player 1 token from slot 0
[2022-12-13 16:46:01] [SEVERE ] removing player 1 token from slot 1
[2022-12-13 16:46:01] [SEVERE ] removing player 1 token from slot 2
[2022-12-13 16:46:01] [SEVERE ] removing card from slot 0
[2022-12-13 16:46:01] [SEVERE ] removing card from slot 1
[2022-12-13 16:46:02] [SEVERE ] removing card from slot 2
[2022-12-13 16:46:02] [SEVERE ] removing card from slot 3
[2022-12-13 16:46:02] [SEVERE ] removing card from slot 4
[2022-12-13 16:46:02] [SEVERE ] removing card from slot 5
[2022-12-13 16:46:02] [SEVERE ] removing card from slot 6
[2022-12-13 16:46:02] [SEVERE ] removing card from slot 7
[2022-12-13 16:46:02] [SEVERE ] removing card from slot 8
[2022-12-13 16:46:02] [SEVERE ] removing card from slot 9
[2022-12-13 16:46:02] [SEVERE ] removing card from slot 10
[2022-12-13 16:46:02] [SEVERE ] removing card from slot 11
[2022-12-13 16:46:03] [SEVERE ] placing card 56 in slot 6
[2022-12-13 16:46:03] [SEVERE ] placing card 35 in slot 10
[2022-12-13 16:46:03] [SEVERE ] placing card 75 in slot 4
[2022-12-13 16:46:03] [SEVERE ] placing card 37 in slot 3
[2022-12-13 16:46:03] [SEVERE ] placing card 70 in slot 5
[2022-12-13 16:46:03] [SEVERE ] placing card 7 in slot 7
[2022-12-13 16:46:03] [SEVERE ] placing card 9 in slot 9
[2022-12-13 16:46:03] [SEVERE ] placing card 24 in slot 0
[2022-12-13 16:46:03] [SEVERE ] placing card 57 in slot 2
[2022-12-13 16:46:03] [SEVERE ] placing card 55 in slot 8
[2022-12-13 16:46:04] [SEVERE ] placing card 38 in slot 11
[2022-12-13 16:46:04] [SEVERE ] placing card 63 in slot 1
[2022-12-13 16:46:21] [SEVERE ] Key 65 was pressed by player 0
[2022-12-13 16:46:21] [SEVERE ] player 0 placing token on slot 4
[2022-12-13 16:46:23] [SEVERE ] Key 59 was pressed by player 1
[2022-12-13 16:46:23] [SEVERE ] player 1 placing token on slot 7
[2022-12-13 16:46:24] [SEVERE ] Key 76 was pressed by player 1
[2022-12-13 16:46:24] [SEVERE ] player 1 placing token on slot 6
[2022-12-13 16:46:26] [SEVERE ] Key 83 was pressed by player 0
[2022-12-13 16:46:26] [SEVERE ] player 0 placing token on slot 5
[2022-12-13 16:46:31] [SEVERE ] Key 68 was pressed by player 0
[2022-12-13 16:46:31] [SEVERE ] player 0 placing token on slot 6
[2022-12-13 16:46:31] [SEVERE ] setting player 0 score to 3
[2022-12-13 16:46:31] [SEVERE ] setting player 0 freeze to 1000
[2022-12-13 16:46:33] [SEVERE ] setting player 0 freeze to 0
[2022-12-13 16:46:33] [SEVERE ] removing player 0 token from slot 4
[2022-12-13 16:46:33] [SEVERE ] removing player 1 token from slot 4
[2022-12-13 16:46:33] [SEVERE ] removing card from slot 4
[2022-12-13 16:46:33] [SEVERE ] removing player 0 token from slot 5
[2022-12-13 16:46:33] [SEVERE ] removing card from slot 5
[2022-12-13 16:46:33] [SEVERE ] removing player 0 token from slot 6
[2022-12-13 16:46:33] [SEVERE ] removing player 1 token from slot 6
[2022-12-13 16:46:33] [SEVERE ] removing card from slot 6
[2022-12-13 16:46:33] [SEVERE ] placing card 44 in slot 5
[2022-12-13 16:46:33] [SEVERE ] placing card 50 in slot 4
[2022-12-13 16:46:33] [SEVERE ] placing card 54 in slot 6
