[2022-12-13 14:40:06] [INFO   ] cannot read configuration file config.properties trying from resources.
[2022-12-13 14:40:06] [INFO   ] configuration file was loaded from resources directory.
[2022-12-13 14:40:06] [INFO   ] Thread dealer starting.
[2022-12-13 14:40:06] [INFO   ] Thread player0starting.
[2022-12-13 14:40:06] [INFO   ] Thread player1starting.
[2022-12-13 14:40:07] [SEVERE ] placing card 53 in slot 9
[2022-12-13 14:40:07] [SEVERE ] placing card 24 in slot 4
[2022-12-13 14:40:07] [SEVERE ] placing card 9 in slot 3
[2022-12-13 14:40:07] [SEVERE ] placing card 8 in slot 1
[2022-12-13 14:40:07] [SEVERE ] placing card 41 in slot 11
[2022-12-13 14:40:07] [SEVERE ] placing card 28 in slot 2
[2022-12-13 14:40:07] [SEVERE ] placing card 43 in slot 6
[2022-12-13 14:40:07] [SEVERE ] placing card 25 in slot 0
[2022-12-13 14:40:07] [SEVERE ] placing card 21 in slot 10
[2022-12-13 14:40:07] [SEVERE ] placing card 68 in slot 5
[2022-12-13 14:40:08] [SEVERE ] placing card 50 in slot 7
[2022-12-13 14:40:08] [SEVERE ] placing card 39 in slot 8
[2022-12-13 14:40:47] [SEVERE ] Key 65 was pressed by player 0
[2022-12-13 14:40:47] [SEVERE ] player 0 placing token on slot 4
[2022-12-13 14:40:48] [SEVERE ] Key 83 was pressed by player 0
[2022-12-13 14:40:48] [SEVERE ] player 0 placing token on slot 5
[2022-12-13 14:40:59] [SEVERE ] Key 74 was pressed by player 1
[2022-12-13 14:40:59] [SEVERE ] player 1 placing token on slot 4
[2022-12-13 14:41:00] [SEVERE ] Key 75 was pressed by player 1
[2022-12-13 14:41:00] [SEVERE ] player 1 placing token on slot 5
[2022-12-13 14:41:03] [SEVERE ] Key 69 was pressed by player 0
[2022-12-13 14:41:03] [SEVERE ] player 0 placing token on slot 2
[2022-12-13 14:41:03] [SEVERE ] setting player 0 score to 1
[2022-12-13 14:41:03] [SEVERE ] setting player 0 freeze to 1000
[2022-12-13 14:41:04] [SEVERE ] setting player 0 freeze to 0
[2022-12-13 14:41:04] [SEVERE ] removing player 0 token from slot 4
[2022-12-13 14:41:04] [SEVERE ] removing player 1 token from slot 4
[2022-12-13 14:41:04] [SEVERE ] removing card from slot 4
[2022-12-13 14:41:04] [SEVERE ] removing player 0 token from slot 5
[2022-12-13 14:41:04] [SEVERE ] removing player 1 token from slot 5
[2022-12-13 14:41:04] [SEVERE ] removing card from slot 5
[2022-12-13 14:41:04] [SEVERE ] removing player 0 token from slot 2
[2022-12-13 14:41:04] [INFO   ] Thread main terminated.
