[2022-12-12 20:58:59] [INFO   ] cannot read configuration file config.properties trying from resources.
[2022-12-12 20:58:59] [INFO   ] configuration file was loaded from resources directory.
[2022-12-12 20:59:00] [INFO   ] Thread dealer starting.
[2022-12-12 20:59:00] [SEVERE ] placing card 62 in slot 10
[2022-12-12 20:59:00] [SEVERE ] placing card 4 in slot 7
[2022-12-12 20:59:00] [SEVERE ] placing card 65 in slot 2
[2022-12-12 20:59:00] [SEVERE ] placing card 58 in slot 5
[2022-12-12 20:59:00] [SEVERE ] placing card 42 in slot 6
[2022-12-12 20:59:00] [SEVERE ] placing card 60 in slot 1
[2022-12-12 20:59:00] [SEVERE ] placing card 9 in slot 8
[2022-12-12 20:59:01] [SEVERE ] placing card 63 in slot 9
[2022-12-12 20:59:01] [SEVERE ] placing card 15 in slot 8
[2022-12-12 20:59:01] [SEVERE ] placing card 39 in slot 5
[2022-12-12 20:59:01] [SEVERE ] placing card 80 in slot 9
[2022-12-12 20:59:01] [SEVERE ] placing card 30 in slot 3
[2022-12-12 20:59:01] [SEVERE ] placing card 75 in slot 11
[2022-12-12 20:59:01] [SEVERE ] placing card 6 in slot 6
[2022-12-12 20:59:01] [SEVERE ] placing card 52 in slot 10
[2022-12-12 20:59:01] [SEVERE ] placing card 29 in slot 9
[2022-12-12 20:59:01] [SEVERE ] placing card 28 in slot 10
[2022-12-12 20:59:02] [SEVERE ] placing card 61 in slot 11
[2022-12-12 20:59:02] [SEVERE ] placing card 59 in slot 2
[2022-12-12 20:59:02] [SEVERE ] placing card 8 in slot 11
[2022-12-12 20:59:02] [SEVERE ] placing card 3 in slot 7
[2022-12-12 20:59:02] [SEVERE ] placing card 22 in slot 10
[2022-12-12 20:59:02] [SEVERE ] placing card 24 in slot 2
[2022-12-12 20:59:02] [SEVERE ] placing card 18 in slot 8
[2022-12-12 20:59:02] [SEVERE ] placing card 53 in slot 2
[2022-12-12 20:59:02] [SEVERE ] placing card 14 in slot 9
[2022-12-12 20:59:03] [SEVERE ] placing card 19 in slot 7
[2022-12-12 20:59:03] [SEVERE ] placing card 17 in slot 1
[2022-12-12 20:59:03] [SEVERE ] placing card 25 in slot 3
[2022-12-12 20:59:03] [SEVERE ] placing card 33 in slot 8
[2022-12-12 20:59:03] [SEVERE ] placing card 51 in slot 3
[2022-12-12 20:59:03] [SEVERE ] placing card 73 in slot 10
[2022-12-12 20:59:03] [SEVERE ] placing card 76 in slot 0
[2022-12-12 20:59:03] [SEVERE ] placing card 36 in slot 11
[2022-12-12 20:59:03] [SEVERE ] placing card 70 in slot 5
[2022-12-12 20:59:03] [SEVERE ] placing card 1 in slot 1
[2022-12-12 20:59:04] [SEVERE ] placing card 41 in slot 3
[2022-12-12 20:59:04] [SEVERE ] placing card 68 in slot 2
[2022-12-12 20:59:04] [SEVERE ] placing card 32 in slot 0
[2022-12-12 20:59:04] [SEVERE ] placing card 2 in slot 8
[2022-12-12 20:59:04] [SEVERE ] placing card 7 in slot 5
[2022-12-12 20:59:04] [SEVERE ] placing card 46 in slot 5
[2022-12-12 20:59:04] [SEVERE ] placing card 71 in slot 8
[2022-12-12 20:59:04] [SEVERE ] placing card 78 in slot 7
[2022-12-12 20:59:04] [SEVERE ] placing card 0 in slot 11
[2022-12-12 20:59:04] [SEVERE ] placing card 45 in slot 5
[2022-12-12 20:59:05] [SEVERE ] placing card 38 in slot 10
[2022-12-12 20:59:05] [SEVERE ] placing card 67 in slot 1
[2022-12-12 20:59:05] [SEVERE ] placing card 31 in slot 5
[2022-12-12 20:59:05] [SEVERE ] placing card 27 in slot 0
[2022-12-12 20:59:05] [SEVERE ] placing card 72 in slot 8
[2022-12-12 20:59:05] [SEVERE ] placing card 40 in slot 3
[2022-12-12 20:59:05] [SEVERE ] placing card 69 in slot 10
[2022-12-12 20:59:05] [SEVERE ] placing card 20 in slot 11
[2022-12-12 20:59:05] [SEVERE ] placing card 79 in slot 11
[2022-12-12 20:59:05] [SEVERE ] placing card 10 in slot 1
[2022-12-12 20:59:06] [SEVERE ] placing card 11 in slot 0
[2022-12-12 20:59:06] [SEVERE ] placing card 49 in slot 4
[2022-12-12 20:59:10] [SEVERE ] Exit button pressed
