[2022-12-14 14:06:51] [INFO   ] cannot read configuration file config.properties trying from resources.
[2022-12-14 14:06:51] [INFO   ] configuration file was loaded from resources directory.
[2022-12-14 14:06:51] [INFO   ] Thread dealer starting.
[2022-12-14 14:06:51] [INFO   ] Thread player0starting.
[2022-12-14 14:06:51] [INFO   ] Thread player1starting.
[2022-12-14 14:06:51] [SEVERE ] placing card 35 in slot 1
[2022-12-14 14:06:51] [SEVERE ] placing card 49 in slot 5
[2022-12-14 14:06:52] [SEVERE ] placing card 30 in slot 9
[2022-12-14 14:06:52] [SEVERE ] placing card 12 in slot 11
[2022-12-14 14:06:52] [SEVERE ] placing card 28 in slot 4
[2022-12-14 14:06:52] [SEVERE ] placing card 42 in slot 2
[2022-12-14 14:06:52] [SEVERE ] placing card 19 in slot 3
[2022-12-14 14:06:52] [SEVERE ] placing card 43 in slot 6
[2022-12-14 14:06:52] [SEVERE ] placing card 10 in slot 10
[2022-12-14 14:06:52] [SEVERE ] placing card 48 in slot 7
[2022-12-14 14:06:52] [SEVERE ] placing card 1 in slot 8
[2022-12-14 14:06:52] [SEVERE ] placing card 32 in slot 0
[2022-12-14 14:07:45] [SEVERE ] Key 81 was pressed by player 0
[2022-12-14 14:07:45] [SEVERE ] player 0 placing token on slot 0
[2022-12-14 14:07:45] [SEVERE ] Key 87 was pressed by player 0
[2022-12-14 14:07:45] [SEVERE ] player 0 placing token on slot 1
[2022-12-14 14:07:45] [SEVERE ] Key 69 was pressed by player 0
[2022-12-14 14:07:45] [SEVERE ] player 0 placing token on slot 2
[2022-12-14 14:07:45] [SEVERE ] setting player 0 freeze to 3000
[2022-12-14 14:07:46] [SEVERE ] setting player 0 freeze to 2000
[2022-12-14 14:07:47] [SEVERE ] setting player 0 freeze to 1000
[2022-12-14 14:07:48] [SEVERE ] setting player 0 freeze to 0
[2022-12-14 14:07:53] [SEVERE ] removing all tokens
[2022-12-14 14:07:53] [SEVERE ] removing tokens from slot 0
[2022-12-14 14:07:53] [SEVERE ] removing tokens from slot 1
[2022-12-14 14:07:53] [SEVERE ] removing tokens from slot 2
[2022-12-14 14:07:53] [SEVERE ] removing tokens from slot 3
[2022-12-14 14:07:53] [SEVERE ] removing tokens from slot 4
[2022-12-14 14:07:53] [SEVERE ] removing tokens from slot 5
[2022-12-14 14:07:53] [SEVERE ] removing tokens from slot 6
[2022-12-14 14:07:53] [SEVERE ] removing tokens from slot 7
[2022-12-14 14:07:53] [SEVERE ] removing tokens from slot 8
[2022-12-14 14:07:53] [SEVERE ] removing tokens from slot 9
[2022-12-14 14:07:53] [SEVERE ] removing tokens from slot 10
[2022-12-14 14:07:53] [SEVERE ] removing tokens from slot 11
[2022-12-14 14:07:53] [SEVERE ] removing player 0 token from slot 0
[2022-12-14 14:07:53] [SEVERE ] removing player 0 token from slot 1
[2022-12-14 14:07:53] [SEVERE ] removing player 0 token from slot 2
[2022-12-14 14:07:53] [SEVERE ] removing player 1 token from slot 0
[2022-12-14 14:07:53] [SEVERE ] removing player 1 token from slot 1
[2022-12-14 14:07:53] [SEVERE ] removing player 1 token from slot 2
[2022-12-14 14:07:54] [SEVERE ] removing card from slot 0
[2022-12-14 14:07:54] [SEVERE ] removing card from slot 1
[2022-12-14 14:07:54] [SEVERE ] removing card from slot 2
[2022-12-14 14:07:54] [SEVERE ] removing card from slot 3
[2022-12-14 14:07:54] [SEVERE ] removing card from slot 4
[2022-12-14 14:07:54] [SEVERE ] removing card from slot 5
[2022-12-14 14:07:54] [SEVERE ] removing card from slot 6
[2022-12-14 14:07:54] [SEVERE ] removing card from slot 7
[2022-12-14 14:07:54] [SEVERE ] removing card from slot 8
[2022-12-14 14:07:54] [SEVERE ] removing card from slot 9
[2022-12-14 14:07:55] [SEVERE ] removing card from slot 10
[2022-12-14 14:07:55] [SEVERE ] removing card from slot 11
[2022-12-14 14:07:55] [SEVERE ] placing card 45 in slot 10
[2022-12-14 14:07:55] [SEVERE ] placing card 31 in slot 9
[2022-12-14 14:07:55] [SEVERE ] placing card 64 in slot 2
[2022-12-14 14:07:55] [SEVERE ] placing card 13 in slot 3
[2022-12-14 14:07:55] [SEVERE ] placing card 37 in slot 0
[2022-12-14 14:07:55] [SEVERE ] placing card 2 in slot 7
[2022-12-14 14:07:55] [SEVERE ] placing card 68 in slot 8
[2022-12-14 14:07:55] [SEVERE ] placing card 33 in slot 4
[2022-12-14 14:07:56] [SEVERE ] placing card 21 in slot 5
[2022-12-14 14:07:56] [SEVERE ] placing card 59 in slot 1
[2022-12-14 14:07:56] [SEVERE ] placing card 29 in slot 6
[2022-12-14 14:07:56] [SEVERE ] placing card 47 in slot 11
[2022-12-14 14:08:57] [SEVERE ] removing all tokens
[2022-12-14 14:08:57] [SEVERE ] removing tokens from slot 0
[2022-12-14 14:08:57] [SEVERE ] removing tokens from slot 1
[2022-12-14 14:08:57] [SEVERE ] removing tokens from slot 2
[2022-12-14 14:08:57] [SEVERE ] removing tokens from slot 3
[2022-12-14 14:08:57] [SEVERE ] removing tokens from slot 4
[2022-12-14 14:08:57] [SEVERE ] removing tokens from slot 5
[2022-12-14 14:08:57] [SEVERE ] removing tokens from slot 6
[2022-12-14 14:08:57] [SEVERE ] removing tokens from slot 7
[2022-12-14 14:08:57] [SEVERE ] removing tokens from slot 8
[2022-12-14 14:08:57] [SEVERE ] removing tokens from slot 9
[2022-12-14 14:08:57] [SEVERE ] removing tokens from slot 10
[2022-12-14 14:08:57] [SEVERE ] removing tokens from slot 11
[2022-12-14 14:08:57] [SEVERE ] removing player 0 token from slot 0
[2022-12-14 14:08:57] [SEVERE ] removing player 0 token from slot 1
[2022-12-14 14:08:57] [SEVERE ] removing player 0 token from slot 2
[2022-12-14 14:08:57] [SEVERE ] removing player 1 token from slot 0
[2022-12-14 14:08:57] [SEVERE ] removing player 1 token from slot 1
[2022-12-14 14:08:57] [SEVERE ] removing player 1 token from slot 2
[2022-12-14 14:08:57] [SEVERE ] removing card from slot 0
[2022-12-14 14:08:57] [SEVERE ] removing card from slot 1
[2022-12-14 14:08:57] [SEVERE ] removing card from slot 2
[2022-12-14 14:08:57] [SEVERE ] removing card from slot 3
[2022-12-14 14:08:57] [SEVERE ] removing card from slot 4
[2022-12-14 14:08:57] [SEVERE ] removing card from slot 5
[2022-12-14 14:08:58] [SEVERE ] removing card from slot 6
[2022-12-14 14:08:58] [SEVERE ] removing card from slot 7
[2022-12-14 14:08:58] [SEVERE ] removing card from slot 8
[2022-12-14 14:08:58] [SEVERE ] removing card from slot 9
[2022-12-14 14:08:58] [SEVERE ] removing card from slot 10
[2022-12-14 14:08:58] [SEVERE ] removing card from slot 11
[2022-12-14 14:08:58] [SEVERE ] placing card 10 in slot 5
[2022-12-14 14:08:58] [SEVERE ] placing card 5 in slot 6
[2022-12-14 14:08:58] [SEVERE ] placing card 48 in slot 4
[2022-12-14 14:08:58] [SEVERE ] placing card 77 in slot 0
[2022-12-14 14:08:59] [SEVERE ] placing card 67 in slot 2
[2022-12-14 14:08:59] [SEVERE ] placing card 47 in slot 9
[2022-12-14 14:08:59] [SEVERE ] placing card 58 in slot 3
[2022-12-14 14:08:59] [SEVERE ] placing card 73 in slot 11
[2022-12-14 14:08:59] [SEVERE ] placing card 74 in slot 8
[2022-12-14 14:08:59] [SEVERE ] placing card 43 in slot 10
[2022-12-14 14:08:59] [SEVERE ] placing card 30 in slot 7
[2022-12-14 14:08:59] [SEVERE ] placing card 64 in slot 1
[2022-12-14 14:10:00] [SEVERE ] removing all tokens
[2022-12-14 14:10:00] [SEVERE ] removing tokens from slot 0
[2022-12-14 14:10:00] [SEVERE ] removing tokens from slot 1
[2022-12-14 14:10:00] [SEVERE ] removing tokens from slot 2
[2022-12-14 14:10:00] [SEVERE ] removing tokens from slot 3
[2022-12-14 14:10:00] [SEVERE ] removing tokens from slot 4
[2022-12-14 14:10:00] [SEVERE ] removing tokens from slot 5
[2022-12-14 14:10:00] [SEVERE ] removing tokens from slot 6
[2022-12-14 14:10:00] [SEVERE ] removing tokens from slot 7
[2022-12-14 14:10:00] [SEVERE ] removing tokens from slot 8
[2022-12-14 14:10:00] [SEVERE ] removing tokens from slot 9
[2022-12-14 14:10:00] [SEVERE ] removing tokens from slot 10
[2022-12-14 14:10:00] [SEVERE ] removing tokens from slot 11
[2022-12-14 14:10:00] [SEVERE ] removing player 0 token from slot 0
[2022-12-14 14:10:00] [SEVERE ] removing player 0 token from slot 1
[2022-12-14 14:10:00] [SEVERE ] removing player 0 token from slot 2
[2022-12-14 14:10:00] [SEVERE ] removing player 1 token from slot 0
[2022-12-14 14:10:00] [SEVERE ] removing player 1 token from slot 1
[2022-12-14 14:10:00] [SEVERE ] removing player 1 token from slot 2
[2022-12-14 14:10:00] [SEVERE ] removing card from slot 0
[2022-12-14 14:10:00] [SEVERE ] removing card from slot 1
[2022-12-14 14:10:01] [SEVERE ] removing card from slot 2
[2022-12-14 14:10:01] [SEVERE ] removing card from slot 3
[2022-12-14 14:10:01] [SEVERE ] removing card from slot 4
[2022-12-14 14:10:01] [SEVERE ] removing card from slot 5
[2022-12-14 14:10:01] [SEVERE ] removing card from slot 6
[2022-12-14 14:10:01] [SEVERE ] removing card from slot 7
[2022-12-14 14:10:01] [SEVERE ] removing card from slot 8
[2022-12-14 14:10:01] [SEVERE ] removing card from slot 9
[2022-12-14 14:10:01] [SEVERE ] removing card from slot 10
[2022-12-14 14:10:01] [SEVERE ] removing card from slot 11
[2022-12-14 14:10:02] [SEVERE ] placing card 15 in slot 10
[2022-12-14 14:10:02] [SEVERE ] placing card 75 in slot 7
[2022-12-14 14:10:02] [SEVERE ] placing card 79 in slot 8
[2022-12-14 14:10:02] [SEVERE ] placing card 5 in slot 11
[2022-12-14 14:10:02] [SEVERE ] placing card 6 in slot 3
[2022-12-14 14:10:02] [SEVERE ] placing card 38 in slot 1
[2022-12-14 14:10:02] [SEVERE ] placing card 74 in slot 2
[2022-12-14 14:10:02] [SEVERE ] placing card 24 in slot 6
[2022-12-14 14:10:02] [SEVERE ] placing card 1 in slot 4
[2022-12-14 14:10:02] [SEVERE ] placing card 8 in slot 5
[2022-12-14 14:10:03] [SEVERE ] placing card 36 in slot 0
[2022-12-14 14:10:03] [SEVERE ] placing card 34 in slot 9
[2022-12-14 14:11:04] [SEVERE ] removing all tokens
[2022-12-14 14:11:04] [SEVERE ] removing tokens from slot 0
[2022-12-14 14:11:04] [SEVERE ] removing tokens from slot 1
[2022-12-14 14:11:04] [SEVERE ] removing tokens from slot 2
[2022-12-14 14:11:04] [SEVERE ] removing tokens from slot 3
[2022-12-14 14:11:04] [SEVERE ] removing tokens from slot 4
[2022-12-14 14:11:04] [SEVERE ] removing tokens from slot 5
[2022-12-14 14:11:04] [SEVERE ] removing tokens from slot 6
[2022-12-14 14:11:04] [SEVERE ] removing tokens from slot 7
[2022-12-14 14:11:04] [SEVERE ] removing tokens from slot 8
[2022-12-14 14:11:04] [SEVERE ] removing tokens from slot 9
[2022-12-14 14:11:04] [SEVERE ] removing tokens from slot 10
[2022-12-14 14:11:04] [SEVERE ] removing tokens from slot 11
[2022-12-14 14:11:04] [SEVERE ] removing player 0 token from slot 0
[2022-12-14 14:11:04] [SEVERE ] removing player 0 token from slot 1
[2022-12-14 14:11:04] [SEVERE ] removing player 0 token from slot 2
[2022-12-14 14:11:04] [SEVERE ] removing player 1 token from slot 0
[2022-12-14 14:11:04] [SEVERE ] removing player 1 token from slot 1
[2022-12-14 14:11:04] [SEVERE ] removing player 1 token from slot 2
[2022-12-14 14:11:04] [SEVERE ] removing card from slot 0
[2022-12-14 14:11:04] [SEVERE ] removing card from slot 1
[2022-12-14 14:11:04] [SEVERE ] removing card from slot 2
[2022-12-14 14:11:04] [SEVERE ] removing card from slot 3
[2022-12-14 14:11:04] [SEVERE ] removing card from slot 4
[2022-12-14 14:11:04] [SEVERE ] removing card from slot 5
[2022-12-14 14:11:04] [SEVERE ] removing card from slot 6
[2022-12-14 14:11:04] [SEVERE ] removing card from slot 7
[2022-12-14 14:11:05] [SEVERE ] removing card from slot 8
[2022-12-14 14:11:05] [SEVERE ] removing card from slot 9
[2022-12-14 14:11:05] [SEVERE ] removing card from slot 10
[2022-12-14 14:11:05] [SEVERE ] removing card from slot 11
[2022-12-14 14:11:05] [SEVERE ] placing card 28 in slot 6
[2022-12-14 14:11:05] [SEVERE ] placing card 42 in slot 1
[2022-12-14 14:11:05] [SEVERE ] placing card 26 in slot 7
[2022-12-14 14:11:05] [SEVERE ] placing card 18 in slot 9
[2022-12-14 14:11:05] [SEVERE ] placing card 71 in slot 4
[2022-12-14 14:11:05] [SEVERE ] placing card 7 in slot 11
[2022-12-14 14:11:06] [SEVERE ] placing card 48 in slot 2
[2022-12-14 14:11:06] [SEVERE ] placing card 69 in slot 5
[2022-12-14 14:11:06] [SEVERE ] placing card 19 in slot 8
[2022-12-14 14:11:06] [SEVERE ] placing card 0 in slot 10
[2022-12-14 14:11:06] [SEVERE ] placing card 51 in slot 0
[2022-12-14 14:11:06] [SEVERE ] placing card 54 in slot 3
[2022-12-14 14:12:07] [SEVERE ] removing all tokens
[2022-12-14 14:12:07] [SEVERE ] removing tokens from slot 0
[2022-12-14 14:12:07] [SEVERE ] removing tokens from slot 1
[2022-12-14 14:12:07] [SEVERE ] removing tokens from slot 2
[2022-12-14 14:12:07] [SEVERE ] removing tokens from slot 3
[2022-12-14 14:12:07] [SEVERE ] removing tokens from slot 4
[2022-12-14 14:12:07] [SEVERE ] removing tokens from slot 5
[2022-12-14 14:12:07] [SEVERE ] removing tokens from slot 6
[2022-12-14 14:12:07] [SEVERE ] removing tokens from slot 7
[2022-12-14 14:12:07] [SEVERE ] removing tokens from slot 8
[2022-12-14 14:12:07] [SEVERE ] removing tokens from slot 9
[2022-12-14 14:12:07] [SEVERE ] removing tokens from slot 10
[2022-12-14 14:12:07] [SEVERE ] removing tokens from slot 11
[2022-12-14 14:12:07] [SEVERE ] removing player 0 token from slot 0
[2022-12-14 14:12:07] [SEVERE ] removing player 0 token from slot 1
[2022-12-14 14:12:07] [SEVERE ] removing player 0 token from slot 2
[2022-12-14 14:12:07] [SEVERE ] removing player 1 token from slot 0
[2022-12-14 14:12:07] [SEVERE ] removing player 1 token from slot 1
[2022-12-14 14:12:07] [SEVERE ] removing player 1 token from slot 2
[2022-12-14 14:12:07] [SEVERE ] removing card from slot 0
[2022-12-14 14:12:07] [SEVERE ] removing card from slot 1
[2022-12-14 14:12:07] [SEVERE ] removing card from slot 2
[2022-12-14 14:12:08] [SEVERE ] removing card from slot 3
[2022-12-14 14:12:08] [SEVERE ] removing card from slot 4
[2022-12-14 14:12:08] [SEVERE ] removing card from slot 5
[2022-12-14 14:12:08] [SEVERE ] removing card from slot 6
[2022-12-14 14:12:08] [SEVERE ] removing card from slot 7
[2022-12-14 14:12:08] [SEVERE ] removing card from slot 8
[2022-12-14 14:12:08] [SEVERE ] removing card from slot 9
[2022-12-14 14:12:08] [SEVERE ] removing card from slot 10
[2022-12-14 14:12:08] [SEVERE ] removing card from slot 11
[2022-12-14 14:12:08] [SEVERE ] placing card 33 in slot 10
[2022-12-14 14:12:09] [SEVERE ] placing card 74 in slot 7
[2022-12-14 14:12:09] [SEVERE ] placing card 16 in slot 2
[2022-12-14 14:12:09] [SEVERE ] placing card 71 in slot 5
[2022-12-14 14:12:09] [SEVERE ] placing card 68 in slot 0
[2022-12-14 14:12:09] [SEVERE ] placing card 22 in slot 11
[2022-12-14 14:12:09] [SEVERE ] placing card 70 in slot 1
[2022-12-14 14:12:09] [SEVERE ] placing card 31 in slot 8
[2022-12-14 14:12:09] [SEVERE ] placing card 53 in slot 3
[2022-12-14 14:12:09] [SEVERE ] placing card 79 in slot 4
[2022-12-14 14:12:09] [SEVERE ] placing card 62 in slot 9
[2022-12-14 14:12:10] [SEVERE ] placing card 44 in slot 6
