[2022-12-13 16:59:28] [INFO   ] cannot read configuration file config.properties trying from resources.
[2022-12-13 16:59:28] [INFO   ] configuration file was loaded from resources directory.
[2022-12-13 16:59:28] [INFO   ] Thread dealer starting.
[2022-12-13 16:59:28] [INFO   ] Thread player0starting.
[2022-12-13 16:59:28] [INFO   ] Thread player1starting.
[2022-12-13 16:59:28] [SEVERE ] placing card 58 in slot 2
[2022-12-13 16:59:28] [SEVERE ] placing card 69 in slot 1
[2022-12-13 16:59:28] [SEVERE ] placing card 60 in slot 7
[2022-12-13 16:59:28] [SEVERE ] placing card 46 in slot 6
[2022-12-13 16:59:29] [SEVERE ] placing card 35 in slot 5
[2022-12-13 16:59:29] [SEVERE ] placing card 36 in slot 10
[2022-12-13 16:59:29] [SEVERE ] placing card 38 in slot 9
[2022-12-13 16:59:29] [SEVERE ] placing card 16 in slot 8
[2022-12-13 16:59:29] [SEVERE ] placing card 45 in slot 0
[2022-12-13 16:59:29] [SEVERE ] placing card 62 in slot 3
[2022-12-13 16:59:29] [SEVERE ] placing card 51 in slot 4
[2022-12-13 16:59:29] [SEVERE ] placing card 1 in slot 11
[2022-12-13 16:59:39] [SEVERE ] Key 70 was pressed by player 0
[2022-12-13 16:59:39] [SEVERE ] player 0 placing token on slot 7
[2022-12-13 16:59:41] [SEVERE ] Key 82 was pressed by player 0
[2022-12-13 16:59:41] [SEVERE ] player 0 placing token on slot 3
[2022-12-13 16:59:42] [SEVERE ] Key 68 was pressed by player 0
[2022-12-13 16:59:42] [SEVERE ] player 0 placing token on slot 6
[2022-12-13 16:59:42] [SEVERE ] setting player 0 freeze to 3000
[2022-12-13 16:59:43] [SEVERE ] setting player 0 freeze to 2000
[2022-12-13 16:59:44] [SEVERE ] setting player 0 freeze to 1000
[2022-12-13 16:59:45] [SEVERE ] setting player 0 freeze to 0
[2022-12-13 17:00:23] [SEVERE ] Key 80 was pressed by player 1
[2022-12-13 17:00:23] [SEVERE ] player 1 placing token on slot 3
[2022-12-13 17:00:23] [SEVERE ] Key 79 was pressed by player 1
[2022-12-13 17:00:23] [SEVERE ] player 1 placing token on slot 2
[2022-12-13 17:00:23] [SEVERE ] Key 75 was pressed by player 1
[2022-12-13 17:00:23] [SEVERE ] player 1 placing token on slot 5
[2022-12-13 17:00:23] [SEVERE ] setting player 1 freeze to 3000
[2022-12-13 17:00:24] [SEVERE ] setting player 1 freeze to 2000
[2022-12-13 17:00:25] [SEVERE ] Key 75 was pressed by player 1
[2022-12-13 17:00:25] [SEVERE ] removing player 1 token from slot 5
[2022-12-13 17:00:25] [SEVERE ] setting player 1 freeze to 1000
[2022-12-13 17:00:26] [SEVERE ] Key 79 was pressed by player 1
[2022-12-13 17:00:26] [SEVERE ] removing player 1 token from slot 2
[2022-12-13 17:00:26] [SEVERE ] setting player 1 freeze to 0
[2022-12-13 17:00:26] [SEVERE ] Key 79 was pressed by player 1
[2022-12-13 17:00:26] [SEVERE ] player 1 placing token on slot 2
[2022-12-13 17:00:27] [SEVERE ] Key 76 was pressed by player 1
[2022-12-13 17:00:27] [SEVERE ] player 1 placing token on slot 6
[2022-12-13 17:00:27] [SEVERE ] setting player 1 freeze to 3000
[2022-12-13 17:00:28] [SEVERE ] setting player 1 freeze to 2000
[2022-12-13 17:00:28] [SEVERE ] Key 44 was pressed by player 1
[2022-12-13 17:00:29] [SEVERE ] Key 44 was pressed by player 1
[2022-12-13 17:00:29] [SEVERE ] setting player 1 freeze to 1000
[2022-12-13 17:00:29] [SEVERE ] Key 77 was pressed by player 1
[2022-12-13 17:00:30] [SEVERE ] setting player 1 freeze to 0
[2022-12-13 17:00:30] [SEVERE ] setting player 1 freeze to 3000
[2022-12-13 17:00:31] [SEVERE ] setting player 1 freeze to 2000
[2022-12-13 17:00:32] [SEVERE ] setting player 1 freeze to 1000
[2022-12-13 17:00:33] [SEVERE ] setting player 1 freeze to 0
[2022-12-13 17:00:33] [SEVERE ] setting player 1 freeze to 3000
[2022-12-13 17:00:34] [SEVERE ] setting player 1 freeze to 2000
[2022-12-13 17:00:35] [SEVERE ] setting player 1 freeze to 1000
[2022-12-13 17:00:36] [SEVERE ] setting player 1 freeze to 0
[2022-12-13 17:00:36] [SEVERE ] setting player 1 freeze to 3000
[2022-12-13 17:00:37] [SEVERE ] setting player 1 freeze to 2000
[2022-12-13 17:00:38] [SEVERE ] setting player 1 freeze to 1000
[2022-12-13 17:00:39] [SEVERE ] setting player 1 freeze to 0
[2022-12-13 17:00:39] [SEVERE ] removing all tokens
[2022-12-13 17:00:39] [SEVERE ] removing tokens from slot 0
[2022-12-13 17:00:39] [SEVERE ] removing tokens from slot 1
[2022-12-13 17:00:39] [SEVERE ] removing tokens from slot 2
[2022-12-13 17:00:39] [SEVERE ] removing tokens from slot 3
[2022-12-13 17:00:39] [SEVERE ] removing tokens from slot 4
[2022-12-13 17:00:39] [SEVERE ] removing tokens from slot 5
[2022-12-13 17:00:39] [SEVERE ] removing tokens from slot 6
[2022-12-13 17:00:39] [SEVERE ] removing tokens from slot 7
[2022-12-13 17:00:39] [SEVERE ] removing tokens from slot 8
[2022-12-13 17:00:39] [SEVERE ] removing tokens from slot 9
[2022-12-13 17:00:39] [SEVERE ] removing tokens from slot 10
[2022-12-13 17:00:39] [SEVERE ] removing tokens from slot 11
[2022-12-13 17:00:39] [SEVERE ] removing player 0 token from slot 0
[2022-12-13 17:00:39] [SEVERE ] removing player 0 token from slot 1
[2022-12-13 17:00:39] [SEVERE ] removing player 0 token from slot 2
[2022-12-13 17:00:39] [SEVERE ] removing player 1 token from slot 0
[2022-12-13 17:00:39] [SEVERE ] removing player 1 token from slot 1
[2022-12-13 17:00:39] [SEVERE ] removing player 1 token from slot 2
[2022-12-13 17:00:39] [SEVERE ] removing card from slot 0
[2022-12-13 17:00:39] [SEVERE ] removing card from slot 1
[2022-12-13 17:00:39] [SEVERE ] removing card from slot 2
[2022-12-13 17:00:39] [SEVERE ] removing card from slot 3
[2022-12-13 17:00:39] [SEVERE ] removing card from slot 4
[2022-12-13 17:00:39] [SEVERE ] removing card from slot 5
[2022-12-13 17:00:40] [SEVERE ] removing card from slot 6
[2022-12-13 17:00:40] [SEVERE ] removing card from slot 7
[2022-12-13 17:00:40] [SEVERE ] removing card from slot 8
[2022-12-13 17:00:40] [SEVERE ] removing card from slot 9
[2022-12-13 17:00:40] [SEVERE ] removing card from slot 10
[2022-12-13 17:00:40] [SEVERE ] removing card from slot 11
[2022-12-13 17:00:40] [SEVERE ] placing card 38 in slot 9
[2022-12-13 17:00:40] [SEVERE ] placing card 9 in slot 11
[2022-12-13 17:00:40] [SEVERE ] placing card 72 in slot 2
[2022-12-13 17:00:40] [SEVERE ] placing card 12 in slot 0
[2022-12-13 17:00:41] [SEVERE ] placing card 24 in slot 7
[2022-12-13 17:00:41] [SEVERE ] placing card 21 in slot 4
[2022-12-13 17:00:41] [SEVERE ] placing card 7 in slot 1
[2022-12-13 17:00:41] [SEVERE ] placing card 70 in slot 8
[2022-12-13 17:00:41] [SEVERE ] placing card 68 in slot 3
[2022-12-13 17:00:41] [SEVERE ] placing card 8 in slot 5
[2022-12-13 17:00:41] [SEVERE ] placing card 35 in slot 6
[2022-12-13 17:00:41] [SEVERE ] placing card 75 in slot 10
[2022-12-13 17:01:33] [SEVERE ] Key 69 was pressed by player 0
[2022-12-13 17:01:33] [SEVERE ] player 0 placing token on slot 2
[2022-12-13 17:01:34] [SEVERE ] Key 69 was pressed by player 0
[2022-12-13 17:01:34] [SEVERE ] removing player 0 token from slot 2
[2022-12-13 17:01:34] [SEVERE ] Key 87 was pressed by player 0
[2022-12-13 17:01:34] [SEVERE ] player 0 placing token on slot 1
[2022-12-13 17:01:36] [SEVERE ] Key 67 was pressed by player 0
[2022-12-13 17:01:36] [SEVERE ] player 0 placing token on slot 10
[2022-12-13 17:01:37] [SEVERE ] Key 88 was pressed by player 0
[2022-12-13 17:01:37] [SEVERE ] player 0 placing token on slot 9
[2022-12-13 17:01:37] [SEVERE ] removing player 0 token from slot 1
[2022-12-13 17:01:37] [SEVERE ] removing card from slot 1
[2022-12-13 17:01:37] [SEVERE ] removing player 0 token from slot 10
[2022-12-13 17:01:37] [SEVERE ] removing card from slot 10
[2022-12-13 17:01:37] [SEVERE ] removing player 0 token from slot 9
[2022-12-13 17:01:38] [SEVERE ] removing card from slot 9
[2022-12-13 17:01:38] [SEVERE ] placing card 65 in slot 1
[2022-12-13 17:01:38] [SEVERE ] placing card 19 in slot 9
[2022-12-13 17:01:38] [SEVERE ] placing card 29 in slot 10
[2022-12-13 17:01:38] [SEVERE ] setting player 0 score to 1
[2022-12-13 17:01:38] [SEVERE ] setting player 0 freeze to 1000
[2022-12-13 17:01:39] [SEVERE ] setting player 0 freeze to 0
[2022-12-13 17:02:38] [SEVERE ] removing all tokens
[2022-12-13 17:02:38] [SEVERE ] removing tokens from slot 0
[2022-12-13 17:02:38] [SEVERE ] removing tokens from slot 1
[2022-12-13 17:02:38] [SEVERE ] removing tokens from slot 2
[2022-12-13 17:02:38] [SEVERE ] removing tokens from slot 3
[2022-12-13 17:02:38] [SEVERE ] removing tokens from slot 4
[2022-12-13 17:02:38] [SEVERE ] removing tokens from slot 5
[2022-12-13 17:02:38] [SEVERE ] removing tokens from slot 6
[2022-12-13 17:02:38] [SEVERE ] removing tokens from slot 7
[2022-12-13 17:02:38] [SEVERE ] removing tokens from slot 8
[2022-12-13 17:02:38] [SEVERE ] removing tokens from slot 9
[2022-12-13 17:02:38] [SEVERE ] removing tokens from slot 10
[2022-12-13 17:02:38] [SEVERE ] removing tokens from slot 11
[2022-12-13 17:02:38] [SEVERE ] removing player 0 token from slot 0
[2022-12-13 17:02:38] [SEVERE ] removing player 0 token from slot 1
[2022-12-13 17:02:38] [SEVERE ] removing player 0 token from slot 2
[2022-12-13 17:02:38] [SEVERE ] removing player 1 token from slot 0
[2022-12-13 17:02:38] [SEVERE ] removing player 1 token from slot 1
[2022-12-13 17:02:38] [SEVERE ] removing player 1 token from slot 2
[2022-12-13 17:02:38] [SEVERE ] removing card from slot 0
[2022-12-13 17:02:38] [SEVERE ] removing card from slot 1
[2022-12-13 17:02:38] [SEVERE ] removing card from slot 2
[2022-12-13 17:02:38] [SEVERE ] removing card from slot 3
[2022-12-13 17:02:38] [SEVERE ] removing card from slot 4
[2022-12-13 17:02:38] [SEVERE ] removing card from slot 5
[2022-12-13 17:02:39] [SEVERE ] removing card from slot 6
[2022-12-13 17:02:39] [SEVERE ] removing card from slot 7
[2022-12-13 17:02:39] [SEVERE ] removing card from slot 8
[2022-12-13 17:02:39] [SEVERE ] removing card from slot 9
[2022-12-13 17:02:39] [SEVERE ] removing card from slot 10
[2022-12-13 17:02:39] [SEVERE ] removing card from slot 11
[2022-12-13 17:02:39] [SEVERE ] placing card 40 in slot 0
[2022-12-13 17:02:39] [SEVERE ] placing card 17 in slot 11
[2022-12-13 17:02:39] [SEVERE ] placing card 31 in slot 10
[2022-12-13 17:02:39] [SEVERE ] placing card 19 in slot 7
[2022-12-13 17:02:40] [SEVERE ] placing card 37 in slot 3
[2022-12-13 17:02:40] [SEVERE ] placing card 54 in slot 9
[2022-12-13 17:02:40] [SEVERE ] placing card 14 in slot 6
[2022-12-13 17:02:40] [SEVERE ] placing card 6 in slot 4
[2022-12-13 17:02:40] [SEVERE ] placing card 57 in slot 5
[2022-12-13 17:02:40] [SEVERE ] placing card 29 in slot 8
[2022-12-13 17:02:40] [SEVERE ] placing card 80 in slot 1
[2022-12-13 17:02:40] [SEVERE ] placing card 65 in slot 2
