[2022-12-14 13:11:54] [INFO   ] cannot read configuration file config.properties trying from resources.
[2022-12-14 13:11:54] [INFO   ] configuration file was loaded from resources directory.
[2022-12-14 13:11:54] [INFO   ] Thread dealer starting.
[2022-12-14 13:11:55] [INFO   ] Thread player0starting.
[2022-12-14 13:11:55] [INFO   ] Thread player1starting.
[2022-12-14 13:11:55] [SEVERE ] placing card 31 in slot 5
[2022-12-14 13:11:55] [SEVERE ] placing card 68 in slot 2
[2022-12-14 13:11:55] [SEVERE ] placing card 9 in slot 7
[2022-12-14 13:11:55] [SEVERE ] placing card 77 in slot 4
[2022-12-14 13:11:55] [SEVERE ] placing card 50 in slot 6
[2022-12-14 13:11:55] [SEVERE ] placing card 46 in slot 10
[2022-12-14 13:11:55] [SEVERE ] placing card 64 in slot 1
[2022-12-14 13:11:55] [SEVERE ] placing card 75 in slot 3
[2022-12-14 13:11:55] [SEVERE ] placing card 19 in slot 11
[2022-12-14 13:11:56] [SEVERE ] placing card 11 in slot 0
[2022-12-14 13:11:56] [SEVERE ] placing card 34 in slot 8
[2022-12-14 13:11:56] [SEVERE ] placing card 10 in slot 9
[2022-12-14 13:12:57] [SEVERE ] removing all tokens
[2022-12-14 13:12:57] [SEVERE ] removing tokens from slot 0
[2022-12-14 13:12:57] [SEVERE ] removing tokens from slot 1
[2022-12-14 13:12:57] [SEVERE ] removing tokens from slot 2
[2022-12-14 13:12:57] [SEVERE ] removing tokens from slot 3
[2022-12-14 13:12:57] [SEVERE ] removing tokens from slot 4
[2022-12-14 13:12:57] [SEVERE ] removing tokens from slot 5
[2022-12-14 13:12:57] [SEVERE ] removing tokens from slot 6
[2022-12-14 13:12:57] [SEVERE ] removing tokens from slot 7
[2022-12-14 13:12:57] [SEVERE ] removing tokens from slot 8
[2022-12-14 13:12:57] [SEVERE ] removing tokens from slot 9
[2022-12-14 13:12:57] [SEVERE ] removing tokens from slot 10
[2022-12-14 13:12:57] [SEVERE ] removing tokens from slot 11
[2022-12-14 13:12:57] [SEVERE ] removing player 0 token from slot 0
[2022-12-14 13:12:57] [SEVERE ] removing player 0 token from slot 1
[2022-12-14 13:12:57] [SEVERE ] removing player 0 token from slot 2
[2022-12-14 13:12:57] [SEVERE ] removing player 1 token from slot 0
[2022-12-14 13:12:57] [SEVERE ] removing player 1 token from slot 1
[2022-12-14 13:12:57] [SEVERE ] removing player 1 token from slot 2
[2022-12-14 13:12:57] [SEVERE ] removing card from slot 0
[2022-12-14 13:12:57] [SEVERE ] removing card from slot 1
[2022-12-14 13:12:57] [SEVERE ] removing card from slot 2
[2022-12-14 13:12:57] [SEVERE ] removing card from slot 3
[2022-12-14 13:12:57] [SEVERE ] removing card from slot 4
[2022-12-14 13:12:57] [SEVERE ] removing card from slot 5
[2022-12-14 13:12:57] [SEVERE ] removing card from slot 6
[2022-12-14 13:12:58] [SEVERE ] removing card from slot 7
[2022-12-14 13:12:58] [SEVERE ] removing card from slot 8
[2022-12-14 13:12:58] [SEVERE ] removing card from slot 9
[2022-12-14 13:12:58] [SEVERE ] removing card from slot 10
[2022-12-14 13:12:58] [SEVERE ] removing card from slot 11
[2022-12-14 13:12:58] [SEVERE ] placing card 71 in slot 6
[2022-12-14 13:12:58] [SEVERE ] placing card 26 in slot 7
[2022-12-14 13:12:58] [SEVERE ] placing card 76 in slot 2
[2022-12-14 13:12:58] [SEVERE ] placing card 47 in slot 1
[2022-12-14 13:12:58] [SEVERE ] placing card 68 in slot 10
[2022-12-14 13:12:59] [SEVERE ] placing card 39 in slot 11
[2022-12-14 13:12:59] [SEVERE ] placing card 16 in slot 8
[2022-12-14 13:12:59] [SEVERE ] placing card 32 in slot 4
[2022-12-14 13:12:59] [SEVERE ] placing card 59 in slot 3
[2022-12-14 13:12:59] [SEVERE ] placing card 18 in slot 5
[2022-12-14 13:12:59] [SEVERE ] placing card 28 in slot 9
[2022-12-14 13:12:59] [SEVERE ] placing card 54 in slot 0
