[2022-12-13 16:23:42] [INFO   ] cannot read configuration file config.properties trying from resources.
[2022-12-13 16:23:42] [INFO   ] configuration file was loaded from resources directory.
[2022-12-13 16:23:42] [INFO   ] Thread dealer starting.
[2022-12-13 16:23:42] [INFO   ] Thread player0starting.
[2022-12-13 16:23:42] [INFO   ] Thread player1starting.
[2022-12-13 16:23:42] [SEVERE ] placing card 46 in slot 8
[2022-12-13 16:23:42] [SEVERE ] placing card 47 in slot 9
[2022-12-13 16:23:43] [SEVERE ] placing card 13 in slot 7
[2022-12-13 16:23:43] [SEVERE ] placing card 27 in slot 6
[2022-12-13 16:23:43] [SEVERE ] placing card 45 in slot 2
[2022-12-13 16:23:43] [SEVERE ] placing card 49 in slot 0
[2022-12-13 16:23:43] [SEVERE ] placing card 62 in slot 10
[2022-12-13 16:23:43] [SEVERE ] placing card 51 in slot 11
[2022-12-13 16:23:43] [SEVERE ] placing card 29 in slot 1
[2022-12-13 16:23:43] [SEVERE ] placing card 56 in slot 4
[2022-12-13 16:23:43] [SEVERE ] placing card 59 in slot 5
[2022-12-13 16:23:44] [SEVERE ] placing card 11 in slot 3
[2022-12-13 16:23:44] [SEVERE ] removing all tokens
[2022-12-13 16:23:44] [SEVERE ] removing tokens from slot 0
[2022-12-13 16:23:44] [SEVERE ] removing tokens from slot 1
[2022-12-13 16:23:44] [SEVERE ] removing tokens from slot 2
[2022-12-13 16:23:44] [SEVERE ] removing tokens from slot 3
[2022-12-13 16:23:44] [SEVERE ] removing tokens from slot 4
[2022-12-13 16:23:44] [SEVERE ] removing tokens from slot 5
[2022-12-13 16:23:44] [SEVERE ] removing tokens from slot 6
[2022-12-13 16:23:44] [SEVERE ] removing tokens from slot 7
[2022-12-13 16:23:44] [SEVERE ] removing tokens from slot 8
[2022-12-13 16:23:44] [SEVERE ] removing tokens from slot 9
[2022-12-13 16:23:44] [SEVERE ] removing tokens from slot 10
[2022-12-13 16:23:44] [SEVERE ] removing tokens from slot 11
[2022-12-13 16:23:44] [INFO   ] Thread main terminated.
