[2022-12-14 11:26:07] [INFO   ] cannot read configuration file config.properties trying from resources.
[2022-12-14 11:26:07] [INFO   ] configuration file was loaded from resources directory.
[2022-12-14 11:26:07] [INFO   ] Thread dealer starting.
[2022-12-14 11:26:07] [INFO   ] Thread player0starting.
[2022-12-14 11:26:07] [INFO   ] Thread player1starting.
[2022-12-14 11:26:07] [SEVERE ] placing card 72 in slot 9
[2022-12-14 11:26:08] [SEVERE ] placing card 27 in slot 10
[2022-12-14 11:26:08] [SEVERE ] placing card 58 in slot 3
[2022-12-14 11:26:08] [SEVERE ] placing card 41 in slot 0
[2022-12-14 11:26:08] [SEVERE ] placing card 45 in slot 11
[2022-12-14 11:26:08] [SEVERE ] placing card 70 in slot 7
[2022-12-14 11:26:08] [SEVERE ] placing card 25 in slot 5
[2022-12-14 11:26:08] [SEVERE ] placing card 79 in slot 8
[2022-12-14 11:26:08] [SEVERE ] placing card 19 in slot 2
[2022-12-14 11:26:08] [SEVERE ] placing card 69 in slot 6
[2022-12-14 11:26:08] [SEVERE ] placing card 62 in slot 4
[2022-12-14 11:26:09] [SEVERE ] placing card 24 in slot 1
[2022-12-14 11:27:10] [SEVERE ] removing all tokens
[2022-12-14 11:27:10] [SEVERE ] removing tokens from slot 0
[2022-12-14 11:27:10] [SEVERE ] removing tokens from slot 1
[2022-12-14 11:27:10] [SEVERE ] removing tokens from slot 2
[2022-12-14 11:27:10] [SEVERE ] removing tokens from slot 3
[2022-12-14 11:27:10] [SEVERE ] removing tokens from slot 4
[2022-12-14 11:27:10] [SEVERE ] removing tokens from slot 5
[2022-12-14 11:27:10] [SEVERE ] removing tokens from slot 6
[2022-12-14 11:27:10] [SEVERE ] removing tokens from slot 7
[2022-12-14 11:27:10] [SEVERE ] removing tokens from slot 8
[2022-12-14 11:27:10] [SEVERE ] removing tokens from slot 9
[2022-12-14 11:27:10] [SEVERE ] removing tokens from slot 10
[2022-12-14 11:27:10] [SEVERE ] removing tokens from slot 11
[2022-12-14 11:27:10] [SEVERE ] removing player 0 token from slot 0
[2022-12-14 11:27:10] [SEVERE ] removing player 0 token from slot 1
[2022-12-14 11:27:10] [SEVERE ] removing player 0 token from slot 2
[2022-12-14 11:27:10] [SEVERE ] removing player 1 token from slot 0
[2022-12-14 11:27:10] [SEVERE ] removing player 1 token from slot 1
[2022-12-14 11:27:10] [SEVERE ] removing player 1 token from slot 2
[2022-12-14 11:27:10] [SEVERE ] removing card from slot 0
[2022-12-14 11:27:10] [SEVERE ] removing card from slot 1
[2022-12-14 11:27:10] [SEVERE ] removing card from slot 2
[2022-12-14 11:27:10] [SEVERE ] removing card from slot 3
[2022-12-14 11:27:10] [SEVERE ] removing card from slot 4
[2022-12-14 11:27:10] [SEVERE ] removing card from slot 5
[2022-12-14 11:27:10] [SEVERE ] removing card from slot 6
[2022-12-14 11:27:10] [SEVERE ] removing card from slot 7
[2022-12-14 11:27:10] [SEVERE ] removing card from slot 8
[2022-12-14 11:27:11] [SEVERE ] removing card from slot 9
[2022-12-14 11:27:11] [SEVERE ] removing card from slot 10
[2022-12-14 11:27:11] [SEVERE ] removing card from slot 11
[2022-12-14 11:27:11] [SEVERE ] placing card 69 in slot 7
[2022-12-14 11:27:11] [SEVERE ] placing card 34 in slot 3
[2022-12-14 11:27:11] [SEVERE ] placing card 75 in slot 9
[2022-12-14 11:27:11] [SEVERE ] placing card 32 in slot 11
[2022-12-14 11:27:11] [SEVERE ] placing card 71 in slot 4
[2022-12-14 11:27:11] [SEVERE ] placing card 40 in slot 2
[2022-12-14 11:27:11] [SEVERE ] placing card 0 in slot 10
[2022-12-14 11:27:12] [SEVERE ] placing card 72 in slot 8
[2022-12-14 11:27:12] [SEVERE ] placing card 23 in slot 0
[2022-12-14 11:27:12] [SEVERE ] placing card 33 in slot 5
[2022-12-14 11:27:12] [SEVERE ] placing card 39 in slot 6
[2022-12-14 11:27:12] [SEVERE ] placing card 28 in slot 1
[2022-12-14 11:28:13] [SEVERE ] removing all tokens
[2022-12-14 11:28:13] [SEVERE ] removing tokens from slot 0
[2022-12-14 11:28:13] [SEVERE ] removing tokens from slot 1
[2022-12-14 11:28:13] [SEVERE ] removing tokens from slot 2
[2022-12-14 11:28:13] [SEVERE ] removing tokens from slot 3
[2022-12-14 11:28:13] [SEVERE ] removing tokens from slot 4
[2022-12-14 11:28:13] [SEVERE ] removing tokens from slot 5
[2022-12-14 11:28:13] [SEVERE ] removing tokens from slot 6
[2022-12-14 11:28:13] [SEVERE ] removing tokens from slot 7
[2022-12-14 11:28:13] [SEVERE ] removing tokens from slot 8
[2022-12-14 11:28:13] [SEVERE ] removing tokens from slot 9
[2022-12-14 11:28:13] [SEVERE ] removing tokens from slot 10
[2022-12-14 11:28:13] [SEVERE ] removing tokens from slot 11
[2022-12-14 11:28:13] [SEVERE ] removing player 0 token from slot 0
[2022-12-14 11:28:13] [SEVERE ] removing player 0 token from slot 1
[2022-12-14 11:28:13] [SEVERE ] removing player 0 token from slot 2
[2022-12-14 11:28:13] [SEVERE ] removing player 1 token from slot 0
[2022-12-14 11:28:13] [SEVERE ] removing player 1 token from slot 1
[2022-12-14 11:28:13] [SEVERE ] removing player 1 token from slot 2
[2022-12-14 11:28:13] [SEVERE ] removing card from slot 0
[2022-12-14 11:28:13] [SEVERE ] removing card from slot 1
[2022-12-14 11:28:13] [SEVERE ] removing card from slot 2
[2022-12-14 11:28:13] [SEVERE ] removing card from slot 3
[2022-12-14 11:28:13] [SEVERE ] removing card from slot 4
[2022-12-14 11:28:14] [SEVERE ] removing card from slot 5
[2022-12-14 11:28:14] [SEVERE ] removing card from slot 6
[2022-12-14 11:28:14] [SEVERE ] removing card from slot 7
[2022-12-14 11:28:14] [SEVERE ] removing card from slot 8
[2022-12-14 11:28:14] [SEVERE ] removing card from slot 9
[2022-12-14 11:28:14] [SEVERE ] removing card from slot 10
[2022-12-14 11:28:14] [SEVERE ] removing card from slot 11
[2022-12-14 11:28:14] [SEVERE ] placing card 13 in slot 4
[2022-12-14 11:28:14] [SEVERE ] placing card 18 in slot 1
[2022-12-14 11:28:14] [SEVERE ] placing card 67 in slot 7
[2022-12-14 11:28:15] [SEVERE ] placing card 47 in slot 3
[2022-12-14 11:28:15] [SEVERE ] placing card 50 in slot 11
[2022-12-14 11:28:15] [SEVERE ] placing card 62 in slot 6
[2022-12-14 11:28:15] [SEVERE ] placing card 38 in slot 8
[2022-12-14 11:28:15] [SEVERE ] placing card 14 in slot 10
[2022-12-14 11:28:15] [SEVERE ] placing card 7 in slot 9
[2022-12-14 11:28:15] [SEVERE ] placing card 46 in slot 5
[2022-12-14 11:28:15] [SEVERE ] placing card 54 in slot 0
[2022-12-14 11:28:15] [SEVERE ] placing card 73 in slot 2
