[2022-12-11 22:57:20] [INFO   ] cannot read configuration file config.properties trying from resources.
[2022-12-11 22:57:20] [INFO   ] configuration file was loaded from resources directory.
[2022-12-11 22:57:21] [INFO   ] Thread dealer starting.
[2022-12-11 22:57:21] [SEVERE ] placing card 15 in slot 0
[2022-12-11 22:57:21] [SEVERE ] placing card 29 in slot 1
[2022-12-11 22:57:21] [SEVERE ] placing card 74 in slot 2
[2022-12-11 22:57:21] [SEVERE ] placing card 75 in slot 3
[2022-12-11 22:57:21] [SEVERE ] placing card 23 in slot 4
[2022-12-11 22:57:21] [SEVERE ] placing card 65 in slot 5
[2022-12-11 22:57:21] [SEVERE ] placing card 64 in slot 6
[2022-12-11 22:57:21] [SEVERE ] placing card 8 in slot 7
[2022-12-11 22:57:21] [SEVERE ] placing card 46 in slot 8
[2022-12-11 22:57:21] [SEVERE ] placing card 43 in slot 9
[2022-12-11 22:57:21] [SEVERE ] placing card 10 in slot 10
[2022-12-11 22:57:21] [SEVERE ] placing card 49 in slot 11
[2022-12-11 22:57:21] [SEVERE ] placing card 55 in slot 0
[2022-12-11 22:57:21] [SEVERE ] placing card 76 in slot 1
[2022-12-11 22:57:21] [SEVERE ] placing card 56 in slot 2
[2022-12-11 22:57:21] [SEVERE ] placing card 26 in slot 3
[2022-12-11 22:57:21] [SEVERE ] placing card 6 in slot 4
[2022-12-11 22:57:21] [SEVERE ] placing card 58 in slot 5
[2022-12-11 22:57:21] [SEVERE ] placing card 31 in slot 6
[2022-12-11 22:57:21] [SEVERE ] placing card 70 in slot 7
[2022-12-11 22:57:21] [SEVERE ] placing card 60 in slot 8
[2022-12-11 22:57:21] [SEVERE ] placing card 17 in slot 9
[2022-12-11 22:57:21] [SEVERE ] placing card 5 in slot 10
[2022-12-11 22:57:21] [INFO   ] Thread main terminated.
