[2022-12-14 12:26:54] [INFO   ] cannot read configuration file config.properties trying from resources.
[2022-12-14 12:26:54] [INFO   ] configuration file was loaded from resources directory.
[2022-12-14 12:26:55] [INFO   ] Thread dealer starting.
[2022-12-14 12:26:55] [INFO   ] Thread player0starting.
[2022-12-14 12:26:55] [INFO   ] Thread player1starting.
[2022-12-14 12:26:55] [SEVERE ] placing card 52 in slot 7
[2022-12-14 12:26:55] [SEVERE ] placing card 57 in slot 2
[2022-12-14 12:26:55] [SEVERE ] placing card 31 in slot 1
[2022-12-14 12:26:55] [SEVERE ] placing card 3 in slot 5
[2022-12-14 12:26:55] [SEVERE ] placing card 71 in slot 0
[2022-12-14 12:26:55] [SEVERE ] placing card 78 in slot 4
[2022-12-14 12:26:56] [SEVERE ] placing card 55 in slot 11
[2022-12-14 12:26:56] [SEVERE ] placing card 16 in slot 3
[2022-12-14 12:26:56] [SEVERE ] placing card 8 in slot 10
[2022-12-14 12:26:56] [SEVERE ] placing card 46 in slot 8
[2022-12-14 12:26:56] [SEVERE ] placing card 62 in slot 6
[2022-12-14 12:26:56] [SEVERE ] placing card 37 in slot 9
[2022-12-14 12:26:57] [SEVERE ] Key 90 was pressed by player 0
[2022-12-14 12:26:57] [SEVERE ] player 0 placing token on slot 8
[2022-12-14 12:26:57] [SEVERE ] Key 88 was pressed by player 0
[2022-12-14 12:26:57] [SEVERE ] player 0 placing token on slot 9
[2022-12-14 12:26:57] [SEVERE ] Key 67 was pressed by player 0
[2022-12-14 12:26:57] [SEVERE ] player 0 placing token on slot 10
[2022-12-14 12:26:57] [SEVERE ] setting player 0 freeze to 3000
[2022-12-14 12:26:58] [SEVERE ] setting player 0 freeze to 2000
[2022-12-14 12:26:59] [SEVERE ] setting player 0 freeze to 1000
[2022-12-14 12:27:00] [SEVERE ] setting player 0 freeze to 0
