[2022-12-12 21:10:05] [INFO   ] cannot read configuration file config.properties trying from resources.
[2022-12-12 21:10:05] [INFO   ] configuration file was loaded from resources directory.
[2022-12-12 21:10:05] [INFO   ] Thread dealer starting.
[2022-12-12 21:10:05] [SEVERE ] placing card 54 in slot 4
[2022-12-12 21:10:06] [SEVERE ] placing card 22 in slot 5
[2022-12-12 21:10:06] [SEVERE ] placing card 3 in slot 6
[2022-12-12 21:10:06] [SEVERE ] placing card 70 in slot 8
[2022-12-12 21:10:06] [SEVERE ] placing card 61 in slot 0
[2022-12-12 21:10:06] [SEVERE ] placing card 69 in slot 1
[2022-12-12 21:10:06] [SEVERE ] placing card 44 in slot 3
[2022-12-12 21:10:06] [SEVERE ] placing card 75 in slot 10
[2022-12-12 21:10:06] [SEVERE ] placing card 48 in slot 7
[2022-12-12 21:10:06] [SEVERE ] placing card 67 in slot 11
[2022-12-12 21:10:06] [SEVERE ] placing card 11 in slot 2
[2022-12-12 21:10:07] [SEVERE ] placing card 64 in slot 9
[2022-12-12 21:10:13] [SEVERE ] Key 90 was pressed by player 0
[2022-12-12 21:10:13] [SEVERE ] Key 88 was pressed by player 0
[2022-12-12 21:10:13] [SEVERE ] Key 90 was pressed by player 0
[2022-12-12 21:10:13] [SEVERE ] Key 67 was pressed by player 0
[2022-12-12 21:10:14] [SEVERE ] Key 86 was pressed by player 0
[2022-12-12 21:10:14] [SEVERE ] Key 65 was pressed by player 0
[2022-12-12 21:10:14] [SEVERE ] Key 83 was pressed by player 0
[2022-12-12 21:10:14] [SEVERE ] Key 68 was pressed by player 0
[2022-12-12 21:10:14] [SEVERE ] Key 65 was pressed by player 0
[2022-12-12 21:10:14] [SEVERE ] Key 90 was pressed by player 0
[2022-12-12 21:10:14] [SEVERE ] Key 88 was pressed by player 0
[2022-12-12 21:10:15] [SEVERE ] Key 67 was pressed by player 0
[2022-12-12 21:10:15] [SEVERE ] Key 88 was pressed by player 0
[2022-12-12 21:10:15] [SEVERE ] Key 90 was pressed by player 0
[2022-12-12 21:10:15] [SEVERE ] Key 65 was pressed by player 0
[2022-12-12 21:10:15] [SEVERE ] Key 83 was pressed by player 0
[2022-12-12 21:10:15] [SEVERE ] Key 68 was pressed by player 0
[2022-12-12 21:10:15] [SEVERE ] Key 81 was pressed by player 0
[2022-12-12 21:10:15] [SEVERE ] Key 87 was pressed by player 0
[2022-12-12 21:10:15] [SEVERE ] Key 69 was pressed by player 0
[2022-12-12 21:10:16] [SEVERE ] Key 81 was pressed by player 0
[2022-12-12 21:10:20] [SEVERE ] Exit button pressed
