[2022-12-14 14:18:26] [INFO   ] cannot read configuration file config.properties trying from resources.
[2022-12-14 14:18:26] [INFO   ] configuration file was loaded from resources directory.
[2022-12-14 14:18:26] [INFO   ] Thread dealer starting.
[2022-12-14 14:18:26] [INFO   ] Thread player1starting.
[2022-12-14 14:18:26] [INFO   ] Thread player0starting.
[2022-12-14 14:18:26] [SEVERE ] placing card 46 in slot 9
[2022-12-14 14:18:26] [SEVERE ] placing card 62 in slot 2
[2022-12-14 14:18:27] [SEVERE ] placing card 5 in slot 6
[2022-12-14 14:18:27] [SEVERE ] placing card 4 in slot 11
[2022-12-14 14:18:27] [SEVERE ] placing card 33 in slot 1
[2022-12-14 14:18:27] [SEVERE ] placing card 57 in slot 7
[2022-12-14 14:18:27] [SEVERE ] placing card 14 in slot 4
[2022-12-14 14:18:27] [SEVERE ] placing card 2 in slot 3
[2022-12-14 14:18:27] [SEVERE ] placing card 23 in slot 10
[2022-12-14 14:18:27] [SEVERE ] placing card 60 in slot 0
[2022-12-14 14:18:27] [SEVERE ] placing card 69 in slot 5
[2022-12-14 14:18:27] [SEVERE ] placing card 42 in slot 8
[2022-12-14 14:18:37] [SEVERE ] Key 83 was pressed by player 0
[2022-12-14 14:18:37] [SEVERE ] player 0 placing token on slot 5
[2022-12-14 14:18:37] [SEVERE ] Key 68 was pressed by player 0
[2022-12-14 14:18:37] [SEVERE ] player 0 placing token on slot 6
[2022-12-14 14:18:37] [SEVERE ] Key 70 was pressed by player 0
[2022-12-14 14:18:37] [SEVERE ] player 0 placing token on slot 7
[2022-12-14 14:18:37] [SEVERE ] setting player 0 freeze to 3000
[2022-12-14 14:18:38] [SEVERE ] setting player 0 freeze to 2000
[2022-12-14 14:18:39] [SEVERE ] setting player 0 freeze to 1000
[2022-12-14 14:18:40] [SEVERE ] setting player 0 freeze to 0
[2022-12-14 14:19:28] [SEVERE ] removing all tokens
[2022-12-14 14:19:28] [SEVERE ] removing tokens from slot 0
[2022-12-14 14:19:28] [SEVERE ] removing tokens from slot 1
[2022-12-14 14:19:28] [SEVERE ] removing tokens from slot 2
[2022-12-14 14:19:28] [SEVERE ] removing tokens from slot 3
[2022-12-14 14:19:28] [SEVERE ] removing tokens from slot 4
[2022-12-14 14:19:28] [SEVERE ] removing tokens from slot 5
[2022-12-14 14:19:28] [SEVERE ] removing tokens from slot 6
[2022-12-14 14:19:28] [SEVERE ] removing tokens from slot 7
[2022-12-14 14:19:28] [SEVERE ] removing tokens from slot 8
[2022-12-14 14:19:28] [SEVERE ] removing tokens from slot 9
[2022-12-14 14:19:28] [SEVERE ] removing tokens from slot 10
[2022-12-14 14:19:28] [SEVERE ] removing tokens from slot 11
[2022-12-14 14:19:28] [SEVERE ] removing player 0 token from slot 0
[2022-12-14 14:19:28] [SEVERE ] removing player 0 token from slot 1
[2022-12-14 14:19:28] [SEVERE ] removing player 0 token from slot 2
[2022-12-14 14:19:28] [SEVERE ] removing player 1 token from slot 0
[2022-12-14 14:19:28] [SEVERE ] removing player 1 token from slot 1
[2022-12-14 14:19:28] [SEVERE ] removing player 1 token from slot 2
[2022-12-14 14:19:29] [SEVERE ] removing card from slot 0
[2022-12-14 14:19:29] [SEVERE ] removing card from slot 1
[2022-12-14 14:19:29] [SEVERE ] removing card from slot 2
[2022-12-14 14:19:29] [SEVERE ] removing card from slot 3
[2022-12-14 14:19:29] [SEVERE ] removing card from slot 4
[2022-12-14 14:19:29] [SEVERE ] removing card from slot 5
[2022-12-14 14:19:29] [SEVERE ] removing card from slot 6
[2022-12-14 14:19:29] [SEVERE ] removing card from slot 7
[2022-12-14 14:19:29] [SEVERE ] removing card from slot 8
[2022-12-14 14:19:29] [SEVERE ] removing card from slot 9
[2022-12-14 14:19:30] [SEVERE ] removing card from slot 10
[2022-12-14 14:19:30] [SEVERE ] removing card from slot 11
[2022-12-14 14:19:30] [SEVERE ] placing card 61 in slot 3
[2022-12-14 14:19:30] [SEVERE ] placing card 38 in slot 5
[2022-12-14 14:19:30] [SEVERE ] placing card 40 in slot 0
[2022-12-14 14:19:30] [SEVERE ] placing card 30 in slot 6
[2022-12-14 14:19:30] [SEVERE ] placing card 35 in slot 1
[2022-12-14 14:19:30] [SEVERE ] placing card 36 in slot 8
[2022-12-14 14:19:30] [SEVERE ] placing card 37 in slot 10
[2022-12-14 14:19:30] [SEVERE ] placing card 74 in slot 4
[2022-12-14 14:19:31] [SEVERE ] placing card 76 in slot 7
[2022-12-14 14:19:31] [SEVERE ] placing card 78 in slot 2
[2022-12-14 14:19:31] [SEVERE ] placing card 62 in slot 9
[2022-12-14 14:19:31] [SEVERE ] placing card 59 in slot 11
