[2022-12-14 12:42:40] [INFO   ] cannot read configuration file config.properties trying from resources.
[2022-12-14 12:42:40] [INFO   ] configuration file was loaded from resources directory.
[2022-12-14 12:42:40] [INFO   ] Thread dealer starting.
[2022-12-14 12:42:40] [INFO   ] Thread player0starting.
[2022-12-14 12:42:40] [INFO   ] Thread player1starting.
[2022-12-14 12:42:40] [SEVERE ] placing card 49 in slot 5
[2022-12-14 12:42:40] [SEVERE ] placing card 8 in slot 3
[2022-12-14 12:42:41] [SEVERE ] placing card 21 in slot 11
[2022-12-14 12:42:41] [SEVERE ] placing card 31 in slot 0
[2022-12-14 12:42:41] [SEVERE ] placing card 13 in slot 9
[2022-12-14 12:42:41] [SEVERE ] placing card 50 in slot 1
[2022-12-14 12:42:41] [SEVERE ] placing card 4 in slot 2
[2022-12-14 12:42:41] [SEVERE ] placing card 66 in slot 10
[2022-12-14 12:42:41] [SEVERE ] placing card 37 in slot 8
[2022-12-14 12:42:41] [SEVERE ] placing card 76 in slot 7
[2022-12-14 12:42:41] [SEVERE ] placing card 30 in slot 6
[2022-12-14 12:42:41] [SEVERE ] placing card 69 in slot 4
[2022-12-14 12:42:43] [SEVERE ] Key 90 was pressed by player 0
[2022-12-14 12:42:43] [SEVERE ] player 0 placing token on slot 8
[2022-12-14 12:42:43] [SEVERE ] Key 88 was pressed by player 0
[2022-12-14 12:42:43] [SEVERE ] player 0 placing token on slot 9
[2022-12-14 12:42:44] [SEVERE ] Key 67 was pressed by player 0
[2022-12-14 12:42:44] [SEVERE ] player 0 placing token on slot 10
[2022-12-14 12:42:44] [SEVERE ] setting player 0 freeze to 3000
[2022-12-14 12:42:45] [SEVERE ] setting player 0 freeze to 2000
[2022-12-14 12:42:46] [SEVERE ] setting player 0 freeze to 1000
[2022-12-14 12:42:47] [SEVERE ] setting player 0 freeze to 0
[2022-12-14 12:42:50] [SEVERE ] Key 86 was pressed by player 0
[2022-12-14 12:42:50] [SEVERE ] Key 86 was pressed by player 0
[2022-12-14 12:42:50] [SEVERE ] Key 86 was pressed by player 0
[2022-12-14 12:42:50] [SEVERE ] Key 86 was pressed by player 0
[2022-12-14 12:42:51] [SEVERE ] Key 86 was pressed by player 0
[2022-12-14 12:42:51] [SEVERE ] Key 86 was pressed by player 0
[2022-12-14 12:42:51] [SEVERE ] Key 86 was pressed by player 0
[2022-12-14 12:42:51] [SEVERE ] Key 86 was pressed by player 0
[2022-12-14 12:42:52] [SEVERE ] Key 86 was pressed by player 0
[2022-12-14 12:42:54] [SEVERE ] Key 67 was pressed by player 0
[2022-12-14 12:42:54] [SEVERE ] removing player 0 token from slot 10
[2022-12-14 12:42:57] [SEVERE ] Key 67 was pressed by player 0
[2022-12-14 12:42:57] [SEVERE ] player 0 placing token on slot 10
[2022-12-14 12:42:57] [SEVERE ] setting player 0 freeze to 3000
[2022-12-14 12:42:58] [SEVERE ] Key 67 was pressed by player 0
[2022-12-14 12:42:58] [SEVERE ] Key 67 was pressed by player 0
[2022-12-14 12:42:58] [SEVERE ] setting player 0 freeze to 2000
[2022-12-14 12:42:59] [SEVERE ] Key 67 was pressed by player 0
[2022-12-14 12:42:59] [SEVERE ] Key 67 was pressed by player 0
[2022-12-14 12:42:59] [SEVERE ] setting player 0 freeze to 1000
[2022-12-14 12:43:00] [SEVERE ] Key 67 was pressed by player 0
[2022-12-14 12:43:00] [SEVERE ] setting player 0 freeze to 0
[2022-12-14 12:43:08] [SEVERE ] Key 90 was pressed by player 0
[2022-12-14 12:43:08] [SEVERE ] removing player 0 token from slot 8
[2022-12-14 12:43:08] [SEVERE ] Key 88 was pressed by player 0
[2022-12-14 12:43:08] [SEVERE ] removing player 0 token from slot 9
[2022-12-14 12:43:09] [SEVERE ] Key 67 was pressed by player 0
[2022-12-14 12:43:09] [SEVERE ] removing player 0 token from slot 10
[2022-12-14 12:43:18] [SEVERE ] Key 87 was pressed by player 0
[2022-12-14 12:43:18] [SEVERE ] player 0 placing token on slot 1
[2022-12-14 12:43:18] [SEVERE ] Key 69 was pressed by player 0
[2022-12-14 12:43:18] [SEVERE ] player 0 placing token on slot 2
[2022-12-14 12:43:19] [SEVERE ] Key 67 was pressed by player 0
[2022-12-14 12:43:19] [SEVERE ] player 0 placing token on slot 10
[2022-12-14 12:43:19] [SEVERE ] removing player 0 token from slot 1
[2022-12-14 12:43:19] [SEVERE ] removing card from slot 1
[2022-12-14 12:43:19] [SEVERE ] removing player 0 token from slot 2
[2022-12-14 12:43:20] [SEVERE ] removing card from slot 2
[2022-12-14 12:43:20] [SEVERE ] removing player 0 token from slot 10
[2022-12-14 12:43:20] [SEVERE ] removing card from slot 10
[2022-12-14 12:43:20] [SEVERE ] placing card 52 in slot 1
[2022-12-14 12:43:20] [SEVERE ] placing card 74 in slot 2
[2022-12-14 12:43:20] [SEVERE ] placing card 7 in slot 10
[2022-12-14 12:43:20] [SEVERE ] setting player 0 score to 1
[2022-12-14 12:43:20] [SEVERE ] setting player 0 freeze to 1000
[2022-12-14 12:43:21] [SEVERE ] setting player 0 freeze to 0
[2022-12-14 12:43:45] [SEVERE ] Key 81 was pressed by player 0
[2022-12-14 12:43:45] [SEVERE ] player 0 placing token on slot 0
[2022-12-14 12:43:45] [SEVERE ] Key 87 was pressed by player 0
[2022-12-14 12:43:45] [SEVERE ] player 0 placing token on slot 1
[2022-12-14 12:43:48] [SEVERE ] Key 90 was pressed by player 0
[2022-12-14 12:43:48] [SEVERE ] player 0 placing token on slot 8
[2022-12-14 12:43:48] [SEVERE ] removing player 0 token from slot 0
[2022-12-14 12:43:48] [SEVERE ] removing card from slot 0
[2022-12-14 12:43:48] [SEVERE ] removing player 0 token from slot 1
[2022-12-14 12:43:48] [SEVERE ] removing card from slot 1
[2022-12-14 12:43:48] [SEVERE ] removing player 0 token from slot 8
[2022-12-14 12:43:48] [SEVERE ] Key 88 was pressed by player 0
[2022-12-14 12:43:48] [SEVERE ] player 0 placing token on slot 9
[2022-12-14 12:43:48] [SEVERE ] removing card from slot 8
[2022-12-14 12:43:48] [SEVERE ] Key 67 was pressed by player 0
[2022-12-14 12:43:48] [SEVERE ] player 0 placing token on slot 10
[2022-12-14 12:43:48] [SEVERE ] placing card 64 in slot 0
[2022-12-14 12:43:48] [SEVERE ] Key 88 was pressed by player 0
[2022-12-14 12:43:48] [SEVERE ] removing player 0 token from slot 9
[2022-12-14 12:43:48] [SEVERE ] placing card 80 in slot 8
[2022-12-14 12:43:48] [SEVERE ] Key 67 was pressed by player 0
[2022-12-14 12:43:48] [SEVERE ] removing player 0 token from slot 10
[2022-12-14 12:43:48] [SEVERE ] placing card 61 in slot 1
[2022-12-14 12:43:48] [SEVERE ] setting player 0 score to 2
[2022-12-14 12:43:48] [SEVERE ] setting player 0 freeze to 1000
[2022-12-14 12:43:49] [SEVERE ] setting player 0 freeze to 0
[2022-12-14 12:43:57] [SEVERE ] Key 87 was pressed by player 0
[2022-12-14 12:43:57] [SEVERE ] player 0 placing token on slot 1
[2022-12-14 12:43:58] [SEVERE ] Key 83 was pressed by player 0
[2022-12-14 12:43:58] [SEVERE ] player 0 placing token on slot 5
[2022-12-14 12:43:59] [SEVERE ] Key 83 was pressed by player 0
[2022-12-14 12:43:59] [SEVERE ] removing player 0 token from slot 5
[2022-12-14 12:43:59] [SEVERE ] Key 65 was pressed by player 0
[2022-12-14 12:43:59] [SEVERE ] player 0 placing token on slot 4
[2022-12-14 12:44:02] [SEVERE ] Key 90 was pressed by player 0
[2022-12-14 12:44:02] [SEVERE ] player 0 placing token on slot 8
[2022-12-14 12:44:02] [SEVERE ] removing player 0 token from slot 1
[2022-12-14 12:44:02] [SEVERE ] removing card from slot 1
[2022-12-14 12:44:02] [SEVERE ] removing player 0 token from slot 4
[2022-12-14 12:44:02] [SEVERE ] removing card from slot 4
[2022-12-14 12:44:02] [SEVERE ] removing player 0 token from slot 8
[2022-12-14 12:44:02] [SEVERE ] removing card from slot 8
[2022-12-14 12:44:02] [SEVERE ] placing card 29 in slot 8
[2022-12-14 12:44:02] [SEVERE ] placing card 10 in slot 4
[2022-12-14 12:44:03] [SEVERE ] Key 90 was pressed by player 0
[2022-12-14 12:44:03] [SEVERE ] player 0 placing token on slot 8
[2022-12-14 12:44:03] [SEVERE ] placing card 67 in slot 1
[2022-12-14 12:44:03] [SEVERE ] setting player 0 score to 3
[2022-12-14 12:44:03] [SEVERE ] setting player 0 freeze to 1000
[2022-12-14 12:44:03] [SEVERE ] Key 90 was pressed by player 0
[2022-12-14 12:44:03] [SEVERE ] Key 90 was pressed by player 0
[2022-12-14 12:44:03] [SEVERE ] Key 88 was pressed by player 0
[2022-12-14 12:44:03] [SEVERE ] Key 90 was pressed by player 0
[2022-12-14 12:44:04] [SEVERE ] setting player 0 freeze to 0
[2022-12-14 12:44:04] [SEVERE ] Key 88 was pressed by player 0
[2022-12-14 12:44:04] [SEVERE ] player 0 placing token on slot 9
[2022-12-14 12:44:04] [SEVERE ] Key 90 was pressed by player 0
[2022-12-14 12:44:04] [SEVERE ] removing player 0 token from slot 8
[2022-12-14 12:44:04] [SEVERE ] Key 88 was pressed by player 0
[2022-12-14 12:44:04] [SEVERE ] removing player 0 token from slot 9
[2022-12-14 12:44:04] [SEVERE ] Key 90 was pressed by player 0
[2022-12-14 12:44:04] [SEVERE ] player 0 placing token on slot 8
[2022-12-14 12:44:04] [SEVERE ] Key 88 was pressed by player 0
[2022-12-14 12:44:04] [SEVERE ] player 0 placing token on slot 9
[2022-12-14 12:44:06] [SEVERE ] Key 90 was pressed by player 0
[2022-12-14 12:44:06] [SEVERE ] removing player 0 token from slot 8
[2022-12-14 12:44:06] [SEVERE ] Key 88 was pressed by player 0
[2022-12-14 12:44:06] [SEVERE ] removing player 0 token from slot 9
[2022-12-14 12:44:19] [SEVERE ] Key 90 was pressed by player 0
[2022-12-14 12:44:19] [SEVERE ] player 0 placing token on slot 8
[2022-12-14 12:44:19] [SEVERE ] Key 88 was pressed by player 0
[2022-12-14 12:44:19] [SEVERE ] player 0 placing token on slot 9
[2022-12-14 12:44:19] [SEVERE ] Key 67 was pressed by player 0
[2022-12-14 12:44:19] [SEVERE ] player 0 placing token on slot 10
[2022-12-14 12:44:19] [SEVERE ] setting player 0 freeze to 3000
[2022-12-14 12:44:20] [SEVERE ] Key 67 was pressed by player 0
[2022-12-14 12:44:20] [SEVERE ] Key 67 was pressed by player 0
[2022-12-14 12:44:20] [SEVERE ] Key 88 was pressed by player 0
[2022-12-14 12:44:20] [SEVERE ] Key 67 was pressed by player 0
[2022-12-14 12:44:20] [SEVERE ] setting player 0 freeze to 2000
[2022-12-14 12:44:21] [SEVERE ] Key 67 was pressed by player 0
[2022-12-14 12:44:21] [SEVERE ] Key 65 was pressed by player 0
[2022-12-14 12:44:21] [SEVERE ] Key 83 was pressed by player 0
[2022-12-14 12:44:21] [SEVERE ] Key 68 was pressed by player 0
[2022-12-14 12:44:21] [SEVERE ] Key 65 was pressed by player 0
[2022-12-14 12:44:21] [SEVERE ] Key 68 was pressed by player 0
[2022-12-14 12:44:21] [SEVERE ] setting player 0 freeze to 1000
[2022-12-14 12:44:22] [SEVERE ] Key 90 was pressed by player 0
[2022-12-14 12:44:22] [SEVERE ] Key 88 was pressed by player 0
[2022-12-14 12:44:22] [SEVERE ] Key 67 was pressed by player 0
[2022-12-14 12:44:22] [SEVERE ] Key 90 was pressed by player 0
[2022-12-14 12:44:22] [SEVERE ] Key 88 was pressed by player 0
[2022-12-14 12:44:22] [SEVERE ] Key 67 was pressed by player 0
[2022-12-14 12:44:22] [SEVERE ] Key 90 was pressed by player 0
[2022-12-14 12:44:22] [SEVERE ] setting player 0 freeze to 0
[2022-12-14 12:44:25] [SEVERE ] Key 67 was pressed by player 0
[2022-12-14 12:44:25] [SEVERE ] removing player 0 token from slot 10
[2022-12-14 12:44:28] [SEVERE ] Key 88 was pressed by player 0
[2022-12-14 12:44:28] [SEVERE ] removing player 0 token from slot 9
[2022-12-14 12:44:28] [SEVERE ] Key 90 was pressed by player 0
[2022-12-14 12:44:28] [SEVERE ] removing player 0 token from slot 8
[2022-12-14 12:45:03] [SEVERE ] removing all tokens
[2022-12-14 12:45:03] [SEVERE ] removing tokens from slot 0
[2022-12-14 12:45:03] [SEVERE ] removing tokens from slot 1
[2022-12-14 12:45:03] [SEVERE ] removing tokens from slot 2
[2022-12-14 12:45:03] [SEVERE ] removing tokens from slot 3
[2022-12-14 12:45:03] [SEVERE ] removing tokens from slot 4
[2022-12-14 12:45:03] [SEVERE ] removing tokens from slot 5
[2022-12-14 12:45:03] [SEVERE ] removing tokens from slot 6
[2022-12-14 12:45:03] [SEVERE ] removing tokens from slot 7
[2022-12-14 12:45:03] [SEVERE ] removing tokens from slot 8
[2022-12-14 12:45:03] [SEVERE ] removing tokens from slot 9
[2022-12-14 12:45:03] [SEVERE ] removing tokens from slot 10
[2022-12-14 12:45:03] [SEVERE ] removing tokens from slot 11
[2022-12-14 12:45:03] [SEVERE ] removing player 0 token from slot 0
[2022-12-14 12:45:03] [SEVERE ] removing player 0 token from slot 1
[2022-12-14 12:45:03] [SEVERE ] removing player 0 token from slot 2
[2022-12-14 12:45:03] [SEVERE ] removing player 1 token from slot 0
[2022-12-14 12:45:03] [SEVERE ] removing player 1 token from slot 1
[2022-12-14 12:45:03] [SEVERE ] removing player 1 token from slot 2
[2022-12-14 12:45:03] [SEVERE ] removing card from slot 0
[2022-12-14 12:45:03] [SEVERE ] removing card from slot 1
[2022-12-14 12:45:03] [SEVERE ] removing card from slot 2
[2022-12-14 12:45:03] [SEVERE ] removing card from slot 3
[2022-12-14 12:45:03] [SEVERE ] removing card from slot 4
[2022-12-14 12:45:03] [SEVERE ] removing card from slot 5
[2022-12-14 12:45:03] [SEVERE ] removing card from slot 6
[2022-12-14 12:45:03] [SEVERE ] removing card from slot 7
[2022-12-14 12:45:03] [SEVERE ] removing card from slot 8
[2022-12-14 12:45:04] [SEVERE ] removing card from slot 9
[2022-12-14 12:45:04] [SEVERE ] removing card from slot 10
[2022-12-14 12:45:04] [SEVERE ] removing card from slot 11
[2022-12-14 12:45:04] [SEVERE ] placing card 58 in slot 9
[2022-12-14 12:45:04] [SEVERE ] placing card 1 in slot 10
[2022-12-14 12:45:04] [SEVERE ] placing card 2 in slot 1
[2022-12-14 12:45:04] [SEVERE ] placing card 6 in slot 8
[2022-12-14 12:45:04] [SEVERE ] placing card 54 in slot 0
[2022-12-14 12:45:04] [SEVERE ] placing card 5 in slot 3
[2022-12-14 12:45:04] [SEVERE ] placing card 71 in slot 4
[2022-12-14 12:45:05] [SEVERE ] placing card 14 in slot 6
[2022-12-14 12:45:05] [SEVERE ] placing card 68 in slot 11
[2022-12-14 12:45:05] [SEVERE ] placing card 56 in slot 5
[2022-12-14 12:45:05] [SEVERE ] placing card 78 in slot 7
[2022-12-14 12:45:05] [SEVERE ] placing card 72 in slot 2
[2022-12-14 12:45:19] [SEVERE ] Key 87 was pressed by player 0
[2022-12-14 12:45:19] [SEVERE ] player 0 placing token on slot 1
[2022-12-14 12:45:20] [SEVERE ] Key 87 was pressed by player 0
[2022-12-14 12:45:20] [SEVERE ] removing player 0 token from slot 1
[2022-12-14 12:45:20] [SEVERE ] Key 69 was pressed by player 0
[2022-12-14 12:45:20] [SEVERE ] player 0 placing token on slot 2
[2022-12-14 12:45:20] [SEVERE ] Key 90 was pressed by player 0
[2022-12-14 12:45:20] [SEVERE ] player 0 placing token on slot 8
[2022-12-14 12:45:21] [SEVERE ] Key 90 was pressed by player 0
[2022-12-14 12:45:21] [SEVERE ] removing player 0 token from slot 8
[2022-12-14 12:45:21] [SEVERE ] Key 88 was pressed by player 0
[2022-12-14 12:45:21] [SEVERE ] player 0 placing token on slot 9
[2022-12-14 12:45:25] [SEVERE ] Key 65 was pressed by player 0
[2022-12-14 12:45:25] [SEVERE ] player 0 placing token on slot 4
[2022-12-14 12:45:25] [SEVERE ] removing player 0 token from slot 2
[2022-12-14 12:45:25] [SEVERE ] removing card from slot 2
[2022-12-14 12:45:25] [SEVERE ] removing player 0 token from slot 9
[2022-12-14 12:45:25] [SEVERE ] removing card from slot 9
[2022-12-14 12:45:25] [SEVERE ] removing player 0 token from slot 4
[2022-12-14 12:45:25] [SEVERE ] removing card from slot 4
[2022-12-14 12:45:25] [SEVERE ] placing card 18 in slot 2
[2022-12-14 12:45:25] [SEVERE ] placing card 19 in slot 4
[2022-12-14 12:45:25] [SEVERE ] placing card 51 in slot 9
[2022-12-14 12:45:25] [SEVERE ] setting player 0 score to 4
[2022-12-14 12:45:25] [SEVERE ] setting player 0 freeze to 1000
[2022-12-14 12:45:26] [SEVERE ] Key 88 was pressed by player 0
[2022-12-14 12:45:26] [SEVERE ] Key 88 was pressed by player 0
[2022-12-14 12:45:26] [SEVERE ] setting player 0 freeze to 0
[2022-12-14 12:45:26] [SEVERE ] Key 88 was pressed by player 0
[2022-12-14 12:45:26] [SEVERE ] player 0 placing token on slot 9
[2022-12-14 12:45:27] [SEVERE ] Key 88 was pressed by player 0
[2022-12-14 12:45:27] [SEVERE ] removing player 0 token from slot 9
[2022-12-14 12:46:25] [SEVERE ] removing all tokens
[2022-12-14 12:46:25] [SEVERE ] removing tokens from slot 0
[2022-12-14 12:46:25] [SEVERE ] removing tokens from slot 1
[2022-12-14 12:46:25] [SEVERE ] removing tokens from slot 2
[2022-12-14 12:46:25] [SEVERE ] removing tokens from slot 3
[2022-12-14 12:46:25] [SEVERE ] removing tokens from slot 4
[2022-12-14 12:46:25] [SEVERE ] removing tokens from slot 5
[2022-12-14 12:46:25] [SEVERE ] removing tokens from slot 6
[2022-12-14 12:46:25] [SEVERE ] removing tokens from slot 7
[2022-12-14 12:46:25] [SEVERE ] removing tokens from slot 8
[2022-12-14 12:46:25] [SEVERE ] removing tokens from slot 9
[2022-12-14 12:46:25] [SEVERE ] removing tokens from slot 10
[2022-12-14 12:46:25] [SEVERE ] removing tokens from slot 11
[2022-12-14 12:46:25] [SEVERE ] removing player 0 token from slot 0
[2022-12-14 12:46:25] [SEVERE ] removing player 0 token from slot 1
[2022-12-14 12:46:25] [SEVERE ] removing player 0 token from slot 2
[2022-12-14 12:46:25] [SEVERE ] removing player 1 token from slot 0
[2022-12-14 12:46:25] [SEVERE ] removing player 1 token from slot 1
[2022-12-14 12:46:25] [SEVERE ] removing player 1 token from slot 2
[2022-12-14 12:46:25] [SEVERE ] removing card from slot 0
[2022-12-14 12:46:25] [SEVERE ] removing card from slot 1
[2022-12-14 12:46:25] [SEVERE ] removing card from slot 2
[2022-12-14 12:46:26] [SEVERE ] removing card from slot 3
[2022-12-14 12:46:26] [SEVERE ] removing card from slot 4
[2022-12-14 12:46:26] [SEVERE ] removing card from slot 5
[2022-12-14 12:46:26] [SEVERE ] removing card from slot 6
[2022-12-14 12:46:26] [SEVERE ] removing card from slot 7
[2022-12-14 12:46:26] [SEVERE ] removing card from slot 8
[2022-12-14 12:46:26] [SEVERE ] removing card from slot 9
[2022-12-14 12:46:26] [SEVERE ] removing card from slot 10
[2022-12-14 12:46:26] [SEVERE ] removing card from slot 11
[2022-12-14 12:46:26] [SEVERE ] placing card 35 in slot 7
[2022-12-14 12:46:27] [SEVERE ] placing card 14 in slot 6
[2022-12-14 12:46:27] [SEVERE ] placing card 6 in slot 10
[2022-12-14 12:46:27] [SEVERE ] placing card 36 in slot 1
[2022-12-14 12:46:27] [SEVERE ] placing card 74 in slot 0
[2022-12-14 12:46:27] [SEVERE ] placing card 41 in slot 5
[2022-12-14 12:46:27] [SEVERE ] placing card 53 in slot 2
[2022-12-14 12:46:27] [SEVERE ] placing card 38 in slot 3
[2022-12-14 12:46:27] [SEVERE ] placing card 42 in slot 11
[2022-12-14 12:46:27] [SEVERE ] placing card 76 in slot 9
[2022-12-14 12:46:27] [SEVERE ] placing card 62 in slot 4
[2022-12-14 12:46:28] [SEVERE ] placing card 34 in slot 8
