[2022-12-14 12:13:29] [INFO   ] cannot read configuration file config.properties trying from resources.
[2022-12-14 12:13:29] [INFO   ] configuration file was loaded from resources directory.
[2022-12-14 12:13:29] [INFO   ] Thread dealer starting.
[2022-12-14 12:13:29] [INFO   ] Thread player0starting.
[2022-12-14 12:13:29] [INFO   ] Thread player1starting.
[2022-12-14 12:13:30] [SEVERE ] placing card 20 in slot 6
[2022-12-14 12:13:30] [SEVERE ] placing card 76 in slot 1
[2022-12-14 12:13:30] [SEVERE ] placing card 0 in slot 7
[2022-12-14 12:13:30] [SEVERE ] placing card 52 in slot 9
[2022-12-14 12:13:30] [SEVERE ] placing card 74 in slot 10
[2022-12-14 12:13:30] [SEVERE ] placing card 25 in slot 0
[2022-12-14 12:13:30] [SEVERE ] placing card 28 in slot 11
[2022-12-14 12:13:30] [SEVERE ] placing card 29 in slot 2
[2022-12-14 12:13:30] [SEVERE ] placing card 12 in slot 8
[2022-12-14 12:13:30] [SEVERE ] placing card 36 in slot 4
[2022-12-14 12:13:31] [SEVERE ] placing card 60 in slot 5
[2022-12-14 12:13:31] [SEVERE ] placing card 19 in slot 3
[2022-12-14 12:13:31] [SEVERE ] Key 90 was pressed by player 0
[2022-12-14 12:13:31] [SEVERE ] player 0 placing token on slot 8
[2022-12-14 12:13:31] [SEVERE ] Key 88 was pressed by player 0
[2022-12-14 12:13:31] [SEVERE ] player 0 placing token on slot 9
[2022-12-14 12:13:31] [SEVERE ] Key 67 was pressed by player 0
[2022-12-14 12:13:31] [SEVERE ] player 0 placing token on slot 10
[2022-12-14 12:13:31] [SEVERE ] setting player 0 freeze to 3000
[2022-12-14 12:13:32] [SEVERE ] setting player 0 freeze to 2000
[2022-12-14 12:13:33] [SEVERE ] setting player 0 freeze to 1000
[2022-12-14 12:13:34] [SEVERE ] setting player 0 freeze to 0
[2022-12-14 12:13:36] [SEVERE ] Key 86 was pressed by player 0
[2022-12-14 12:13:37] [SEVERE ] Key 86 was pressed by player 0
[2022-12-14 12:13:38] [SEVERE ] Key 86 was pressed by player 0
[2022-12-14 12:13:38] [SEVERE ] Key 86 was pressed by player 0
[2022-12-14 12:13:38] [SEVERE ] Key 86 was pressed by player 0
[2022-12-14 12:13:39] [SEVERE ] Key 65 was pressed by player 0
[2022-12-14 12:13:39] [SEVERE ] Key 83 was pressed by player 0
[2022-12-14 12:13:39] [SEVERE ] Key 68 was pressed by player 0
[2022-12-14 12:13:39] [SEVERE ] Key 81 was pressed by player 0
[2022-12-14 12:13:39] [SEVERE ] Key 87 was pressed by player 0
[2022-12-14 12:13:39] [SEVERE ] Key 69 was pressed by player 0
[2022-12-14 12:13:40] [SEVERE ] Key 81 was pressed by player 0
[2022-12-14 12:13:40] [SEVERE ] Key 87 was pressed by player 0
[2022-12-14 12:13:40] [SEVERE ] Key 82 was pressed by player 0
[2022-12-14 12:13:40] [SEVERE ] Key 69 was pressed by player 0
[2022-12-14 12:13:40] [SEVERE ] Key 83 was pressed by player 0
[2022-12-14 12:13:40] [SEVERE ] Key 65 was pressed by player 0
[2022-12-14 12:13:40] [SEVERE ] Key 70 was pressed by player 0
[2022-12-14 12:13:40] [SEVERE ] Key 68 was pressed by player 0
[2022-12-14 12:13:40] [SEVERE ] Key 70 was pressed by player 0
[2022-12-14 12:13:41] [SEVERE ] Key 68 was pressed by player 0
[2022-12-14 12:13:41] [SEVERE ] Key 65 was pressed by player 0
[2022-12-14 12:13:41] [SEVERE ] Key 83 was pressed by player 0
[2022-12-14 12:13:41] [SEVERE ] Key 68 was pressed by player 0
[2022-12-14 12:13:41] [SEVERE ] Key 65 was pressed by player 0
[2022-12-14 12:13:41] [SEVERE ] Key 83 was pressed by player 0
[2022-12-14 12:13:41] [SEVERE ] Key 70 was pressed by player 0
[2022-12-14 12:13:41] [SEVERE ] Key 83 was pressed by player 0
[2022-12-14 12:13:41] [SEVERE ] Key 65 was pressed by player 0
[2022-12-14 12:13:42] [SEVERE ] Key 68 was pressed by player 0
[2022-12-14 12:13:42] [SEVERE ] Key 83 was pressed by player 0
[2022-12-14 12:13:42] [SEVERE ] Key 65 was pressed by player 0
[2022-12-14 12:13:42] [SEVERE ] Key 70 was pressed by player 0
[2022-12-14 12:13:42] [SEVERE ] Key 83 was pressed by player 0
[2022-12-14 12:13:42] [SEVERE ] Key 65 was pressed by player 0
[2022-12-14 12:13:42] [SEVERE ] Key 68 was pressed by player 0
[2022-12-14 12:13:42] [SEVERE ] Key 65 was pressed by player 0
[2022-12-14 12:13:42] [SEVERE ] Key 70 was pressed by player 0
[2022-12-14 12:13:42] [SEVERE ] Key 83 was pressed by player 0
[2022-12-14 12:13:42] [SEVERE ] Key 65 was pressed by player 0
[2022-12-14 12:13:43] [SEVERE ] Key 68 was pressed by player 0
[2022-12-14 12:13:43] [SEVERE ] Key 81 was pressed by player 0
[2022-12-14 12:13:43] [SEVERE ] Key 87 was pressed by player 0
[2022-12-14 12:13:43] [SEVERE ] Key 69 was pressed by player 0
[2022-12-14 12:13:43] [SEVERE ] Key 83 was pressed by player 0
[2022-12-14 12:13:43] [SEVERE ] Key 65 was pressed by player 0
[2022-12-14 12:13:43] [SEVERE ] Key 70 was pressed by player 0
[2022-12-14 12:13:43] [SEVERE ] Key 68 was pressed by player 0
[2022-12-14 12:13:43] [SEVERE ] Key 83 was pressed by player 0
[2022-12-14 12:13:44] [SEVERE ] Key 87 was pressed by player 0
[2022-12-14 12:13:44] [SEVERE ] Key 81 was pressed by player 0
[2022-12-14 12:13:44] [SEVERE ] Key 69 was pressed by player 0
[2022-12-14 12:13:44] [SEVERE ] Key 65 was pressed by player 0
[2022-12-14 12:13:44] [SEVERE ] Key 83 was pressed by player 0
[2022-12-14 12:13:44] [SEVERE ] Key 68 was pressed by player 0
[2022-12-14 12:13:45] [SEVERE ] Key 65 was pressed by player 0
[2022-12-14 12:13:45] [SEVERE ] Key 83 was pressed by player 0
[2022-12-14 12:13:45] [SEVERE ] Key 70 was pressed by player 0
[2022-12-14 12:13:45] [SEVERE ] Key 81 was pressed by player 0
[2022-12-14 12:13:45] [SEVERE ] Key 87 was pressed by player 0
[2022-12-14 12:13:45] [SEVERE ] Key 69 was pressed by player 0
[2022-12-14 12:13:45] [SEVERE ] Key 65 was pressed by player 0
[2022-12-14 12:13:45] [SEVERE ] Key 83 was pressed by player 0
[2022-12-14 12:13:45] [SEVERE ] Key 68 was pressed by player 0
[2022-12-14 12:13:46] [SEVERE ] Key 65 was pressed by player 0
[2022-12-14 12:13:46] [SEVERE ] Key 83 was pressed by player 0
[2022-12-14 12:13:46] [SEVERE ] Key 68 was pressed by player 0
[2022-12-14 12:13:46] [SEVERE ] Key 87 was pressed by player 0
[2022-12-14 12:13:46] [SEVERE ] Key 68 was pressed by player 0
[2022-12-14 12:13:46] [SEVERE ] Key 88 was pressed by player 0
[2022-12-14 12:13:46] [SEVERE ] removing player 0 token from slot 9
[2022-12-14 12:13:47] [SEVERE ] Key 88 was pressed by player 0
[2022-12-14 12:13:47] [SEVERE ] player 0 placing token on slot 9
[2022-12-14 12:13:47] [SEVERE ] setting player 0 freeze to 3000
[2022-12-14 12:13:48] [SEVERE ] Key 88 was pressed by player 0
[2022-12-14 12:13:48] [SEVERE ] removing player 0 token from slot 9
[2022-12-14 12:13:48] [SEVERE ] setting player 0 freeze to 2000
[2022-12-14 12:13:49] [SEVERE ] Key 88 was pressed by player 0
[2022-12-14 12:13:49] [SEVERE ] player 0 placing token on slot 9
[2022-12-14 12:13:49] [SEVERE ] setting player 0 freeze to 1000
[2022-12-14 12:13:50] [SEVERE ] setting player 0 freeze to 0
[2022-12-14 12:13:50] [SEVERE ] setting player 0 freeze to 3000
[2022-12-14 12:13:51] [SEVERE ] Key 88 was pressed by player 0
[2022-12-14 12:13:51] [SEVERE ] removing player 0 token from slot 9
[2022-12-14 12:13:51] [SEVERE ] setting player 0 freeze to 2000
[2022-12-14 12:13:52] [SEVERE ] setting player 0 freeze to 1000
[2022-12-14 12:13:53] [SEVERE ] setting player 0 freeze to 0
[2022-12-14 12:13:57] [SEVERE ] Key 88 was pressed by player 0
[2022-12-14 12:13:57] [SEVERE ] player 0 placing token on slot 9
[2022-12-14 12:13:57] [SEVERE ] setting player 0 freeze to 3000
[2022-12-14 12:13:58] [SEVERE ] setting player 0 freeze to 2000
[2022-12-14 12:13:59] [SEVERE ] setting player 0 freeze to 1000
[2022-12-14 12:14:00] [SEVERE ] setting player 0 freeze to 0
[2022-12-14 12:14:03] [SEVERE ] Key 88 was pressed by player 0
[2022-12-14 12:14:03] [SEVERE ] removing player 0 token from slot 9
[2022-12-14 12:14:03] [SEVERE ] Key 83 was pressed by player 0
[2022-12-14 12:14:03] [SEVERE ] player 0 placing token on slot 5
[2022-12-14 12:14:03] [SEVERE ] setting player 0 freeze to 3000
[2022-12-14 12:14:04] [SEVERE ] setting player 0 freeze to 2000
[2022-12-14 12:14:04] [SEVERE ] Key 83 was pressed by player 0
[2022-12-14 12:14:04] [SEVERE ] removing player 0 token from slot 5
[2022-12-14 12:14:05] [SEVERE ] Key 83 was pressed by player 0
[2022-12-14 12:14:05] [SEVERE ] player 0 placing token on slot 5
[2022-12-14 12:14:05] [SEVERE ] setting player 0 freeze to 1000
[2022-12-14 12:14:06] [SEVERE ] setting player 0 freeze to 0
[2022-12-14 12:14:06] [SEVERE ] setting player 0 freeze to 3000
[2022-12-14 12:14:07] [SEVERE ] setting player 0 freeze to 2000
[2022-12-14 12:14:08] [SEVERE ] setting player 0 freeze to 1000
[2022-12-14 12:14:09] [SEVERE ] setting player 0 freeze to 0
[2022-12-14 12:14:32] [SEVERE ] removing all tokens
[2022-12-14 12:14:32] [SEVERE ] removing tokens from slot 0
[2022-12-14 12:14:32] [SEVERE ] removing tokens from slot 1
[2022-12-14 12:14:32] [SEVERE ] removing tokens from slot 2
[2022-12-14 12:14:32] [SEVERE ] removing tokens from slot 3
[2022-12-14 12:14:32] [SEVERE ] removing tokens from slot 4
[2022-12-14 12:14:32] [SEVERE ] removing tokens from slot 5
[2022-12-14 12:14:32] [SEVERE ] removing tokens from slot 6
[2022-12-14 12:14:32] [SEVERE ] removing tokens from slot 7
[2022-12-14 12:14:32] [SEVERE ] removing tokens from slot 8
[2022-12-14 12:14:32] [SEVERE ] removing tokens from slot 9
[2022-12-14 12:14:32] [SEVERE ] removing tokens from slot 10
[2022-12-14 12:14:32] [SEVERE ] removing tokens from slot 11
[2022-12-14 12:14:32] [SEVERE ] removing player 0 token from slot 0
[2022-12-14 12:14:32] [SEVERE ] removing player 0 token from slot 1
[2022-12-14 12:14:32] [SEVERE ] removing player 0 token from slot 2
[2022-12-14 12:14:32] [SEVERE ] removing player 1 token from slot 0
[2022-12-14 12:14:32] [SEVERE ] removing player 1 token from slot 1
[2022-12-14 12:14:32] [SEVERE ] removing player 1 token from slot 2
[2022-12-14 12:14:32] [SEVERE ] removing card from slot 0
[2022-12-14 12:14:32] [SEVERE ] removing card from slot 1
[2022-12-14 12:14:32] [SEVERE ] removing card from slot 2
[2022-12-14 12:14:32] [SEVERE ] removing card from slot 3
[2022-12-14 12:14:32] [SEVERE ] removing card from slot 4
[2022-12-14 12:14:32] [SEVERE ] removing card from slot 5
[2022-12-14 12:14:32] [SEVERE ] removing card from slot 6
[2022-12-14 12:14:32] [SEVERE ] removing card from slot 7
[2022-12-14 12:14:33] [SEVERE ] removing card from slot 8
[2022-12-14 12:14:33] [SEVERE ] removing card from slot 9
[2022-12-14 12:14:33] [SEVERE ] removing card from slot 10
[2022-12-14 12:14:33] [SEVERE ] removing card from slot 11
[2022-12-14 12:14:33] [SEVERE ] placing card 61 in slot 0
[2022-12-14 12:14:33] [SEVERE ] placing card 55 in slot 1
[2022-12-14 12:14:33] [SEVERE ] placing card 10 in slot 5
[2022-12-14 12:14:33] [SEVERE ] placing card 30 in slot 11
[2022-12-14 12:14:33] [SEVERE ] placing card 22 in slot 9
[2022-12-14 12:14:34] [SEVERE ] placing card 5 in slot 2
[2022-12-14 12:14:34] [SEVERE ] placing card 53 in slot 4
[2022-12-14 12:14:34] [SEVERE ] placing card 25 in slot 3
[2022-12-14 12:14:34] [SEVERE ] placing card 29 in slot 7
[2022-12-14 12:14:34] [SEVERE ] placing card 23 in slot 10
[2022-12-14 12:14:34] [SEVERE ] placing card 50 in slot 6
[2022-12-14 12:14:34] [SEVERE ] placing card 14 in slot 8
