[2022-12-14 12:27:38] [INFO   ] cannot read configuration file config.properties trying from resources.
[2022-12-14 12:27:38] [INFO   ] configuration file was loaded from resources directory.
[2022-12-14 12:27:38] [INFO   ] Thread dealer starting.
[2022-12-14 12:27:38] [INFO   ] Thread player0starting.
[2022-12-14 12:27:38] [INFO   ] Thread player1starting.
[2022-12-14 12:27:38] [SEVERE ] placing card 30 in slot 2
[2022-12-14 12:27:38] [SEVERE ] placing card 59 in slot 1
[2022-12-14 12:27:39] [SEVERE ] placing card 69 in slot 7
[2022-12-14 12:27:39] [SEVERE ] placing card 9 in slot 11
[2022-12-14 12:27:39] [SEVERE ] placing card 39 in slot 3
[2022-12-14 12:27:39] [SEVERE ] placing card 78 in slot 6
[2022-12-14 12:27:39] [SEVERE ] placing card 38 in slot 8
[2022-12-14 12:27:39] [SEVERE ] placing card 11 in slot 4
[2022-12-14 12:27:39] [SEVERE ] placing card 66 in slot 0
[2022-12-14 12:27:39] [SEVERE ] placing card 63 in slot 5
[2022-12-14 12:27:39] [SEVERE ] placing card 65 in slot 10
[2022-12-14 12:27:39] [SEVERE ] placing card 0 in slot 9
[2022-12-14 12:27:40] [SEVERE ] Key 90 was pressed by player 0
[2022-12-14 12:27:40] [SEVERE ] player 0 placing token on slot 8
[2022-12-14 12:27:40] [SEVERE ] Key 88 was pressed by player 0
[2022-12-14 12:27:40] [SEVERE ] player 0 placing token on slot 9
[2022-12-14 12:27:40] [SEVERE ] Key 67 was pressed by player 0
[2022-12-14 12:27:40] [SEVERE ] player 0 placing token on slot 10
[2022-12-14 12:27:40] [SEVERE ] setting player 0 freeze to 3000
[2022-12-14 12:27:40] [SEVERE ] setting player 0 freeze to 2000
[2022-12-14 12:27:40] [SEVERE ] setting player 0 freeze to 1000
[2022-12-14 12:27:40] [SEVERE ] setting player 0 freeze to 0
[2022-12-14 12:27:46] [SEVERE ] Key 67 was pressed by player 0
[2022-12-14 12:27:46] [SEVERE ] removing player 0 token from slot 10
[2022-12-14 12:27:47] [SEVERE ] Key 67 was pressed by player 0
[2022-12-14 12:27:47] [SEVERE ] player 0 placing token on slot 10
[2022-12-14 12:27:47] [SEVERE ] setting player 0 freeze to 3000
[2022-12-14 12:27:47] [SEVERE ] setting player 0 freeze to 2000
[2022-12-14 12:27:47] [SEVERE ] setting player 0 freeze to 1000
[2022-12-14 12:27:47] [SEVERE ] setting player 0 freeze to 0
[2022-12-14 12:27:48] [SEVERE ] Key 67 was pressed by player 0
[2022-12-14 12:27:48] [SEVERE ] removing player 0 token from slot 10
[2022-12-14 12:27:48] [SEVERE ] Key 67 was pressed by player 0
[2022-12-14 12:27:48] [SEVERE ] player 0 placing token on slot 10
[2022-12-14 12:27:48] [SEVERE ] setting player 0 freeze to 3000
[2022-12-14 12:27:48] [SEVERE ] setting player 0 freeze to 2000
[2022-12-14 12:27:48] [SEVERE ] setting player 0 freeze to 1000
[2022-12-14 12:27:48] [SEVERE ] setting player 0 freeze to 0
[2022-12-14 12:27:49] [SEVERE ] Key 90 was pressed by player 0
[2022-12-14 12:27:49] [SEVERE ] removing player 0 token from slot 8
[2022-12-14 12:27:49] [SEVERE ] Key 88 was pressed by player 0
[2022-12-14 12:27:49] [SEVERE ] removing player 0 token from slot 9
[2022-12-14 12:27:49] [SEVERE ] Key 67 was pressed by player 0
[2022-12-14 12:27:49] [SEVERE ] removing player 0 token from slot 10
[2022-12-14 12:27:50] [SEVERE ] Key 65 was pressed by player 0
[2022-12-14 12:27:50] [SEVERE ] player 0 placing token on slot 4
[2022-12-14 12:27:50] [SEVERE ] Key 83 was pressed by player 0
[2022-12-14 12:27:50] [SEVERE ] player 0 placing token on slot 5
[2022-12-14 12:27:51] [SEVERE ] Key 68 was pressed by player 0
[2022-12-14 12:27:51] [SEVERE ] player 0 placing token on slot 6
[2022-12-14 12:27:51] [SEVERE ] setting player 0 freeze to 3000
[2022-12-14 12:27:51] [SEVERE ] setting player 0 freeze to 2000
[2022-12-14 12:27:51] [SEVERE ] setting player 0 freeze to 1000
[2022-12-14 12:27:51] [SEVERE ] setting player 0 freeze to 0
[2022-12-14 12:27:51] [SEVERE ] Key 68 was pressed by player 0
[2022-12-14 12:27:51] [SEVERE ] removing player 0 token from slot 6
[2022-12-14 12:27:52] [SEVERE ] Key 68 was pressed by player 0
[2022-12-14 12:27:52] [SEVERE ] player 0 placing token on slot 6
[2022-12-14 12:27:52] [SEVERE ] setting player 0 freeze to 3000
[2022-12-14 12:27:52] [SEVERE ] setting player 0 freeze to 2000
[2022-12-14 12:27:52] [SEVERE ] setting player 0 freeze to 1000
[2022-12-14 12:27:52] [SEVERE ] setting player 0 freeze to 0
[2022-12-14 12:27:52] [SEVERE ] Key 83 was pressed by player 0
[2022-12-14 12:27:52] [SEVERE ] removing player 0 token from slot 5
[2022-12-14 12:27:52] [SEVERE ] Key 65 was pressed by player 0
[2022-12-14 12:27:52] [SEVERE ] removing player 0 token from slot 4
[2022-12-14 12:27:53] [SEVERE ] Key 65 was pressed by player 0
[2022-12-14 12:27:53] [SEVERE ] player 0 placing token on slot 4
[2022-12-14 12:27:53] [SEVERE ] Key 83 was pressed by player 0
[2022-12-14 12:27:53] [SEVERE ] player 0 placing token on slot 5
[2022-12-14 12:27:53] [SEVERE ] setting player 0 freeze to 3000
[2022-12-14 12:27:53] [SEVERE ] setting player 0 freeze to 2000
[2022-12-14 12:27:53] [SEVERE ] setting player 0 freeze to 1000
[2022-12-14 12:27:53] [SEVERE ] setting player 0 freeze to 0
