[2022-12-13 14:42:46] [INFO   ] cannot read configuration file config.properties trying from resources.
[2022-12-13 14:42:46] [INFO   ] configuration file was loaded from resources directory.
[2022-12-13 14:42:47] [INFO   ] Thread dealer starting.
[2022-12-13 14:42:47] [INFO   ] Thread player0starting.
[2022-12-13 14:42:47] [INFO   ] Thread player1starting.
[2022-12-13 14:42:47] [SEVERE ] placing card 43 in slot 5
[2022-12-13 14:42:47] [SEVERE ] placing card 44 in slot 7
[2022-12-13 14:42:47] [SEVERE ] placing card 7 in slot 8
[2022-12-13 14:42:47] [SEVERE ] placing card 35 in slot 1
[2022-12-13 14:42:47] [SEVERE ] placing card 32 in slot 2
[2022-12-13 14:42:47] [SEVERE ] placing card 41 in slot 6
[2022-12-13 14:42:47] [SEVERE ] placing card 66 in slot 0
[2022-12-13 14:42:48] [SEVERE ] placing card 21 in slot 3
[2022-12-13 14:42:48] [SEVERE ] placing card 45 in slot 9
[2022-12-13 14:42:48] [SEVERE ] placing card 58 in slot 11
[2022-12-13 14:42:48] [SEVERE ] placing card 51 in slot 4
[2022-12-13 14:42:48] [SEVERE ] placing card 2 in slot 10
[2022-12-13 14:43:08] [SEVERE ] Key 82 was pressed by player 0
[2022-12-13 14:43:08] [SEVERE ] player 0 placing token on slot 3
[2022-12-13 14:43:09] [SEVERE ] Key 87 was pressed by player 0
[2022-12-13 14:43:09] [SEVERE ] player 0 placing token on slot 1
[2022-12-13 14:43:10] [SEVERE ] Key 87 was pressed by player 0
[2022-12-13 14:43:10] [SEVERE ] removing player 0 token from slot 1
[2022-12-13 14:43:11] [SEVERE ] Key 83 was pressed by player 0
[2022-12-13 14:43:11] [SEVERE ] player 0 placing token on slot 5
[2022-12-13 14:43:11] [SEVERE ] Key 83 was pressed by player 0
[2022-12-13 14:43:11] [SEVERE ] removing player 0 token from slot 5
[2022-12-13 14:43:12] [SEVERE ] Key 68 was pressed by player 0
[2022-12-13 14:43:12] [SEVERE ] player 0 placing token on slot 6
[2022-12-13 14:43:14] [SEVERE ] Key 86 was pressed by player 0
[2022-12-13 14:43:14] [SEVERE ] player 0 placing token on slot 11
[2022-12-13 14:43:14] [SEVERE ] setting player 0 score to 1
[2022-12-13 14:43:14] [SEVERE ] setting player 0 freeze to 1000
[2022-12-13 14:43:15] [SEVERE ] setting player 0 freeze to 0
[2022-12-13 14:43:15] [SEVERE ] removing player 0 token from slot 3
[2022-12-13 14:43:15] [INFO   ] Thread main terminated.
