[2022-12-14 11:19:16] [INFO   ] cannot read configuration file config.properties trying from resources.
[2022-12-14 11:19:16] [INFO   ] configuration file was loaded from resources directory.
[2022-12-14 11:19:16] [INFO   ] Thread dealer starting.
[2022-12-14 11:19:16] [INFO   ] Thread player0starting.
[2022-12-14 11:19:16] [INFO   ] Thread player1starting.
[2022-12-14 11:19:16] [SEVERE ] placing card 44 in slot 6
[2022-12-14 11:19:17] [SEVERE ] placing card 16 in slot 0
[2022-12-14 11:19:17] [SEVERE ] placing card 40 in slot 5
[2022-12-14 11:19:17] [SEVERE ] placing card 1 in slot 1
[2022-12-14 11:19:17] [SEVERE ] placing card 57 in slot 7
[2022-12-14 11:19:17] [SEVERE ] placing card 47 in slot 3
[2022-12-14 11:19:17] [SEVERE ] placing card 18 in slot 8
[2022-12-14 11:19:17] [SEVERE ] placing card 74 in slot 2
[2022-12-14 11:19:17] [SEVERE ] placing card 10 in slot 9
[2022-12-14 11:19:17] [SEVERE ] placing card 0 in slot 11
[2022-12-14 11:19:17] [SEVERE ] placing card 2 in slot 4
[2022-12-14 11:19:18] [SEVERE ] placing card 27 in slot 10
[2022-12-14 11:20:19] [SEVERE ] removing all tokens
[2022-12-14 11:20:19] [SEVERE ] removing tokens from slot 0
[2022-12-14 11:20:19] [SEVERE ] removing tokens from slot 1
[2022-12-14 11:20:19] [SEVERE ] removing tokens from slot 2
[2022-12-14 11:20:19] [SEVERE ] removing tokens from slot 3
[2022-12-14 11:20:19] [SEVERE ] removing tokens from slot 4
[2022-12-14 11:20:19] [SEVERE ] removing tokens from slot 5
[2022-12-14 11:20:19] [SEVERE ] removing tokens from slot 6
[2022-12-14 11:20:19] [SEVERE ] removing tokens from slot 7
[2022-12-14 11:20:19] [SEVERE ] removing tokens from slot 8
[2022-12-14 11:20:19] [SEVERE ] removing tokens from slot 9
[2022-12-14 11:20:19] [SEVERE ] removing tokens from slot 10
[2022-12-14 11:20:19] [SEVERE ] removing tokens from slot 11
[2022-12-14 11:20:19] [SEVERE ] removing player 0 token from slot 0
[2022-12-14 11:20:19] [SEVERE ] removing player 0 token from slot 1
[2022-12-14 11:20:19] [SEVERE ] removing player 0 token from slot 2
[2022-12-14 11:20:19] [SEVERE ] removing player 1 token from slot 0
[2022-12-14 11:20:19] [SEVERE ] removing player 1 token from slot 1
[2022-12-14 11:20:19] [SEVERE ] removing player 1 token from slot 2
[2022-12-14 11:20:19] [SEVERE ] removing card from slot 0
[2022-12-14 11:20:19] [SEVERE ] removing card from slot 1
[2022-12-14 11:20:19] [SEVERE ] removing card from slot 2
[2022-12-14 11:20:19] [SEVERE ] removing card from slot 3
[2022-12-14 11:20:19] [SEVERE ] removing card from slot 4
[2022-12-14 11:20:19] [SEVERE ] removing card from slot 5
[2022-12-14 11:20:19] [SEVERE ] removing card from slot 6
[2022-12-14 11:20:19] [SEVERE ] removing card from slot 7
[2022-12-14 11:20:19] [SEVERE ] removing card from slot 8
[2022-12-14 11:20:20] [SEVERE ] removing card from slot 9
[2022-12-14 11:20:20] [SEVERE ] removing card from slot 10
[2022-12-14 11:20:20] [SEVERE ] removing card from slot 11
[2022-12-14 11:20:20] [SEVERE ] placing card 18 in slot 6
[2022-12-14 11:20:20] [SEVERE ] placing card 37 in slot 11
[2022-12-14 11:20:20] [SEVERE ] placing card 47 in slot 9
[2022-12-14 11:20:20] [SEVERE ] placing card 59 in slot 2
[2022-12-14 11:20:20] [SEVERE ] placing card 54 in slot 7
[2022-12-14 11:20:20] [SEVERE ] placing card 11 in slot 1
[2022-12-14 11:20:20] [SEVERE ] placing card 76 in slot 5
[2022-12-14 11:20:21] [SEVERE ] placing card 39 in slot 4
[2022-12-14 11:20:21] [SEVERE ] placing card 66 in slot 8
[2022-12-14 11:20:21] [SEVERE ] placing card 44 in slot 3
[2022-12-14 11:20:21] [SEVERE ] placing card 42 in slot 10
[2022-12-14 11:20:21] [SEVERE ] placing card 10 in slot 0
