[2022-12-13 14:49:11] [INFO   ] cannot read configuration file config.properties trying from resources.
[2022-12-13 14:49:11] [INFO   ] configuration file was loaded from resources directory.
[2022-12-13 14:49:11] [INFO   ] Thread dealer starting.
[2022-12-13 14:49:11] [INFO   ] Thread player0starting.
[2022-12-13 14:49:11] [INFO   ] Thread player1starting.
[2022-12-13 14:49:11] [SEVERE ] placing card 7 in slot 6
[2022-12-13 14:49:11] [SEVERE ] placing card 40 in slot 0
[2022-12-13 14:49:12] [SEVERE ] placing card 74 in slot 9
[2022-12-13 14:49:12] [SEVERE ] placing card 5 in slot 5
[2022-12-13 14:49:12] [SEVERE ] placing card 25 in slot 3
[2022-12-13 14:49:12] [SEVERE ] placing card 71 in slot 4
[2022-12-13 14:49:12] [SEVERE ] placing card 6 in slot 1
[2022-12-13 14:49:12] [SEVERE ] placing card 54 in slot 8
[2022-12-13 14:49:12] [SEVERE ] placing card 31 in slot 11
[2022-12-13 14:49:12] [SEVERE ] placing card 4 in slot 10
[2022-12-13 14:49:12] [SEVERE ] placing card 20 in slot 7
[2022-12-13 14:49:12] [SEVERE ] placing card 18 in slot 2
[2022-12-13 14:49:21] [SEVERE ] Key 81 was pressed by player 0
[2022-12-13 14:49:21] [SEVERE ] player 0 placing token on slot 0
[2022-12-13 14:49:22] [SEVERE ] Key 81 was pressed by player 0
[2022-12-13 14:49:22] [SEVERE ] removing player 0 token from slot 0
[2022-12-13 14:49:24] [SEVERE ] Key 81 was pressed by player 0
[2022-12-13 14:49:24] [SEVERE ] player 0 placing token on slot 0
[2022-12-13 14:49:24] [SEVERE ] Key 87 was pressed by player 0
[2022-12-13 14:49:24] [SEVERE ] player 0 placing token on slot 1
[2022-12-13 14:49:24] [SEVERE ] Key 69 was pressed by player 0
[2022-12-13 14:49:24] [SEVERE ] player 0 placing token on slot 2
[2022-12-13 14:49:24] [SEVERE ] setting player 0 freeze to 3000
[2022-12-13 14:49:25] [SEVERE ] setting player 0 freeze to 2000
[2022-12-13 14:49:26] [SEVERE ] setting player 0 freeze to 1000
[2022-12-13 14:49:27] [SEVERE ] setting player 0 freeze to 0
[2022-12-13 14:49:27] [SEVERE ] Key 69 was pressed by player 0
[2022-12-13 14:49:27] [SEVERE ] removing player 0 token from slot 2
[2022-12-13 14:49:28] [SEVERE ] Key 69 was pressed by player 0
[2022-12-13 14:49:28] [SEVERE ] player 0 placing token on slot 2
[2022-12-13 14:49:28] [SEVERE ] setting player 0 freeze to 3000
[2022-12-13 14:49:29] [SEVERE ] Key 69 was pressed by player 0
[2022-12-13 14:49:29] [SEVERE ] removing player 0 token from slot 2
[2022-12-13 14:49:29] [SEVERE ] Key 69 was pressed by player 0
[2022-12-13 14:49:29] [SEVERE ] player 0 placing token on slot 2
[2022-12-13 14:49:29] [SEVERE ] Key 69 was pressed by player 0
[2022-12-13 14:49:29] [SEVERE ] removing player 0 token from slot 2
[2022-12-13 14:49:29] [SEVERE ] Key 69 was pressed by player 0
[2022-12-13 14:49:29] [SEVERE ] player 0 placing token on slot 2
[2022-12-13 14:49:29] [SEVERE ] setting player 0 freeze to 2000
[2022-12-13 14:49:29] [SEVERE ] Key 69 was pressed by player 0
[2022-12-13 14:49:29] [SEVERE ] removing player 0 token from slot 2
[2022-12-13 14:49:30] [SEVERE ] Key 69 was pressed by player 0
[2022-12-13 14:49:30] [SEVERE ] player 0 placing token on slot 2
[2022-12-13 14:49:30] [SEVERE ] Key 69 was pressed by player 0
[2022-12-13 14:49:30] [SEVERE ] removing player 0 token from slot 2
[2022-12-13 14:49:30] [SEVERE ] Key 69 was pressed by player 0
[2022-12-13 14:49:30] [SEVERE ] player 0 placing token on slot 2
[2022-12-13 14:49:30] [SEVERE ] setting player 0 freeze to 1000
[2022-12-13 14:49:30] [SEVERE ] Key 69 was pressed by player 0
[2022-12-13 14:49:30] [SEVERE ] removing player 0 token from slot 2
[2022-12-13 14:49:31] [SEVERE ] Key 69 was pressed by player 0
[2022-12-13 14:49:31] [SEVERE ] player 0 placing token on slot 2
[2022-12-13 14:49:31] [SEVERE ] Key 69 was pressed by player 0
[2022-12-13 14:49:31] [SEVERE ] removing player 0 token from slot 2
[2022-12-13 14:49:31] [SEVERE ] Key 69 was pressed by player 0
[2022-12-13 14:49:31] [SEVERE ] player 0 placing token on slot 2
[2022-12-13 14:49:31] [SEVERE ] Key 69 was pressed by player 0
[2022-12-13 14:49:31] [SEVERE ] removing player 0 token from slot 2
[2022-12-13 14:49:31] [SEVERE ] Key 69 was pressed by player 0
[2022-12-13 14:49:31] [SEVERE ] player 0 placing token on slot 2
[2022-12-13 14:49:31] [SEVERE ] setting player 0 freeze to 0
[2022-12-13 14:49:31] [SEVERE ] setting player 0 freeze to 3000
[2022-12-13 14:49:31] [SEVERE ] Key 69 was pressed by player 0
[2022-12-13 14:49:31] [SEVERE ] removing player 0 token from slot 2
[2022-12-13 14:49:32] [SEVERE ] Key 69 was pressed by player 0
[2022-12-13 14:49:32] [SEVERE ] player 0 placing token on slot 2
[2022-12-13 14:49:32] [SEVERE ] Key 69 was pressed by player 0
[2022-12-13 14:49:32] [SEVERE ] removing player 0 token from slot 2
[2022-12-13 14:49:32] [SEVERE ] Key 69 was pressed by player 0
[2022-12-13 14:49:32] [SEVERE ] player 0 placing token on slot 2
[2022-12-13 14:49:32] [SEVERE ] Key 69 was pressed by player 0
[2022-12-13 14:49:32] [SEVERE ] removing player 0 token from slot 2
[2022-12-13 14:49:32] [SEVERE ] setting player 0 freeze to 2000
[2022-12-13 14:49:32] [SEVERE ] Key 69 was pressed by player 0
[2022-12-13 14:49:32] [SEVERE ] player 0 placing token on slot 2
[2022-12-13 14:49:33] [SEVERE ] setting player 0 freeze to 1000
[2022-12-13 14:49:34] [SEVERE ] setting player 0 freeze to 0
[2022-12-13 14:49:34] [SEVERE ] setting player 0 freeze to 3000
[2022-12-13 14:49:35] [SEVERE ] setting player 0 freeze to 2000
[2022-12-13 14:49:36] [SEVERE ] setting player 0 freeze to 1000
[2022-12-13 14:49:37] [SEVERE ] setting player 0 freeze to 0
[2022-12-13 14:49:37] [SEVERE ] setting player 0 freeze to 3000
[2022-12-13 14:49:38] [SEVERE ] setting player 0 freeze to 2000
[2022-12-13 14:49:39] [SEVERE ] setting player 0 freeze to 1000
[2022-12-13 14:49:40] [SEVERE ] setting player 0 freeze to 0
[2022-12-13 14:49:40] [SEVERE ] setting player 0 freeze to 3000
[2022-12-13 14:49:41] [SEVERE ] setting player 0 freeze to 2000
[2022-12-13 14:49:42] [SEVERE ] Key 82 was pressed by player 0
[2022-12-13 14:49:42] [SEVERE ] setting player 0 freeze to 1000
[2022-12-13 14:49:43] [SEVERE ] setting player 0 freeze to 0
[2022-12-13 14:49:43] [SEVERE ] setting player 0 freeze to 3000
[2022-12-13 14:49:44] [SEVERE ] setting player 0 freeze to 2000
[2022-12-13 14:49:45] [SEVERE ] setting player 0 freeze to 1000
[2022-12-13 14:49:46] [SEVERE ] setting player 0 freeze to 0
[2022-12-13 14:49:46] [SEVERE ] setting player 0 freeze to 3000
[2022-12-13 14:49:47] [SEVERE ] setting player 0 freeze to 2000
[2022-12-13 14:49:48] [SEVERE ] setting player 0 freeze to 1000
[2022-12-13 14:49:49] [SEVERE ] setting player 0 freeze to 0
[2022-12-13 14:49:49] [SEVERE ] setting player 0 freeze to 3000
[2022-12-13 14:49:50] [SEVERE ] setting player 0 freeze to 2000
[2022-12-13 14:49:51] [SEVERE ] setting player 0 freeze to 1000
[2022-12-13 14:49:52] [SEVERE ] setting player 0 freeze to 0
[2022-12-13 14:49:52] [SEVERE ] setting player 0 freeze to 3000
[2022-12-13 14:49:53] [SEVERE ] setting player 0 freeze to 2000
[2022-12-13 14:49:54] [SEVERE ] setting player 0 freeze to 1000
[2022-12-13 14:49:55] [SEVERE ] setting player 0 freeze to 0
[2022-12-13 14:49:55] [SEVERE ] setting player 0 freeze to 3000
[2022-12-13 14:49:56] [SEVERE ] setting player 0 freeze to 2000
[2022-12-13 14:49:57] [SEVERE ] setting player 0 freeze to 1000
[2022-12-13 14:49:58] [SEVERE ] setting player 0 freeze to 0
[2022-12-13 14:49:58] [SEVERE ] setting player 0 freeze to 3000
[2022-12-13 14:49:59] [SEVERE ] setting player 0 freeze to 2000
[2022-12-13 14:50:00] [SEVERE ] setting player 0 freeze to 1000
[2022-12-13 14:50:01] [SEVERE ] setting player 0 freeze to 0
[2022-12-13 14:50:01] [SEVERE ] setting player 0 freeze to 3000
[2022-12-13 14:50:02] [SEVERE ] setting player 0 freeze to 2000
