[2022-12-13 14:43:35] [INFO   ] cannot read configuration file config.properties trying from resources.
[2022-12-13 14:43:35] [INFO   ] configuration file was loaded from resources directory.
[2022-12-13 14:43:36] [INFO   ] Thread dealer starting.
[2022-12-13 14:43:36] [INFO   ] Thread player0starting.
[2022-12-13 14:43:36] [INFO   ] Thread player1starting.
[2022-12-13 14:43:36] [SEVERE ] placing card 51 in slot 2
[2022-12-13 14:43:36] [SEVERE ] placing card 80 in slot 7
[2022-12-13 14:43:36] [SEVERE ] placing card 7 in slot 3
[2022-12-13 14:43:36] [SEVERE ] placing card 29 in slot 11
[2022-12-13 14:43:36] [SEVERE ] placing card 16 in slot 10
[2022-12-13 14:43:36] [SEVERE ] placing card 54 in slot 5
[2022-12-13 14:43:36] [SEVERE ] placing card 34 in slot 9
[2022-12-13 14:43:36] [SEVERE ] placing card 3 in slot 1
[2022-12-13 14:43:37] [SEVERE ] placing card 59 in slot 6
[2022-12-13 14:43:37] [SEVERE ] placing card 33 in slot 4
[2022-12-13 14:43:37] [SEVERE ] placing card 71 in slot 8
[2022-12-13 14:43:37] [SEVERE ] placing card 11 in slot 0
[2022-12-13 14:43:48] [SEVERE ] Key 87 was pressed by player 0
[2022-12-13 14:43:48] [SEVERE ] player 0 placing token on slot 1
[2022-12-13 14:43:48] [SEVERE ] Key 83 was pressed by player 0
[2022-12-13 14:43:48] [SEVERE ] player 0 placing token on slot 5
[2022-12-13 14:43:49] [SEVERE ] Key 65 was pressed by player 0
[2022-12-13 14:43:49] [SEVERE ] player 0 placing token on slot 4
[2022-12-13 14:43:49] [SEVERE ] setting player 0 score to 1
[2022-12-13 14:43:49] [SEVERE ] setting player 0 freeze to 1000
[2022-12-13 14:43:50] [SEVERE ] setting player 0 freeze to 0
[2022-12-13 14:45:13] [SEVERE ] removing player 0 token from slot 1
[2022-12-13 14:45:13] [INFO   ] Thread main terminated.
