[2022-12-13 16:52:28] [INFO   ] cannot read configuration file config.properties trying from resources.
[2022-12-13 16:52:28] [INFO   ] configuration file was loaded from resources directory.
[2022-12-13 16:52:28] [INFO   ] Thread dealer starting.
[2022-12-13 16:52:28] [INFO   ] Thread player0starting.
[2022-12-13 16:52:28] [INFO   ] Thread player1starting.
[2022-12-13 16:52:28] [SEVERE ] placing card 72 in slot 7
[2022-12-13 16:52:28] [SEVERE ] placing card 19 in slot 6
[2022-12-13 16:52:28] [SEVERE ] placing card 14 in slot 5
[2022-12-13 16:52:28] [SEVERE ] placing card 56 in slot 2
[2022-12-13 16:52:28] [SEVERE ] placing card 42 in slot 11
[2022-12-13 16:52:29] [SEVERE ] placing card 37 in slot 8
[2022-12-13 16:52:29] [SEVERE ] placing card 80 in slot 4
[2022-12-13 16:52:29] [SEVERE ] placing card 78 in slot 3
[2022-12-13 16:52:29] [SEVERE ] placing card 63 in slot 9
[2022-12-13 16:52:29] [SEVERE ] placing card 44 in slot 10
[2022-12-13 16:52:29] [SEVERE ] placing card 38 in slot 0
[2022-12-13 16:52:29] [SEVERE ] placing card 52 in slot 1
[2022-12-13 16:53:29] [SEVERE ] removing all tokens
[2022-12-13 16:53:29] [SEVERE ] removing tokens from slot 0
[2022-12-13 16:53:29] [SEVERE ] removing tokens from slot 1
[2022-12-13 16:53:29] [SEVERE ] removing tokens from slot 2
[2022-12-13 16:53:29] [SEVERE ] removing tokens from slot 3
[2022-12-13 16:53:29] [SEVERE ] removing tokens from slot 4
[2022-12-13 16:53:29] [SEVERE ] removing tokens from slot 5
[2022-12-13 16:53:29] [SEVERE ] removing tokens from slot 6
[2022-12-13 16:53:29] [SEVERE ] removing tokens from slot 7
[2022-12-13 16:53:29] [SEVERE ] removing tokens from slot 8
[2022-12-13 16:53:29] [SEVERE ] removing tokens from slot 9
[2022-12-13 16:53:29] [SEVERE ] removing tokens from slot 10
[2022-12-13 16:53:29] [SEVERE ] removing tokens from slot 11
[2022-12-13 16:53:29] [SEVERE ] removing player 0 token from slot 0
[2022-12-13 16:53:29] [SEVERE ] removing player 0 token from slot 1
[2022-12-13 16:53:29] [SEVERE ] removing player 0 token from slot 2
[2022-12-13 16:53:29] [SEVERE ] removing player 1 token from slot 0
[2022-12-13 16:53:29] [SEVERE ] removing player 1 token from slot 1
[2022-12-13 16:53:29] [SEVERE ] removing player 1 token from slot 2
[2022-12-13 16:53:29] [SEVERE ] removing card from slot 0
[2022-12-13 16:53:29] [SEVERE ] removing card from slot 1
[2022-12-13 16:53:29] [SEVERE ] removing card from slot 2
[2022-12-13 16:53:30] [SEVERE ] removing card from slot 3
[2022-12-13 16:53:30] [SEVERE ] removing card from slot 4
[2022-12-13 16:53:30] [SEVERE ] removing card from slot 5
[2022-12-13 16:53:30] [SEVERE ] removing card from slot 6
[2022-12-13 16:53:30] [SEVERE ] removing card from slot 7
[2022-12-13 16:53:30] [SEVERE ] removing card from slot 8
[2022-12-13 16:53:30] [SEVERE ] removing card from slot 9
[2022-12-13 16:53:30] [SEVERE ] removing card from slot 10
[2022-12-13 16:53:30] [SEVERE ] removing card from slot 11
[2022-12-13 16:53:30] [SEVERE ] placing card 76 in slot 5
[2022-12-13 16:53:31] [SEVERE ] placing card 66 in slot 10
[2022-12-13 16:53:31] [SEVERE ] placing card 57 in slot 0
[2022-12-13 16:53:31] [SEVERE ] placing card 69 in slot 9
[2022-12-13 16:53:31] [SEVERE ] placing card 11 in slot 3
[2022-12-13 16:53:31] [SEVERE ] placing card 48 in slot 11
[2022-12-13 16:53:31] [SEVERE ] placing card 38 in slot 1
[2022-12-13 16:53:31] [SEVERE ] placing card 23 in slot 8
[2022-12-13 16:53:31] [SEVERE ] placing card 24 in slot 6
[2022-12-13 16:53:31] [SEVERE ] placing card 36 in slot 4
[2022-12-13 16:53:32] [SEVERE ] placing card 61 in slot 2
[2022-12-13 16:53:32] [SEVERE ] placing card 54 in slot 7
[2022-12-13 16:54:00] [SEVERE ] Key 90 was pressed by player 0
[2022-12-13 16:54:00] [SEVERE ] player 0 placing token on slot 8
[2022-12-13 16:54:04] [SEVERE ] Key 86 was pressed by player 0
[2022-12-13 16:54:04] [SEVERE ] player 0 placing token on slot 11
[2022-12-13 16:54:06] [SEVERE ] Key 83 was pressed by player 0
[2022-12-13 16:54:06] [SEVERE ] player 0 placing token on slot 5
[2022-12-13 16:54:06] [SEVERE ] removing player 0 token from slot 8
[2022-12-13 16:54:06] [SEVERE ] removing card from slot 8
[2022-12-13 16:54:06] [SEVERE ] removing player 0 token from slot 11
[2022-12-13 16:54:06] [SEVERE ] removing card from slot 11
[2022-12-13 16:54:06] [SEVERE ] removing player 0 token from slot 5
[2022-12-13 16:54:06] [SEVERE ] removing card from slot 5
[2022-12-13 16:54:06] [SEVERE ] placing card 4 in slot 8
[2022-12-13 16:54:06] [SEVERE ] placing card 45 in slot 11
[2022-12-13 16:54:06] [SEVERE ] placing card 5 in slot 5
[2022-12-13 16:54:06] [SEVERE ] setting player 0 score to 1
[2022-12-13 16:54:06] [SEVERE ] setting player 0 freeze to 1000
[2022-12-13 16:54:07] [SEVERE ] setting player 0 freeze to 0
[2022-12-13 16:54:28] [SEVERE ] Key 80 was pressed by player 1
[2022-12-13 16:54:28] [SEVERE ] player 1 placing token on slot 3
[2022-12-13 16:54:30] [SEVERE ] Key 74 was pressed by player 1
[2022-12-13 16:54:30] [SEVERE ] player 1 placing token on slot 4
[2022-12-13 16:54:31] [SEVERE ] Key 75 was pressed by player 1
[2022-12-13 16:54:31] [SEVERE ] player 1 placing token on slot 5
[2022-12-13 16:54:31] [SEVERE ] setting player 1 freeze to 3000
[2022-12-13 16:54:32] [SEVERE ] setting player 1 freeze to 2000
[2022-12-13 16:54:33] [SEVERE ] setting player 1 freeze to 1000
[2022-12-13 16:54:33] [SEVERE ] Key 75 was pressed by player 1
[2022-12-13 16:54:33] [SEVERE ] removing player 1 token from slot 5
[2022-12-13 16:54:34] [SEVERE ] Key 75 was pressed by player 1
[2022-12-13 16:54:34] [SEVERE ] player 1 placing token on slot 5
[2022-12-13 16:54:34] [SEVERE ] setting player 1 freeze to 0
[2022-12-13 16:54:34] [SEVERE ] setting player 1 freeze to 3000
[2022-12-13 16:54:35] [SEVERE ] setting player 1 freeze to 2000
[2022-12-13 16:54:36] [SEVERE ] setting player 1 freeze to 1000
[2022-12-13 16:54:37] [SEVERE ] setting player 1 freeze to 0
[2022-12-13 16:54:38] [SEVERE ] Key 75 was pressed by player 1
[2022-12-13 16:54:38] [SEVERE ] removing player 1 token from slot 5
[2022-12-13 16:54:40] [SEVERE ] Key 75 was pressed by player 1
[2022-12-13 16:54:40] [SEVERE ] player 1 placing token on slot 5
[2022-12-13 16:54:40] [SEVERE ] setting player 1 freeze to 3000
[2022-12-13 16:54:40] [SEVERE ] Key 74 was pressed by player 1
[2022-12-13 16:54:40] [SEVERE ] removing player 1 token from slot 4
[2022-12-13 16:54:41] [SEVERE ] setting player 1 freeze to 2000
[2022-12-13 16:54:42] [SEVERE ] setting player 1 freeze to 1000
[2022-12-13 16:54:43] [SEVERE ] setting player 1 freeze to 0
[2022-12-13 16:54:44] [SEVERE ] Key 76 was pressed by player 1
[2022-12-13 16:54:44] [SEVERE ] player 1 placing token on slot 6
[2022-12-13 16:54:44] [SEVERE ] setting player 1 freeze to 3000
[2022-12-13 16:54:45] [SEVERE ] setting player 1 freeze to 2000
[2022-12-13 16:54:46] [SEVERE ] setting player 1 freeze to 1000
[2022-12-13 16:54:47] [SEVERE ] setting player 1 freeze to 0
[2022-12-13 16:54:52] [SEVERE ] Key 74 was pressed by player 1
[2022-12-13 16:54:52] [SEVERE ] setting player 1 freeze to 3000
[2022-12-13 16:54:53] [SEVERE ] setting player 1 freeze to 2000
[2022-12-13 16:54:54] [SEVERE ] setting player 1 freeze to 1000
[2022-12-13 16:54:55] [SEVERE ] setting player 1 freeze to 0
[2022-12-13 16:54:55] [SEVERE ] Key 75 was pressed by player 1
[2022-12-13 16:54:55] [SEVERE ] removing player 1 token from slot 5
[2022-12-13 16:54:58] [SEVERE ] Key 77 was pressed by player 1
[2022-12-13 16:54:58] [SEVERE ] player 1 placing token on slot 8
[2022-12-13 16:54:58] [SEVERE ] removing player 1 token from slot 3
[2022-12-13 16:54:58] [SEVERE ] removing card from slot 3
[2022-12-13 16:54:58] [SEVERE ] removing player 1 token from slot 6
[2022-12-13 16:54:58] [SEVERE ] removing card from slot 6
[2022-12-13 16:54:58] [SEVERE ] removing player 1 token from slot 8
[2022-12-13 16:54:58] [SEVERE ] removing card from slot 8
[2022-12-13 16:54:59] [SEVERE ] placing card 25 in slot 6
[2022-12-13 16:54:59] [SEVERE ] placing card 49 in slot 8
[2022-12-13 16:54:59] [SEVERE ] placing card 15 in slot 3
[2022-12-13 16:54:59] [SEVERE ] setting player 1 score to 1
[2022-12-13 16:54:59] [SEVERE ] setting player 1 freeze to 1000
[2022-12-13 16:55:00] [SEVERE ] setting player 1 freeze to 0
