[2022-12-14 12:32:57] [INFO   ] cannot read configuration file config.properties trying from resources.
[2022-12-14 12:32:57] [INFO   ] configuration file was loaded from resources directory.
[2022-12-14 12:32:58] [INFO   ] Thread dealer starting.
[2022-12-14 12:32:58] [INFO   ] Thread player0starting.
[2022-12-14 12:32:58] [INFO   ] Thread player1starting.
[2022-12-14 12:32:58] [SEVERE ] placing card 50 in slot 0
[2022-12-14 12:32:58] [SEVERE ] placing card 49 in slot 9
[2022-12-14 12:32:58] [SEVERE ] placing card 51 in slot 4
[2022-12-14 12:32:58] [SEVERE ] placing card 16 in slot 7
[2022-12-14 12:32:58] [SEVERE ] placing card 37 in slot 2
[2022-12-14 12:32:58] [SEVERE ] placing card 44 in slot 3
[2022-12-14 12:32:58] [SEVERE ] placing card 41 in slot 5
[2022-12-14 12:32:58] [SEVERE ] placing card 46 in slot 10
[2022-12-14 12:32:59] [SEVERE ] placing card 75 in slot 8
[2022-12-14 12:32:59] [SEVERE ] placing card 38 in slot 11
[2022-12-14 12:32:59] [SEVERE ] placing card 2 in slot 6
[2022-12-14 12:32:59] [SEVERE ] placing card 32 in slot 1
[2022-12-14 12:32:59] [SEVERE ] Key 90 was pressed by player 0
[2022-12-14 12:32:59] [SEVERE ] player 0 placing token on slot 8
[2022-12-14 12:33:01] [SEVERE ] Key 88 was pressed by player 0
[2022-12-14 12:33:01] [SEVERE ] player 0 placing token on slot 9
[2022-12-14 12:33:02] [SEVERE ] Key 67 was pressed by player 0
[2022-12-14 12:33:02] [SEVERE ] player 0 placing token on slot 10
[2022-12-14 12:33:15] [SEVERE ] setting player 0 freeze to 3000
[2022-12-14 12:33:15] [SEVERE ] setting player 0 freeze to 2000
[2022-12-14 12:33:15] [SEVERE ] setting player 0 freeze to 1000
[2022-12-14 12:33:15] [SEVERE ] setting player 0 freeze to 0
