[2022-12-12 21:45:42] [INFO   ] cannot read configuration file config.properties trying from resources.
[2022-12-12 21:45:42] [INFO   ] configuration file was loaded from resources directory.
[2022-12-12 21:45:42] [INFO   ] Thread dealer starting.
[2022-12-12 21:45:42] [INFO   ] Thread player0starting.
[2022-12-12 21:45:42] [INFO   ] Thread player1starting.
[2022-12-12 21:45:43] [SEVERE ] placing card 72 in slot 1
[2022-12-12 21:45:43] [SEVERE ] placing card 14 in slot 2
[2022-12-12 21:45:43] [SEVERE ] placing card 67 in slot 11
[2022-12-12 21:45:43] [SEVERE ] placing card 56 in slot 7
[2022-12-12 21:45:43] [SEVERE ] placing card 60 in slot 9
[2022-12-12 21:45:43] [SEVERE ] placing card 43 in slot 6
[2022-12-12 21:45:43] [SEVERE ] placing card 54 in slot 4
[2022-12-12 21:45:43] [SEVERE ] placing card 1 in slot 8
[2022-12-12 21:45:43] [SEVERE ] placing card 33 in slot 5
[2022-12-12 21:45:44] [SEVERE ] placing card 17 in slot 0
[2022-12-12 21:45:44] [SEVERE ] placing card 25 in slot 10
[2022-12-12 21:45:44] [SEVERE ] placing card 45 in slot 3
[2022-12-12 21:45:45] [SEVERE ] Key 90 was pressed by player 0
[2022-12-12 21:45:45] [SEVERE ] player 0 placing token on slot 8
[2022-12-12 21:45:46] [SEVERE ] Key 90 was pressed by player 0
[2022-12-12 21:45:46] [SEVERE ] removing player 0 token from slot 8
[2022-12-12 21:45:46] [SEVERE ] Key 90 was pressed by player 0
[2022-12-12 21:45:46] [SEVERE ] player 0 placing token on slot 8
[2022-12-12 21:45:47] [SEVERE ] Key 90 was pressed by player 0
[2022-12-12 21:45:47] [SEVERE ] removing player 0 token from slot 8
[2022-12-12 21:45:47] [SEVERE ] Key 90 was pressed by player 0
[2022-12-12 21:45:47] [SEVERE ] player 0 placing token on slot 8
[2022-12-12 21:45:48] [SEVERE ] Key 90 was pressed by player 0
[2022-12-12 21:45:48] [SEVERE ] removing player 0 token from slot 8
[2022-12-12 21:45:48] [SEVERE ] Key 90 was pressed by player 0
[2022-12-12 21:45:48] [SEVERE ] player 0 placing token on slot 8
[2022-12-12 21:45:48] [SEVERE ] Key 90 was pressed by player 0
[2022-12-12 21:45:48] [SEVERE ] removing player 0 token from slot 8
[2022-12-12 21:45:48] [SEVERE ] Key 90 was pressed by player 0
[2022-12-12 21:45:48] [SEVERE ] player 0 placing token on slot 8
[2022-12-12 21:45:49] [SEVERE ] Key 90 was pressed by player 0
[2022-12-12 21:45:49] [SEVERE ] removing player 0 token from slot 8
[2022-12-12 21:45:49] [SEVERE ] Key 90 was pressed by player 0
[2022-12-12 21:45:49] [SEVERE ] player 0 placing token on slot 8
[2022-12-12 21:45:49] [SEVERE ] Key 90 was pressed by player 0
[2022-12-12 21:45:49] [SEVERE ] removing player 0 token from slot 8
[2022-12-12 21:45:49] [SEVERE ] Key 90 was pressed by player 0
[2022-12-12 21:45:49] [SEVERE ] player 0 placing token on slot 8
[2022-12-12 21:45:49] [SEVERE ] Key 90 was pressed by player 0
[2022-12-12 21:45:49] [SEVERE ] removing player 0 token from slot 8
[2022-12-12 21:45:49] [SEVERE ] Key 90 was pressed by player 0
[2022-12-12 21:45:49] [SEVERE ] player 0 placing token on slot 8
[2022-12-12 21:45:50] [SEVERE ] Key 90 was pressed by player 0
[2022-12-12 21:45:50] [SEVERE ] removing player 0 token from slot 8
[2022-12-12 21:45:50] [SEVERE ] Key 90 was pressed by player 0
[2022-12-12 21:45:50] [SEVERE ] player 0 placing token on slot 8
[2022-12-12 21:45:50] [SEVERE ] Key 90 was pressed by player 0
[2022-12-12 21:45:50] [SEVERE ] removing player 0 token from slot 8
[2022-12-12 21:45:51] [SEVERE ] Key 90 was pressed by player 0
[2022-12-12 21:45:51] [SEVERE ] player 0 placing token on slot 8
[2022-12-12 21:45:51] [SEVERE ] Key 90 was pressed by player 0
[2022-12-12 21:45:51] [SEVERE ] removing player 0 token from slot 8
[2022-12-12 21:45:51] [SEVERE ] Key 90 was pressed by player 0
[2022-12-12 21:45:51] [SEVERE ] player 0 placing token on slot 8
[2022-12-12 21:45:51] [SEVERE ] Key 90 was pressed by player 0
[2022-12-12 21:45:51] [SEVERE ] removing player 0 token from slot 8
[2022-12-12 21:45:51] [SEVERE ] Key 90 was pressed by player 0
[2022-12-12 21:45:51] [SEVERE ] player 0 placing token on slot 8
[2022-12-12 21:45:51] [SEVERE ] Key 90 was pressed by player 0
[2022-12-12 21:45:51] [SEVERE ] removing player 0 token from slot 8
[2022-12-12 21:45:51] [SEVERE ] Key 90 was pressed by player 0
[2022-12-12 21:45:51] [SEVERE ] player 0 placing token on slot 8
[2022-12-12 21:45:51] [SEVERE ] Key 90 was pressed by player 0
[2022-12-12 21:45:51] [SEVERE ] removing player 0 token from slot 8
[2022-12-12 21:45:52] [SEVERE ] Key 90 was pressed by player 0
[2022-12-12 21:45:52] [SEVERE ] player 0 placing token on slot 8
[2022-12-12 21:45:52] [SEVERE ] Key 90 was pressed by player 0
[2022-12-12 21:45:52] [SEVERE ] removing player 0 token from slot 8
[2022-12-12 21:45:52] [SEVERE ] Key 90 was pressed by player 0
[2022-12-12 21:45:52] [SEVERE ] player 0 placing token on slot 8
[2022-12-12 21:45:52] [SEVERE ] Key 90 was pressed by player 0
[2022-12-12 21:45:52] [SEVERE ] removing player 0 token from slot 8
[2022-12-12 21:45:52] [SEVERE ] Key 90 was pressed by player 0
[2022-12-12 21:45:52] [SEVERE ] player 0 placing token on slot 8
[2022-12-12 21:45:52] [SEVERE ] Key 90 was pressed by player 0
[2022-12-12 21:45:52] [SEVERE ] removing player 0 token from slot 8
[2022-12-12 21:45:52] [SEVERE ] Key 90 was pressed by player 0
[2022-12-12 21:45:52] [SEVERE ] player 0 placing token on slot 8
[2022-12-12 21:45:53] [SEVERE ] Key 90 was pressed by player 0
[2022-12-12 21:45:53] [SEVERE ] removing player 0 token from slot 8
[2022-12-12 21:45:53] [SEVERE ] Key 90 was pressed by player 0
[2022-12-12 21:45:53] [SEVERE ] player 0 placing token on slot 8
[2022-12-12 21:45:53] [SEVERE ] Key 90 was pressed by player 0
[2022-12-12 21:45:53] [SEVERE ] removing player 0 token from slot 8
[2022-12-12 21:45:53] [SEVERE ] Key 90 was pressed by player 0
[2022-12-12 21:45:53] [SEVERE ] player 0 placing token on slot 8
[2022-12-12 21:45:53] [SEVERE ] Key 90 was pressed by player 0
[2022-12-12 21:45:53] [SEVERE ] removing player 0 token from slot 8
[2022-12-12 21:45:53] [SEVERE ] Key 90 was pressed by player 0
[2022-12-12 21:45:53] [SEVERE ] player 0 placing token on slot 8
[2022-12-12 21:45:54] [SEVERE ] Key 90 was pressed by player 0
[2022-12-12 21:45:54] [SEVERE ] removing player 0 token from slot 8
[2022-12-12 21:45:54] [SEVERE ] Key 90 was pressed by player 0
[2022-12-12 21:45:54] [SEVERE ] player 0 placing token on slot 8
[2022-12-12 21:45:56] [SEVERE ] Key 79 was pressed by player 1
[2022-12-12 21:45:56] [SEVERE ] player 1 placing token on slot 2
[2022-12-12 21:45:57] [SEVERE ] Key 73 was pressed by player 1
[2022-12-12 21:45:57] [SEVERE ] player 1 placing token on slot 1
[2022-12-12 21:45:58] [SEVERE ] Key 73 was pressed by player 1
[2022-12-12 21:45:58] [SEVERE ] removing player 1 token from slot 1
[2022-12-12 21:45:58] [SEVERE ] Key 79 was pressed by player 1
[2022-12-12 21:45:58] [SEVERE ] removing player 1 token from slot 2
[2022-12-12 21:45:59] [SEVERE ] Key 76 was pressed by player 1
[2022-12-12 21:45:59] [SEVERE ] player 1 placing token on slot 6
[2022-12-12 21:46:00] [SEVERE ] Key 73 was pressed by player 1
[2022-12-12 21:46:00] [SEVERE ] player 1 placing token on slot 1
[2022-12-12 21:46:01] [SEVERE ] Key 79 was pressed by player 1
[2022-12-12 21:46:01] [SEVERE ] player 1 placing token on slot 2
[2022-12-12 21:46:02] [SEVERE ] Key 76 was pressed by player 1
[2022-12-12 21:46:02] [SEVERE ] removing player 1 token from slot 6
[2022-12-12 21:46:04] [SEVERE ] Key 88 was pressed by player 0
[2022-12-12 21:46:04] [SEVERE ] player 0 placing token on slot 9
[2022-12-12 21:46:05] [SEVERE ] Key 67 was pressed by player 0
[2022-12-12 21:46:05] [SEVERE ] player 0 placing token on slot 10
[2022-12-12 21:46:05] [SEVERE ] Key 67 was pressed by player 0
[2022-12-12 21:46:05] [SEVERE ] removing player 0 token from slot 10
[2022-12-12 21:46:06] [SEVERE ] Key 67 was pressed by player 0
[2022-12-12 21:46:06] [SEVERE ] player 0 placing token on slot 10
[2022-12-12 21:46:06] [SEVERE ] Key 86 was pressed by player 0
[2022-12-12 21:46:06] [SEVERE ] player 0 placing token on slot 11
[2022-12-12 21:46:07] [SEVERE ] Key 83 was pressed by player 0
[2022-12-12 21:46:07] [SEVERE ] Key 65 was pressed by player 0
