[2022-12-14 13:13:46] [INFO   ] cannot read configuration file config.properties trying from resources.
[2022-12-14 13:13:46] [INFO   ] configuration file was loaded from resources directory.
[2022-12-14 13:13:46] [INFO   ] Thread dealer starting.
[2022-12-14 13:13:46] [INFO   ] Thread player0starting.
[2022-12-14 13:13:46] [INFO   ] Thread player1starting.
[2022-12-14 13:13:46] [SEVERE ] placing card 34 in slot 7
[2022-12-14 13:13:47] [SEVERE ] placing card 21 in slot 1
[2022-12-14 13:13:47] [SEVERE ] placing card 8 in slot 4
[2022-12-14 13:13:47] [SEVERE ] placing card 30 in slot 6
[2022-12-14 13:13:47] [SEVERE ] placing card 59 in slot 10
[2022-12-14 13:13:47] [SEVERE ] placing card 66 in slot 11
[2022-12-14 13:13:47] [SEVERE ] placing card 0 in slot 0
[2022-12-14 13:13:47] [SEVERE ] placing card 67 in slot 8
[2022-12-14 13:13:47] [SEVERE ] placing card 62 in slot 5
[2022-12-14 13:13:47] [SEVERE ] placing card 76 in slot 9
[2022-12-14 13:13:47] [SEVERE ] placing card 61 in slot 2
[2022-12-14 13:13:48] [SEVERE ] placing card 63 in slot 3
[2022-12-14 13:14:49] [SEVERE ] removing all tokens
[2022-12-14 13:14:49] [SEVERE ] removing tokens from slot 0
[2022-12-14 13:14:49] [SEVERE ] removing tokens from slot 1
[2022-12-14 13:14:49] [SEVERE ] removing tokens from slot 2
[2022-12-14 13:14:49] [SEVERE ] removing tokens from slot 3
[2022-12-14 13:14:49] [SEVERE ] removing tokens from slot 4
[2022-12-14 13:14:49] [SEVERE ] removing tokens from slot 5
[2022-12-14 13:14:49] [SEVERE ] removing tokens from slot 6
[2022-12-14 13:14:49] [SEVERE ] removing tokens from slot 7
[2022-12-14 13:14:49] [SEVERE ] removing tokens from slot 8
[2022-12-14 13:14:49] [SEVERE ] removing tokens from slot 9
[2022-12-14 13:14:49] [SEVERE ] removing tokens from slot 10
[2022-12-14 13:14:49] [SEVERE ] removing tokens from slot 11
[2022-12-14 13:14:49] [SEVERE ] removing player 0 token from slot 0
[2022-12-14 13:14:49] [SEVERE ] removing player 0 token from slot 1
[2022-12-14 13:14:49] [SEVERE ] removing player 0 token from slot 2
[2022-12-14 13:14:49] [SEVERE ] removing player 1 token from slot 0
[2022-12-14 13:14:49] [SEVERE ] removing player 1 token from slot 1
[2022-12-14 13:14:49] [SEVERE ] removing player 1 token from slot 2
[2022-12-14 13:14:49] [SEVERE ] removing card from slot 0
[2022-12-14 13:14:49] [SEVERE ] removing card from slot 1
[2022-12-14 13:14:49] [SEVERE ] removing card from slot 2
[2022-12-14 13:14:49] [SEVERE ] removing card from slot 3
[2022-12-14 13:14:49] [SEVERE ] removing card from slot 4
[2022-12-14 13:14:49] [SEVERE ] removing card from slot 5
[2022-12-14 13:14:49] [SEVERE ] removing card from slot 6
[2022-12-14 13:14:49] [SEVERE ] removing card from slot 7
[2022-12-14 13:14:49] [SEVERE ] removing card from slot 8
[2022-12-14 13:14:50] [SEVERE ] removing card from slot 9
[2022-12-14 13:14:50] [SEVERE ] removing card from slot 10
[2022-12-14 13:14:50] [SEVERE ] removing card from slot 11
[2022-12-14 13:14:50] [SEVERE ] placing card 24 in slot 2
[2022-12-14 13:14:50] [SEVERE ] placing card 33 in slot 10
[2022-12-14 13:14:50] [SEVERE ] placing card 54 in slot 7
[2022-12-14 13:14:50] [SEVERE ] placing card 27 in slot 0
[2022-12-14 13:14:50] [SEVERE ] placing card 36 in slot 8
[2022-12-14 13:14:50] [SEVERE ] placing card 53 in slot 3
[2022-12-14 13:14:50] [SEVERE ] placing card 56 in slot 6
[2022-12-14 13:14:51] [SEVERE ] placing card 59 in slot 5
[2022-12-14 13:14:51] [SEVERE ] placing card 8 in slot 4
[2022-12-14 13:14:51] [SEVERE ] placing card 28 in slot 11
[2022-12-14 13:14:51] [SEVERE ] placing card 68 in slot 1
[2022-12-14 13:14:51] [SEVERE ] placing card 1 in slot 9
