[2022-12-13 14:13:41] [INFO   ] cannot read configuration file config.properties trying from resources.
[2022-12-13 14:13:41] [INFO   ] configuration file was loaded from resources directory.
[2022-12-13 14:13:41] [INFO   ] Thread dealer starting.
[2022-12-13 14:13:41] [INFO   ] Thread player1starting.
[2022-12-13 14:13:41] [INFO   ] Thread player0starting.
[2022-12-13 14:13:41] [SEVERE ] placing card 0 in slot 8
[2022-12-13 14:13:41] [SEVERE ] placing card 60 in slot 7
[2022-12-13 14:13:41] [SEVERE ] placing card 68 in slot 10
[2022-12-13 14:13:41] [SEVERE ] placing card 1 in slot 11
[2022-12-13 14:13:41] [SEVERE ] placing card 78 in slot 2
[2022-12-13 14:13:42] [SEVERE ] placing card 44 in slot 1
[2022-12-13 14:13:42] [SEVERE ] placing card 77 in slot 3
[2022-12-13 14:13:42] [SEVERE ] placing card 67 in slot 4
[2022-12-13 14:13:42] [SEVERE ] placing card 58 in slot 9
[2022-12-13 14:13:42] [SEVERE ] placing card 47 in slot 0
[2022-12-13 14:13:42] [SEVERE ] placing card 18 in slot 5
[2022-12-13 14:13:42] [SEVERE ] placing card 56 in slot 6
[2022-12-13 14:14:28] [SEVERE ] Key 88 was pressed by player 0
[2022-12-13 14:14:28] [SEVERE ] player 0 placing token on slot 9
[2022-12-13 14:14:29] [SEVERE ] Key 83 was pressed by player 0
[2022-12-13 14:14:29] [SEVERE ] player 0 placing token on slot 5
[2022-12-13 14:14:30] [SEVERE ] Key 87 was pressed by player 0
[2022-12-13 14:14:30] [SEVERE ] player 0 placing token on slot 1
[2022-12-13 14:14:30] [SEVERE ] setting player 0 freeze to 3000
[2022-12-13 14:14:31] [SEVERE ] setting player 0 freeze to 2000
[2022-12-13 14:14:32] [SEVERE ] setting player 0 freeze to 1000
[2022-12-13 14:14:33] [SEVERE ] setting player 0 freeze to 0
