[2022-12-14 13:07:08] [INFO   ] cannot read configuration file config.properties trying from resources.
[2022-12-14 13:07:08] [INFO   ] configuration file was loaded from resources directory.
[2022-12-14 13:07:08] [INFO   ] Thread dealer starting.
[2022-12-14 13:07:08] [INFO   ] Thread player0starting.
[2022-12-14 13:07:08] [INFO   ] Thread player1starting.
[2022-12-14 13:07:09] [SEVERE ] placing card 28 in slot 3
[2022-12-14 13:07:09] [SEVERE ] placing card 42 in slot 10
[2022-12-14 13:07:09] [SEVERE ] placing card 14 in slot 9
[2022-12-14 13:07:09] [SEVERE ] placing card 27 in slot 8
[2022-12-14 13:07:09] [SEVERE ] placing card 63 in slot 2
[2022-12-14 13:07:09] [SEVERE ] placing card 46 in slot 11
[2022-12-14 13:07:09] [SEVERE ] placing card 56 in slot 1
[2022-12-14 13:07:09] [SEVERE ] placing card 37 in slot 0
[2022-12-14 13:07:09] [SEVERE ] placing card 48 in slot 4
[2022-12-14 13:07:10] [SEVERE ] placing card 9 in slot 5
[2022-12-14 13:07:10] [SEVERE ] placing card 65 in slot 7
[2022-12-14 13:07:10] [SEVERE ] placing card 77 in slot 6
[2022-12-14 13:07:14] [SEVERE ] Key 88 was pressed by player 0
[2022-12-14 13:07:14] [SEVERE ] player 0 placing token on slot 9
[2022-12-14 13:07:15] [SEVERE ] Key 90 was pressed by player 0
[2022-12-14 13:07:15] [SEVERE ] player 0 placing token on slot 8
[2022-12-14 13:07:15] [SEVERE ] Key 77 was pressed by player 1
[2022-12-14 13:07:15] [SEVERE ] player 1 placing token on slot 8
[2022-12-14 13:07:15] [SEVERE ] Key 44 was pressed by player 1
[2022-12-14 13:07:15] [SEVERE ] player 1 placing token on slot 9
[2022-12-14 13:07:17] [SEVERE ] Key 65 was pressed by player 0
[2022-12-14 13:07:17] [SEVERE ] player 0 placing token on slot 4
[2022-12-14 13:07:17] [SEVERE ] setting player 0 freeze to 3000
[2022-12-14 13:07:17] [SEVERE ] Key 74 was pressed by player 1
[2022-12-14 13:07:17] [SEVERE ] player 1 placing token on slot 4
[2022-12-14 13:07:17] [SEVERE ] setting player 1 freeze to 3000
[2022-12-14 13:07:18] [SEVERE ] setting player 0 freeze to 2000
[2022-12-14 13:07:18] [SEVERE ] setting player 1 freeze to 2000
[2022-12-14 13:07:19] [SEVERE ] setting player 0 freeze to 1000
[2022-12-14 13:07:19] [SEVERE ] setting player 1 freeze to 1000
[2022-12-14 13:07:20] [SEVERE ] setting player 0 freeze to 0
[2022-12-14 13:07:20] [SEVERE ] setting player 1 freeze to 0
[2022-12-14 13:07:23] [SEVERE ] Key 90 was pressed by player 0
[2022-12-14 13:07:23] [SEVERE ] removing player 0 token from slot 8
[2022-12-14 13:07:24] [SEVERE ] Key 90 was pressed by player 0
[2022-12-14 13:07:24] [SEVERE ] player 0 placing token on slot 8
[2022-12-14 13:07:24] [SEVERE ] setting player 0 freeze to 3000
[2022-12-14 13:07:25] [SEVERE ] setting player 0 freeze to 2000
[2022-12-14 13:07:26] [SEVERE ] setting player 0 freeze to 1000
[2022-12-14 13:07:26] [SEVERE ] Key 74 was pressed by player 1
[2022-12-14 13:07:26] [SEVERE ] removing player 1 token from slot 4
[2022-12-14 13:07:27] [SEVERE ] setting player 0 freeze to 0
[2022-12-14 13:07:27] [SEVERE ] Key 74 was pressed by player 1
[2022-12-14 13:07:27] [SEVERE ] player 1 placing token on slot 4
[2022-12-14 13:07:27] [SEVERE ] setting player 1 freeze to 3000
[2022-12-14 13:07:28] [SEVERE ] setting player 1 freeze to 2000
[2022-12-14 13:07:28] [SEVERE ] Key 90 was pressed by player 0
[2022-12-14 13:07:28] [SEVERE ] removing player 0 token from slot 8
[2022-12-14 13:07:29] [SEVERE ] setting player 1 freeze to 1000
[2022-12-14 13:07:29] [SEVERE ] Key 88 was pressed by player 0
[2022-12-14 13:07:29] [SEVERE ] removing player 0 token from slot 9
[2022-12-14 13:07:30] [SEVERE ] setting player 1 freeze to 0
[2022-12-14 13:07:30] [SEVERE ] Key 67 was pressed by player 0
[2022-12-14 13:07:30] [SEVERE ] player 0 placing token on slot 10
[2022-12-14 13:07:32] [SEVERE ] Key 74 was pressed by player 1
[2022-12-14 13:07:32] [SEVERE ] removing player 1 token from slot 4
[2022-12-14 13:07:33] [SEVERE ] Key 74 was pressed by player 1
[2022-12-14 13:07:33] [SEVERE ] player 1 placing token on slot 4
[2022-12-14 13:07:33] [SEVERE ] setting player 1 freeze to 3000
[2022-12-14 13:07:34] [SEVERE ] Key 74 was pressed by player 1
[2022-12-14 13:07:34] [SEVERE ] setting player 1 freeze to 2000
[2022-12-14 13:07:34] [SEVERE ] Key 74 was pressed by player 1
[2022-12-14 13:07:35] [SEVERE ] Key 75 was pressed by player 1
[2022-12-14 13:07:35] [SEVERE ] setting player 1 freeze to 1000
[2022-12-14 13:07:35] [SEVERE ] Key 76 was pressed by player 1
[2022-12-14 13:07:36] [SEVERE ] Key 75 was pressed by player 1
[2022-12-14 13:07:36] [SEVERE ] Key 90 was pressed by player 0
[2022-12-14 13:07:36] [SEVERE ] player 0 placing token on slot 8
[2022-12-14 13:07:36] [SEVERE ] removing player 0 token from slot 10
[2022-12-14 13:07:36] [SEVERE ] removing card from slot 10
[2022-12-14 13:07:36] [SEVERE ] removing player 0 token from slot 8
[2022-12-14 13:07:36] [SEVERE ] removing player 1 token from slot 8
[2022-12-14 13:07:36] [SEVERE ] removing card from slot 8
[2022-12-14 13:07:36] [SEVERE ] removing player 0 token from slot 4
[2022-12-14 13:07:36] [SEVERE ] removing player 1 token from slot 4
[2022-12-14 13:07:36] [SEVERE ] setting player 1 freeze to 0
[2022-12-14 13:07:36] [SEVERE ] removing card from slot 4
[2022-12-14 13:07:36] [SEVERE ] placing card 12 in slot 4
[2022-12-14 13:07:36] [SEVERE ] placing card 41 in slot 8
[2022-12-14 13:07:36] [SEVERE ] placing card 51 in slot 10
[2022-12-14 13:07:36] [SEVERE ] setting player 0 score to 1
[2022-12-14 13:07:36] [SEVERE ] setting player 0 freeze to 1000
[2022-12-14 13:07:37] [SEVERE ] setting player 0 freeze to 0
[2022-12-14 13:07:39] [SEVERE ] Key 90 was pressed by player 0
[2022-12-14 13:07:39] [SEVERE ] player 0 placing token on slot 8
[2022-12-14 13:07:39] [SEVERE ] Key 88 was pressed by player 0
[2022-12-14 13:07:39] [SEVERE ] player 0 placing token on slot 9
[2022-12-14 13:07:40] [SEVERE ] Key 83 was pressed by player 0
[2022-12-14 13:07:40] [SEVERE ] player 0 placing token on slot 5
[2022-12-14 13:07:40] [SEVERE ] setting player 0 freeze to 3000
[2022-12-14 13:07:41] [SEVERE ] setting player 0 freeze to 2000
[2022-12-14 13:07:42] [SEVERE ] Key 74 was pressed by player 1
[2022-12-14 13:07:42] [SEVERE ] player 1 placing token on slot 4
[2022-12-14 13:07:42] [SEVERE ] setting player 0 freeze to 1000
[2022-12-14 13:07:43] [SEVERE ] Key 75 was pressed by player 1
[2022-12-14 13:07:43] [SEVERE ] player 1 placing token on slot 5
[2022-12-14 13:07:43] [SEVERE ] setting player 1 freeze to 3000
[2022-12-14 13:07:43] [SEVERE ] setting player 0 freeze to 0
[2022-12-14 13:07:44] [SEVERE ] setting player 1 freeze to 2000
[2022-12-14 13:07:45] [SEVERE ] setting player 1 freeze to 1000
[2022-12-14 13:07:45] [SEVERE ] Key 90 was pressed by player 0
[2022-12-14 13:07:45] [SEVERE ] removing player 0 token from slot 8
[2022-12-14 13:07:46] [SEVERE ] Key 65 was pressed by player 0
[2022-12-14 13:07:46] [SEVERE ] player 0 placing token on slot 4
[2022-12-14 13:07:46] [SEVERE ] setting player 0 freeze to 3000
[2022-12-14 13:07:46] [SEVERE ] setting player 1 freeze to 0
[2022-12-14 13:07:47] [SEVERE ] setting player 0 freeze to 2000
[2022-12-14 13:07:47] [SEVERE ] Key 75 was pressed by player 1
[2022-12-14 13:07:47] [SEVERE ] removing player 1 token from slot 5
[2022-12-14 13:07:47] [SEVERE ] Key 76 was pressed by player 1
[2022-12-14 13:07:47] [SEVERE ] player 1 placing token on slot 6
[2022-12-14 13:07:47] [SEVERE ] setting player 1 freeze to 3000
[2022-12-14 13:07:48] [SEVERE ] setting player 0 freeze to 1000
[2022-12-14 13:07:48] [SEVERE ] setting player 1 freeze to 2000
[2022-12-14 13:07:49] [SEVERE ] setting player 0 freeze to 0
[2022-12-14 13:07:49] [SEVERE ] setting player 1 freeze to 1000
[2022-12-14 13:07:50] [SEVERE ] setting player 1 freeze to 0
[2022-12-14 13:08:36] [SEVERE ] removing all tokens
[2022-12-14 13:08:36] [SEVERE ] removing tokens from slot 0
[2022-12-14 13:08:36] [SEVERE ] removing tokens from slot 1
[2022-12-14 13:08:36] [SEVERE ] removing tokens from slot 2
[2022-12-14 13:08:36] [SEVERE ] removing tokens from slot 3
[2022-12-14 13:08:36] [SEVERE ] removing tokens from slot 4
[2022-12-14 13:08:36] [SEVERE ] removing tokens from slot 5
[2022-12-14 13:08:36] [SEVERE ] removing tokens from slot 6
[2022-12-14 13:08:36] [SEVERE ] removing tokens from slot 7
[2022-12-14 13:08:36] [SEVERE ] removing tokens from slot 8
[2022-12-14 13:08:36] [SEVERE ] removing tokens from slot 9
[2022-12-14 13:08:36] [SEVERE ] removing tokens from slot 10
[2022-12-14 13:08:36] [SEVERE ] removing tokens from slot 11
[2022-12-14 13:08:36] [SEVERE ] removing player 0 token from slot 0
[2022-12-14 13:08:36] [SEVERE ] removing player 0 token from slot 1
[2022-12-14 13:08:36] [SEVERE ] removing player 0 token from slot 2
[2022-12-14 13:08:36] [SEVERE ] removing player 1 token from slot 0
[2022-12-14 13:08:36] [SEVERE ] removing player 1 token from slot 1
[2022-12-14 13:08:36] [SEVERE ] removing player 1 token from slot 2
[2022-12-14 13:08:37] [SEVERE ] removing card from slot 0
[2022-12-14 13:08:37] [SEVERE ] removing card from slot 1
[2022-12-14 13:08:37] [SEVERE ] removing card from slot 2
[2022-12-14 13:08:37] [SEVERE ] removing card from slot 3
[2022-12-14 13:08:37] [SEVERE ] removing card from slot 4
[2022-12-14 13:08:37] [SEVERE ] removing card from slot 5
[2022-12-14 13:08:37] [SEVERE ] removing card from slot 6
[2022-12-14 13:08:37] [SEVERE ] removing card from slot 7
[2022-12-14 13:08:37] [SEVERE ] removing card from slot 8
[2022-12-14 13:08:37] [SEVERE ] removing card from slot 9
[2022-12-14 13:08:38] [SEVERE ] removing card from slot 10
[2022-12-14 13:08:38] [SEVERE ] removing card from slot 11
[2022-12-14 13:08:38] [SEVERE ] placing card 39 in slot 10
[2022-12-14 13:08:38] [SEVERE ] placing card 43 in slot 6
[2022-12-14 13:08:38] [SEVERE ] placing card 11 in slot 2
[2022-12-14 13:08:38] [SEVERE ] placing card 51 in slot 7
[2022-12-14 13:08:38] [SEVERE ] placing card 18 in slot 9
[2022-12-14 13:08:38] [SEVERE ] placing card 38 in slot 1
[2022-12-14 13:08:38] [SEVERE ] placing card 13 in slot 3
[2022-12-14 13:08:38] [SEVERE ] placing card 65 in slot 11
[2022-12-14 13:08:39] [SEVERE ] placing card 60 in slot 5
[2022-12-14 13:08:39] [SEVERE ] placing card 45 in slot 8
[2022-12-14 13:08:39] [SEVERE ] placing card 52 in slot 0
[2022-12-14 13:08:39] [SEVERE ] placing card 22 in slot 4
[2022-12-14 13:09:40] [SEVERE ] removing all tokens
[2022-12-14 13:09:40] [SEVERE ] removing tokens from slot 0
[2022-12-14 13:09:40] [SEVERE ] removing tokens from slot 1
[2022-12-14 13:09:40] [SEVERE ] removing tokens from slot 2
[2022-12-14 13:09:40] [SEVERE ] removing tokens from slot 3
[2022-12-14 13:09:40] [SEVERE ] removing tokens from slot 4
[2022-12-14 13:09:40] [SEVERE ] removing tokens from slot 5
[2022-12-14 13:09:40] [SEVERE ] removing tokens from slot 6
[2022-12-14 13:09:40] [SEVERE ] removing tokens from slot 7
[2022-12-14 13:09:40] [SEVERE ] removing tokens from slot 8
[2022-12-14 13:09:40] [SEVERE ] removing tokens from slot 9
[2022-12-14 13:09:40] [SEVERE ] removing tokens from slot 10
[2022-12-14 13:09:40] [SEVERE ] removing tokens from slot 11
[2022-12-14 13:09:40] [SEVERE ] removing player 0 token from slot 0
[2022-12-14 13:09:40] [SEVERE ] removing player 0 token from slot 1
[2022-12-14 13:09:40] [SEVERE ] removing player 0 token from slot 2
[2022-12-14 13:09:40] [SEVERE ] removing player 1 token from slot 0
[2022-12-14 13:09:40] [SEVERE ] removing player 1 token from slot 1
[2022-12-14 13:09:40] [SEVERE ] removing player 1 token from slot 2
[2022-12-14 13:09:40] [SEVERE ] removing card from slot 0
[2022-12-14 13:09:40] [SEVERE ] removing card from slot 1
[2022-12-14 13:09:40] [SEVERE ] removing card from slot 2
[2022-12-14 13:09:40] [SEVERE ] removing card from slot 3
[2022-12-14 13:09:40] [SEVERE ] removing card from slot 4
[2022-12-14 13:09:40] [SEVERE ] removing card from slot 5
[2022-12-14 13:09:41] [SEVERE ] removing card from slot 6
[2022-12-14 13:09:41] [SEVERE ] removing card from slot 7
[2022-12-14 13:09:41] [SEVERE ] removing card from slot 8
[2022-12-14 13:09:41] [SEVERE ] removing card from slot 9
[2022-12-14 13:09:41] [SEVERE ] removing card from slot 10
[2022-12-14 13:09:41] [SEVERE ] removing card from slot 11
[2022-12-14 13:09:41] [SEVERE ] placing card 65 in slot 3
[2022-12-14 13:09:41] [SEVERE ] placing card 75 in slot 0
[2022-12-14 13:09:41] [SEVERE ] placing card 38 in slot 2
[2022-12-14 13:09:41] [SEVERE ] placing card 17 in slot 11
[2022-12-14 13:09:42] [SEVERE ] placing card 69 in slot 7
[2022-12-14 13:09:42] [SEVERE ] placing card 1 in slot 6
[2022-12-14 13:09:42] [SEVERE ] placing card 12 in slot 5
[2022-12-14 13:09:42] [SEVERE ] placing card 25 in slot 4
[2022-12-14 13:09:42] [SEVERE ] placing card 53 in slot 8
[2022-12-14 13:09:42] [SEVERE ] placing card 73 in slot 10
[2022-12-14 13:09:42] [SEVERE ] placing card 31 in slot 1
[2022-12-14 13:09:42] [SEVERE ] placing card 57 in slot 9
[2022-12-14 13:10:43] [SEVERE ] removing all tokens
[2022-12-14 13:10:43] [SEVERE ] removing tokens from slot 0
[2022-12-14 13:10:43] [SEVERE ] removing tokens from slot 1
[2022-12-14 13:10:43] [SEVERE ] removing tokens from slot 2
[2022-12-14 13:10:43] [SEVERE ] removing tokens from slot 3
[2022-12-14 13:10:43] [SEVERE ] removing tokens from slot 4
[2022-12-14 13:10:43] [SEVERE ] removing tokens from slot 5
[2022-12-14 13:10:43] [SEVERE ] removing tokens from slot 6
[2022-12-14 13:10:43] [SEVERE ] removing tokens from slot 7
[2022-12-14 13:10:43] [SEVERE ] removing tokens from slot 8
[2022-12-14 13:10:43] [SEVERE ] removing tokens from slot 9
[2022-12-14 13:10:43] [SEVERE ] removing tokens from slot 10
[2022-12-14 13:10:43] [SEVERE ] removing tokens from slot 11
[2022-12-14 13:10:43] [SEVERE ] removing player 0 token from slot 0
[2022-12-14 13:10:43] [SEVERE ] removing player 0 token from slot 1
[2022-12-14 13:10:43] [SEVERE ] removing player 0 token from slot 2
[2022-12-14 13:10:43] [SEVERE ] removing player 1 token from slot 0
[2022-12-14 13:10:43] [SEVERE ] removing player 1 token from slot 1
[2022-12-14 13:10:43] [SEVERE ] removing player 1 token from slot 2
[2022-12-14 13:10:43] [SEVERE ] removing card from slot 0
[2022-12-14 13:10:44] [SEVERE ] removing card from slot 1
[2022-12-14 13:10:44] [SEVERE ] removing card from slot 2
[2022-12-14 13:10:44] [SEVERE ] removing card from slot 3
[2022-12-14 13:10:44] [SEVERE ] removing card from slot 4
[2022-12-14 13:10:44] [SEVERE ] removing card from slot 5
[2022-12-14 13:10:44] [SEVERE ] removing card from slot 6
[2022-12-14 13:10:44] [SEVERE ] removing card from slot 7
[2022-12-14 13:10:44] [SEVERE ] removing card from slot 8
[2022-12-14 13:10:44] [SEVERE ] removing card from slot 9
[2022-12-14 13:10:44] [SEVERE ] removing card from slot 10
[2022-12-14 13:10:45] [SEVERE ] removing card from slot 11
[2022-12-14 13:10:45] [SEVERE ] placing card 21 in slot 7
[2022-12-14 13:10:45] [SEVERE ] placing card 13 in slot 10
[2022-12-14 13:10:45] [SEVERE ] placing card 19 in slot 0
[2022-12-14 13:10:45] [SEVERE ] placing card 16 in slot 2
[2022-12-14 13:10:45] [SEVERE ] placing card 25 in slot 3
[2022-12-14 13:10:45] [SEVERE ] placing card 68 in slot 8
[2022-12-14 13:10:45] [SEVERE ] placing card 43 in slot 9
[2022-12-14 13:10:45] [SEVERE ] placing card 0 in slot 1
[2022-12-14 13:10:45] [SEVERE ] placing card 14 in slot 5
[2022-12-14 13:10:46] [SEVERE ] placing card 49 in slot 11
[2022-12-14 13:10:46] [SEVERE ] placing card 26 in slot 4
[2022-12-14 13:10:46] [SEVERE ] placing card 46 in slot 6
