[2022-12-14 14:48:03] [INFO   ] cannot read configuration file config.properties trying from resources.
[2022-12-14 14:48:03] [INFO   ] configuration file was loaded from resources directory.
[2022-12-14 14:48:04] [INFO   ] Thread dealer starting.
[2022-12-14 14:48:04] [INFO   ] Thread player0starting.
[2022-12-14 14:48:04] [INFO   ] Thread player1starting.
[2022-12-14 14:48:04] [SEVERE ] placing card 27 in slot 11
[2022-12-14 14:48:04] [SEVERE ] placing card 43 in slot 4
[2022-12-14 14:48:04] [SEVERE ] placing card 19 in slot 3
[2022-12-14 14:48:04] [SEVERE ] placing card 36 in slot 7
[2022-12-14 14:48:04] [SEVERE ] placing card 48 in slot 6
[2022-12-14 14:48:04] [SEVERE ] placing card 11 in slot 5
[2022-12-14 14:48:05] [SEVERE ] placing card 51 in slot 1
[2022-12-14 14:48:05] [SEVERE ] placing card 28 in slot 0
[2022-12-14 14:48:05] [SEVERE ] placing card 37 in slot 10
[2022-12-14 14:48:05] [SEVERE ] placing card 9 in slot 8
[2022-12-14 14:48:05] [SEVERE ] placing card 77 in slot 9
[2022-12-14 14:48:05] [SEVERE ] placing card 66 in slot 2
[2022-12-14 14:49:06] [SEVERE ] removing all tokens
[2022-12-14 14:49:06] [SEVERE ] removing tokens from slot 0
[2022-12-14 14:49:06] [SEVERE ] removing tokens from slot 1
[2022-12-14 14:49:06] [SEVERE ] removing tokens from slot 2
[2022-12-14 14:49:06] [SEVERE ] removing tokens from slot 3
[2022-12-14 14:49:06] [SEVERE ] removing tokens from slot 4
[2022-12-14 14:49:06] [SEVERE ] removing tokens from slot 5
[2022-12-14 14:49:06] [SEVERE ] removing tokens from slot 6
[2022-12-14 14:49:06] [SEVERE ] removing tokens from slot 7
[2022-12-14 14:49:06] [SEVERE ] removing tokens from slot 8
[2022-12-14 14:49:06] [SEVERE ] removing tokens from slot 9
[2022-12-14 14:49:06] [SEVERE ] removing tokens from slot 10
[2022-12-14 14:49:06] [SEVERE ] removing tokens from slot 11
[2022-12-14 14:49:06] [SEVERE ] removing player 0 token from slot 0
[2022-12-14 14:49:06] [SEVERE ] removing player 0 token from slot 1
[2022-12-14 14:49:06] [SEVERE ] removing player 0 token from slot 2
[2022-12-14 14:49:06] [SEVERE ] removing player 1 token from slot 0
[2022-12-14 14:49:06] [SEVERE ] removing player 1 token from slot 1
[2022-12-14 14:49:06] [SEVERE ] removing player 1 token from slot 2
[2022-12-14 14:49:06] [SEVERE ] removing card from slot 0
[2022-12-14 14:49:06] [SEVERE ] removing card from slot 1
[2022-12-14 14:49:06] [SEVERE ] removing card from slot 2
[2022-12-14 14:49:06] [SEVERE ] removing card from slot 3
[2022-12-14 14:49:07] [SEVERE ] removing card from slot 4
[2022-12-14 14:49:07] [SEVERE ] removing card from slot 5
[2022-12-14 14:49:07] [SEVERE ] removing card from slot 6
[2022-12-14 14:49:07] [SEVERE ] removing card from slot 7
[2022-12-14 14:49:07] [SEVERE ] removing card from slot 8
[2022-12-14 14:49:07] [SEVERE ] removing card from slot 9
[2022-12-14 14:49:07] [SEVERE ] removing card from slot 10
[2022-12-14 14:49:07] [SEVERE ] removing card from slot 11
[2022-12-14 14:49:07] [SEVERE ] placing card 7 in slot 9
[2022-12-14 14:49:07] [SEVERE ] placing card 51 in slot 7
[2022-12-14 14:49:08] [SEVERE ] placing card 31 in slot 2
[2022-12-14 14:49:08] [SEVERE ] placing card 9 in slot 3
[2022-12-14 14:49:08] [SEVERE ] placing card 40 in slot 0
[2022-12-14 14:49:08] [SEVERE ] placing card 72 in slot 1
[2022-12-14 14:49:08] [SEVERE ] placing card 52 in slot 4
[2022-12-14 14:49:08] [SEVERE ] placing card 42 in slot 11
[2022-12-14 14:49:08] [SEVERE ] placing card 19 in slot 6
[2022-12-14 14:49:08] [SEVERE ] placing card 53 in slot 10
[2022-12-14 14:49:08] [SEVERE ] placing card 71 in slot 5
[2022-12-14 14:49:08] [SEVERE ] placing card 62 in slot 8
[2022-12-14 14:49:10] [SEVERE ] Exit button pressed
[2022-12-14 14:49:10] [INFO   ] Thread player0 terminated.
[2022-12-14 14:49:10] [INFO   ] Thread player1 terminated.
[2022-12-14 14:49:10] [SEVERE ] removing all tokens
[2022-12-14 14:49:10] [SEVERE ] removing tokens from slot 0
[2022-12-14 14:49:10] [SEVERE ] removing tokens from slot 1
[2022-12-14 14:49:10] [SEVERE ] removing tokens from slot 2
[2022-12-14 14:49:10] [SEVERE ] removing tokens from slot 3
[2022-12-14 14:49:10] [SEVERE ] removing tokens from slot 4
[2022-12-14 14:49:10] [SEVERE ] removing tokens from slot 5
[2022-12-14 14:49:10] [SEVERE ] removing tokens from slot 6
[2022-12-14 14:49:10] [SEVERE ] removing tokens from slot 7
[2022-12-14 14:49:10] [SEVERE ] removing tokens from slot 8
[2022-12-14 14:49:10] [SEVERE ] removing tokens from slot 9
[2022-12-14 14:49:10] [SEVERE ] removing tokens from slot 10
[2022-12-14 14:49:10] [SEVERE ] removing tokens from slot 11
[2022-12-14 14:49:10] [SEVERE ] removing player 0 token from slot 0
[2022-12-14 14:49:10] [SEVERE ] removing player 0 token from slot 1
[2022-12-14 14:49:10] [SEVERE ] removing player 0 token from slot 2
[2022-12-14 14:49:10] [SEVERE ] removing player 1 token from slot 0
[2022-12-14 14:49:10] [SEVERE ] removing player 1 token from slot 1
[2022-12-14 14:49:10] [SEVERE ] removing player 1 token from slot 2
[2022-12-14 14:49:11] [SEVERE ] removing card from slot 0
[2022-12-14 14:49:11] [SEVERE ] removing card from slot 1
[2022-12-14 14:49:11] [SEVERE ] removing card from slot 2
[2022-12-14 14:49:11] [SEVERE ] removing card from slot 3
[2022-12-14 14:49:11] [SEVERE ] removing card from slot 4
[2022-12-14 14:49:11] [SEVERE ] removing card from slot 5
[2022-12-14 14:49:11] [SEVERE ] removing card from slot 6
[2022-12-14 14:49:11] [SEVERE ] removing card from slot 7
[2022-12-14 14:49:11] [SEVERE ] removing card from slot 8
[2022-12-14 14:49:11] [SEVERE ] removing card from slot 9
[2022-12-14 14:49:12] [SEVERE ] removing card from slot 10
[2022-12-14 14:49:12] [SEVERE ] removing card from slot 11
[2022-12-14 14:49:12] [SEVERE ] announcing winners: [0, 1]
[2022-12-14 14:49:12] [INFO   ] Thread dealer terminated.
[2022-12-14 14:49:12] [INFO   ] Thread main terminated.
