[2022-12-12 21:47:49] [INFO   ] cannot read configuration file config.properties trying from resources.
[2022-12-12 21:47:49] [INFO   ] configuration file was loaded from resources directory.
[2022-12-12 21:47:49] [INFO   ] Thread dealer starting.
[2022-12-12 21:47:49] [INFO   ] Thread player0starting.
[2022-12-12 21:47:49] [INFO   ] Thread player1starting.
[2022-12-12 21:47:49] [SEVERE ] placing card 75 in slot 6
[2022-12-12 21:47:49] [SEVERE ] placing card 19 in slot 1
[2022-12-12 21:47:49] [SEVERE ] placing card 62 in slot 10
[2022-12-12 21:47:49] [SEVERE ] placing card 4 in slot 3
[2022-12-12 21:47:49] [SEVERE ] placing card 40 in slot 7
[2022-12-12 21:47:50] [SEVERE ] placing card 37 in slot 8
[2022-12-12 21:47:50] [SEVERE ] placing card 56 in slot 11
[2022-12-12 21:47:50] [SEVERE ] placing card 41 in slot 0
[2022-12-12 21:47:50] [SEVERE ] placing card 27 in slot 4
[2022-12-12 21:47:50] [SEVERE ] placing card 0 in slot 9
[2022-12-12 21:47:50] [SEVERE ] placing card 8 in slot 5
[2022-12-12 21:47:50] [SEVERE ] placing card 79 in slot 2
[2022-12-12 21:47:51] [SEVERE ] Key 90 was pressed by player 0
[2022-12-12 21:47:51] [SEVERE ] player 0 placing token on slot 8
[2022-12-12 21:47:52] [SEVERE ] Key 88 was pressed by player 0
[2022-12-12 21:47:52] [SEVERE ] player 0 placing token on slot 9
[2022-12-12 21:47:52] [SEVERE ] Key 67 was pressed by player 0
[2022-12-12 21:47:52] [SEVERE ] player 0 placing token on slot 10
[2022-12-12 21:47:53] [SEVERE ] Key 86 was pressed by player 0
[2022-12-12 21:47:53] [SEVERE ] player 0 placing token on slot 11
[2022-12-12 21:47:56] [SEVERE ] Key 65 was pressed by player 0
[2022-12-12 21:47:57] [SEVERE ] Key 83 was pressed by player 0
[2022-12-12 21:47:58] [SEVERE ] Key 68 was pressed by player 0
[2022-12-12 21:47:58] [SEVERE ] Key 83 was pressed by player 0
[2022-12-12 21:47:58] [SEVERE ] Key 68 was pressed by player 0
[2022-12-12 21:47:58] [SEVERE ] Key 81 was pressed by player 0
[2022-12-12 21:47:59] [SEVERE ] Key 69 was pressed by player 0
[2022-12-12 21:47:59] [SEVERE ] Key 87 was pressed by player 0
[2022-12-12 21:47:59] [SEVERE ] Key 90 was pressed by player 0
[2022-12-12 21:47:59] [SEVERE ] Key 88 was pressed by player 0
[2022-12-12 21:47:59] [SEVERE ] Key 67 was pressed by player 0
[2022-12-12 21:48:00] [SEVERE ] Key 86 was pressed by player 0
[2022-12-12 21:48:00] [SEVERE ] Key 67 was pressed by player 0
[2022-12-12 21:48:01] [SEVERE ] Key 90 was pressed by player 0
[2022-12-12 21:48:01] [SEVERE ] Key 88 was pressed by player 0
[2022-12-12 21:48:01] [SEVERE ] Key 67 was pressed by player 0
[2022-12-12 21:48:01] [SEVERE ] Key 90 was pressed by player 0
[2022-12-12 21:48:01] [SEVERE ] Key 88 was pressed by player 0
[2022-12-12 21:48:01] [SEVERE ] Key 67 was pressed by player 0
[2022-12-12 21:48:01] [SEVERE ] Key 90 was pressed by player 0
[2022-12-12 21:48:02] [SEVERE ] Key 86 was pressed by player 0
[2022-12-12 21:48:02] [SEVERE ] Key 90 was pressed by player 0
[2022-12-12 21:48:03] [SEVERE ] Key 88 was pressed by player 0
[2022-12-12 21:48:03] [SEVERE ] Key 90 was pressed by player 0
[2022-12-12 21:48:03] [SEVERE ] Key 67 was pressed by player 0
[2022-12-12 21:48:03] [SEVERE ] Key 86 was pressed by player 0
[2022-12-12 21:48:03] [SEVERE ] Key 90 was pressed by player 0
[2022-12-12 21:48:04] [SEVERE ] Key 88 was pressed by player 0
[2022-12-12 21:48:04] [SEVERE ] Key 90 was pressed by player 0
[2022-12-12 21:48:04] [SEVERE ] Key 67 was pressed by player 0
[2022-12-12 21:48:04] [SEVERE ] Key 86 was pressed by player 0
[2022-12-12 21:48:04] [SEVERE ] Key 90 was pressed by player 0
[2022-12-12 21:48:04] [SEVERE ] Key 88 was pressed by player 0
[2022-12-12 21:48:05] [SEVERE ] Key 67 was pressed by player 0
[2022-12-12 21:48:05] [SEVERE ] Key 90 was pressed by player 0
[2022-12-12 21:48:05] [SEVERE ] Key 86 was pressed by player 0
[2022-12-12 21:48:05] [SEVERE ] Key 90 was pressed by player 0
[2022-12-12 21:48:05] [SEVERE ] Key 88 was pressed by player 0
[2022-12-12 21:48:05] [SEVERE ] Key 67 was pressed by player 0
[2022-12-12 21:48:06] [SEVERE ] Key 86 was pressed by player 0
[2022-12-12 21:48:06] [SEVERE ] Key 90 was pressed by player 0
[2022-12-12 21:48:06] [SEVERE ] Key 88 was pressed by player 0
[2022-12-12 21:48:06] [SEVERE ] Key 90 was pressed by player 0
[2022-12-12 21:48:06] [SEVERE ] Key 67 was pressed by player 0
[2022-12-12 21:48:07] [SEVERE ] Key 86 was pressed by player 0
[2022-12-12 21:48:08] [SEVERE ] Exit button pressed
