[2022-12-14 11:16:28] [INFO   ] cannot read configuration file config.properties trying from resources.
[2022-12-14 11:16:28] [INFO   ] configuration file was loaded from resources directory.
[2022-12-14 11:16:28] [INFO   ] Thread dealer starting.
[2022-12-14 11:16:28] [INFO   ] Thread player0starting.
[2022-12-14 11:16:28] [INFO   ] Thread player1starting.
[2022-12-14 11:16:28] [SEVERE ] placing card 44 in slot 7
[2022-12-14 11:16:28] [SEVERE ] placing card 42 in slot 5
[2022-12-14 11:16:29] [SEVERE ] placing card 38 in slot 6
[2022-12-14 11:16:29] [SEVERE ] placing card 4 in slot 10
[2022-12-14 11:16:29] [SEVERE ] placing card 80 in slot 8
[2022-12-14 11:16:29] [SEVERE ] placing card 48 in slot 0
[2022-12-14 11:16:29] [SEVERE ] placing card 16 in slot 4
[2022-12-14 11:16:29] [SEVERE ] placing card 33 in slot 9
[2022-12-14 11:16:29] [SEVERE ] placing card 29 in slot 2
[2022-12-14 11:16:29] [SEVERE ] placing card 41 in slot 3
[2022-12-14 11:16:29] [SEVERE ] placing card 58 in slot 1
[2022-12-14 11:16:29] [SEVERE ] placing card 67 in slot 11
[2022-12-14 11:16:47] [SEVERE ] Key 82 was pressed by player 0
[2022-12-14 11:16:47] [SEVERE ] player 0 placing token on slot 3
[2022-12-14 11:16:48] [SEVERE ] Key 68 was pressed by player 0
[2022-12-14 11:16:48] [SEVERE ] player 0 placing token on slot 6
[2022-12-14 11:17:24] [SEVERE ] Key 44 was pressed by player 1
[2022-12-14 11:17:24] [SEVERE ] player 1 placing token on slot 9
[2022-12-14 11:17:25] [SEVERE ] Key 77 was pressed by player 1
[2022-12-14 11:17:25] [SEVERE ] player 1 placing token on slot 8
[2022-12-14 11:17:30] [SEVERE ] Key 70 was pressed by player 0
[2022-12-14 11:17:30] [SEVERE ] player 0 placing token on slot 7
[2022-12-14 11:17:30] [SEVERE ] removing player 0 token from slot 3
[2022-12-14 11:17:30] [SEVERE ] Key 46 was pressed by player 1
[2022-12-14 11:17:30] [SEVERE ] player 1 placing token on slot 10
[2022-12-14 11:17:30] [SEVERE ] removing card from slot 3
[2022-12-14 11:17:30] [SEVERE ] removing player 0 token from slot 6
[2022-12-14 11:17:30] [SEVERE ] removing card from slot 6
[2022-12-14 11:17:30] [SEVERE ] removing player 0 token from slot 7
[2022-12-14 11:17:30] [SEVERE ] removing card from slot 7
[2022-12-14 11:17:30] [SEVERE ] placing card 18 in slot 6
[2022-12-14 11:17:30] [SEVERE ] placing card 28 in slot 7
[2022-12-14 11:17:31] [SEVERE ] placing card 66 in slot 3
[2022-12-14 11:17:31] [SEVERE ] setting player 0 score to 1
[2022-12-14 11:17:31] [SEVERE ] setting player 0 freeze to 1000
[2022-12-14 11:17:32] [SEVERE ] setting player 0 freeze to 0
[2022-12-14 11:17:32] [SEVERE ] setting player 1 freeze to 3000
[2022-12-14 11:17:33] [SEVERE ] setting player 1 freeze to 2000
[2022-12-14 11:17:34] [SEVERE ] setting player 1 freeze to 1000
[2022-12-14 11:17:35] [SEVERE ] setting player 1 freeze to 0
[2022-12-14 11:18:31] [SEVERE ] removing all tokens
[2022-12-14 11:18:31] [SEVERE ] removing tokens from slot 0
[2022-12-14 11:18:31] [SEVERE ] removing tokens from slot 1
[2022-12-14 11:18:31] [SEVERE ] removing tokens from slot 2
[2022-12-14 11:18:31] [SEVERE ] removing tokens from slot 3
[2022-12-14 11:18:31] [SEVERE ] removing tokens from slot 4
[2022-12-14 11:18:31] [SEVERE ] removing tokens from slot 5
[2022-12-14 11:18:31] [SEVERE ] removing tokens from slot 6
[2022-12-14 11:18:31] [SEVERE ] removing tokens from slot 7
[2022-12-14 11:18:31] [SEVERE ] removing tokens from slot 8
[2022-12-14 11:18:31] [SEVERE ] removing tokens from slot 9
[2022-12-14 11:18:31] [SEVERE ] removing tokens from slot 10
[2022-12-14 11:18:31] [SEVERE ] removing tokens from slot 11
[2022-12-14 11:18:31] [SEVERE ] removing player 0 token from slot 0
[2022-12-14 11:18:31] [SEVERE ] removing player 0 token from slot 1
[2022-12-14 11:18:31] [SEVERE ] removing player 0 token from slot 2
[2022-12-14 11:18:31] [SEVERE ] removing player 1 token from slot 0
[2022-12-14 11:18:31] [SEVERE ] removing player 1 token from slot 1
[2022-12-14 11:18:31] [SEVERE ] removing player 1 token from slot 2
[2022-12-14 11:18:31] [SEVERE ] removing card from slot 0
[2022-12-14 11:18:31] [SEVERE ] removing card from slot 1
[2022-12-14 11:18:31] [SEVERE ] removing card from slot 2
[2022-12-14 11:18:31] [SEVERE ] removing card from slot 3
[2022-12-14 11:18:31] [SEVERE ] removing card from slot 4
[2022-12-14 11:18:31] [SEVERE ] removing card from slot 5
[2022-12-14 11:18:31] [SEVERE ] removing card from slot 6
[2022-12-14 11:18:31] [SEVERE ] removing card from slot 7
[2022-12-14 11:18:31] [SEVERE ] removing card from slot 8
[2022-12-14 11:18:32] [SEVERE ] removing card from slot 9
[2022-12-14 11:18:32] [SEVERE ] removing card from slot 10
[2022-12-14 11:18:32] [SEVERE ] removing card from slot 11
[2022-12-14 11:18:32] [SEVERE ] placing card 20 in slot 11
[2022-12-14 11:18:32] [SEVERE ] placing card 74 in slot 6
[2022-12-14 11:18:32] [SEVERE ] placing card 66 in slot 8
[2022-12-14 11:18:32] [SEVERE ] placing card 78 in slot 2
[2022-12-14 11:18:32] [SEVERE ] placing card 51 in slot 1
[2022-12-14 11:18:32] [SEVERE ] placing card 19 in slot 0
[2022-12-14 11:18:32] [SEVERE ] placing card 71 in slot 4
[2022-12-14 11:18:33] [SEVERE ] placing card 63 in slot 3
[2022-12-14 11:18:33] [SEVERE ] placing card 54 in slot 9
[2022-12-14 11:18:33] [SEVERE ] placing card 21 in slot 10
[2022-12-14 11:18:33] [SEVERE ] placing card 9 in slot 5
[2022-12-14 11:18:33] [SEVERE ] placing card 64 in slot 7
